CRITICAL - 2023-12-09 08:15:19 --> There is no data to update.
in SYSTEMPATH\BaseModel.php on line 1724.
 1 SYSTEMPATH\BaseModel.php(1724): CodeIgniter\Database\Exceptions\DataException::forEmptyDataset('update')
 2 SYSTEMPATH\BaseModel.php(916): CodeIgniter\BaseModel->transformDataToArray(null, 'update')
 3 SYSTEMPATH\Model.php(776): CodeIgniter\BaseModel->update([...], null)
 4 APPPATH\Models\ApplicantModel.php(46): CodeIgniter\Model->update([...])
 5 APPPATH\Controllers\AdminController.php(119): App\Models\ApplicantModel->updateStatus('99', [...])
 6 SYSTEMPATH\CodeIgniter.php(919): App\Controllers\AdminController->newAgent()
 7 SYSTEMPATH\CodeIgniter.php(494): CodeIgniter\CodeIgniter->runController(Object(App\Controllers\AdminController))
 8 SYSTEMPATH\CodeIgniter.php(353): CodeIgniter\CodeIgniter->handleRequest(null, Object(Config\Cache), false)
 9 FCPATH\index.php(79): CodeIgniter\CodeIgniter->run()
10 SYSTEMPATH\Commands\Server\rewrite.php(47): require_once('D:\\ProjectSystem\\public\\index.php')
ERROR - 2023-12-09 08:18:02 --> No record found for applicant_id 99
ERROR - 2023-12-09 08:18:30 --> No record found for applicant_id 99
ERROR - 2023-12-09 08:19:01 --> No record found for applicant_id 99
ERROR - 2023-12-09 08:19:31 --> No record found for applicant_id 99
ERROR - 2023-12-09 08:19:33 --> No record found for applicant_id 99
ERROR - 2023-12-09 08:19:35 --> No record found for applicant_id 99
ERROR - 2023-12-09 08:19:57 --> No record found for applicant_id 99
ERROR - 2023-12-09 08:20:34 --> No record found for applicant_id 99
ERROR - 2023-12-09 08:21:20 --> No record found for applicant_id 99
ERROR - 2023-12-09 08:38:57 --> mysqli_sql_exception: Cannot add or update a child row: a foreign key constraint fails (`erecruit`.`agent`, CONSTRAINT `fk_agent_user_id` FOREIGN KEY (`agent_id`) REFERENCES `users` (`id`)) in D:\ProjectSystem\system\Database\MySQLi\Connection.php:306
Stack trace:
#0 D:\ProjectSystem\system\Database\MySQLi\Connection.php(306): mysqli->query('INSERT INTO `ag...', 0)
#1 D:\ProjectSystem\system\Database\BaseConnection.php(692): CodeIgniter\Database\MySQLi\Connection->execute('INSERT INTO `ag...')
#2 D:\ProjectSystem\system\Database\BaseConnection.php(606): CodeIgniter\Database\BaseConnection->simpleQuery('INSERT INTO `ag...')
#3 D:\ProjectSystem\system\Database\BaseBuilder.php(2308): CodeIgniter\Database\BaseConnection->query('INSERT INTO `ag...', Array, false)
#4 D:\ProjectSystem\system\Model.php(319): CodeIgniter\Database\BaseBuilder->insert()
#5 D:\ProjectSystem\system\BaseModel.php(788): CodeIgniter\Model->doInsert(Array)
#6 D:\ProjectSystem\system\Model.php(715): CodeIgniter\BaseModel->insert(Array, false)
#7 D:\ProjectSystem\system\BaseModel.php(698): CodeIgniter\Model->insert(Array, false)
#8 D:\ProjectSystem\app\Controllers\AdminController.php(114): CodeIgniter\BaseModel->save(Array)
#9 D:\ProjectSystem\system\CodeIgniter.php(919): App\Controllers\AdminController->newAgent()
#10 D:\ProjectSystem\system\CodeIgniter.php(494): CodeIgniter\CodeIgniter->runController(Object(App\Controllers\AdminController))
#11 D:\ProjectSystem\system\CodeIgniter.php(353): CodeIgniter\CodeIgniter->handleRequest(NULL, Object(Config\Cache), false)
#12 D:\ProjectSystem\public\index.php(79): CodeIgniter\CodeIgniter->run()
#13 D:\ProjectSystem\system\Commands\Server\rewrite.php(47): require_once('D:\\ProjectSyste...')
#14 {main}
CRITICAL - 2023-12-09 08:38:57 --> Cannot add or update a child row: a foreign key constraint fails (`erecruit`.`agent`, CONSTRAINT `fk_agent_user_id` FOREIGN KEY (`agent_id`) REFERENCES `users` (`id`))
in SYSTEMPATH\Database\BaseConnection.php on line 646.
 1 SYSTEMPATH\Database\BaseBuilder.php(2308): CodeIgniter\Database\BaseConnection->query('INSERT INTO `agent` (`agent_id`, `AgentCode`, `Agentfullname`, `FA`, `branch`) VALUES (:agent_id:, :AgentCode:, :Agentfullname:, :FA:, :branch:)', [...], false)
 2 SYSTEMPATH\Model.php(319): CodeIgniter\Database\BaseBuilder->insert()
 3 SYSTEMPATH\BaseModel.php(788): CodeIgniter\Model->doInsert([...])
 4 SYSTEMPATH\Model.php(715): CodeIgniter\BaseModel->insert([...], false)
 5 SYSTEMPATH\BaseModel.php(698): CodeIgniter\Model->insert([...], false)
 6 APPPATH\Controllers\AdminController.php(114): CodeIgniter\BaseModel->save([...])
 7 SYSTEMPATH\CodeIgniter.php(919): App\Controllers\AdminController->newAgent()
 8 SYSTEMPATH\CodeIgniter.php(494): CodeIgniter\CodeIgniter->runController(Object(App\Controllers\AdminController))
 9 SYSTEMPATH\CodeIgniter.php(353): CodeIgniter\CodeIgniter->handleRequest(null, Object(Config\Cache), false)
10 FCPATH\index.php(79): CodeIgniter\CodeIgniter->run()
11 SYSTEMPATH\Commands\Server\rewrite.php(47): require_once('D:\\ProjectSystem\\public\\index.php')
ERROR - 2023-12-09 08:41:08 --> mysqli_sql_exception: Cannot add or update a child row: a foreign key constraint fails (`erecruit`.`lifechangerform`, CONSTRAINT `fk_user_id` FOREIGN KEY (`user_id`) REFERENCES `applicant` (`applicant_id`)) in D:\ProjectSystem\system\Database\MySQLi\Connection.php:306
Stack trace:
#0 D:\ProjectSystem\system\Database\MySQLi\Connection.php(306): mysqli->query('INSERT INTO `li...', 0)
#1 D:\ProjectSystem\system\Database\BaseConnection.php(692): CodeIgniter\Database\MySQLi\Connection->execute('INSERT INTO `li...')
#2 D:\ProjectSystem\system\Database\BaseConnection.php(606): CodeIgniter\Database\BaseConnection->simpleQuery('INSERT INTO `li...')
#3 D:\ProjectSystem\system\Database\BaseBuilder.php(2308): CodeIgniter\Database\BaseConnection->query('INSERT INTO `li...', Array, false)
#4 D:\ProjectSystem\system\Model.php(319): CodeIgniter\Database\BaseBuilder->insert()
#5 D:\ProjectSystem\system\BaseModel.php(788): CodeIgniter\Model->doInsert(Array)
#6 D:\ProjectSystem\system\Model.php(715): CodeIgniter\BaseModel->insert(Array, false)
#7 D:\ProjectSystem\system\BaseModel.php(698): CodeIgniter\Model->insert(Array, false)
#8 D:\ProjectSystem\app\Controllers\HomepageController.php(116): CodeIgniter\BaseModel->save(Array)
#9 D:\ProjectSystem\system\CodeIgniter.php(919): App\Controllers\HomepageController->Authreg()
#10 D:\ProjectSystem\system\CodeIgniter.php(494): CodeIgniter\CodeIgniter->runController(Object(App\Controllers\HomepageController))
#11 D:\ProjectSystem\system\CodeIgniter.php(353): CodeIgniter\CodeIgniter->handleRequest(NULL, Object(Config\Cache), false)
#12 D:\ProjectSystem\public\index.php(79): CodeIgniter\CodeIgniter->run()
#13 D:\ProjectSystem\system\Commands\Server\rewrite.php(47): require_once('D:\\ProjectSyste...')
#14 {main}
CRITICAL - 2023-12-09 08:41:08 --> Cannot add or update a child row: a foreign key constraint fails (`erecruit`.`lifechangerform`, CONSTRAINT `fk_user_id` FOREIGN KEY (`user_id`) REFERENCES `applicant` (`applicant_id`))
in SYSTEMPATH\Database\BaseConnection.php on line 646.
 1 SYSTEMPATH\Database\BaseBuilder.php(2308): CodeIgniter\Database\BaseConnection->query('INSERT INTO `lifechangerform` (`user_id`) VALUES (:user_id:)', [...], false)
 2 SYSTEMPATH\Model.php(319): CodeIgniter\Database\BaseBuilder->insert()
 3 SYSTEMPATH\BaseModel.php(788): CodeIgniter\Model->doInsert([...])
 4 SYSTEMPATH\Model.php(715): CodeIgniter\BaseModel->insert([...], false)
 5 SYSTEMPATH\BaseModel.php(698): CodeIgniter\Model->insert([...], false)
 6 APPPATH\Controllers\HomepageController.php(116): CodeIgniter\BaseModel->save([...])
 7 SYSTEMPATH\CodeIgniter.php(919): App\Controllers\HomepageController->Authreg()
 8 SYSTEMPATH\CodeIgniter.php(494): CodeIgniter\CodeIgniter->runController(Object(App\Controllers\HomepageController))
 9 SYSTEMPATH\CodeIgniter.php(353): CodeIgniter\CodeIgniter->handleRequest(null, Object(Config\Cache), false)
10 FCPATH\index.php(79): CodeIgniter\CodeIgniter->run()
11 SYSTEMPATH\Commands\Server\rewrite.php(47): require_once('D:\\ProjectSystem\\public\\index.php')
ERROR - 2023-12-09 08:46:54 --> mysqli_sql_exception: Unknown column 'applicant.get' in 'where clause' in D:\ProjectSystem\system\Database\MySQLi\Connection.php:306
Stack trace:
#0 D:\ProjectSystem\system\Database\MySQLi\Connection.php(306): mysqli->query('UPDATE `applica...', 0)
#1 D:\ProjectSystem\system\Database\BaseConnection.php(692): CodeIgniter\Database\MySQLi\Connection->execute('UPDATE `applica...')
#2 D:\ProjectSystem\system\Database\BaseConnection.php(606): CodeIgniter\Database\BaseConnection->simpleQuery('UPDATE `applica...')
#3 D:\ProjectSystem\system\Database\BaseBuilder.php(2475): CodeIgniter\Database\BaseConnection->query('UPDATE `applica...', Array, false)
#4 D:\ProjectSystem\system\Model.php(385): CodeIgniter\Database\BaseBuilder->update()
#5 D:\ProjectSystem\system\BaseModel.php(949): CodeIgniter\Model->doUpdate(Array, Array)
#6 D:\ProjectSystem\system\Model.php(776): CodeIgniter\BaseModel->update(Array, Array)
#7 D:\ProjectSystem\app\Controllers\AdminController.php(119): CodeIgniter\Model->update('104', Array)
#8 D:\ProjectSystem\system\CodeIgniter.php(919): App\Controllers\AdminController->newAgent()
#9 D:\ProjectSystem\system\CodeIgniter.php(494): CodeIgniter\CodeIgniter->runController(Object(App\Controllers\AdminController))
#10 D:\ProjectSystem\system\CodeIgniter.php(353): CodeIgniter\CodeIgniter->handleRequest(NULL, Object(Config\Cache), false)
#11 D:\ProjectSystem\public\index.php(79): CodeIgniter\CodeIgniter->run()
#12 D:\ProjectSystem\system\Commands\Server\rewrite.php(47): require_once('D:\\ProjectSyste...')
#13 {main}
CRITICAL - 2023-12-09 08:46:54 --> Unknown column 'applicant.get' in 'where clause'
in SYSTEMPATH\Database\BaseConnection.php on line 646.
 1 SYSTEMPATH\Database\BaseBuilder.php(2475): CodeIgniter\Database\BaseConnection->query('UPDATE `applicant` SET `status` = :status:
WHERE `applicant`.`get` IN :applicant.get:', [...], false)
 2 SYSTEMPATH\Model.php(385): CodeIgniter\Database\BaseBuilder->update()
 3 SYSTEMPATH\BaseModel.php(949): CodeIgniter\Model->doUpdate([...], [...])
 4 SYSTEMPATH\Model.php(776): CodeIgniter\BaseModel->update([...], [...])
 5 APPPATH\Controllers\AdminController.php(119): CodeIgniter\Model->update('104', [...])
 6 SYSTEMPATH\CodeIgniter.php(919): App\Controllers\AdminController->newAgent()
 7 SYSTEMPATH\CodeIgniter.php(494): CodeIgniter\CodeIgniter->runController(Object(App\Controllers\AdminController))
 8 SYSTEMPATH\CodeIgniter.php(353): CodeIgniter\CodeIgniter->handleRequest(null, Object(Config\Cache), false)
 9 FCPATH\index.php(79): CodeIgniter\CodeIgniter->run()
10 SYSTEMPATH\Commands\Server\rewrite.php(47): require_once('D:\\ProjectSystem\\public\\index.php')
ERROR - 2023-12-09 08:54:55 --> mysqli_sql_exception: Cannot add or update a child row: a foreign key constraint fails (`erecruit`.`lifechangerform`, CONSTRAINT `fk_user_id` FOREIGN KEY (`user_id`) REFERENCES `applicant` (`applicant_id`)) in D:\ProjectSystem\system\Database\MySQLi\Connection.php:306
Stack trace:
#0 D:\ProjectSystem\system\Database\MySQLi\Connection.php(306): mysqli->query('INSERT INTO `li...', 0)
#1 D:\ProjectSystem\system\Database\BaseConnection.php(692): CodeIgniter\Database\MySQLi\Connection->execute('INSERT INTO `li...')
#2 D:\ProjectSystem\system\Database\BaseConnection.php(606): CodeIgniter\Database\BaseConnection->simpleQuery('INSERT INTO `li...')
#3 D:\ProjectSystem\system\Database\BaseBuilder.php(2308): CodeIgniter\Database\BaseConnection->query('INSERT INTO `li...', Array, false)
#4 D:\ProjectSystem\system\Model.php(319): CodeIgniter\Database\BaseBuilder->insert()
#5 D:\ProjectSystem\system\BaseModel.php(788): CodeIgniter\Model->doInsert(Array)
#6 D:\ProjectSystem\system\Model.php(715): CodeIgniter\BaseModel->insert(Array, false)
#7 D:\ProjectSystem\system\BaseModel.php(698): CodeIgniter\Model->insert(Array, false)
#8 D:\ProjectSystem\app\Controllers\HomepageController.php(115): CodeIgniter\BaseModel->save(Array)
#9 D:\ProjectSystem\system\CodeIgniter.php(919): App\Controllers\HomepageController->Authreg()
#10 D:\ProjectSystem\system\CodeIgniter.php(494): CodeIgniter\CodeIgniter->runController(Object(App\Controllers\HomepageController))
#11 D:\ProjectSystem\system\CodeIgniter.php(353): CodeIgniter\CodeIgniter->handleRequest(NULL, Object(Config\Cache), false)
#12 D:\ProjectSystem\public\index.php(79): CodeIgniter\CodeIgniter->run()
#13 D:\ProjectSystem\system\Commands\Server\rewrite.php(47): require_once('D:\\ProjectSyste...')
#14 {main}
CRITICAL - 2023-12-09 08:54:55 --> Cannot add or update a child row: a foreign key constraint fails (`erecruit`.`lifechangerform`, CONSTRAINT `fk_user_id` FOREIGN KEY (`user_id`) REFERENCES `applicant` (`applicant_id`))
in SYSTEMPATH\Database\BaseConnection.php on line 646.
 1 SYSTEMPATH\Database\BaseBuilder.php(2308): CodeIgniter\Database\BaseConnection->query('INSERT INTO `lifechangerform` (`user_id`) VALUES (:user_id:)', [...], false)
 2 SYSTEMPATH\Model.php(319): CodeIgniter\Database\BaseBuilder->insert()
 3 SYSTEMPATH\BaseModel.php(788): CodeIgniter\Model->doInsert([...])
 4 SYSTEMPATH\Model.php(715): CodeIgniter\BaseModel->insert([...], false)
 5 SYSTEMPATH\BaseModel.php(698): CodeIgniter\Model->insert([...], false)
 6 APPPATH\Controllers\HomepageController.php(115): CodeIgniter\BaseModel->save([...])
 7 SYSTEMPATH\CodeIgniter.php(919): App\Controllers\HomepageController->Authreg()
 8 SYSTEMPATH\CodeIgniter.php(494): CodeIgniter\CodeIgniter->runController(Object(App\Controllers\HomepageController))
 9 SYSTEMPATH\CodeIgniter.php(353): CodeIgniter\CodeIgniter->handleRequest(null, Object(Config\Cache), false)
10 FCPATH\index.php(79): CodeIgniter\CodeIgniter->run()
11 SYSTEMPATH\Commands\Server\rewrite.php(47): require_once('D:\\ProjectSystem\\public\\index.php')
CRITICAL - 2023-12-09 15:21:39 --> Undefined array key "applicant_id"
in APPPATH\Controllers\AdminController.php on line 133.
 1 APPPATH\Controllers\AdminController.php(133): CodeIgniter\Debug\Exceptions->errorHandler(2, 'Undefined array key "applicant_id"', 'D:\\ProjectSystem\\app\\Controllers\\AdminController.php', 133)
 2 SYSTEMPATH\CodeIgniter.php(919): App\Controllers\AdminController->newAgent()
 3 SYSTEMPATH\CodeIgniter.php(494): CodeIgniter\CodeIgniter->runController(Object(App\Controllers\AdminController))
 4 SYSTEMPATH\CodeIgniter.php(353): CodeIgniter\CodeIgniter->handleRequest(null, Object(Config\Cache), false)
 5 FCPATH\index.php(79): CodeIgniter\CodeIgniter->run()
 6 SYSTEMPATH\Commands\Server\rewrite.php(47): require_once('D:\\ProjectSystem\\public\\index.php')
CRITICAL - 2023-12-09 15:22:11 --> Undefined array key "applicant_id"
in APPPATH\Controllers\AdminController.php on line 133.
 1 APPPATH\Controllers\AdminController.php(133): CodeIgniter\Debug\Exceptions->errorHandler(2, 'Undefined array key "applicant_id"', 'D:\\ProjectSystem\\app\\Controllers\\AdminController.php', 133)
 2 SYSTEMPATH\CodeIgniter.php(919): App\Controllers\AdminController->newAgent()
 3 SYSTEMPATH\CodeIgniter.php(494): CodeIgniter\CodeIgniter->runController(Object(App\Controllers\AdminController))
 4 SYSTEMPATH\CodeIgniter.php(353): CodeIgniter\CodeIgniter->handleRequest(null, Object(Config\Cache), false)
 5 FCPATH\index.php(79): CodeIgniter\CodeIgniter->run()
 6 SYSTEMPATH\Commands\Server\rewrite.php(47): require_once('D:\\ProjectSystem\\public\\index.php')
CRITICAL - 2023-12-09 15:25:56 --> Undefined array key "applicant_id"
in APPPATH\Controllers\AdminController.php on line 132.
 1 APPPATH\Controllers\AdminController.php(132): CodeIgniter\Debug\Exceptions->errorHandler(2, 'Undefined array key "applicant_id"', 'D:\\ProjectSystem\\app\\Controllers\\AdminController.php', 132)
 2 SYSTEMPATH\CodeIgniter.php(919): App\Controllers\AdminController->newAgent()
 3 SYSTEMPATH\CodeIgniter.php(494): CodeIgniter\CodeIgniter->runController(Object(App\Controllers\AdminController))
 4 SYSTEMPATH\CodeIgniter.php(353): CodeIgniter\CodeIgniter->handleRequest(null, Object(Config\Cache), false)
 5 FCPATH\index.php(79): CodeIgniter\CodeIgniter->run()
 6 SYSTEMPATH\Commands\Server\rewrite.php(47): require_once('D:\\ProjectSystem\\public\\index.php')
CRITICAL - 2023-12-09 15:27:24 --> Undefined array key "applicant_id"
in APPPATH\Controllers\AdminController.php on line 142.
 1 APPPATH\Controllers\AdminController.php(142): CodeIgniter\Debug\Exceptions->errorHandler(2, 'Undefined array key "applicant_id"', 'D:\\ProjectSystem\\app\\Controllers\\AdminController.php', 142)
 2 SYSTEMPATH\CodeIgniter.php(919): App\Controllers\AdminController->newAgent()
 3 SYSTEMPATH\CodeIgniter.php(494): CodeIgniter\CodeIgniter->runController(Object(App\Controllers\AdminController))
 4 SYSTEMPATH\CodeIgniter.php(353): CodeIgniter\CodeIgniter->handleRequest(null, Object(Config\Cache), false)
 5 FCPATH\index.php(79): CodeIgniter\CodeIgniter->run()
 6 SYSTEMPATH\Commands\Server\rewrite.php(47): require_once('D:\\ProjectSystem\\public\\index.php')
ERROR - 2023-12-09 15:37:08 --> mysqli_sql_exception: Unknown column 'user_id' in 'where clause' in D:\ProjectSystem\system\Database\MySQLi\Connection.php:306
Stack trace:
#0 D:\ProjectSystem\system\Database\MySQLi\Connection.php(306): mysqli->query('SELECT *\nFROM `...', 0)
#1 D:\ProjectSystem\system\Database\BaseConnection.php(692): CodeIgniter\Database\MySQLi\Connection->execute('SELECT *\nFROM `...')
#2 D:\ProjectSystem\system\Database\BaseConnection.php(606): CodeIgniter\Database\BaseConnection->simpleQuery('SELECT *\nFROM `...')
#3 D:\ProjectSystem\system\Database\BaseBuilder.php(1615): CodeIgniter\Database\BaseConnection->query('SELECT *\nFROM `...', Array, false)
#4 D:\ProjectSystem\system\Model.php(264): CodeIgniter\Database\BaseBuilder->get()
#5 D:\ProjectSystem\system\BaseModel.php(662): CodeIgniter\Model->doFirst()
#6 D:\ProjectSystem\app\Controllers\AdminController.php(146): CodeIgniter\BaseModel->first()
#7 D:\ProjectSystem\system\CodeIgniter.php(919): App\Controllers\AdminController->newAgent()
#8 D:\ProjectSystem\system\CodeIgniter.php(494): CodeIgniter\CodeIgniter->runController(Object(App\Controllers\AdminController))
#9 D:\ProjectSystem\system\CodeIgniter.php(353): CodeIgniter\CodeIgniter->handleRequest(NULL, Object(Config\Cache), false)
#10 D:\ProjectSystem\public\index.php(79): CodeIgniter\CodeIgniter->run()
#11 D:\ProjectSystem\system\Commands\Server\rewrite.php(47): require_once('D:\\ProjectSyste...')
#12 {main}
CRITICAL - 2023-12-09 15:37:08 --> Unknown column 'user_id' in 'where clause'
in SYSTEMPATH\Database\BaseConnection.php on line 646.
 1 SYSTEMPATH\Database\BaseBuilder.php(1615): CodeIgniter\Database\BaseConnection->query('SELECT *
FROM `applicant`
WHERE `user_id` = :user_id:
 LIMIT 1', [...], false)
 2 SYSTEMPATH\Model.php(264): CodeIgniter\Database\BaseBuilder->get()
 3 SYSTEMPATH\BaseModel.php(662): CodeIgniter\Model->doFirst()
 4 APPPATH\Controllers\AdminController.php(146): CodeIgniter\BaseModel->first()
 5 SYSTEMPATH\CodeIgniter.php(919): App\Controllers\AdminController->newAgent()
 6 SYSTEMPATH\CodeIgniter.php(494): CodeIgniter\CodeIgniter->runController(Object(App\Controllers\AdminController))
 7 SYSTEMPATH\CodeIgniter.php(353): CodeIgniter\CodeIgniter->handleRequest(null, Object(Config\Cache), false)
 8 FCPATH\index.php(79): CodeIgniter\CodeIgniter->run()
 9 SYSTEMPATH\Commands\Server\rewrite.php(47): require_once('D:\\ProjectSystem\\public\\index.php')
ERROR - 2023-12-09 15:41:00 --> mysqli_sql_exception: Unknown column 'user_id' in 'where clause' in D:\ProjectSystem\system\Database\MySQLi\Connection.php:306
Stack trace:
#0 D:\ProjectSystem\system\Database\MySQLi\Connection.php(306): mysqli->query('SELECT *\nFROM `...', 0)
#1 D:\ProjectSystem\system\Database\BaseConnection.php(692): CodeIgniter\Database\MySQLi\Connection->execute('SELECT *\nFROM `...')
#2 D:\ProjectSystem\system\Database\BaseConnection.php(606): CodeIgniter\Database\BaseConnection->simpleQuery('SELECT *\nFROM `...')
#3 D:\ProjectSystem\system\Database\BaseBuilder.php(1615): CodeIgniter\Database\BaseConnection->query('SELECT *\nFROM `...', Array, false)
#4 D:\ProjectSystem\system\Model.php(264): CodeIgniter\Database\BaseBuilder->get()
#5 D:\ProjectSystem\system\BaseModel.php(662): CodeIgniter\Model->doFirst()
#6 D:\ProjectSystem\app\Controllers\AdminController.php(146): CodeIgniter\BaseModel->first()
#7 D:\ProjectSystem\system\CodeIgniter.php(919): App\Controllers\AdminController->newAgent()
#8 D:\ProjectSystem\system\CodeIgniter.php(494): CodeIgniter\CodeIgniter->runController(Object(App\Controllers\AdminController))
#9 D:\ProjectSystem\system\CodeIgniter.php(353): CodeIgniter\CodeIgniter->handleRequest(NULL, Object(Config\Cache), false)
#10 D:\ProjectSystem\public\index.php(79): CodeIgniter\CodeIgniter->run()
#11 D:\ProjectSystem\system\Commands\Server\rewrite.php(47): require_once('D:\\ProjectSyste...')
#12 {main}
CRITICAL - 2023-12-09 15:41:00 --> Unknown column 'user_id' in 'where clause'
in SYSTEMPATH\Database\BaseConnection.php on line 646.
 1 SYSTEMPATH\Database\BaseBuilder.php(1615): CodeIgniter\Database\BaseConnection->query('SELECT *
FROM `applicant`
WHERE `user_id` = :user_id:
 LIMIT 1', [...], false)
 2 SYSTEMPATH\Model.php(264): CodeIgniter\Database\BaseBuilder->get()
 3 SYSTEMPATH\BaseModel.php(662): CodeIgniter\Model->doFirst()
 4 APPPATH\Controllers\AdminController.php(146): CodeIgniter\BaseModel->first()
 5 SYSTEMPATH\CodeIgniter.php(919): App\Controllers\AdminController->newAgent()
 6 SYSTEMPATH\CodeIgniter.php(494): CodeIgniter\CodeIgniter->runController(Object(App\Controllers\AdminController))
 7 SYSTEMPATH\CodeIgniter.php(353): CodeIgniter\CodeIgniter->handleRequest(null, Object(Config\Cache), false)
 8 FCPATH\index.php(79): CodeIgniter\CodeIgniter->run()
 9 SYSTEMPATH\Commands\Server\rewrite.php(47): require_once('D:\\ProjectSystem\\public\\index.php')
CRITICAL - 2023-12-09 15:43:04 --> Undefined array key "applicant_id"
in APPPATH\Controllers\AdminController.php on line 151.
 1 APPPATH\Controllers\AdminController.php(151): CodeIgniter\Debug\Exceptions->errorHandler(2, 'Undefined array key "applicant_id"', 'D:\\ProjectSystem\\app\\Controllers\\AdminController.php', 151)
 2 SYSTEMPATH\CodeIgniter.php(919): App\Controllers\AdminController->newAgent()
 3 SYSTEMPATH\CodeIgniter.php(494): CodeIgniter\CodeIgniter->runController(Object(App\Controllers\AdminController))
 4 SYSTEMPATH\CodeIgniter.php(353): CodeIgniter\CodeIgniter->handleRequest(null, Object(Config\Cache), false)
 5 FCPATH\index.php(79): CodeIgniter\CodeIgniter->run()
 6 SYSTEMPATH\Commands\Server\rewrite.php(47): require_once('D:\\ProjectSystem\\public\\index.php')
ERROR - 2023-12-09 15:44:18 --> mysqli_sql_exception: Unknown column 'user_id' in 'where clause' in D:\ProjectSystem\system\Database\MySQLi\Connection.php:306
Stack trace:
#0 D:\ProjectSystem\system\Database\MySQLi\Connection.php(306): mysqli->query('SELECT *\nFROM `...', 0)
#1 D:\ProjectSystem\system\Database\BaseConnection.php(692): CodeIgniter\Database\MySQLi\Connection->execute('SELECT *\nFROM `...')
#2 D:\ProjectSystem\system\Database\BaseConnection.php(606): CodeIgniter\Database\BaseConnection->simpleQuery('SELECT *\nFROM `...')
#3 D:\ProjectSystem\system\Database\BaseBuilder.php(1615): CodeIgniter\Database\BaseConnection->query('SELECT *\nFROM `...', Array, false)
#4 D:\ProjectSystem\system\Model.php(264): CodeIgniter\Database\BaseBuilder->get()
#5 D:\ProjectSystem\system\BaseModel.php(662): CodeIgniter\Model->doFirst()
#6 D:\ProjectSystem\app\Controllers\AdminController.php(147): CodeIgniter\BaseModel->first()
#7 D:\ProjectSystem\system\CodeIgniter.php(919): App\Controllers\AdminController->newAgent()
#8 D:\ProjectSystem\system\CodeIgniter.php(494): CodeIgniter\CodeIgniter->runController(Object(App\Controllers\AdminController))
#9 D:\ProjectSystem\system\CodeIgniter.php(353): CodeIgniter\CodeIgniter->handleRequest(NULL, Object(Config\Cache), false)
#10 D:\ProjectSystem\public\index.php(79): CodeIgniter\CodeIgniter->run()
#11 D:\ProjectSystem\system\Commands\Server\rewrite.php(47): require_once('D:\\ProjectSyste...')
#12 {main}
CRITICAL - 2023-12-09 15:44:18 --> Unknown column 'user_id' in 'where clause'
in SYSTEMPATH\Database\BaseConnection.php on line 646.
 1 SYSTEMPATH\Database\BaseBuilder.php(1615): CodeIgniter\Database\BaseConnection->query('SELECT *
FROM `applicant`
WHERE `user_id` = :user_id:
 LIMIT 1', [...], false)
 2 SYSTEMPATH\Model.php(264): CodeIgniter\Database\BaseBuilder->get()
 3 SYSTEMPATH\BaseModel.php(662): CodeIgniter\Model->doFirst()
 4 APPPATH\Controllers\AdminController.php(147): CodeIgniter\BaseModel->first()
 5 SYSTEMPATH\CodeIgniter.php(919): App\Controllers\AdminController->newAgent()
 6 SYSTEMPATH\CodeIgniter.php(494): CodeIgniter\CodeIgniter->runController(Object(App\Controllers\AdminController))
 7 SYSTEMPATH\CodeIgniter.php(353): CodeIgniter\CodeIgniter->handleRequest(null, Object(Config\Cache), false)
 8 FCPATH\index.php(79): CodeIgniter\CodeIgniter->run()
 9 SYSTEMPATH\Commands\Server\rewrite.php(47): require_once('D:\\ProjectSystem\\public\\index.php')
CRITICAL - 2023-12-09 15:47:56 --> Undefined array key "applicant_id"
in APPPATH\Controllers\AdminController.php on line 151.
 1 APPPATH\Controllers\AdminController.php(151): CodeIgniter\Debug\Exceptions->errorHandler(2, 'Undefined array key "applicant_id"', 'D:\\ProjectSystem\\app\\Controllers\\AdminController.php', 151)
 2 SYSTEMPATH\CodeIgniter.php(919): App\Controllers\AdminController->newAgent()
 3 SYSTEMPATH\CodeIgniter.php(494): CodeIgniter\CodeIgniter->runController(Object(App\Controllers\AdminController))
 4 SYSTEMPATH\CodeIgniter.php(353): CodeIgniter\CodeIgniter->handleRequest(null, Object(Config\Cache), false)
 5 FCPATH\index.php(79): CodeIgniter\CodeIgniter->run()
 6 SYSTEMPATH\Commands\Server\rewrite.php(47): require_once('D:\\ProjectSystem\\public\\index.php')
CRITICAL - 2023-12-09 16:01:01 --> There is no data to update.
in SYSTEMPATH\BaseModel.php on line 1724.
 1 SYSTEMPATH\BaseModel.php(1724): CodeIgniter\Database\Exceptions\DataException::forEmptyDataset('update')
 2 SYSTEMPATH\BaseModel.php(916): CodeIgniter\BaseModel->transformDataToArray(null, 'update')
 3 SYSTEMPATH\Model.php(776): CodeIgniter\BaseModel->update([...], null)
 4 APPPATH\Controllers\AdminController.php(120): CodeIgniter\Model->update([...])
 5 SYSTEMPATH\CodeIgniter.php(919): App\Controllers\AdminController->newAgent()
 6 SYSTEMPATH\CodeIgniter.php(494): CodeIgniter\CodeIgniter->runController(Object(App\Controllers\AdminController))
 7 SYSTEMPATH\CodeIgniter.php(353): CodeIgniter\CodeIgniter->handleRequest(null, Object(Config\Cache), false)
 8 FCPATH\index.php(79): CodeIgniter\CodeIgniter->run()
 9 SYSTEMPATH\Commands\Server\rewrite.php(47): require_once('D:\\ProjectSystem\\public\\index.php')
CRITICAL - 2023-12-09 16:01:29 --> There is no data to update.
in SYSTEMPATH\BaseModel.php on line 1724.
 1 SYSTEMPATH\BaseModel.php(1724): CodeIgniter\Database\Exceptions\DataException::forEmptyDataset('update')
 2 SYSTEMPATH\BaseModel.php(916): CodeIgniter\BaseModel->transformDataToArray(null, 'update')
 3 SYSTEMPATH\Model.php(776): CodeIgniter\BaseModel->update([...], null)
 4 APPPATH\Controllers\AdminController.php(120): CodeIgniter\Model->update([...])
 5 SYSTEMPATH\CodeIgniter.php(919): App\Controllers\AdminController->newAgent()
 6 SYSTEMPATH\CodeIgniter.php(494): CodeIgniter\CodeIgniter->runController(Object(App\Controllers\AdminController))
 7 SYSTEMPATH\CodeIgniter.php(353): CodeIgniter\CodeIgniter->handleRequest(null, Object(Config\Cache), false)
 8 FCPATH\index.php(79): CodeIgniter\CodeIgniter->run()
 9 SYSTEMPATH\Commands\Server\rewrite.php(47): require_once('D:\\ProjectSystem\\public\\index.php')
CRITICAL - 2023-12-09 16:02:33 --> There is no data to update.
in SYSTEMPATH\BaseModel.php on line 1724.
 1 SYSTEMPATH\BaseModel.php(1724): CodeIgniter\Database\Exceptions\DataException::forEmptyDataset('update')
 2 SYSTEMPATH\BaseModel.php(916): CodeIgniter\BaseModel->transformDataToArray(null, 'update')
 3 SYSTEMPATH\Model.php(776): CodeIgniter\BaseModel->update([...], null)
 4 APPPATH\Controllers\AdminController.php(120): CodeIgniter\Model->update([...])
 5 SYSTEMPATH\CodeIgniter.php(919): App\Controllers\AdminController->newAgent()
 6 SYSTEMPATH\CodeIgniter.php(494): CodeIgniter\CodeIgniter->runController(Object(App\Controllers\AdminController))
 7 SYSTEMPATH\CodeIgniter.php(353): CodeIgniter\CodeIgniter->handleRequest(null, Object(Config\Cache), false)
 8 FCPATH\index.php(79): CodeIgniter\CodeIgniter->run()
 9 SYSTEMPATH\Commands\Server\rewrite.php(47): require_once('D:\\ProjectSystem\\public\\index.php')
CRITICAL - 2023-12-09 16:04:26 --> There is no data to update.
in SYSTEMPATH\BaseModel.php on line 1724.
 1 SYSTEMPATH\BaseModel.php(1724): CodeIgniter\Database\Exceptions\DataException::forEmptyDataset('update')
 2 SYSTEMPATH\BaseModel.php(916): CodeIgniter\BaseModel->transformDataToArray(null, 'update')
 3 SYSTEMPATH\Model.php(776): CodeIgniter\BaseModel->update([...], null)
 4 APPPATH\Controllers\AdminController.php(120): CodeIgniter\Model->update([...])
 5 SYSTEMPATH\CodeIgniter.php(919): App\Controllers\AdminController->newAgent()
 6 SYSTEMPATH\CodeIgniter.php(494): CodeIgniter\CodeIgniter->runController(Object(App\Controllers\AdminController))
 7 SYSTEMPATH\CodeIgniter.php(353): CodeIgniter\CodeIgniter->handleRequest(null, Object(Config\Cache), false)
 8 FCPATH\index.php(79): CodeIgniter\CodeIgniter->run()
 9 SYSTEMPATH\Commands\Server\rewrite.php(47): require_once('D:\\ProjectSystem\\public\\index.php')
CRITICAL - 2023-12-09 16:08:26 --> Undefined variable $user
in APPPATH\Views\Admin\chop\header.php on line 137.
 1 APPPATH\Views\Admin\chop\header.php(137): CodeIgniter\Debug\Exceptions->errorHandler(2, 'Undefined variable $user', 'D:\\ProjectSystem\\app\\Views\\Admin\\chop\\header.php', 137)
 2 SYSTEMPATH\View\View.php(226): include('D:\\ProjectSystem\\app\\Views\\Admin\\chop\\header.php')
 3 SYSTEMPATH\View\View.php(229): CodeIgniter\View\View->CodeIgniter\View\{closure}()
 4 SYSTEMPATH\Common.php(1188): CodeIgniter\View\View->render('Admin/chop/header', [], true)
 5 APPPATH\Views\Admin\ManageApplicant.php(7): view('Admin/chop/header')
 6 SYSTEMPATH\View\View.php(226): include('D:\\ProjectSystem\\app\\Views\\Admin\\ManageApplicant.php')
 7 SYSTEMPATH\View\View.php(229): CodeIgniter\View\View->CodeIgniter\View\{closure}()
 8 SYSTEMPATH\Common.php(1188): CodeIgniter\View\View->render('Admin/ManageApplicant', [], true)
 9 APPPATH\Controllers\AdminController.php(45): view('Admin/ManageApplicant', [...])
10 SYSTEMPATH\CodeIgniter.php(919): App\Controllers\AdminController->ManageApplicant()
11 SYSTEMPATH\CodeIgniter.php(494): CodeIgniter\CodeIgniter->runController(Object(App\Controllers\AdminController))
12 SYSTEMPATH\CodeIgniter.php(353): CodeIgniter\CodeIgniter->handleRequest(null, Object(Config\Cache), false)
13 FCPATH\index.php(79): CodeIgniter\CodeIgniter->run()
14 SYSTEMPATH\Commands\Server\rewrite.php(47): require_once('D:\\ProjectSystem\\public\\index.php')
CRITICAL - 2023-12-09 16:13:28 --> Trying to access array offset on value of type null
in APPPATH\Views\Applicant\chop\header.php on line 153.
 1 APPPATH\Views\Applicant\chop\header.php(153): CodeIgniter\Debug\Exceptions->errorHandler(2, 'Trying to access array offset on value of type null', 'D:\\ProjectSystem\\app\\Views\\Applicant\\chop\\header.php', 153)
 2 SYSTEMPATH\View\View.php(226): include('D:\\ProjectSystem\\app\\Views\\Applicant\\chop\\header.php')
 3 SYSTEMPATH\View\View.php(229): CodeIgniter\View\View->CodeIgniter\View\{closure}()
 4 SYSTEMPATH\Common.php(1188): CodeIgniter\View\View->render('Applicant/chop/header', [], true)
 5 APPPATH\Views\Applicant\AppDash.php(6): view('Applicant/chop/header')
 6 SYSTEMPATH\View\View.php(226): include('D:\\ProjectSystem\\app\\Views\\Applicant\\AppDash.php')
 7 SYSTEMPATH\View\View.php(229): CodeIgniter\View\View->CodeIgniter\View\{closure}()
 8 SYSTEMPATH\Common.php(1188): CodeIgniter\View\View->render('Applicant/AppDash', [], true)
 9 APPPATH\Controllers\AppController.php(30): view('Applicant/AppDash', [...])
10 SYSTEMPATH\CodeIgniter.php(919): App\Controllers\AppController->AppDash()
11 SYSTEMPATH\CodeIgniter.php(494): CodeIgniter\CodeIgniter->runController(Object(App\Controllers\AppController))
12 SYSTEMPATH\CodeIgniter.php(353): CodeIgniter\CodeIgniter->handleRequest(null, Object(Config\Cache), false)
13 FCPATH\index.php(79): CodeIgniter\CodeIgniter->run()
14 SYSTEMPATH\Commands\Server\rewrite.php(47): require_once('D:\\ProjectSystem\\public\\index.php')
ERROR - 2023-12-09 16:15:56 --> mysqli_sql_exception: Cannot add or update a child row: a foreign key constraint fails (`erecruit`.`lifechangerform`, CONSTRAINT `fk_referralBy` FOREIGN KEY (`referralBy`) REFERENCES `agent` (`agent_id`)) in D:\ProjectSystem\system\Database\MySQLi\Connection.php:306
Stack trace:
#0 D:\ProjectSystem\system\Database\MySQLi\Connection.php(306): mysqli->query('UPDATE `lifecha...', 0)
#1 D:\ProjectSystem\system\Database\BaseConnection.php(692): CodeIgniter\Database\MySQLi\Connection->execute('UPDATE `lifecha...')
#2 D:\ProjectSystem\system\Database\BaseConnection.php(606): CodeIgniter\Database\BaseConnection->simpleQuery('UPDATE `lifecha...')
#3 D:\ProjectSystem\system\Database\BaseBuilder.php(2475): CodeIgniter\Database\BaseConnection->query('UPDATE `lifecha...', Array, false)
#4 D:\ProjectSystem\system\Model.php(385): CodeIgniter\Database\BaseBuilder->update()
#5 D:\ProjectSystem\system\BaseModel.php(949): CodeIgniter\Model->doUpdate(NULL, Array)
#6 D:\ProjectSystem\system\Model.php(776): CodeIgniter\BaseModel->update(NULL, Array)
#7 D:\ProjectSystem\app\Controllers\AppController.php(247): CodeIgniter\Model->update()
#8 D:\ProjectSystem\system\CodeIgniter.php(919): App\Controllers\AppController->form1sv()
#9 D:\ProjectSystem\system\CodeIgniter.php(494): CodeIgniter\CodeIgniter->runController(Object(App\Controllers\AppController))
#10 D:\ProjectSystem\system\CodeIgniter.php(353): CodeIgniter\CodeIgniter->handleRequest(NULL, Object(Config\Cache), false)
#11 D:\ProjectSystem\public\index.php(79): CodeIgniter\CodeIgniter->run()
#12 D:\ProjectSystem\system\Commands\Server\rewrite.php(47): require_once('D:\\ProjectSyste...')
#13 {main}
CRITICAL - 2023-12-09 16:15:56 --> Cannot add or update a child row: a foreign key constraint fails (`erecruit`.`lifechangerform`, CONSTRAINT `fk_referralBy` FOREIGN KEY (`referralBy`) REFERENCES `agent` (`agent_id`))
in SYSTEMPATH\Database\BaseConnection.php on line 646.
 1 SYSTEMPATH\Database\BaseBuilder.php(2475): CodeIgniter\Database\BaseConnection->query('UPDATE `lifechangerform` SET `position` = :position:, `preferredArea` = :preferredArea:, `referral` = :referral:, `referralBy` = :referralBy:, `onlineAd` = :onlineAd:, `walkIn` = :walkIn:, `othersRef` = :othersRef:, `fname` = :fname:, `nickname` = :nickname:, `birthdate` = :birthdate:, `placeOfBirth` = :placeOfBirth:, `gender` = :gender:, `bloodType` = :bloodType:, `homeAddress` = :homeAddress:, `mobileNo` = :mobileNo:, `landline` = :landline:, `email` = :email:, `citizenship` = :citizenship:, `othersCitizenship` = :othersCitizenship:, `naturalizationInfo` = :naturalizationInfo:, `maritalStatus` = :maritalStatus:, `maidenName` = :maidenName:, `spouseName` = :spouseName:, `sssNo` = :sssNo:, `tin` = :tin:, `lifeInsuranceExperience` = :lifeInsuranceExperience:, `traditional` = :traditional:, `variable` = :variable:, `recentInsuranceCompany` = :recentInsuranceCompany:, `highSchool` = :highSchool:, `highSchoolCourse` = :highSchoolCourse:, `highSchoolYear` = :highSchoolYear:, `college` = :college:, `collegeCourse` = :collegeCourse:, `collegeYear` = :collegeYear:, `graduateSchool` = :graduateSchool:, `graduateCourse` = :graduateCourse:, `graduateYear` = :graduateYear:, `companyName1` = :companyName1:, `position1` = :position1:, `employmentFrom1` = :employmentFrom1:, `employmentTo1` = :employmentTo1:, `reason1` = :reason1:, `companyName2` = :companyName2:, `position2` = :position2:, `employmentFrom2` = :employmentFrom2:, `employmentTo2` = :employmentTo2:, `reason2` = :reason2:, `companyName3` = :companyName3:, `position3` = :position3:, `employmentFrom3` = :employmentFrom3:, `employmentTo3` = :employmentTo3:, `reason3` = :reason3:, `companyName` = :companyName:, `resposition` = :resposition:, `contactName` = :contactName:, `contactPosition` = :contactPosition:, `emailAddress` = :emailAddress:, `contactNumber` = :contactNumber:, `yescuremployed` = :yescuremployed:, `nocuremployed` = :nocuremployed:, `allowed` = :allowed:, `notallowed` = :notallowed:, `ifnoProvdtls` = :ifnoProvdtls:
WHERE `user_id` = :user_id:', [...], false)
 2 SYSTEMPATH\Model.php(385): CodeIgniter\Database\BaseBuilder->update()
 3 SYSTEMPATH\BaseModel.php(949): CodeIgniter\Model->doUpdate(null, [...])
 4 SYSTEMPATH\Model.php(776): CodeIgniter\BaseModel->update(null, [...])
 5 APPPATH\Controllers\AppController.php(247): CodeIgniter\Model->update()
 6 SYSTEMPATH\CodeIgniter.php(919): App\Controllers\AppController->form1sv()
 7 SYSTEMPATH\CodeIgniter.php(494): CodeIgniter\CodeIgniter->runController(Object(App\Controllers\AppController))
 8 SYSTEMPATH\CodeIgniter.php(353): CodeIgniter\CodeIgniter->handleRequest(null, Object(Config\Cache), false)
 9 FCPATH\index.php(79): CodeIgniter\CodeIgniter->run()
10 SYSTEMPATH\Commands\Server\rewrite.php(47): require_once('D:\\ProjectSystem\\public\\index.php')
CRITICAL - 2023-12-09 16:31:47 --> Undefined variable $data
in APPPATH\Controllers\AppController.php on line 139.
 1 APPPATH\Controllers\AppController.php(139): CodeIgniter\Debug\Exceptions->errorHandler(2, 'Undefined variable $data', 'D:\\ProjectSystem\\app\\Controllers\\AppController.php', 139)
 2 SYSTEMPATH\CodeIgniter.php(919): App\Controllers\AppController->svap()
 3 SYSTEMPATH\CodeIgniter.php(494): CodeIgniter\CodeIgniter->runController(Object(App\Controllers\AppController))
 4 SYSTEMPATH\CodeIgniter.php(353): CodeIgniter\CodeIgniter->handleRequest(null, Object(Config\Cache), false)
 5 FCPATH\index.php(79): CodeIgniter\CodeIgniter->run()
 6 SYSTEMPATH\Commands\Server\rewrite.php(47): require_once('D:\\ProjectSystem\\public\\index.php')
CRITICAL - 2023-12-09 16:38:56 --> Undefined variable $data
in APPPATH\Controllers\AppController.php on line 141.
 1 APPPATH\Controllers\AppController.php(141): CodeIgniter\Debug\Exceptions->errorHandler(2, 'Undefined variable $data', 'D:\\ProjectSystem\\app\\Controllers\\AppController.php', 141)
 2 SYSTEMPATH\CodeIgniter.php(919): App\Controllers\AppController->svap()
 3 SYSTEMPATH\CodeIgniter.php(494): CodeIgniter\CodeIgniter->runController(Object(App\Controllers\AppController))
 4 SYSTEMPATH\CodeIgniter.php(353): CodeIgniter\CodeIgniter->handleRequest(null, Object(Config\Cache), false)
 5 FCPATH\index.php(79): CodeIgniter\CodeIgniter->run()
 6 SYSTEMPATH\Commands\Server\rewrite.php(47): require_once('D:\\ProjectSystem\\public\\index.php')
CRITICAL - 2023-12-09 16:39:15 --> Undefined variable $data
in APPPATH\Controllers\AppController.php on line 141.
 1 APPPATH\Controllers\AppController.php(141): CodeIgniter\Debug\Exceptions->errorHandler(2, 'Undefined variable $data', 'D:\\ProjectSystem\\app\\Controllers\\AppController.php', 141)
 2 SYSTEMPATH\CodeIgniter.php(919): App\Controllers\AppController->svap()
 3 SYSTEMPATH\CodeIgniter.php(494): CodeIgniter\CodeIgniter->runController(Object(App\Controllers\AppController))
 4 SYSTEMPATH\CodeIgniter.php(353): CodeIgniter\CodeIgniter->handleRequest(null, Object(Config\Cache), false)
 5 FCPATH\index.php(79): CodeIgniter\CodeIgniter->run()
 6 SYSTEMPATH\Commands\Server\rewrite.php(47): require_once('D:\\ProjectSystem\\public\\index.php')
CRITICAL - 2023-12-09 16:46:50 --> Undefined array key "profile"
in APPPATH\Views\Applicant\AppSetting.php on line 64.
 1 APPPATH\Views\Applicant\AppSetting.php(64): CodeIgniter\Debug\Exceptions->errorHandler(2, 'Undefined array key "profile"', 'D:\\ProjectSystem\\app\\Views\\Applicant\\AppSetting.php', 64)
 2 SYSTEMPATH\View\View.php(226): include('D:\\ProjectSystem\\app\\Views\\Applicant\\AppSetting.php')
 3 SYSTEMPATH\View\View.php(229): CodeIgniter\View\View->CodeIgniter\View\{closure}()
 4 SYSTEMPATH\Common.php(1188): CodeIgniter\View\View->render('Applicant/AppSetting', [], true)
 5 APPPATH\Controllers\AppController.php(110): view('Applicant/AppSetting', [...])
 6 SYSTEMPATH\CodeIgniter.php(919): App\Controllers\AppController->AppSetting()
 7 SYSTEMPATH\CodeIgniter.php(494): CodeIgniter\CodeIgniter->runController(Object(App\Controllers\AppController))
 8 SYSTEMPATH\CodeIgniter.php(353): CodeIgniter\CodeIgniter->handleRequest(null, Object(Config\Cache), false)
 9 FCPATH\index.php(79): CodeIgniter\CodeIgniter->run()
10 SYSTEMPATH\Commands\Server\rewrite.php(47): require_once('D:\\ProjectSystem\\public\\index.php')
CRITICAL - 2023-12-09 16:47:23 --> Undefined array key "profile"
in APPPATH\Views\Applicant\AppSetting.php on line 64.
 1 APPPATH\Views\Applicant\AppSetting.php(64): CodeIgniter\Debug\Exceptions->errorHandler(2, 'Undefined array key "profile"', 'D:\\ProjectSystem\\app\\Views\\Applicant\\AppSetting.php', 64)
 2 SYSTEMPATH\View\View.php(226): include('D:\\ProjectSystem\\app\\Views\\Applicant\\AppSetting.php')
 3 SYSTEMPATH\View\View.php(229): CodeIgniter\View\View->CodeIgniter\View\{closure}()
 4 SYSTEMPATH\Common.php(1188): CodeIgniter\View\View->render('Applicant/AppSetting', [], true)
 5 APPPATH\Controllers\AppController.php(110): view('Applicant/AppSetting', [...])
 6 SYSTEMPATH\CodeIgniter.php(919): App\Controllers\AppController->AppSetting()
 7 SYSTEMPATH\CodeIgniter.php(494): CodeIgniter\CodeIgniter->runController(Object(App\Controllers\AppController))
 8 SYSTEMPATH\CodeIgniter.php(353): CodeIgniter\CodeIgniter->handleRequest(null, Object(Config\Cache), false)
 9 FCPATH\index.php(79): CodeIgniter\CodeIgniter->run()
10 SYSTEMPATH\Commands\Server\rewrite.php(47): require_once('D:\\ProjectSystem\\public\\index.php')
CRITICAL - 2023-12-09 16:47:53 --> Undefined array key "profile"
in APPPATH\Views\Applicant\AppSetting.php on line 64.
 1 APPPATH\Views\Applicant\AppSetting.php(64): CodeIgniter\Debug\Exceptions->errorHandler(2, 'Undefined array key "profile"', 'D:\\ProjectSystem\\app\\Views\\Applicant\\AppSetting.php', 64)
 2 SYSTEMPATH\View\View.php(226): include('D:\\ProjectSystem\\app\\Views\\Applicant\\AppSetting.php')
 3 SYSTEMPATH\View\View.php(229): CodeIgniter\View\View->CodeIgniter\View\{closure}()
 4 SYSTEMPATH\Common.php(1188): CodeIgniter\View\View->render('Applicant/AppSetting', [], true)
 5 APPPATH\Controllers\AppController.php(110): view('Applicant/AppSetting', [...])
 6 SYSTEMPATH\CodeIgniter.php(919): App\Controllers\AppController->AppSetting()
 7 SYSTEMPATH\CodeIgniter.php(494): CodeIgniter\CodeIgniter->runController(Object(App\Controllers\AppController))
 8 SYSTEMPATH\CodeIgniter.php(353): CodeIgniter\CodeIgniter->handleRequest(null, Object(Config\Cache), false)
 9 FCPATH\index.php(79): CodeIgniter\CodeIgniter->run()
10 SYSTEMPATH\Commands\Server\rewrite.php(47): require_once('D:\\ProjectSystem\\public\\index.php')
CRITICAL - 2023-12-09 16:47:53 --> Undefined array key "profile"
in APPPATH\Views\Applicant\AppSetting.php on line 64.
 1 APPPATH\Views\Applicant\AppSetting.php(64): CodeIgniter\Debug\Exceptions->errorHandler(2, 'Undefined array key "profile"', 'D:\\ProjectSystem\\app\\Views\\Applicant\\AppSetting.php', 64)
 2 SYSTEMPATH\View\View.php(226): include('D:\\ProjectSystem\\app\\Views\\Applicant\\AppSetting.php')
 3 SYSTEMPATH\View\View.php(229): CodeIgniter\View\View->CodeIgniter\View\{closure}()
 4 SYSTEMPATH\Common.php(1188): CodeIgniter\View\View->render('Applicant/AppSetting', [], true)
 5 APPPATH\Controllers\AppController.php(110): view('Applicant/AppSetting', [...])
 6 SYSTEMPATH\CodeIgniter.php(919): App\Controllers\AppController->AppSetting()
 7 SYSTEMPATH\CodeIgniter.php(494): CodeIgniter\CodeIgniter->runController(Object(App\Controllers\AppController))
 8 SYSTEMPATH\CodeIgniter.php(353): CodeIgniter\CodeIgniter->handleRequest(null, Object(Config\Cache), false)
 9 FCPATH\index.php(79): CodeIgniter\CodeIgniter->run()
10 SYSTEMPATH\Commands\Server\rewrite.php(47): require_once('D:\\ProjectSystem\\public\\index.php')
CRITICAL - 2023-12-09 16:47:54 --> Undefined array key "profile"
in APPPATH\Views\Applicant\AppSetting.php on line 64.
 1 APPPATH\Views\Applicant\AppSetting.php(64): CodeIgniter\Debug\Exceptions->errorHandler(2, 'Undefined array key "profile"', 'D:\\ProjectSystem\\app\\Views\\Applicant\\AppSetting.php', 64)
 2 SYSTEMPATH\View\View.php(226): include('D:\\ProjectSystem\\app\\Views\\Applicant\\AppSetting.php')
 3 SYSTEMPATH\View\View.php(229): CodeIgniter\View\View->CodeIgniter\View\{closure}()
 4 SYSTEMPATH\Common.php(1188): CodeIgniter\View\View->render('Applicant/AppSetting', [], true)
 5 APPPATH\Controllers\AppController.php(110): view('Applicant/AppSetting', [...])
 6 SYSTEMPATH\CodeIgniter.php(919): App\Controllers\AppController->AppSetting()
 7 SYSTEMPATH\CodeIgniter.php(494): CodeIgniter\CodeIgniter->runController(Object(App\Controllers\AppController))
 8 SYSTEMPATH\CodeIgniter.php(353): CodeIgniter\CodeIgniter->handleRequest(null, Object(Config\Cache), false)
 9 FCPATH\index.php(79): CodeIgniter\CodeIgniter->run()
10 SYSTEMPATH\Commands\Server\rewrite.php(47): require_once('D:\\ProjectSystem\\public\\index.php')
CRITICAL - 2023-12-09 16:47:54 --> Undefined array key "profile"
in APPPATH\Views\Applicant\AppSetting.php on line 64.
 1 APPPATH\Views\Applicant\AppSetting.php(64): CodeIgniter\Debug\Exceptions->errorHandler(2, 'Undefined array key "profile"', 'D:\\ProjectSystem\\app\\Views\\Applicant\\AppSetting.php', 64)
 2 SYSTEMPATH\View\View.php(226): include('D:\\ProjectSystem\\app\\Views\\Applicant\\AppSetting.php')
 3 SYSTEMPATH\View\View.php(229): CodeIgniter\View\View->CodeIgniter\View\{closure}()
 4 SYSTEMPATH\Common.php(1188): CodeIgniter\View\View->render('Applicant/AppSetting', [], true)
 5 APPPATH\Controllers\AppController.php(110): view('Applicant/AppSetting', [...])
 6 SYSTEMPATH\CodeIgniter.php(919): App\Controllers\AppController->AppSetting()
 7 SYSTEMPATH\CodeIgniter.php(494): CodeIgniter\CodeIgniter->runController(Object(App\Controllers\AppController))
 8 SYSTEMPATH\CodeIgniter.php(353): CodeIgniter\CodeIgniter->handleRequest(null, Object(Config\Cache), false)
 9 FCPATH\index.php(79): CodeIgniter\CodeIgniter->run()
10 SYSTEMPATH\Commands\Server\rewrite.php(47): require_once('D:\\ProjectSystem\\public\\index.php')
CRITICAL - 2023-12-09 16:47:54 --> Undefined array key "profile"
in APPPATH\Views\Applicant\AppSetting.php on line 64.
 1 APPPATH\Views\Applicant\AppSetting.php(64): CodeIgniter\Debug\Exceptions->errorHandler(2, 'Undefined array key "profile"', 'D:\\ProjectSystem\\app\\Views\\Applicant\\AppSetting.php', 64)
 2 SYSTEMPATH\View\View.php(226): include('D:\\ProjectSystem\\app\\Views\\Applicant\\AppSetting.php')
 3 SYSTEMPATH\View\View.php(229): CodeIgniter\View\View->CodeIgniter\View\{closure}()
 4 SYSTEMPATH\Common.php(1188): CodeIgniter\View\View->render('Applicant/AppSetting', [], true)
 5 APPPATH\Controllers\AppController.php(110): view('Applicant/AppSetting', [...])
 6 SYSTEMPATH\CodeIgniter.php(919): App\Controllers\AppController->AppSetting()
 7 SYSTEMPATH\CodeIgniter.php(494): CodeIgniter\CodeIgniter->runController(Object(App\Controllers\AppController))
 8 SYSTEMPATH\CodeIgniter.php(353): CodeIgniter\CodeIgniter->handleRequest(null, Object(Config\Cache), false)
 9 FCPATH\index.php(79): CodeIgniter\CodeIgniter->run()
10 SYSTEMPATH\Commands\Server\rewrite.php(47): require_once('D:\\ProjectSystem\\public\\index.php')
CRITICAL - 2023-12-09 16:47:54 --> Undefined array key "profile"
in APPPATH\Views\Applicant\AppSetting.php on line 64.
 1 APPPATH\Views\Applicant\AppSetting.php(64): CodeIgniter\Debug\Exceptions->errorHandler(2, 'Undefined array key "profile"', 'D:\\ProjectSystem\\app\\Views\\Applicant\\AppSetting.php', 64)
 2 SYSTEMPATH\View\View.php(226): include('D:\\ProjectSystem\\app\\Views\\Applicant\\AppSetting.php')
 3 SYSTEMPATH\View\View.php(229): CodeIgniter\View\View->CodeIgniter\View\{closure}()
 4 SYSTEMPATH\Common.php(1188): CodeIgniter\View\View->render('Applicant/AppSetting', [], true)
 5 APPPATH\Controllers\AppController.php(110): view('Applicant/AppSetting', [...])
 6 SYSTEMPATH\CodeIgniter.php(919): App\Controllers\AppController->AppSetting()
 7 SYSTEMPATH\CodeIgniter.php(494): CodeIgniter\CodeIgniter->runController(Object(App\Controllers\AppController))
 8 SYSTEMPATH\CodeIgniter.php(353): CodeIgniter\CodeIgniter->handleRequest(null, Object(Config\Cache), false)
 9 FCPATH\index.php(79): CodeIgniter\CodeIgniter->run()
10 SYSTEMPATH\Commands\Server\rewrite.php(47): require_once('D:\\ProjectSystem\\public\\index.php')
CRITICAL - 2023-12-09 16:47:54 --> Undefined array key "profile"
in APPPATH\Views\Applicant\AppSetting.php on line 64.
 1 APPPATH\Views\Applicant\AppSetting.php(64): CodeIgniter\Debug\Exceptions->errorHandler(2, 'Undefined array key "profile"', 'D:\\ProjectSystem\\app\\Views\\Applicant\\AppSetting.php', 64)
 2 SYSTEMPATH\View\View.php(226): include('D:\\ProjectSystem\\app\\Views\\Applicant\\AppSetting.php')
 3 SYSTEMPATH\View\View.php(229): CodeIgniter\View\View->CodeIgniter\View\{closure}()
 4 SYSTEMPATH\Common.php(1188): CodeIgniter\View\View->render('Applicant/AppSetting', [], true)
 5 APPPATH\Controllers\AppController.php(110): view('Applicant/AppSetting', [...])
 6 SYSTEMPATH\CodeIgniter.php(919): App\Controllers\AppController->AppSetting()
 7 SYSTEMPATH\CodeIgniter.php(494): CodeIgniter\CodeIgniter->runController(Object(App\Controllers\AppController))
 8 SYSTEMPATH\CodeIgniter.php(353): CodeIgniter\CodeIgniter->handleRequest(null, Object(Config\Cache), false)
 9 FCPATH\index.php(79): CodeIgniter\CodeIgniter->run()
10 SYSTEMPATH\Commands\Server\rewrite.php(47): require_once('D:\\ProjectSystem\\public\\index.php')
CRITICAL - 2023-12-09 16:47:55 --> Undefined array key "profile"
in APPPATH\Views\Applicant\AppSetting.php on line 64.
 1 APPPATH\Views\Applicant\AppSetting.php(64): CodeIgniter\Debug\Exceptions->errorHandler(2, 'Undefined array key "profile"', 'D:\\ProjectSystem\\app\\Views\\Applicant\\AppSetting.php', 64)
 2 SYSTEMPATH\View\View.php(226): include('D:\\ProjectSystem\\app\\Views\\Applicant\\AppSetting.php')
 3 SYSTEMPATH\View\View.php(229): CodeIgniter\View\View->CodeIgniter\View\{closure}()
 4 SYSTEMPATH\Common.php(1188): CodeIgniter\View\View->render('Applicant/AppSetting', [], true)
 5 APPPATH\Controllers\AppController.php(110): view('Applicant/AppSetting', [...])
 6 SYSTEMPATH\CodeIgniter.php(919): App\Controllers\AppController->AppSetting()
 7 SYSTEMPATH\CodeIgniter.php(494): CodeIgniter\CodeIgniter->runController(Object(App\Controllers\AppController))
 8 SYSTEMPATH\CodeIgniter.php(353): CodeIgniter\CodeIgniter->handleRequest(null, Object(Config\Cache), false)
 9 FCPATH\index.php(79): CodeIgniter\CodeIgniter->run()
10 SYSTEMPATH\Commands\Server\rewrite.php(47): require_once('D:\\ProjectSystem\\public\\index.php')
CRITICAL - 2023-12-09 16:50:38 --> Undefined array key "profile"
in APPPATH\Views\Applicant\AppSetting.php on line 64.
 1 APPPATH\Views\Applicant\AppSetting.php(64): CodeIgniter\Debug\Exceptions->errorHandler(2, 'Undefined array key "profile"', 'D:\\ProjectSystem\\app\\Views\\Applicant\\AppSetting.php', 64)
 2 SYSTEMPATH\View\View.php(226): include('D:\\ProjectSystem\\app\\Views\\Applicant\\AppSetting.php')
 3 SYSTEMPATH\View\View.php(229): CodeIgniter\View\View->CodeIgniter\View\{closure}()
 4 SYSTEMPATH\Common.php(1188): CodeIgniter\View\View->render('Applicant/AppSetting', [], true)
 5 APPPATH\Controllers\AppController.php(110): view('Applicant/AppSetting', [...])
 6 SYSTEMPATH\CodeIgniter.php(919): App\Controllers\AppController->AppSetting()
 7 SYSTEMPATH\CodeIgniter.php(494): CodeIgniter\CodeIgniter->runController(Object(App\Controllers\AppController))
 8 SYSTEMPATH\CodeIgniter.php(353): CodeIgniter\CodeIgniter->handleRequest(null, Object(Config\Cache), false)
 9 FCPATH\index.php(79): CodeIgniter\CodeIgniter->run()
10 SYSTEMPATH\Commands\Server\rewrite.php(47): require_once('D:\\ProjectSystem\\public\\index.php')
CRITICAL - 2023-12-09 16:57:28 --> Undefined array key "created_at"
in APPPATH\Views\Applicant\AppProfile.php on line 87.
 1 APPPATH\Views\Applicant\AppProfile.php(87): CodeIgniter\Debug\Exceptions->errorHandler(2, 'Undefined array key "created_at"', 'D:\\ProjectSystem\\app\\Views\\Applicant\\AppProfile.php', 87)
 2 SYSTEMPATH\View\View.php(226): include('D:\\ProjectSystem\\app\\Views\\Applicant\\AppProfile.php')
 3 SYSTEMPATH\View\View.php(229): CodeIgniter\View\View->CodeIgniter\View\{closure}()
 4 SYSTEMPATH\Common.php(1188): CodeIgniter\View\View->render('Applicant/AppProfile', [], true)
 5 APPPATH\Controllers\AppController.php(42): view('Applicant/AppProfile', [...])
 6 SYSTEMPATH\CodeIgniter.php(919): App\Controllers\AppController->AppProfile()
 7 SYSTEMPATH\CodeIgniter.php(494): CodeIgniter\CodeIgniter->runController(Object(App\Controllers\AppController))
 8 SYSTEMPATH\CodeIgniter.php(353): CodeIgniter\CodeIgniter->handleRequest(null, Object(Config\Cache), false)
 9 FCPATH\index.php(79): CodeIgniter\CodeIgniter->run()
10 SYSTEMPATH\Commands\Server\rewrite.php(47): require_once('D:\\ProjectSystem\\public\\index.php')
CRITICAL - 2023-12-09 17:10:46 --> Undefined variable $agents
in APPPATH\Views\Applicant\AppForm1.php on line 47.
 1 APPPATH\Views\Applicant\AppForm1.php(47): CodeIgniter\Debug\Exceptions->errorHandler(2, 'Undefined variable $agents', 'D:\\ProjectSystem\\app\\Views\\Applicant\\AppForm1.php', 47)
 2 SYSTEMPATH\View\View.php(226): include('D:\\ProjectSystem\\app\\Views\\Applicant\\AppForm1.php')
 3 SYSTEMPATH\View\View.php(229): CodeIgniter\View\View->CodeIgniter\View\{closure}()
 4 SYSTEMPATH\Common.php(1188): CodeIgniter\View\View->render('Applicant/AppForm1', [], true)
 5 APPPATH\Controllers\AppController.php(177): view('Applicant/AppForm1', [...])
 6 SYSTEMPATH\CodeIgniter.php(919): App\Controllers\AppController->AppForm1()
 7 SYSTEMPATH\CodeIgniter.php(494): CodeIgniter\CodeIgniter->runController(Object(App\Controllers\AppController))
 8 SYSTEMPATH\CodeIgniter.php(353): CodeIgniter\CodeIgniter->handleRequest(null, Object(Config\Cache), false)
 9 FCPATH\index.php(79): CodeIgniter\CodeIgniter->run()
10 SYSTEMPATH\Commands\Server\rewrite.php(47): require_once('D:\\ProjectSystem\\public\\index.php')
CRITICAL - 2023-12-09 17:10:53 --> Undefined variable $agents
in APPPATH\Views\Applicant\AppForm1.php on line 47.
 1 APPPATH\Views\Applicant\AppForm1.php(47): CodeIgniter\Debug\Exceptions->errorHandler(2, 'Undefined variable $agents', 'D:\\ProjectSystem\\app\\Views\\Applicant\\AppForm1.php', 47)
 2 SYSTEMPATH\View\View.php(226): include('D:\\ProjectSystem\\app\\Views\\Applicant\\AppForm1.php')
 3 SYSTEMPATH\View\View.php(229): CodeIgniter\View\View->CodeIgniter\View\{closure}()
 4 SYSTEMPATH\Common.php(1188): CodeIgniter\View\View->render('Applicant/AppForm1', [], true)
 5 APPPATH\Controllers\AppController.php(178): view('Applicant/AppForm1', [...])
 6 SYSTEMPATH\CodeIgniter.php(919): App\Controllers\AppController->AppForm1()
 7 SYSTEMPATH\CodeIgniter.php(494): CodeIgniter\CodeIgniter->runController(Object(App\Controllers\AppController))
 8 SYSTEMPATH\CodeIgniter.php(353): CodeIgniter\CodeIgniter->handleRequest(null, Object(Config\Cache), false)
 9 FCPATH\index.php(79): CodeIgniter\CodeIgniter->run()
10 SYSTEMPATH\Commands\Server\rewrite.php(47): require_once('D:\\ProjectSystem\\public\\index.php')
CRITICAL - 2023-12-09 17:29:49 --> Undefined array key "phone"
in APPPATH\Views\Admin\ManageApplicant.php on line 142.
 1 APPPATH\Views\Admin\ManageApplicant.php(142): CodeIgniter\Debug\Exceptions->errorHandler(2, 'Undefined array key "phone"', 'D:\\ProjectSystem\\app\\Views\\Admin\\ManageApplicant.php', 142)
 2 SYSTEMPATH\View\View.php(226): include('D:\\ProjectSystem\\app\\Views\\Admin\\ManageApplicant.php')
 3 SYSTEMPATH\View\View.php(229): CodeIgniter\View\View->CodeIgniter\View\{closure}()
 4 SYSTEMPATH\Common.php(1188): CodeIgniter\View\View->render('Admin/ManageApplicant', [], true)
 5 APPPATH\Controllers\AdminController.php(47): view('Admin/ManageApplicant', [...])
 6 SYSTEMPATH\CodeIgniter.php(919): App\Controllers\AdminController->ManageApplicant()
 7 SYSTEMPATH\CodeIgniter.php(494): CodeIgniter\CodeIgniter->runController(Object(App\Controllers\AdminController))
 8 SYSTEMPATH\CodeIgniter.php(353): CodeIgniter\CodeIgniter->handleRequest(null, Object(Config\Cache), false)
 9 FCPATH\index.php(79): CodeIgniter\CodeIgniter->run()
10 SYSTEMPATH\Commands\Server\rewrite.php(47): require_once('D:\\ProjectSystem\\public\\index.php')
CRITICAL - 2023-12-09 17:32:15 --> Undefined array key "phone"
in APPPATH\Views\Admin\ManageApplicant.php on line 138.
 1 APPPATH\Views\Admin\ManageApplicant.php(138): CodeIgniter\Debug\Exceptions->errorHandler(2, 'Undefined array key "phone"', 'D:\\ProjectSystem\\app\\Views\\Admin\\ManageApplicant.php', 138)
 2 SYSTEMPATH\View\View.php(226): include('D:\\ProjectSystem\\app\\Views\\Admin\\ManageApplicant.php')
 3 SYSTEMPATH\View\View.php(229): CodeIgniter\View\View->CodeIgniter\View\{closure}()
 4 SYSTEMPATH\Common.php(1188): CodeIgniter\View\View->render('Admin/ManageApplicant', [], true)
 5 APPPATH\Controllers\AdminController.php(47): view('Admin/ManageApplicant', [...])
 6 SYSTEMPATH\CodeIgniter.php(919): App\Controllers\AdminController->ManageApplicant()
 7 SYSTEMPATH\CodeIgniter.php(494): CodeIgniter\CodeIgniter->runController(Object(App\Controllers\AdminController))
 8 SYSTEMPATH\CodeIgniter.php(353): CodeIgniter\CodeIgniter->handleRequest(null, Object(Config\Cache), false)
 9 FCPATH\index.php(79): CodeIgniter\CodeIgniter->run()
10 SYSTEMPATH\Commands\Server\rewrite.php(47): require_once('D:\\ProjectSystem\\public\\index.php')
CRITICAL - 2023-12-09 18:08:42 --> Undefined variable $user
in APPPATH\Views\Admin\chop\header.php on line 137.
 1 APPPATH\Views\Admin\chop\header.php(137): CodeIgniter\Debug\Exceptions->errorHandler(2, 'Undefined variable $user', 'D:\\ProjectSystem\\app\\Views\\Admin\\chop\\header.php', 137)
 2 SYSTEMPATH\View\View.php(226): include('D:\\ProjectSystem\\app\\Views\\Admin\\chop\\header.php')
 3 SYSTEMPATH\View\View.php(229): CodeIgniter\View\View->CodeIgniter\View\{closure}()
 4 SYSTEMPATH\Common.php(1188): CodeIgniter\View\View->render('Admin/chop/header', [], true)
 5 APPPATH\Views\Admin\ManageApplicant.php(7): view('Admin/chop/header')
 6 SYSTEMPATH\View\View.php(226): include('D:\\ProjectSystem\\app\\Views\\Admin\\ManageApplicant.php')
 7 SYSTEMPATH\View\View.php(229): CodeIgniter\View\View->CodeIgniter\View\{closure}()
 8 SYSTEMPATH\Common.php(1188): CodeIgniter\View\View->render('Admin/ManageApplicant', [], true)
 9 APPPATH\Controllers\AdminController.php(77): view('Admin/ManageApplicant', [...])
10 SYSTEMPATH\CodeIgniter.php(919): App\Controllers\AdminController->userSearch()
11 SYSTEMPATH\CodeIgniter.php(494): CodeIgniter\CodeIgniter->runController(Object(App\Controllers\AdminController))
12 SYSTEMPATH\CodeIgniter.php(353): CodeIgniter\CodeIgniter->handleRequest(null, Object(Config\Cache), false)
13 FCPATH\index.php(79): CodeIgniter\CodeIgniter->run()
14 SYSTEMPATH\Commands\Server\rewrite.php(47): require_once('D:\\ProjectSystem\\public\\index.php')
CRITICAL - 2023-12-09 18:21:29 --> Trying to access array offset on value of type null
in APPPATH\Controllers\AdminController.php on line 136.
 1 APPPATH\Controllers\AdminController.php(136): CodeIgniter\Debug\Exceptions->errorHandler(2, 'Trying to access array offset on value of type null', 'D:\\ProjectSystem\\app\\Controllers\\AdminController.php', 136)
 2 SYSTEMPATH\CodeIgniter.php(919): App\Controllers\AdminController->newAgent()
 3 SYSTEMPATH\CodeIgniter.php(494): CodeIgniter\CodeIgniter->runController(Object(App\Controllers\AdminController))
 4 SYSTEMPATH\CodeIgniter.php(353): CodeIgniter\CodeIgniter->handleRequest(null, Object(Config\Cache), false)
 5 FCPATH\index.php(79): CodeIgniter\CodeIgniter->run()
 6 SYSTEMPATH\Commands\Server\rewrite.php(47): require_once('D:\\ProjectSystem\\public\\index.php')
CRITICAL - 2023-12-09 18:22:01 --> Trying to access array offset on value of type null
in APPPATH\Controllers\AdminController.php on line 136.
 1 APPPATH\Controllers\AdminController.php(136): CodeIgniter\Debug\Exceptions->errorHandler(2, 'Trying to access array offset on value of type null', 'D:\\ProjectSystem\\app\\Controllers\\AdminController.php', 136)
 2 SYSTEMPATH\CodeIgniter.php(919): App\Controllers\AdminController->newAgent()
 3 SYSTEMPATH\CodeIgniter.php(494): CodeIgniter\CodeIgniter->runController(Object(App\Controllers\AdminController))
 4 SYSTEMPATH\CodeIgniter.php(353): CodeIgniter\CodeIgniter->handleRequest(null, Object(Config\Cache), false)
 5 FCPATH\index.php(79): CodeIgniter\CodeIgniter->run()
 6 SYSTEMPATH\Commands\Server\rewrite.php(47): require_once('D:\\ProjectSystem\\public\\index.php')
CRITICAL - 2023-12-09 18:26:14 --> Cannot use object of type stdClass as array
in APPPATH\Controllers\AdminController.php on line 137.
 1 SYSTEMPATH\CodeIgniter.php(919): App\Controllers\AdminController->newAgent()
 2 SYSTEMPATH\CodeIgniter.php(494): CodeIgniter\CodeIgniter->runController(Object(App\Controllers\AdminController))
 3 SYSTEMPATH\CodeIgniter.php(353): CodeIgniter\CodeIgniter->handleRequest(null, Object(Config\Cache), false)
 4 FCPATH\index.php(79): CodeIgniter\CodeIgniter->run()
 5 SYSTEMPATH\Commands\Server\rewrite.php(47): require_once('D:\\ProjectSystem\\public\\index.php')
CRITICAL - 2023-12-09 18:32:22 --> Trying to access array offset on value of type null
in APPPATH\Controllers\AdminController.php on line 139.
 1 APPPATH\Controllers\AdminController.php(139): CodeIgniter\Debug\Exceptions->errorHandler(2, 'Trying to access array offset on value of type null', 'D:\\ProjectSystem\\app\\Controllers\\AdminController.php', 139)
 2 SYSTEMPATH\CodeIgniter.php(919): App\Controllers\AdminController->newAgent()
 3 SYSTEMPATH\CodeIgniter.php(494): CodeIgniter\CodeIgniter->runController(Object(App\Controllers\AdminController))
 4 SYSTEMPATH\CodeIgniter.php(353): CodeIgniter\CodeIgniter->handleRequest(null, Object(Config\Cache), false)
 5 FCPATH\index.php(79): CodeIgniter\CodeIgniter->run()
 6 SYSTEMPATH\Commands\Server\rewrite.php(47): require_once('D:\\ProjectSystem\\public\\index.php')
ERROR - 2023-12-09 18:38:52 --> mysqli_sql_exception: Cannot add or update a child row: a foreign key constraint fails (`erecruit`.`agent`, CONSTRAINT `fk_foreign_agent` FOREIGN KEY (`FA`) REFERENCES `agent` (`agent_id`)) in D:\ProjectSystem\system\Database\MySQLi\Connection.php:306
Stack trace:
#0 D:\ProjectSystem\system\Database\MySQLi\Connection.php(306): mysqli->query('INSERT INTO `ag...', 0)
#1 D:\ProjectSystem\system\Database\BaseConnection.php(692): CodeIgniter\Database\MySQLi\Connection->execute('INSERT INTO `ag...')
#2 D:\ProjectSystem\system\Database\BaseConnection.php(606): CodeIgniter\Database\BaseConnection->simpleQuery('INSERT INTO `ag...')
#3 D:\ProjectSystem\system\Database\BaseBuilder.php(2308): CodeIgniter\Database\BaseConnection->query('INSERT INTO `ag...', Array, false)
#4 D:\ProjectSystem\system\Model.php(319): CodeIgniter\Database\BaseBuilder->insert()
#5 D:\ProjectSystem\system\BaseModel.php(788): CodeIgniter\Model->doInsert(Array)
#6 D:\ProjectSystem\system\Model.php(715): CodeIgniter\BaseModel->insert(Array, false)
#7 D:\ProjectSystem\system\BaseModel.php(698): CodeIgniter\Model->insert(Array, false)
#8 D:\ProjectSystem\app\Controllers\AdminController.php(140): CodeIgniter\BaseModel->save(Array)
#9 D:\ProjectSystem\system\CodeIgniter.php(919): App\Controllers\AdminController->newAgent()
#10 D:\ProjectSystem\system\CodeIgniter.php(494): CodeIgniter\CodeIgniter->runController(Object(App\Controllers\AdminController))
#11 D:\ProjectSystem\system\CodeIgniter.php(353): CodeIgniter\CodeIgniter->handleRequest(NULL, Object(Config\Cache), false)
#12 D:\ProjectSystem\public\index.php(79): CodeIgniter\CodeIgniter->run()
#13 D:\ProjectSystem\system\Commands\Server\rewrite.php(47): require_once('D:\\ProjectSyste...')
#14 {main}
CRITICAL - 2023-12-09 18:38:52 --> Cannot add or update a child row: a foreign key constraint fails (`erecruit`.`agent`, CONSTRAINT `fk_foreign_agent` FOREIGN KEY (`FA`) REFERENCES `agent` (`agent_id`))
in SYSTEMPATH\Database\BaseConnection.php on line 646.
 1 SYSTEMPATH\Database\BaseBuilder.php(2308): CodeIgniter\Database\BaseConnection->query('INSERT INTO `agent` (`agent_id`, `AgentCode`, `Agentfullname`, `FA`, `branch`, `email`) VALUES (:agent_id:, :AgentCode:, :Agentfullname:, :FA:, :branch:, :email:)', [...], false)
 2 SYSTEMPATH\Model.php(319): CodeIgniter\Database\BaseBuilder->insert()
 3 SYSTEMPATH\BaseModel.php(788): CodeIgniter\Model->doInsert([...])
 4 SYSTEMPATH\Model.php(715): CodeIgniter\BaseModel->insert([...], false)
 5 SYSTEMPATH\BaseModel.php(698): CodeIgniter\Model->insert([...], false)
 6 APPPATH\Controllers\AdminController.php(140): CodeIgniter\BaseModel->save([...])
 7 SYSTEMPATH\CodeIgniter.php(919): App\Controllers\AdminController->newAgent()
 8 SYSTEMPATH\CodeIgniter.php(494): CodeIgniter\CodeIgniter->runController(Object(App\Controllers\AdminController))
 9 SYSTEMPATH\CodeIgniter.php(353): CodeIgniter\CodeIgniter->handleRequest(null, Object(Config\Cache), false)
10 FCPATH\index.php(79): CodeIgniter\CodeIgniter->run()
11 SYSTEMPATH\Commands\Server\rewrite.php(47): require_once('D:\\ProjectSystem\\public\\index.php')
CRITICAL - 2023-12-09 18:45:32 --> Undefined variable $applicant
in APPPATH\Views\Admin\ManageAgent.php on line 33.
 1 APPPATH\Views\Admin\ManageAgent.php(33): CodeIgniter\Debug\Exceptions->errorHandler(2, 'Undefined variable $applicant', 'D:\\ProjectSystem\\app\\Views\\Admin\\ManageAgent.php', 33)
 2 SYSTEMPATH\View\View.php(226): include('D:\\ProjectSystem\\app\\Views\\Admin\\ManageAgent.php')
 3 SYSTEMPATH\View\View.php(229): CodeIgniter\View\View->CodeIgniter\View\{closure}()
 4 SYSTEMPATH\Common.php(1188): CodeIgniter\View\View->render('Admin/ManageAgent', [], true)
 5 APPPATH\Controllers\AdminController.php(31): view('Admin/ManageAgent', [...])
 6 SYSTEMPATH\CodeIgniter.php(919): App\Controllers\AdminController->ManageAgent()
 7 SYSTEMPATH\CodeIgniter.php(494): CodeIgniter\CodeIgniter->runController(Object(App\Controllers\AdminController))
 8 SYSTEMPATH\CodeIgniter.php(353): CodeIgniter\CodeIgniter->handleRequest(null, Object(Config\Cache), false)
 9 FCPATH\index.php(79): CodeIgniter\CodeIgniter->run()
10 SYSTEMPATH\Commands\Server\rewrite.php(47): require_once('D:\\ProjectSystem\\public\\index.php')
CRITICAL - 2023-12-09 18:57:42 --> Undefined array key "applicant_id"
in APPPATH\Views\Admin\ManageAgent.php on line 38.
 1 APPPATH\Views\Admin\ManageAgent.php(38): CodeIgniter\Debug\Exceptions->errorHandler(2, 'Undefined array key "applicant_id"', 'D:\\ProjectSystem\\app\\Views\\Admin\\ManageAgent.php', 38)
 2 SYSTEMPATH\View\View.php(226): include('D:\\ProjectSystem\\app\\Views\\Admin\\ManageAgent.php')
 3 SYSTEMPATH\View\View.php(229): CodeIgniter\View\View->CodeIgniter\View\{closure}()
 4 SYSTEMPATH\Common.php(1188): CodeIgniter\View\View->render('Admin/ManageAgent', [], true)
 5 APPPATH\Controllers\AdminController.php(36): view('Admin/ManageAgent', [...])
 6 SYSTEMPATH\CodeIgniter.php(919): App\Controllers\AdminController->ManageAgent()
 7 SYSTEMPATH\CodeIgniter.php(494): CodeIgniter\CodeIgniter->runController(Object(App\Controllers\AdminController))
 8 SYSTEMPATH\CodeIgniter.php(353): CodeIgniter\CodeIgniter->handleRequest(null, Object(Config\Cache), false)
 9 FCPATH\index.php(79): CodeIgniter\CodeIgniter->run()
10 SYSTEMPATH\Commands\Server\rewrite.php(47): require_once('D:\\ProjectSystem\\public\\index.php')
CRITICAL - 2023-12-09 18:58:00 --> Undefined array key "number"
in APPPATH\Views\Admin\ManageAgent.php on line 59.
 1 APPPATH\Views\Admin\ManageAgent.php(59): CodeIgniter\Debug\Exceptions->errorHandler(2, 'Undefined array key "number"', 'D:\\ProjectSystem\\app\\Views\\Admin\\ManageAgent.php', 59)
 2 SYSTEMPATH\View\View.php(226): include('D:\\ProjectSystem\\app\\Views\\Admin\\ManageAgent.php')
 3 SYSTEMPATH\View\View.php(229): CodeIgniter\View\View->CodeIgniter\View\{closure}()
 4 SYSTEMPATH\Common.php(1188): CodeIgniter\View\View->render('Admin/ManageAgent', [], true)
 5 APPPATH\Controllers\AdminController.php(36): view('Admin/ManageAgent', [...])
 6 SYSTEMPATH\CodeIgniter.php(919): App\Controllers\AdminController->ManageAgent()
 7 SYSTEMPATH\CodeIgniter.php(494): CodeIgniter\CodeIgniter->runController(Object(App\Controllers\AdminController))
 8 SYSTEMPATH\CodeIgniter.php(353): CodeIgniter\CodeIgniter->handleRequest(null, Object(Config\Cache), false)
 9 FCPATH\index.php(79): CodeIgniter\CodeIgniter->run()
10 SYSTEMPATH\Commands\Server\rewrite.php(47): require_once('D:\\ProjectSystem\\public\\index.php')
CRITICAL - 2023-12-09 19:27:37 --> Invalid file: "Agent/chop/head.php"
in SYSTEMPATH\Exceptions\FrameworkException.php on line 39.
 1 SYSTEMPATH\View\View.php(214): CodeIgniter\Exceptions\FrameworkException::forInvalidFile('Agent/chop/head.php')
 2 SYSTEMPATH\Common.php(1188): CodeIgniter\View\View->render('Agent/chop/head', [], true)
 3 APPPATH\Views\Agent\AgDash.php(3): view('Agent/chop/head')
 4 SYSTEMPATH\View\View.php(226): include('D:\\ProjectSystem\\app\\Views\\Agent\\AgDash.php')
 5 SYSTEMPATH\View\View.php(229): CodeIgniter\View\View->CodeIgniter\View\{closure}()
 6 SYSTEMPATH\Common.php(1188): CodeIgniter\View\View->render('Agent/AgDash', [], true)
 7 APPPATH\Controllers\AgentController.php(27): view('Agent/AgDash')
 8 SYSTEMPATH\CodeIgniter.php(919): App\Controllers\AgentController->AgDash()
 9 SYSTEMPATH\CodeIgniter.php(494): CodeIgniter\CodeIgniter->runController(Object(App\Controllers\AgentController))
10 SYSTEMPATH\CodeIgniter.php(353): CodeIgniter\CodeIgniter->handleRequest(null, Object(Config\Cache), false)
11 FCPATH\index.php(79): CodeIgniter\CodeIgniter->run()
12 SYSTEMPATH\Commands\Server\rewrite.php(47): require_once('D:\\ProjectSystem\\public\\index.php')
CRITICAL - 2023-12-09 19:27:51 --> Invalid file: "/chop/head.php"
in SYSTEMPATH\Exceptions\FrameworkException.php on line 39.
 1 SYSTEMPATH\View\View.php(214): CodeIgniter\Exceptions\FrameworkException::forInvalidFile('/chop/head.php')
 2 SYSTEMPATH\Common.php(1188): CodeIgniter\View\View->render('/chop/head', [], true)
 3 APPPATH\Views\Agent\AgDash.php(3): view('/chop/head')
 4 SYSTEMPATH\View\View.php(226): include('D:\\ProjectSystem\\app\\Views\\Agent\\AgDash.php')
 5 SYSTEMPATH\View\View.php(229): CodeIgniter\View\View->CodeIgniter\View\{closure}()
 6 SYSTEMPATH\Common.php(1188): CodeIgniter\View\View->render('Agent/AgDash', [], true)
 7 APPPATH\Controllers\AgentController.php(27): view('Agent/AgDash')
 8 SYSTEMPATH\CodeIgniter.php(919): App\Controllers\AgentController->AgDash()
 9 SYSTEMPATH\CodeIgniter.php(494): CodeIgniter\CodeIgniter->runController(Object(App\Controllers\AgentController))
10 SYSTEMPATH\CodeIgniter.php(353): CodeIgniter\CodeIgniter->handleRequest(null, Object(Config\Cache), false)
11 FCPATH\index.php(79): CodeIgniter\CodeIgniter->run()
12 SYSTEMPATH\Commands\Server\rewrite.php(47): require_once('D:\\ProjectSystem\\public\\index.php')
CRITICAL - 2023-12-09 19:28:16 --> Invalid file: "Agent/chop/head.php"
in SYSTEMPATH\Exceptions\FrameworkException.php on line 39.
 1 SYSTEMPATH\View\View.php(214): CodeIgniter\Exceptions\FrameworkException::forInvalidFile('Agent/chop/head.php')
 2 SYSTEMPATH\Common.php(1188): CodeIgniter\View\View->render('Agent/chop/head', [], true)
 3 APPPATH\Views\Agent\AgDash.php(3): view('Agent/chop/head')
 4 SYSTEMPATH\View\View.php(226): include('D:\\ProjectSystem\\app\\Views\\Agent\\AgDash.php')
 5 SYSTEMPATH\View\View.php(229): CodeIgniter\View\View->CodeIgniter\View\{closure}()
 6 SYSTEMPATH\Common.php(1188): CodeIgniter\View\View->render('Agent/AgDash', [], true)
 7 APPPATH\Controllers\AgentController.php(27): view('Agent/AgDash')
 8 SYSTEMPATH\CodeIgniter.php(919): App\Controllers\AgentController->AgDash()
 9 SYSTEMPATH\CodeIgniter.php(494): CodeIgniter\CodeIgniter->runController(Object(App\Controllers\AgentController))
10 SYSTEMPATH\CodeIgniter.php(353): CodeIgniter\CodeIgniter->handleRequest(null, Object(Config\Cache), false)
11 FCPATH\index.php(79): CodeIgniter\CodeIgniter->run()
12 SYSTEMPATH\Commands\Server\rewrite.php(47): require_once('D:\\ProjectSystem\\public\\index.php')
CRITICAL - 2023-12-09 19:29:51 --> Undefined variable $user
in APPPATH\Views\Agent\chop\header.php on line 137.
 1 APPPATH\Views\Agent\chop\header.php(137): CodeIgniter\Debug\Exceptions->errorHandler(2, 'Undefined variable $user', 'D:\\ProjectSystem\\app\\Views\\Agent\\chop\\header.php', 137)
 2 SYSTEMPATH\View\View.php(226): include('D:\\ProjectSystem\\app\\Views\\Agent\\chop\\header.php')
 3 SYSTEMPATH\View\View.php(229): CodeIgniter\View\View->CodeIgniter\View\{closure}()
 4 SYSTEMPATH\Common.php(1188): CodeIgniter\View\View->render('Agent/chop/header', [], true)
 5 APPPATH\Views\Agent\AgDash.php(6): view('Agent/chop/header')
 6 SYSTEMPATH\View\View.php(226): include('D:\\ProjectSystem\\app\\Views\\Agent\\AgDash.php')
 7 SYSTEMPATH\View\View.php(229): CodeIgniter\View\View->CodeIgniter\View\{closure}()
 8 SYSTEMPATH\Common.php(1188): CodeIgniter\View\View->render('Agent/AgDash', [], true)
 9 APPPATH\Controllers\AgentController.php(27): view('Agent/AgDash')
10 SYSTEMPATH\CodeIgniter.php(919): App\Controllers\AgentController->AgDash()
11 SYSTEMPATH\CodeIgniter.php(494): CodeIgniter\CodeIgniter->runController(Object(App\Controllers\AgentController))
12 SYSTEMPATH\CodeIgniter.php(353): CodeIgniter\CodeIgniter->handleRequest(null, Object(Config\Cache), false)
13 FCPATH\index.php(79): CodeIgniter\CodeIgniter->run()
14 SYSTEMPATH\Commands\Server\rewrite.php(47): require_once('D:\\ProjectSystem\\public\\index.php')
CRITICAL - 2023-12-09 19:30:02 --> Undefined variable $user
in APPPATH\Views\Agent\chop\header.php on line 137.
 1 APPPATH\Views\Agent\chop\header.php(137): CodeIgniter\Debug\Exceptions->errorHandler(2, 'Undefined variable $user', 'D:\\ProjectSystem\\app\\Views\\Agent\\chop\\header.php', 137)
 2 SYSTEMPATH\View\View.php(226): include('D:\\ProjectSystem\\app\\Views\\Agent\\chop\\header.php')
 3 SYSTEMPATH\View\View.php(229): CodeIgniter\View\View->CodeIgniter\View\{closure}()
 4 SYSTEMPATH\Common.php(1188): CodeIgniter\View\View->render('Agent/chop/header', [], true)
 5 APPPATH\Views\Agent\AgDash.php(6): view('Agent/chop/header')
 6 SYSTEMPATH\View\View.php(226): include('D:\\ProjectSystem\\app\\Views\\Agent\\AgDash.php')
 7 SYSTEMPATH\View\View.php(229): CodeIgniter\View\View->CodeIgniter\View\{closure}()
 8 SYSTEMPATH\Common.php(1188): CodeIgniter\View\View->render('Agent/AgDash', [], true)
 9 APPPATH\Controllers\AgentController.php(27): view('Agent/AgDash')
10 SYSTEMPATH\CodeIgniter.php(919): App\Controllers\AgentController->AgDash()
11 SYSTEMPATH\CodeIgniter.php(494): CodeIgniter\CodeIgniter->runController(Object(App\Controllers\AgentController))
12 SYSTEMPATH\CodeIgniter.php(353): CodeIgniter\CodeIgniter->handleRequest(null, Object(Config\Cache), false)
13 FCPATH\index.php(79): CodeIgniter\CodeIgniter->run()
14 SYSTEMPATH\Commands\Server\rewrite.php(47): require_once('D:\\ProjectSystem\\public\\index.php')
