CRITICAL - 2023-11-22 11:55:18 --> Invalid file: "Applicant/dashboard.php"
in SYSTEMPATH\Exceptions\FrameworkException.php on line 39.
 1 SYSTEMPATH\View\View.php(214): CodeIgniter\Exceptions\FrameworkException::forInvalidFile('Applicant/dashboard.php')
 2 SYSTEMPATH\Common.php(1188): CodeIgniter\View\View->render('Applicant/dashboard', [], true)
 3 APPPATH\Controllers\ApplicantController.php(11): view('Applicant/dashboard')
 4 SYSTEMPATH\CodeIgniter.php(919): App\Controllers\ApplicantController->index()
 5 SYSTEMPATH\CodeIgniter.php(494): CodeIgniter\CodeIgniter->runController(Object(App\Controllers\ApplicantController))
 6 SYSTEMPATH\CodeIgniter.php(353): CodeIgniter\CodeIgniter->handleRequest(null, Object(Config\Cache), false)
 7 FCPATH\index.php(79): CodeIgniter\CodeIgniter->run()
 8 SYSTEMPATH\Commands\Server\rewrite.php(47): require_once('D:\\CapstoneProject\\public\\index.php')
CRITICAL - 2023-11-22 11:58:53 --> Invalid file: "chop/head.php"
in SYSTEMPATH\Exceptions\FrameworkException.php on line 39.
 1 SYSTEMPATH\View\View.php(214): CodeIgniter\Exceptions\FrameworkException::forInvalidFile('chop/head.php')
 2 SYSTEMPATH\Common.php(1188): CodeIgniter\View\View->render('chop/head', [], true)
 3 APPPATH\Views\Applicants\dashboard.php(4): view('chop/head')
 4 SYSTEMPATH\View\View.php(226): include('D:\\CapstoneProject\\app\\Views\\Applicants\\dashboard.php')
 5 SYSTEMPATH\View\View.php(229): CodeIgniter\View\View->CodeIgniter\View\{closure}()
 6 SYSTEMPATH\Common.php(1188): CodeIgniter\View\View->render('Applicants/dashboard', [], true)
 7 APPPATH\Controllers\ApplicantController.php(11): view('Applicants/dashboard')
 8 SYSTEMPATH\CodeIgniter.php(919): App\Controllers\ApplicantController->index()
 9 SYSTEMPATH\CodeIgniter.php(494): CodeIgniter\CodeIgniter->runController(Object(App\Controllers\ApplicantController))
10 SYSTEMPATH\CodeIgniter.php(353): CodeIgniter\CodeIgniter->handleRequest(null, Object(Config\Cache), false)
11 FCPATH\index.php(79): CodeIgniter\CodeIgniter->run()
12 SYSTEMPATH\Commands\Server\rewrite.php(47): require_once('D:\\CapstoneProject\\public\\index.php')
CRITICAL - 2023-11-22 11:59:12 --> Invalid file: "/chop/head.php"
in SYSTEMPATH\Exceptions\FrameworkException.php on line 39.
 1 SYSTEMPATH\View\View.php(214): CodeIgniter\Exceptions\FrameworkException::forInvalidFile('/chop/head.php')
 2 SYSTEMPATH\Common.php(1188): CodeIgniter\View\View->render('/chop/head', [], true)
 3 APPPATH\Views\Applicants\dashboard.php(4): view('/chop/head')
 4 SYSTEMPATH\View\View.php(226): include('D:\\CapstoneProject\\app\\Views\\Applicants\\dashboard.php')
 5 SYSTEMPATH\View\View.php(229): CodeIgniter\View\View->CodeIgniter\View\{closure}()
 6 SYSTEMPATH\Common.php(1188): CodeIgniter\View\View->render('Applicants/dashboard', [], true)
 7 APPPATH\Controllers\ApplicantController.php(11): view('Applicants/dashboard')
 8 SYSTEMPATH\CodeIgniter.php(919): App\Controllers\ApplicantController->index()
 9 SYSTEMPATH\CodeIgniter.php(494): CodeIgniter\CodeIgniter->runController(Object(App\Controllers\ApplicantController))
10 SYSTEMPATH\CodeIgniter.php(353): CodeIgniter\CodeIgniter->handleRequest(null, Object(Config\Cache), false)
11 FCPATH\index.php(79): CodeIgniter\CodeIgniter->run()
12 SYSTEMPATH\Commands\Server\rewrite.php(47): require_once('D:\\CapstoneProject\\public\\index.php')
CRITICAL - 2023-11-22 11:59:42 --> Invalid file: "/chop/head.php"
in SYSTEMPATH\Exceptions\FrameworkException.php on line 39.
 1 SYSTEMPATH\View\View.php(214): CodeIgniter\Exceptions\FrameworkException::forInvalidFile('/chop/head.php')
 2 SYSTEMPATH\Common.php(1188): CodeIgniter\View\View->render('/chop/head', [], true)
 3 APPPATH\Views\Applicants\dashboard.php(4): view('/chop/head')
 4 SYSTEMPATH\View\View.php(226): include('D:\\CapstoneProject\\app\\Views\\Applicants\\dashboard.php')
 5 SYSTEMPATH\View\View.php(229): CodeIgniter\View\View->CodeIgniter\View\{closure}()
 6 SYSTEMPATH\Common.php(1188): CodeIgniter\View\View->render('Applicants/dashboard', [], true)
 7 APPPATH\Controllers\ApplicantController.php(11): view('Applicants/dashboard')
 8 SYSTEMPATH\CodeIgniter.php(919): App\Controllers\ApplicantController->index()
 9 SYSTEMPATH\CodeIgniter.php(494): CodeIgniter\CodeIgniter->runController(Object(App\Controllers\ApplicantController))
10 SYSTEMPATH\CodeIgniter.php(353): CodeIgniter\CodeIgniter->handleRequest(null, Object(Config\Cache), false)
11 FCPATH\index.php(79): CodeIgniter\CodeIgniter->run()
12 SYSTEMPATH\Commands\Server\rewrite.php(47): require_once('D:\\CapstoneProject\\public\\index.php')
ERROR - 2023-11-22 13:04:55 --> Error connecting to the database: mysqli_sql_exception: Access denied for user ''@'localhost' (using password: NO) in D:\CapstoneProject\system\Database\MySQLi\Connection.php:185
Stack trace:
#0 D:\CapstoneProject\system\Database\MySQLi\Connection.php(185): mysqli->real_connect('localhost', '', '', '', 3306, '', 0)
#1 D:\CapstoneProject\system\Database\BaseConnection.php(391): CodeIgniter\Database\MySQLi\Connection->connect(false)
#2 D:\CapstoneProject\system\Database\BaseConnection.php(574): CodeIgniter\Database\BaseConnection->initialize()
#3 D:\CapstoneProject\system\Database\BaseBuilder.php(2308): CodeIgniter\Database\BaseConnection->query('INSERT INTO `li...', Array, false)
#4 D:\CapstoneProject\system\Model.php(319): CodeIgniter\Database\BaseBuilder->insert()
#5 D:\CapstoneProject\system\BaseModel.php(788): CodeIgniter\Model->doInsert(Array)
#6 D:\CapstoneProject\system\Model.php(715): CodeIgniter\BaseModel->insert(Array, true)
#7 D:\CapstoneProject\app\Controllers\ApplicantController.php(54): CodeIgniter\Model->insert(Array)
#8 D:\CapstoneProject\system\CodeIgniter.php(919): App\Controllers\ApplicantController->form1sv()
#9 D:\CapstoneProject\system\CodeIgniter.php(494): CodeIgniter\CodeIgniter->runController(Object(App\Controllers\ApplicantController))
#10 D:\CapstoneProject\system\CodeIgniter.php(353): CodeIgniter\CodeIgniter->handleRequest(NULL, Object(Config\Cache), false)
#11 D:\CapstoneProject\public\index.php(79): CodeIgniter\CodeIgniter->run()
#12 D:\CapstoneProject\system\Commands\Server\rewrite.php(47): require_once('D:\\CapstoneProj...')
#13 {main}

Next CodeIgniter\Database\Exceptions\DatabaseException: Access denied for user ''@'localhost' (using password: NO) in D:\CapstoneProject\system\Database\MySQLi\Connection.php:229
Stack trace:
#0 D:\CapstoneProject\system\Database\BaseConnection.php(391): CodeIgniter\Database\MySQLi\Connection->connect(false)
#1 D:\CapstoneProject\system\Database\BaseConnection.php(574): CodeIgniter\Database\BaseConnection->initialize()
#2 D:\CapstoneProject\system\Database\BaseBuilder.php(2308): CodeIgniter\Database\BaseConnection->query('INSERT INTO `li...', Array, false)
#3 D:\CapstoneProject\system\Model.php(319): CodeIgniter\Database\BaseBuilder->insert()
#4 D:\CapstoneProject\system\BaseModel.php(788): CodeIgniter\Model->doInsert(Array)
#5 D:\CapstoneProject\system\Model.php(715): CodeIgniter\BaseModel->insert(Array, true)
#6 D:\CapstoneProject\app\Controllers\ApplicantController.php(54): CodeIgniter\Model->insert(Array)
#7 D:\CapstoneProject\system\CodeIgniter.php(919): App\Controllers\ApplicantController->form1sv()
#8 D:\CapstoneProject\system\CodeIgniter.php(494): CodeIgniter\CodeIgniter->runController(Object(App\Controllers\ApplicantController))
#9 D:\CapstoneProject\system\CodeIgniter.php(353): CodeIgniter\CodeIgniter->handleRequest(NULL, Object(Config\Cache), false)
#10 D:\CapstoneProject\public\index.php(79): CodeIgniter\CodeIgniter->run()
#11 D:\CapstoneProject\system\Commands\Server\rewrite.php(47): require_once('D:\\CapstoneProj...')
#12 {main}
CRITICAL - 2023-11-22 13:04:55 --> Unable to connect to the database.
Main connection [MySQLi]: Access denied for user ''@'localhost' (using password: NO)
in SYSTEMPATH\Database\BaseConnection.php on line 427.
 1 SYSTEMPATH\Database\BaseConnection.php(574): CodeIgniter\Database\BaseConnection->initialize()
 2 SYSTEMPATH\Database\BaseBuilder.php(2308): CodeIgniter\Database\BaseConnection->query('INSERT INTO `lifechangerform` (`position`, `preferredArea`, `referral`, `referralBy`, `onlineAd`, `walkIn`, `othersRef`, `fname`, `nickname`, `birthdate`, `placeOfBirth`, `gender`, `bloodType`, `homeAddress`, `mobileNo`, `landline`, `email`, `citizenship`, `othersCitizenship`, `naturalizationInfo`, `maritalStatus`, `maidenName`, `spouseName`, `sssNo`, `tin`) VALUES (:position:, :preferredArea:, :referral:, :referralBy:, :onlineAd:, :walkIn:, :othersRef:, :fname:, :nickname:, :birthdate:, :placeOfBirth:, :gender:, :bloodType:, :homeAddress:, :mobileNo:, :landline:, :email:, :citizenship:, :othersCitizenship:, :naturalizationInfo:, :maritalStatus:, :maidenName:, :spouseName:, :sssNo:, :tin:)', [...], false)
 3 SYSTEMPATH\Model.php(319): CodeIgniter\Database\BaseBuilder->insert()
 4 SYSTEMPATH\BaseModel.php(788): CodeIgniter\Model->doInsert([...])
 5 SYSTEMPATH\Model.php(715): CodeIgniter\BaseModel->insert([...], true)
 6 APPPATH\Controllers\ApplicantController.php(54): CodeIgniter\Model->insert([...])
 7 SYSTEMPATH\CodeIgniter.php(919): App\Controllers\ApplicantController->form1sv()
 8 SYSTEMPATH\CodeIgniter.php(494): CodeIgniter\CodeIgniter->runController(Object(App\Controllers\ApplicantController))
 9 SYSTEMPATH\CodeIgniter.php(353): CodeIgniter\CodeIgniter->handleRequest(null, Object(Config\Cache), false)
10 FCPATH\index.php(79): CodeIgniter\CodeIgniter->run()
11 SYSTEMPATH\Commands\Server\rewrite.php(47): require_once('D:\\CapstoneProject\\public\\index.php')
