ERROR - 2023-12-04 01:25:31 --> Error connecting to the database: mysqli_sql_exception: No connection could be made because the target machine actively refused it in D:\CapstoneProject\system\Database\MySQLi\Connection.php:185
Stack trace:
#0 D:\CapstoneProject\system\Database\MySQLi\Connection.php(185): mysqli->real_connect('localhost', 'root', '', 'erecruit', 3306, '', 0)
#1 D:\CapstoneProject\system\Database\BaseConnection.php(391): CodeIgniter\Database\MySQLi\Connection->connect(false)
#2 D:\CapstoneProject\system\Database\BaseConnection.php(574): CodeIgniter\Database\BaseConnection->initialize()
#3 D:\CapstoneProject\system\Database\BaseBuilder.php(1615): CodeIgniter\Database\BaseConnection->query('SELECT *\nFROM `...', Array, false)
#4 D:\CapstoneProject\system\Model.php(264): CodeIgniter\Database\BaseBuilder->get()
#5 D:\CapstoneProject\system\BaseModel.php(662): CodeIgniter\Model->doFirst()
#6 D:\CapstoneProject\app\Controllers\HomepageController.php(124): CodeIgniter\BaseModel->first()
#7 D:\CapstoneProject\system\CodeIgniter.php(919): App\Controllers\HomepageController->authlog()
#8 D:\CapstoneProject\system\CodeIgniter.php(494): CodeIgniter\CodeIgniter->runController(Object(App\Controllers\HomepageController))
#9 D:\CapstoneProject\system\CodeIgniter.php(353): CodeIgniter\CodeIgniter->handleRequest(NULL, Object(Config\Cache), false)
#10 D:\CapstoneProject\public\index.php(79): CodeIgniter\CodeIgniter->run()
#11 D:\CapstoneProject\system\Commands\Server\rewrite.php(47): require_once('D:\\CapstoneProj...')
#12 {main}

Next CodeIgniter\Database\Exceptions\DatabaseException: No connection could be made because the target machine actively refused it in D:\CapstoneProject\system\Database\MySQLi\Connection.php:229
Stack trace:
#0 D:\CapstoneProject\system\Database\BaseConnection.php(391): CodeIgniter\Database\MySQLi\Connection->connect(false)
#1 D:\CapstoneProject\system\Database\BaseConnection.php(574): CodeIgniter\Database\BaseConnection->initialize()
#2 D:\CapstoneProject\system\Database\BaseBuilder.php(1615): CodeIgniter\Database\BaseConnection->query('SELECT *\nFROM `...', Array, false)
#3 D:\CapstoneProject\system\Model.php(264): CodeIgniter\Database\BaseBuilder->get()
#4 D:\CapstoneProject\system\BaseModel.php(662): CodeIgniter\Model->doFirst()
#5 D:\CapstoneProject\app\Controllers\HomepageController.php(124): CodeIgniter\BaseModel->first()
#6 D:\CapstoneProject\system\CodeIgniter.php(919): App\Controllers\HomepageController->authlog()
#7 D:\CapstoneProject\system\CodeIgniter.php(494): CodeIgniter\CodeIgniter->runController(Object(App\Controllers\HomepageController))
#8 D:\CapstoneProject\system\CodeIgniter.php(353): CodeIgniter\CodeIgniter->handleRequest(NULL, Object(Config\Cache), false)
#9 D:\CapstoneProject\public\index.php(79): CodeIgniter\CodeIgniter->run()
#10 D:\CapstoneProject\system\Commands\Server\rewrite.php(47): require_once('D:\\CapstoneProj...')
#11 {main}
CRITICAL - 2023-12-04 01:25:31 --> Unable to connect to the database.
Main connection [MySQLi]: No connection could be made because the target machine actively refused it
in SYSTEMPATH\Database\BaseConnection.php on line 427.
 1 SYSTEMPATH\Database\BaseConnection.php(574): CodeIgniter\Database\BaseConnection->initialize()
 2 SYSTEMPATH\Database\BaseBuilder.php(1615): CodeIgniter\Database\BaseConnection->query('SELECT *
FROM `users`
WHERE `email` = :email:
 LIMIT 1', [...], false)
 3 SYSTEMPATH\Model.php(264): CodeIgniter\Database\BaseBuilder->get()
 4 SYSTEMPATH\BaseModel.php(662): CodeIgniter\Model->doFirst()
 5 APPPATH\Controllers\HomepageController.php(124): CodeIgniter\BaseModel->first()
 6 SYSTEMPATH\CodeIgniter.php(919): App\Controllers\HomepageController->authlog()
 7 SYSTEMPATH\CodeIgniter.php(494): CodeIgniter\CodeIgniter->runController(Object(App\Controllers\HomepageController))
 8 SYSTEMPATH\CodeIgniter.php(353): CodeIgniter\CodeIgniter->handleRequest(null, Object(Config\Cache), false)
 9 FCPATH\index.php(79): CodeIgniter\CodeIgniter->run()
10 SYSTEMPATH\Commands\Server\rewrite.php(47): require_once('D:\\CapstoneProject\\public\\index.php')
