ERROR - 2023-12-02 03:39:35 --> Error connecting to the database: mysqli_sql_exception: No connection could be made because the target machine actively refused it in D:\CapstoneProject\system\Database\MySQLi\Connection.php:185
Stack trace:
#0 D:\CapstoneProject\system\Database\MySQLi\Connection.php(185): mysqli->real_connect('localhost', 'root', '', 'erecruit', 3306, '', 0)
#1 D:\CapstoneProject\system\Database\BaseConnection.php(391): CodeIgniter\Database\MySQLi\Connection->connect(false)
#2 D:\CapstoneProject\system\Database\BaseConnection.php(574): CodeIgniter\Database\BaseConnection->initialize()
#3 D:\CapstoneProject\system\Database\BaseBuilder.php(2308): CodeIgniter\Database\BaseConnection->query('INSERT INTO `us...', Array, false)
#4 D:\CapstoneProject\system\Model.php(319): CodeIgniter\Database\BaseBuilder->insert()
#5 D:\CapstoneProject\system\BaseModel.php(788): CodeIgniter\Model->doInsert(Array)
#6 D:\CapstoneProject\system\Model.php(715): CodeIgniter\BaseModel->insert(Array, false)
#7 D:\CapstoneProject\system\BaseModel.php(698): CodeIgniter\Model->insert(Array, false)
#8 D:\CapstoneProject\app\Controllers\HomepageController.php(49): CodeIgniter\BaseModel->save(Array)
#9 D:\CapstoneProject\system\CodeIgniter.php(919): App\Controllers\HomepageController->Authreg()
#10 D:\CapstoneProject\system\CodeIgniter.php(494): CodeIgniter\CodeIgniter->runController(Object(App\Controllers\HomepageController))
#11 D:\CapstoneProject\system\CodeIgniter.php(353): CodeIgniter\CodeIgniter->handleRequest(NULL, Object(Config\Cache), false)
#12 D:\CapstoneProject\public\index.php(79): CodeIgniter\CodeIgniter->run()
#13 D:\CapstoneProject\system\Commands\Server\rewrite.php(47): require_once('D:\\CapstoneProj...')
#14 {main}

Next CodeIgniter\Database\Exceptions\DatabaseException: No connection could be made because the target machine actively refused it in D:\CapstoneProject\system\Database\MySQLi\Connection.php:229
Stack trace:
#0 D:\CapstoneProject\system\Database\BaseConnection.php(391): CodeIgniter\Database\MySQLi\Connection->connect(false)
#1 D:\CapstoneProject\system\Database\BaseConnection.php(574): CodeIgniter\Database\BaseConnection->initialize()
#2 D:\CapstoneProject\system\Database\BaseBuilder.php(2308): CodeIgniter\Database\BaseConnection->query('INSERT INTO `us...', Array, false)
#3 D:\CapstoneProject\system\Model.php(319): CodeIgniter\Database\BaseBuilder->insert()
#4 D:\CapstoneProject\system\BaseModel.php(788): CodeIgniter\Model->doInsert(Array)
#5 D:\CapstoneProject\system\Model.php(715): CodeIgniter\BaseModel->insert(Array, false)
#6 D:\CapstoneProject\system\BaseModel.php(698): CodeIgniter\Model->insert(Array, false)
#7 D:\CapstoneProject\app\Controllers\HomepageController.php(49): CodeIgniter\BaseModel->save(Array)
#8 D:\CapstoneProject\system\CodeIgniter.php(919): App\Controllers\HomepageController->Authreg()
#9 D:\CapstoneProject\system\CodeIgniter.php(494): CodeIgniter\CodeIgniter->runController(Object(App\Controllers\HomepageController))
#10 D:\CapstoneProject\system\CodeIgniter.php(353): CodeIgniter\CodeIgniter->handleRequest(NULL, Object(Config\Cache), false)
#11 D:\CapstoneProject\public\index.php(79): CodeIgniter\CodeIgniter->run()
#12 D:\CapstoneProject\system\Commands\Server\rewrite.php(47): require_once('D:\\CapstoneProj...')
#13 {main}
CRITICAL - 2023-12-02 03:39:35 --> Unable to connect to the database.
Main connection [MySQLi]: No connection could be made because the target machine actively refused it
in SYSTEMPATH\Database\BaseConnection.php on line 427.
 1 SYSTEMPATH\Database\BaseConnection.php(574): CodeIgniter\Database\BaseConnection->initialize()
 2 SYSTEMPATH\Database\BaseBuilder.php(2308): CodeIgniter\Database\BaseConnection->query('INSERT INTO `users` (`email`, `role`, `password`) VALUES (:email:, :role:, :password:)', [...], false)
 3 SYSTEMPATH\Model.php(319): CodeIgniter\Database\BaseBuilder->insert()
 4 SYSTEMPATH\BaseModel.php(788): CodeIgniter\Model->doInsert([...])
 5 SYSTEMPATH\Model.php(715): CodeIgniter\BaseModel->insert([...], false)
 6 SYSTEMPATH\BaseModel.php(698): CodeIgniter\Model->insert([...], false)
 7 APPPATH\Controllers\HomepageController.php(49): CodeIgniter\BaseModel->save([...])
 8 SYSTEMPATH\CodeIgniter.php(919): App\Controllers\HomepageController->Authreg()
 9 SYSTEMPATH\CodeIgniter.php(494): CodeIgniter\CodeIgniter->runController(Object(App\Controllers\HomepageController))
10 SYSTEMPATH\CodeIgniter.php(353): CodeIgniter\CodeIgniter->handleRequest(null, Object(Config\Cache), false)
11 FCPATH\index.php(79): CodeIgniter\CodeIgniter->run()
12 SYSTEMPATH\Commands\Server\rewrite.php(47): require_once('D:\\CapstoneProject\\public\\index.php')
CRITICAL - 2023-12-02 03:39:50 --> The route for "/login" cannot be found.
in SYSTEMPATH\HTTP\RedirectResponse.php on line 60.
 1 SYSTEMPATH\HTTP\RedirectResponse.php(60): CodeIgniter\HTTP\Exceptions\HTTPException::forInvalidRedirectRoute('/login')
 2 SYSTEMPATH\Common.php(878): CodeIgniter\HTTP\RedirectResponse->route(false)
 3 APPPATH\Controllers\HomepageController.php(90): redirect('/login')
 4 SYSTEMPATH\CodeIgniter.php(919): App\Controllers\HomepageController->authlog()
 5 SYSTEMPATH\CodeIgniter.php(494): CodeIgniter\CodeIgniter->runController(Object(App\Controllers\HomepageController))
 6 SYSTEMPATH\CodeIgniter.php(353): CodeIgniter\CodeIgniter->handleRequest(null, Object(Config\Cache), false)
 7 FCPATH\index.php(79): CodeIgniter\CodeIgniter->run()
 8 SYSTEMPATH\Commands\Server\rewrite.php(47): require_once('D:\\CapstoneProject\\public\\index.php')
CRITICAL - 2023-12-02 03:53:48 --> The route for "/login" cannot be found.
in SYSTEMPATH\HTTP\RedirectResponse.php on line 60.
 1 SYSTEMPATH\HTTP\RedirectResponse.php(60): CodeIgniter\HTTP\Exceptions\HTTPException::forInvalidRedirectRoute('/login')
 2 SYSTEMPATH\Common.php(878): CodeIgniter\HTTP\RedirectResponse->route(false)
 3 APPPATH\Controllers\HomepageController.php(90): redirect('/login')
 4 SYSTEMPATH\CodeIgniter.php(919): App\Controllers\HomepageController->authlog()
 5 SYSTEMPATH\CodeIgniter.php(494): CodeIgniter\CodeIgniter->runController(Object(App\Controllers\HomepageController))
 6 SYSTEMPATH\CodeIgniter.php(353): CodeIgniter\CodeIgniter->handleRequest(null, Object(Config\Cache), false)
 7 FCPATH\index.php(79): CodeIgniter\CodeIgniter->run()
 8 SYSTEMPATH\Commands\Server\rewrite.php(47): require_once('D:\\CapstoneProject\\public\\index.php')
CRITICAL - 2023-12-02 03:54:03 --> Invalid file: "Applicants/dashboard.php"
in SYSTEMPATH\Exceptions\FrameworkException.php on line 39.
 1 SYSTEMPATH\View\View.php(214): CodeIgniter\Exceptions\FrameworkException::forInvalidFile('Applicants/dashboard.php')
 2 SYSTEMPATH\Common.php(1188): CodeIgniter\View\View->render('Applicants/dashboard', [], true)
 3 APPPATH\Controllers\ApplicantController.php(18): view('Applicants/dashboard')
 4 SYSTEMPATH\CodeIgniter.php(919): App\Controllers\ApplicantController->index()
 5 SYSTEMPATH\CodeIgniter.php(494): CodeIgniter\CodeIgniter->runController(Object(App\Controllers\ApplicantController))
 6 SYSTEMPATH\CodeIgniter.php(353): CodeIgniter\CodeIgniter->handleRequest(null, Object(Config\Cache), false)
 7 FCPATH\index.php(79): CodeIgniter\CodeIgniter->run()
 8 SYSTEMPATH\Commands\Server\rewrite.php(47): require_once('D:\\CapstoneProject\\public\\index.php')
CRITICAL - 2023-12-02 03:54:41 --> Invalid file: "Applicants/dashboard.php"
in SYSTEMPATH\Exceptions\FrameworkException.php on line 39.
 1 SYSTEMPATH\View\View.php(214): CodeIgniter\Exceptions\FrameworkException::forInvalidFile('Applicants/dashboard.php')
 2 SYSTEMPATH\Common.php(1188): CodeIgniter\View\View->render('Applicants/dashboard', [], true)
 3 APPPATH\Controllers\ApplicantController.php(18): view('Applicants/dashboard')
 4 SYSTEMPATH\CodeIgniter.php(919): App\Controllers\ApplicantController->index()
 5 SYSTEMPATH\CodeIgniter.php(494): CodeIgniter\CodeIgniter->runController(Object(App\Controllers\ApplicantController))
 6 SYSTEMPATH\CodeIgniter.php(353): CodeIgniter\CodeIgniter->handleRequest(null, Object(Config\Cache), false)
 7 FCPATH\index.php(79): CodeIgniter\CodeIgniter->run()
 8 SYSTEMPATH\Commands\Server\rewrite.php(47): require_once('D:\\CapstoneProject\\public\\index.php')
CRITICAL - 2023-12-02 03:55:25 --> Invalid file: "Applicants/dashboard.php"
in SYSTEMPATH\Exceptions\FrameworkException.php on line 39.
 1 SYSTEMPATH\View\View.php(214): CodeIgniter\Exceptions\FrameworkException::forInvalidFile('Applicants/dashboard.php')
 2 SYSTEMPATH\Common.php(1188): CodeIgniter\View\View->render('Applicants/dashboard', [], true)
 3 APPPATH\Controllers\ApplicantController.php(18): view('Applicants/dashboard')
 4 SYSTEMPATH\CodeIgniter.php(919): App\Controllers\ApplicantController->index()
 5 SYSTEMPATH\CodeIgniter.php(494): CodeIgniter\CodeIgniter->runController(Object(App\Controllers\ApplicantController))
 6 SYSTEMPATH\CodeIgniter.php(353): CodeIgniter\CodeIgniter->handleRequest(null, Object(Config\Cache), false)
 7 FCPATH\index.php(79): CodeIgniter\CodeIgniter->run()
 8 SYSTEMPATH\Commands\Server\rewrite.php(47): require_once('D:\\CapstoneProject\\public\\index.php')
CRITICAL - 2023-12-02 03:56:21 --> Invalid file: "Applicants/dashboard.php"
in SYSTEMPATH\Exceptions\FrameworkException.php on line 39.
 1 SYSTEMPATH\View\View.php(214): CodeIgniter\Exceptions\FrameworkException::forInvalidFile('Applicants/dashboard.php')
 2 SYSTEMPATH\Common.php(1188): CodeIgniter\View\View->render('Applicants/dashboard', [], true)
 3 APPPATH\Controllers\ApplicantController.php(18): view('Applicants/dashboard')
 4 SYSTEMPATH\CodeIgniter.php(919): App\Controllers\ApplicantController->index()
 5 SYSTEMPATH\CodeIgniter.php(494): CodeIgniter\CodeIgniter->runController(Object(App\Controllers\ApplicantController))
 6 SYSTEMPATH\CodeIgniter.php(353): CodeIgniter\CodeIgniter->handleRequest(null, Object(Config\Cache), false)
 7 FCPATH\index.php(79): CodeIgniter\CodeIgniter->run()
 8 SYSTEMPATH\Commands\Server\rewrite.php(47): require_once('D:\\CapstoneProject\\public\\index.php')
CRITICAL - 2023-12-02 03:58:10 --> The route for "/login" cannot be found.
in SYSTEMPATH\HTTP\RedirectResponse.php on line 60.
 1 SYSTEMPATH\HTTP\RedirectResponse.php(60): CodeIgniter\HTTP\Exceptions\HTTPException::forInvalidRedirectRoute('/login')
 2 SYSTEMPATH\Common.php(878): CodeIgniter\HTTP\RedirectResponse->route(false)
 3 APPPATH\Controllers\HomepageController.php(90): redirect('/login')
 4 SYSTEMPATH\CodeIgniter.php(919): App\Controllers\HomepageController->authlog()
 5 SYSTEMPATH\CodeIgniter.php(494): CodeIgniter\CodeIgniter->runController(Object(App\Controllers\HomepageController))
 6 SYSTEMPATH\CodeIgniter.php(353): CodeIgniter\CodeIgniter->handleRequest(null, Object(Config\Cache), false)
 7 FCPATH\index.php(79): CodeIgniter\CodeIgniter->run()
 8 SYSTEMPATH\Commands\Server\rewrite.php(47): require_once('D:\\CapstoneProject\\public\\index.php')
CRITICAL - 2023-12-02 03:58:37 --> The route for "/login" cannot be found.
in SYSTEMPATH\HTTP\RedirectResponse.php on line 60.
 1 SYSTEMPATH\HTTP\RedirectResponse.php(60): CodeIgniter\HTTP\Exceptions\HTTPException::forInvalidRedirectRoute('/login')
 2 SYSTEMPATH\Common.php(878): CodeIgniter\HTTP\RedirectResponse->route(false)
 3 APPPATH\Controllers\HomepageController.php(90): redirect('/login')
 4 SYSTEMPATH\CodeIgniter.php(919): App\Controllers\HomepageController->authlog()
 5 SYSTEMPATH\CodeIgniter.php(494): CodeIgniter\CodeIgniter->runController(Object(App\Controllers\HomepageController))
 6 SYSTEMPATH\CodeIgniter.php(353): CodeIgniter\CodeIgniter->handleRequest(null, Object(Config\Cache), false)
 7 FCPATH\index.php(79): CodeIgniter\CodeIgniter->run()
 8 SYSTEMPATH\Commands\Server\rewrite.php(47): require_once('D:\\CapstoneProject\\public\\index.php')
CRITICAL - 2023-12-02 03:59:53 --> Invalid file: "Applicants/dashboard.php"
in SYSTEMPATH\Exceptions\FrameworkException.php on line 39.
 1 SYSTEMPATH\View\View.php(214): CodeIgniter\Exceptions\FrameworkException::forInvalidFile('Applicants/dashboard.php')
 2 SYSTEMPATH\Common.php(1188): CodeIgniter\View\View->render('Applicants/dashboard', [], true)
 3 APPPATH\Controllers\ApplicantController.php(18): view('Applicants/dashboard')
 4 SYSTEMPATH\CodeIgniter.php(919): App\Controllers\ApplicantController->index()
 5 SYSTEMPATH\CodeIgniter.php(494): CodeIgniter\CodeIgniter->runController(Object(App\Controllers\ApplicantController))
 6 SYSTEMPATH\CodeIgniter.php(353): CodeIgniter\CodeIgniter->handleRequest(null, Object(Config\Cache), false)
 7 FCPATH\index.php(79): CodeIgniter\CodeIgniter->run()
 8 SYSTEMPATH\Commands\Server\rewrite.php(47): require_once('D:\\CapstoneProject\\public\\index.php')
CRITICAL - 2023-12-02 04:14:32 --> Array to string conversion
in APPPATH\Controllers\ApplicantController.php on line 22.
 1 APPPATH\Controllers\ApplicantController.php(22): CodeIgniter\Debug\Exceptions->errorHandler(2, 'Array to string conversion', 'D:\\CapstoneProject\\app\\Controllers\\ApplicantController.php', 22)
 2 SYSTEMPATH\CodeIgniter.php(919): App\Controllers\ApplicantController->index()
 3 SYSTEMPATH\CodeIgniter.php(494): CodeIgniter\CodeIgniter->runController(Object(App\Controllers\ApplicantController))
 4 SYSTEMPATH\CodeIgniter.php(353): CodeIgniter\CodeIgniter->handleRequest(null, Object(Config\Cache), false)
 5 FCPATH\index.php(79): CodeIgniter\CodeIgniter->run()
 6 SYSTEMPATH\Commands\Server\rewrite.php(47): require_once('D:\\CapstoneProject\\public\\index.php')
CRITICAL - 2023-12-02 04:25:04 --> Undefined variable $email
in APPPATH\Views\Applicant\AppDash.php on line 25.
 1 APPPATH\Views\Applicant\AppDash.php(25): CodeIgniter\Debug\Exceptions->errorHandler(2, 'Undefined variable $email', 'D:\\CapstoneProject\\app\\Views\\Applicant\\AppDash.php', 25)
 2 SYSTEMPATH\View\View.php(226): include('D:\\CapstoneProject\\app\\Views\\Applicant\\AppDash.php')
 3 SYSTEMPATH\View\View.php(229): CodeIgniter\View\View->CodeIgniter\View\{closure}()
 4 SYSTEMPATH\Common.php(1188): CodeIgniter\View\View->render('Applicant/AppDash', [], true)
 5 APPPATH\Controllers\ApplicantController.php(18): view('Applicant/AppDash')
 6 SYSTEMPATH\CodeIgniter.php(919): App\Controllers\ApplicantController->index()
 7 SYSTEMPATH\CodeIgniter.php(494): CodeIgniter\CodeIgniter->runController(Object(App\Controllers\ApplicantController))
 8 SYSTEMPATH\CodeIgniter.php(353): CodeIgniter\CodeIgniter->handleRequest(null, Object(Config\Cache), false)
 9 FCPATH\index.php(79): CodeIgniter\CodeIgniter->run()
10 SYSTEMPATH\Commands\Server\rewrite.php(47): require_once('D:\\CapstoneProject\\public\\index.php')
ERROR - 2023-12-02 11:30:26 --> Error connecting to the database: mysqli_sql_exception: No connection could be made because the target machine actively refused it in D:\CapstoneProject\system\Database\MySQLi\Connection.php:185
Stack trace:
#0 D:\CapstoneProject\system\Database\MySQLi\Connection.php(185): mysqli->real_connect('localhost', 'root', '', 'erecruit', 3306, '', 0)
#1 D:\CapstoneProject\system\Database\BaseConnection.php(391): CodeIgniter\Database\MySQLi\Connection->connect(false)
#2 D:\CapstoneProject\system\Database\BaseConnection.php(574): CodeIgniter\Database\BaseConnection->initialize()
#3 D:\CapstoneProject\system\Database\BaseBuilder.php(1615): CodeIgniter\Database\BaseConnection->query('SELECT *\nFROM `...', Array, false)
#4 D:\CapstoneProject\system\Model.php(264): CodeIgniter\Database\BaseBuilder->get()
#5 D:\CapstoneProject\system\BaseModel.php(662): CodeIgniter\Model->doFirst()
#6 D:\CapstoneProject\app\Controllers\HomepageController.php(74): CodeIgniter\BaseModel->first()
#7 D:\CapstoneProject\system\CodeIgniter.php(919): App\Controllers\HomepageController->authlog()
#8 D:\CapstoneProject\system\CodeIgniter.php(494): CodeIgniter\CodeIgniter->runController(Object(App\Controllers\HomepageController))
#9 D:\CapstoneProject\system\CodeIgniter.php(353): CodeIgniter\CodeIgniter->handleRequest(NULL, Object(Config\Cache), false)
#10 D:\CapstoneProject\public\index.php(79): CodeIgniter\CodeIgniter->run()
#11 D:\CapstoneProject\system\Commands\Server\rewrite.php(47): require_once('D:\\CapstoneProj...')
#12 {main}

Next CodeIgniter\Database\Exceptions\DatabaseException: No connection could be made because the target machine actively refused it in D:\CapstoneProject\system\Database\MySQLi\Connection.php:229
Stack trace:
#0 D:\CapstoneProject\system\Database\BaseConnection.php(391): CodeIgniter\Database\MySQLi\Connection->connect(false)
#1 D:\CapstoneProject\system\Database\BaseConnection.php(574): CodeIgniter\Database\BaseConnection->initialize()
#2 D:\CapstoneProject\system\Database\BaseBuilder.php(1615): CodeIgniter\Database\BaseConnection->query('SELECT *\nFROM `...', Array, false)
#3 D:\CapstoneProject\system\Model.php(264): CodeIgniter\Database\BaseBuilder->get()
#4 D:\CapstoneProject\system\BaseModel.php(662): CodeIgniter\Model->doFirst()
#5 D:\CapstoneProject\app\Controllers\HomepageController.php(74): CodeIgniter\BaseModel->first()
#6 D:\CapstoneProject\system\CodeIgniter.php(919): App\Controllers\HomepageController->authlog()
#7 D:\CapstoneProject\system\CodeIgniter.php(494): CodeIgniter\CodeIgniter->runController(Object(App\Controllers\HomepageController))
#8 D:\CapstoneProject\system\CodeIgniter.php(353): CodeIgniter\CodeIgniter->handleRequest(NULL, Object(Config\Cache), false)
#9 D:\CapstoneProject\public\index.php(79): CodeIgniter\CodeIgniter->run()
#10 D:\CapstoneProject\system\Commands\Server\rewrite.php(47): require_once('D:\\CapstoneProj...')
#11 {main}
CRITICAL - 2023-12-02 11:30:26 --> Unable to connect to the database.
Main connection [MySQLi]: No connection could be made because the target machine actively refused it
in SYSTEMPATH\Database\BaseConnection.php on line 427.
 1 SYSTEMPATH\Database\BaseConnection.php(574): CodeIgniter\Database\BaseConnection->initialize()
 2 SYSTEMPATH\Database\BaseBuilder.php(1615): CodeIgniter\Database\BaseConnection->query('SELECT *
FROM `users`
WHERE `email` = :email:
 LIMIT 1', [...], false)
 3 SYSTEMPATH\Model.php(264): CodeIgniter\Database\BaseBuilder->get()
 4 SYSTEMPATH\BaseModel.php(662): CodeIgniter\Model->doFirst()
 5 APPPATH\Controllers\HomepageController.php(74): CodeIgniter\BaseModel->first()
 6 SYSTEMPATH\CodeIgniter.php(919): App\Controllers\HomepageController->authlog()
 7 SYSTEMPATH\CodeIgniter.php(494): CodeIgniter\CodeIgniter->runController(Object(App\Controllers\HomepageController))
 8 SYSTEMPATH\CodeIgniter.php(353): CodeIgniter\CodeIgniter->handleRequest(null, Object(Config\Cache), false)
 9 FCPATH\index.php(79): CodeIgniter\CodeIgniter->run()
10 SYSTEMPATH\Commands\Server\rewrite.php(47): require_once('D:\\CapstoneProject\\public\\index.php')
ERROR - 2023-12-02 11:30:33 --> Error connecting to the database: mysqli_sql_exception: No connection could be made because the target machine actively refused it in D:\CapstoneProject\system\Database\MySQLi\Connection.php:185
Stack trace:
#0 D:\CapstoneProject\system\Database\MySQLi\Connection.php(185): mysqli->real_connect('localhost', 'root', '', 'erecruit', 3306, '', 0)
#1 D:\CapstoneProject\system\Database\BaseConnection.php(391): CodeIgniter\Database\MySQLi\Connection->connect(false)
#2 D:\CapstoneProject\system\Database\BaseConnection.php(574): CodeIgniter\Database\BaseConnection->initialize()
#3 D:\CapstoneProject\system\Database\BaseBuilder.php(1615): CodeIgniter\Database\BaseConnection->query('SELECT *\nFROM `...', Array, false)
#4 D:\CapstoneProject\system\Model.php(264): CodeIgniter\Database\BaseBuilder->get()
#5 D:\CapstoneProject\system\BaseModel.php(662): CodeIgniter\Model->doFirst()
#6 D:\CapstoneProject\app\Controllers\HomepageController.php(74): CodeIgniter\BaseModel->first()
#7 D:\CapstoneProject\system\CodeIgniter.php(919): App\Controllers\HomepageController->authlog()
#8 D:\CapstoneProject\system\CodeIgniter.php(494): CodeIgniter\CodeIgniter->runController(Object(App\Controllers\HomepageController))
#9 D:\CapstoneProject\system\CodeIgniter.php(353): CodeIgniter\CodeIgniter->handleRequest(NULL, Object(Config\Cache), false)
#10 D:\CapstoneProject\public\index.php(79): CodeIgniter\CodeIgniter->run()
#11 D:\CapstoneProject\system\Commands\Server\rewrite.php(47): require_once('D:\\CapstoneProj...')
#12 {main}

Next CodeIgniter\Database\Exceptions\DatabaseException: No connection could be made because the target machine actively refused it in D:\CapstoneProject\system\Database\MySQLi\Connection.php:229
Stack trace:
#0 D:\CapstoneProject\system\Database\BaseConnection.php(391): CodeIgniter\Database\MySQLi\Connection->connect(false)
#1 D:\CapstoneProject\system\Database\BaseConnection.php(574): CodeIgniter\Database\BaseConnection->initialize()
#2 D:\CapstoneProject\system\Database\BaseBuilder.php(1615): CodeIgniter\Database\BaseConnection->query('SELECT *\nFROM `...', Array, false)
#3 D:\CapstoneProject\system\Model.php(264): CodeIgniter\Database\BaseBuilder->get()
#4 D:\CapstoneProject\system\BaseModel.php(662): CodeIgniter\Model->doFirst()
#5 D:\CapstoneProject\app\Controllers\HomepageController.php(74): CodeIgniter\BaseModel->first()
#6 D:\CapstoneProject\system\CodeIgniter.php(919): App\Controllers\HomepageController->authlog()
#7 D:\CapstoneProject\system\CodeIgniter.php(494): CodeIgniter\CodeIgniter->runController(Object(App\Controllers\HomepageController))
#8 D:\CapstoneProject\system\CodeIgniter.php(353): CodeIgniter\CodeIgniter->handleRequest(NULL, Object(Config\Cache), false)
#9 D:\CapstoneProject\public\index.php(79): CodeIgniter\CodeIgniter->run()
#10 D:\CapstoneProject\system\Commands\Server\rewrite.php(47): require_once('D:\\CapstoneProj...')
#11 {main}
CRITICAL - 2023-12-02 11:30:33 --> Unable to connect to the database.
Main connection [MySQLi]: No connection could be made because the target machine actively refused it
in SYSTEMPATH\Database\BaseConnection.php on line 427.
 1 SYSTEMPATH\Database\BaseConnection.php(574): CodeIgniter\Database\BaseConnection->initialize()
 2 SYSTEMPATH\Database\BaseBuilder.php(1615): CodeIgniter\Database\BaseConnection->query('SELECT *
FROM `users`
WHERE `email` = :email:
 LIMIT 1', [...], false)
 3 SYSTEMPATH\Model.php(264): CodeIgniter\Database\BaseBuilder->get()
 4 SYSTEMPATH\BaseModel.php(662): CodeIgniter\Model->doFirst()
 5 APPPATH\Controllers\HomepageController.php(74): CodeIgniter\BaseModel->first()
 6 SYSTEMPATH\CodeIgniter.php(919): App\Controllers\HomepageController->authlog()
 7 SYSTEMPATH\CodeIgniter.php(494): CodeIgniter\CodeIgniter->runController(Object(App\Controllers\HomepageController))
 8 SYSTEMPATH\CodeIgniter.php(353): CodeIgniter\CodeIgniter->handleRequest(null, Object(Config\Cache), false)
 9 FCPATH\index.php(79): CodeIgniter\CodeIgniter->run()
10 SYSTEMPATH\Commands\Server\rewrite.php(47): require_once('D:\\CapstoneProject\\public\\index.php')
CRITICAL - 2023-12-02 11:32:50 --> Invalid file: "/chop/head.php"
in SYSTEMPATH\Exceptions\FrameworkException.php on line 39.
 1 SYSTEMPATH\View\View.php(214): CodeIgniter\Exceptions\FrameworkException::forInvalidFile('/chop/head.php')
 2 SYSTEMPATH\Common.php(1188): CodeIgniter\View\View->render('/chop/head', [], true)
 3 APPPATH\Views\Applicant\AppDash.php(4): view('/chop/head')
 4 SYSTEMPATH\View\View.php(226): include('D:\\CapstoneProject\\app\\Views\\Applicant\\AppDash.php')
 5 SYSTEMPATH\View\View.php(229): CodeIgniter\View\View->CodeIgniter\View\{closure}()
 6 SYSTEMPATH\Common.php(1188): CodeIgniter\View\View->render('Applicant/AppDash', [], true)
 7 APPPATH\Controllers\AppController.php(13): view('Applicant/AppDash', [...])
 8 SYSTEMPATH\CodeIgniter.php(919): App\Controllers\AppController->AppDash()
 9 SYSTEMPATH\CodeIgniter.php(494): CodeIgniter\CodeIgniter->runController(Object(App\Controllers\AppController))
10 SYSTEMPATH\CodeIgniter.php(353): CodeIgniter\CodeIgniter->handleRequest(null, Object(Config\Cache), false)
11 FCPATH\index.php(79): CodeIgniter\CodeIgniter->run()
12 SYSTEMPATH\Commands\Server\rewrite.php(47): require_once('D:\\CapstoneProject\\public\\index.php')
CRITICAL - 2023-12-02 11:37:25 --> Undefined variable $userData
in APPPATH\Views\Applicant\chop\header.php on line 138.
 1 APPPATH\Views\Applicant\chop\header.php(138): CodeIgniter\Debug\Exceptions->errorHandler(2, 'Undefined variable $userData', 'D:\\CapstoneProject\\app\\Views\\Applicant\\chop\\header.php', 138)
 2 SYSTEMPATH\View\View.php(226): include('D:\\CapstoneProject\\app\\Views\\Applicant\\chop\\header.php')
 3 SYSTEMPATH\View\View.php(229): CodeIgniter\View\View->CodeIgniter\View\{closure}()
 4 SYSTEMPATH\Common.php(1188): CodeIgniter\View\View->render('Applicant/chop/header', [], true)
 5 APPPATH\Views\Applicant\AppForm1.php(6): view('Applicant/chop/header')
 6 SYSTEMPATH\View\View.php(226): include('D:\\CapstoneProject\\app\\Views\\Applicant\\AppForm1.php')
 7 SYSTEMPATH\View\View.php(229): CodeIgniter\View\View->CodeIgniter\View\{closure}()
 8 SYSTEMPATH\Common.php(1188): CodeIgniter\View\View->render('Applicant/AppForm1', [], true)
 9 APPPATH\Controllers\AppController.php(60): view('Applicant/AppForm1')
10 SYSTEMPATH\CodeIgniter.php(919): App\Controllers\AppController->AppForm1()
11 SYSTEMPATH\CodeIgniter.php(494): CodeIgniter\CodeIgniter->runController(Object(App\Controllers\AppController))
12 SYSTEMPATH\CodeIgniter.php(353): CodeIgniter\CodeIgniter->handleRequest(null, Object(Config\Cache), false)
13 FCPATH\index.php(79): CodeIgniter\CodeIgniter->run()
14 SYSTEMPATH\Commands\Server\rewrite.php(47): require_once('D:\\CapstoneProject\\public\\index.php')
CRITICAL - 2023-12-02 11:42:23 --> Undefined variable $userData
in APPPATH\Views\Applicant\chop\header.php on line 138.
 1 APPPATH\Views\Applicant\chop\header.php(138): CodeIgniter\Debug\Exceptions->errorHandler(2, 'Undefined variable $userData', 'D:\\CapstoneProject\\app\\Views\\Applicant\\chop\\header.php', 138)
 2 SYSTEMPATH\View\View.php(226): include('D:\\CapstoneProject\\app\\Views\\Applicant\\chop\\header.php')
 3 SYSTEMPATH\View\View.php(229): CodeIgniter\View\View->CodeIgniter\View\{closure}()
 4 SYSTEMPATH\Common.php(1188): CodeIgniter\View\View->render('Applicant/chop/header', [], true)
 5 APPPATH\Views\Applicant\AppHelp.php(6): view('Applicant/chop/header')
 6 SYSTEMPATH\View\View.php(226): include('D:\\CapstoneProject\\app\\Views\\Applicant\\AppHelp.php')
 7 SYSTEMPATH\View\View.php(229): CodeIgniter\View\View->CodeIgniter\View\{closure}()
 8 SYSTEMPATH\Common.php(1188): CodeIgniter\View\View->render('Applicant/AppHelp', [], true)
 9 APPPATH\Controllers\AppController.php(52): view('Applicant/AppHelp')
10 SYSTEMPATH\CodeIgniter.php(919): App\Controllers\AppController->AppHelp()
11 SYSTEMPATH\CodeIgniter.php(494): CodeIgniter\CodeIgniter->runController(Object(App\Controllers\AppController))
12 SYSTEMPATH\CodeIgniter.php(353): CodeIgniter\CodeIgniter->handleRequest(null, Object(Config\Cache), false)
13 FCPATH\index.php(79): CodeIgniter\CodeIgniter->run()
14 SYSTEMPATH\Commands\Server\rewrite.php(47): require_once('D:\\CapstoneProject\\public\\index.php')
CRITICAL - 2023-12-02 13:25:42 --> Class "Config\DatabaseHandler" not found
in SYSTEMPATH\Config\Services.php on line 685.
 1 SYSTEMPATH\Config\BaseService.php(258): CodeIgniter\Config\Services::session(Object(Config\Session), false)
 2 SYSTEMPATH\Config\BaseService.php(199): CodeIgniter\Config\BaseService::__callStatic('session', [...])
 3 SYSTEMPATH\Config\Services.php(663): CodeIgniter\Config\BaseService::getSharedInstance('session', null)
 4 SYSTEMPATH\Config\BaseService.php(258): CodeIgniter\Config\Services::session()
 5 SYSTEMPATH\Common.php(996): CodeIgniter\Config\BaseService::__callStatic('session', [])
 6 APPPATH\Views\Home\login.php(27): session()
 7 SYSTEMPATH\View\View.php(226): include('D:\\CapstoneProject\\app\\Views\\Home\\login.php')
 8 SYSTEMPATH\View\View.php(229): CodeIgniter\View\View->CodeIgniter\View\{closure}()
 9 SYSTEMPATH\Common.php(1188): CodeIgniter\View\View->render('Home/login', [], true)
10 APPPATH\Controllers\HomepageController.php(86): view('Home/login')
11 SYSTEMPATH\CodeIgniter.php(919): App\Controllers\HomepageController->login()
12 SYSTEMPATH\CodeIgniter.php(494): CodeIgniter\CodeIgniter->runController(Object(App\Controllers\HomepageController))
13 SYSTEMPATH\CodeIgniter.php(353): CodeIgniter\CodeIgniter->handleRequest(null, Object(Config\Cache), false)
14 FCPATH\index.php(79): CodeIgniter\CodeIgniter->run()
15 SYSTEMPATH\Commands\Server\rewrite.php(47): require_once('D:\\CapstoneProject\\public\\index.php')
ERROR - 2023-12-02 13:28:04 --> mysqli_sql_exception: Table 'erecruit.d:\capstoneproject\writable\sessions' doesn't exist in D:\CapstoneProject\system\Database\MySQLi\Connection.php:306
Stack trace:
#0 D:\CapstoneProject\system\Database\MySQLi\Connection.php(306): mysqli->query('SELECT `data`\nF...', 0)
#1 D:\CapstoneProject\system\Database\BaseConnection.php(692): CodeIgniter\Database\MySQLi\Connection->execute('SELECT `data`\nF...')
#2 D:\CapstoneProject\system\Database\BaseConnection.php(606): CodeIgniter\Database\BaseConnection->simpleQuery('SELECT `data`\nF...')
#3 D:\CapstoneProject\system\Database\BaseBuilder.php(1615): CodeIgniter\Database\BaseConnection->query('SELECT `data`\nF...', Array, false)
#4 D:\CapstoneProject\system\Session\Handlers\DatabaseHandler.php(133): CodeIgniter\Database\BaseBuilder->get()
#5 [internal function]: CodeIgniter\Session\Handlers\DatabaseHandler->read('4ipc8754l0i33te...')
#6 D:\CapstoneProject\system\Session\Session.php(919): session_start()
#7 D:\CapstoneProject\system\Session\Session.php(241): CodeIgniter\Session\Session->startSession()
#8 D:\CapstoneProject\system\Config\Services.php(692): CodeIgniter\Session\Session->start()
#9 D:\CapstoneProject\system\Config\BaseService.php(258): CodeIgniter\Config\Services::session(Object(Config\Session), false)
#10 D:\CapstoneProject\system\Config\BaseService.php(199): CodeIgniter\Config\BaseService::__callStatic('session', Array)
#11 D:\CapstoneProject\system\Config\Services.php(663): CodeIgniter\Config\BaseService::getSharedInstance('session', NULL)
#12 D:\CapstoneProject\system\Config\BaseService.php(258): CodeIgniter\Config\Services::session()
#13 D:\CapstoneProject\system\Common.php(996): CodeIgniter\Config\BaseService::__callStatic('session', Array)
#14 D:\CapstoneProject\app\Views\Home\login.php(27): session()
#15 D:\CapstoneProject\system\View\View.php(226): include('D:\\CapstoneProj...')
#16 D:\CapstoneProject\system\View\View.php(229): CodeIgniter\View\View->CodeIgniter\View\{closure}()
#17 D:\CapstoneProject\system\Common.php(1188): CodeIgniter\View\View->render('Home/login', Array, true)
#18 D:\CapstoneProject\app\Controllers\HomepageController.php(86): view('Home/login')
#19 D:\CapstoneProject\system\CodeIgniter.php(919): App\Controllers\HomepageController->login()
#20 D:\CapstoneProject\system\CodeIgniter.php(494): CodeIgniter\CodeIgniter->runController(Object(App\Controllers\HomepageController))
#21 D:\CapstoneProject\system\CodeIgniter.php(353): CodeIgniter\CodeIgniter->handleRequest(NULL, Object(Config\Cache), false)
#22 D:\CapstoneProject\public\index.php(79): CodeIgniter\CodeIgniter->run()
#23 D:\CapstoneProject\system\Commands\Server\rewrite.php(47): require_once('D:\\CapstoneProj...')
#24 {main}
CRITICAL - 2023-12-02 13:28:04 --> Table 'erecruit.d:\capstoneproject\writable\sessions' doesn't exist
in SYSTEMPATH\Database\BaseConnection.php on line 646.
 1 SYSTEMPATH\Database\BaseBuilder.php(1615): CodeIgniter\Database\BaseConnection->query('SELECT `data`
FROM `D:\\CapstoneProject\\writable\\sessions`
WHERE `id` = :id:', [...], false)
 2 SYSTEMPATH\Session\Handlers\DatabaseHandler.php(133): CodeIgniter\Database\BaseBuilder->get()
 3 [internal function]: CodeIgniter\Session\Handlers\DatabaseHandler->read('4ipc8754l0i33telv32bntd04d7vrlv4')
 4 SYSTEMPATH\Session\Session.php(919): session_start()
 5 SYSTEMPATH\Session\Session.php(241): CodeIgniter\Session\Session->startSession()
 6 SYSTEMPATH\Config\Services.php(692): CodeIgniter\Session\Session->start()
 7 SYSTEMPATH\Config\BaseService.php(258): CodeIgniter\Config\Services::session(Object(Config\Session), false)
 8 SYSTEMPATH\Config\BaseService.php(199): CodeIgniter\Config\BaseService::__callStatic('session', [...])
 9 SYSTEMPATH\Config\Services.php(663): CodeIgniter\Config\BaseService::getSharedInstance('session', null)
10 SYSTEMPATH\Config\BaseService.php(258): CodeIgniter\Config\Services::session()
11 SYSTEMPATH\Common.php(996): CodeIgniter\Config\BaseService::__callStatic('session', [])
12 APPPATH\Views\Home\login.php(27): session()
13 SYSTEMPATH\View\View.php(226): include('D:\\CapstoneProject\\app\\Views\\Home\\login.php')
14 SYSTEMPATH\View\View.php(229): CodeIgniter\View\View->CodeIgniter\View\{closure}()
15 SYSTEMPATH\Common.php(1188): CodeIgniter\View\View->render('Home/login', [], true)
16 APPPATH\Controllers\HomepageController.php(86): view('Home/login')
17 SYSTEMPATH\CodeIgniter.php(919): App\Controllers\HomepageController->login()
18 SYSTEMPATH\CodeIgniter.php(494): CodeIgniter\CodeIgniter->runController(Object(App\Controllers\HomepageController))
19 SYSTEMPATH\CodeIgniter.php(353): CodeIgniter\CodeIgniter->handleRequest(null, Object(Config\Cache), false)
20 FCPATH\index.php(79): CodeIgniter\CodeIgniter->run()
21 SYSTEMPATH\Commands\Server\rewrite.php(47): require_once('D:\\CapstoneProject\\public\\index.php')
ERROR - 2023-12-02 13:28:58 --> mysqli_sql_exception: Table 'erecruit.d:\capstoneproject\writable\session' doesn't exist in D:\CapstoneProject\system\Database\MySQLi\Connection.php:306
Stack trace:
#0 D:\CapstoneProject\system\Database\MySQLi\Connection.php(306): mysqli->query('SELECT `data`\nF...', 0)
#1 D:\CapstoneProject\system\Database\BaseConnection.php(692): CodeIgniter\Database\MySQLi\Connection->execute('SELECT `data`\nF...')
#2 D:\CapstoneProject\system\Database\BaseConnection.php(606): CodeIgniter\Database\BaseConnection->simpleQuery('SELECT `data`\nF...')
#3 D:\CapstoneProject\system\Database\BaseBuilder.php(1615): CodeIgniter\Database\BaseConnection->query('SELECT `data`\nF...', Array, false)
#4 D:\CapstoneProject\system\Session\Handlers\DatabaseHandler.php(133): CodeIgniter\Database\BaseBuilder->get()
#5 [internal function]: CodeIgniter\Session\Handlers\DatabaseHandler->read('4ipc8754l0i33te...')
#6 D:\CapstoneProject\system\Session\Session.php(919): session_start()
#7 D:\CapstoneProject\system\Session\Session.php(241): CodeIgniter\Session\Session->startSession()
#8 D:\CapstoneProject\system\Config\Services.php(692): CodeIgniter\Session\Session->start()
#9 D:\CapstoneProject\system\Config\BaseService.php(258): CodeIgniter\Config\Services::session(Object(Config\Session), false)
#10 D:\CapstoneProject\system\Config\BaseService.php(199): CodeIgniter\Config\BaseService::__callStatic('session', Array)
#11 D:\CapstoneProject\system\Config\Services.php(663): CodeIgniter\Config\BaseService::getSharedInstance('session', NULL)
#12 D:\CapstoneProject\system\Config\BaseService.php(258): CodeIgniter\Config\Services::session()
#13 D:\CapstoneProject\system\Common.php(996): CodeIgniter\Config\BaseService::__callStatic('session', Array)
#14 D:\CapstoneProject\app\Views\Home\login.php(27): session()
#15 D:\CapstoneProject\system\View\View.php(226): include('D:\\CapstoneProj...')
#16 D:\CapstoneProject\system\View\View.php(229): CodeIgniter\View\View->CodeIgniter\View\{closure}()
#17 D:\CapstoneProject\system\Common.php(1188): CodeIgniter\View\View->render('Home/login', Array, true)
#18 D:\CapstoneProject\app\Controllers\HomepageController.php(86): view('Home/login')
#19 D:\CapstoneProject\system\CodeIgniter.php(919): App\Controllers\HomepageController->login()
#20 D:\CapstoneProject\system\CodeIgniter.php(494): CodeIgniter\CodeIgniter->runController(Object(App\Controllers\HomepageController))
#21 D:\CapstoneProject\system\CodeIgniter.php(353): CodeIgniter\CodeIgniter->handleRequest(NULL, Object(Config\Cache), false)
#22 D:\CapstoneProject\public\index.php(79): CodeIgniter\CodeIgniter->run()
#23 D:\CapstoneProject\system\Commands\Server\rewrite.php(47): require_once('D:\\CapstoneProj...')
#24 {main}
CRITICAL - 2023-12-02 13:28:58 --> Table 'erecruit.d:\capstoneproject\writable\session' doesn't exist
in SYSTEMPATH\Database\BaseConnection.php on line 646.
 1 SYSTEMPATH\Database\BaseBuilder.php(1615): CodeIgniter\Database\BaseConnection->query('SELECT `data`
FROM `D:\\CapstoneProject\\writable\\session`
WHERE `id` = :id:', [...], false)
 2 SYSTEMPATH\Session\Handlers\DatabaseHandler.php(133): CodeIgniter\Database\BaseBuilder->get()
 3 [internal function]: CodeIgniter\Session\Handlers\DatabaseHandler->read('4ipc8754l0i33telv32bntd04d7vrlv4')
 4 SYSTEMPATH\Session\Session.php(919): session_start()
 5 SYSTEMPATH\Session\Session.php(241): CodeIgniter\Session\Session->startSession()
 6 SYSTEMPATH\Config\Services.php(692): CodeIgniter\Session\Session->start()
 7 SYSTEMPATH\Config\BaseService.php(258): CodeIgniter\Config\Services::session(Object(Config\Session), false)
 8 SYSTEMPATH\Config\BaseService.php(199): CodeIgniter\Config\BaseService::__callStatic('session', [...])
 9 SYSTEMPATH\Config\Services.php(663): CodeIgniter\Config\BaseService::getSharedInstance('session', null)
10 SYSTEMPATH\Config\BaseService.php(258): CodeIgniter\Config\Services::session()
11 SYSTEMPATH\Common.php(996): CodeIgniter\Config\BaseService::__callStatic('session', [])
12 APPPATH\Views\Home\login.php(27): session()
13 SYSTEMPATH\View\View.php(226): include('D:\\CapstoneProject\\app\\Views\\Home\\login.php')
14 SYSTEMPATH\View\View.php(229): CodeIgniter\View\View->CodeIgniter\View\{closure}()
15 SYSTEMPATH\Common.php(1188): CodeIgniter\View\View->render('Home/login', [], true)
16 APPPATH\Controllers\HomepageController.php(86): view('Home/login')
17 SYSTEMPATH\CodeIgniter.php(919): App\Controllers\HomepageController->login()
18 SYSTEMPATH\CodeIgniter.php(494): CodeIgniter\CodeIgniter->runController(Object(App\Controllers\HomepageController))
19 SYSTEMPATH\CodeIgniter.php(353): CodeIgniter\CodeIgniter->handleRequest(null, Object(Config\Cache), false)
20 FCPATH\index.php(79): CodeIgniter\CodeIgniter->run()
21 SYSTEMPATH\Commands\Server\rewrite.php(47): require_once('D:\\CapstoneProject\\public\\index.php')
ERROR - 2023-12-02 13:29:02 --> mysqli_sql_exception: Table 'erecruit.d:\capstoneproject\writable\sessions' doesn't exist in D:\CapstoneProject\system\Database\MySQLi\Connection.php:306
Stack trace:
#0 D:\CapstoneProject\system\Database\MySQLi\Connection.php(306): mysqli->query('SELECT `data`\nF...', 0)
#1 D:\CapstoneProject\system\Database\BaseConnection.php(692): CodeIgniter\Database\MySQLi\Connection->execute('SELECT `data`\nF...')
#2 D:\CapstoneProject\system\Database\BaseConnection.php(606): CodeIgniter\Database\BaseConnection->simpleQuery('SELECT `data`\nF...')
#3 D:\CapstoneProject\system\Database\BaseBuilder.php(1615): CodeIgniter\Database\BaseConnection->query('SELECT `data`\nF...', Array, false)
#4 D:\CapstoneProject\system\Session\Handlers\DatabaseHandler.php(133): CodeIgniter\Database\BaseBuilder->get()
#5 [internal function]: CodeIgniter\Session\Handlers\DatabaseHandler->read('4ipc8754l0i33te...')
#6 D:\CapstoneProject\system\Session\Session.php(919): session_start()
#7 D:\CapstoneProject\system\Session\Session.php(241): CodeIgniter\Session\Session->startSession()
#8 D:\CapstoneProject\system\Config\Services.php(692): CodeIgniter\Session\Session->start()
#9 D:\CapstoneProject\system\Config\BaseService.php(258): CodeIgniter\Config\Services::session(Object(Config\Session), false)
#10 D:\CapstoneProject\system\Config\BaseService.php(199): CodeIgniter\Config\BaseService::__callStatic('session', Array)
#11 D:\CapstoneProject\system\Config\Services.php(663): CodeIgniter\Config\BaseService::getSharedInstance('session', NULL)
#12 D:\CapstoneProject\system\Config\BaseService.php(258): CodeIgniter\Config\Services::session()
#13 D:\CapstoneProject\system\Common.php(996): CodeIgniter\Config\BaseService::__callStatic('session', Array)
#14 D:\CapstoneProject\app\Views\Home\login.php(27): session()
#15 D:\CapstoneProject\system\View\View.php(226): include('D:\\CapstoneProj...')
#16 D:\CapstoneProject\system\View\View.php(229): CodeIgniter\View\View->CodeIgniter\View\{closure}()
#17 D:\CapstoneProject\system\Common.php(1188): CodeIgniter\View\View->render('Home/login', Array, true)
#18 D:\CapstoneProject\app\Controllers\HomepageController.php(86): view('Home/login')
#19 D:\CapstoneProject\system\CodeIgniter.php(919): App\Controllers\HomepageController->login()
#20 D:\CapstoneProject\system\CodeIgniter.php(494): CodeIgniter\CodeIgniter->runController(Object(App\Controllers\HomepageController))
#21 D:\CapstoneProject\system\CodeIgniter.php(353): CodeIgniter\CodeIgniter->handleRequest(NULL, Object(Config\Cache), false)
#22 D:\CapstoneProject\public\index.php(79): CodeIgniter\CodeIgniter->run()
#23 D:\CapstoneProject\system\Commands\Server\rewrite.php(47): require_once('D:\\CapstoneProj...')
#24 {main}
CRITICAL - 2023-12-02 13:29:02 --> Table 'erecruit.d:\capstoneproject\writable\sessions' doesn't exist
in SYSTEMPATH\Database\BaseConnection.php on line 646.
 1 SYSTEMPATH\Database\BaseBuilder.php(1615): CodeIgniter\Database\BaseConnection->query('SELECT `data`
FROM `D:\\CapstoneProject\\writable\\sessions`
WHERE `id` = :id:', [...], false)
 2 SYSTEMPATH\Session\Handlers\DatabaseHandler.php(133): CodeIgniter\Database\BaseBuilder->get()
 3 [internal function]: CodeIgniter\Session\Handlers\DatabaseHandler->read('4ipc8754l0i33telv32bntd04d7vrlv4')
 4 SYSTEMPATH\Session\Session.php(919): session_start()
 5 SYSTEMPATH\Session\Session.php(241): CodeIgniter\Session\Session->startSession()
 6 SYSTEMPATH\Config\Services.php(692): CodeIgniter\Session\Session->start()
 7 SYSTEMPATH\Config\BaseService.php(258): CodeIgniter\Config\Services::session(Object(Config\Session), false)
 8 SYSTEMPATH\Config\BaseService.php(199): CodeIgniter\Config\BaseService::__callStatic('session', [...])
 9 SYSTEMPATH\Config\Services.php(663): CodeIgniter\Config\BaseService::getSharedInstance('session', null)
10 SYSTEMPATH\Config\BaseService.php(258): CodeIgniter\Config\Services::session()
11 SYSTEMPATH\Common.php(996): CodeIgniter\Config\BaseService::__callStatic('session', [])
12 APPPATH\Views\Home\login.php(27): session()
13 SYSTEMPATH\View\View.php(226): include('D:\\CapstoneProject\\app\\Views\\Home\\login.php')
14 SYSTEMPATH\View\View.php(229): CodeIgniter\View\View->CodeIgniter\View\{closure}()
15 SYSTEMPATH\Common.php(1188): CodeIgniter\View\View->render('Home/login', [], true)
16 APPPATH\Controllers\HomepageController.php(86): view('Home/login')
17 SYSTEMPATH\CodeIgniter.php(919): App\Controllers\HomepageController->login()
18 SYSTEMPATH\CodeIgniter.php(494): CodeIgniter\CodeIgniter->runController(Object(App\Controllers\HomepageController))
19 SYSTEMPATH\CodeIgniter.php(353): CodeIgniter\CodeIgniter->handleRequest(null, Object(Config\Cache), false)
20 FCPATH\index.php(79): CodeIgniter\CodeIgniter->run()
21 SYSTEMPATH\Commands\Server\rewrite.php(47): require_once('D:\\CapstoneProject\\public\\index.php')
ERROR - 2023-12-02 13:29:03 --> mysqli_sql_exception: Table 'erecruit.d:\capstoneproject\writable\sessions' doesn't exist in D:\CapstoneProject\system\Database\MySQLi\Connection.php:306
Stack trace:
#0 D:\CapstoneProject\system\Database\MySQLi\Connection.php(306): mysqli->query('SELECT `data`\nF...', 0)
#1 D:\CapstoneProject\system\Database\BaseConnection.php(692): CodeIgniter\Database\MySQLi\Connection->execute('SELECT `data`\nF...')
#2 D:\CapstoneProject\system\Database\BaseConnection.php(606): CodeIgniter\Database\BaseConnection->simpleQuery('SELECT `data`\nF...')
#3 D:\CapstoneProject\system\Database\BaseBuilder.php(1615): CodeIgniter\Database\BaseConnection->query('SELECT `data`\nF...', Array, false)
#4 D:\CapstoneProject\system\Session\Handlers\DatabaseHandler.php(133): CodeIgniter\Database\BaseBuilder->get()
#5 [internal function]: CodeIgniter\Session\Handlers\DatabaseHandler->read('4ipc8754l0i33te...')
#6 D:\CapstoneProject\system\Session\Session.php(919): session_start()
#7 D:\CapstoneProject\system\Session\Session.php(241): CodeIgniter\Session\Session->startSession()
#8 D:\CapstoneProject\system\Config\Services.php(692): CodeIgniter\Session\Session->start()
#9 D:\CapstoneProject\system\Config\BaseService.php(258): CodeIgniter\Config\Services::session(Object(Config\Session), false)
#10 D:\CapstoneProject\system\Config\BaseService.php(199): CodeIgniter\Config\BaseService::__callStatic('session', Array)
#11 D:\CapstoneProject\system\Config\Services.php(663): CodeIgniter\Config\BaseService::getSharedInstance('session', NULL)
#12 D:\CapstoneProject\system\Config\BaseService.php(258): CodeIgniter\Config\Services::session()
#13 D:\CapstoneProject\system\Common.php(996): CodeIgniter\Config\BaseService::__callStatic('session', Array)
#14 D:\CapstoneProject\app\Views\Home\login.php(27): session()
#15 D:\CapstoneProject\system\View\View.php(226): include('D:\\CapstoneProj...')
#16 D:\CapstoneProject\system\View\View.php(229): CodeIgniter\View\View->CodeIgniter\View\{closure}()
#17 D:\CapstoneProject\system\Common.php(1188): CodeIgniter\View\View->render('Home/login', Array, true)
#18 D:\CapstoneProject\app\Controllers\HomepageController.php(86): view('Home/login')
#19 D:\CapstoneProject\system\CodeIgniter.php(919): App\Controllers\HomepageController->login()
#20 D:\CapstoneProject\system\CodeIgniter.php(494): CodeIgniter\CodeIgniter->runController(Object(App\Controllers\HomepageController))
#21 D:\CapstoneProject\system\CodeIgniter.php(353): CodeIgniter\CodeIgniter->handleRequest(NULL, Object(Config\Cache), false)
#22 D:\CapstoneProject\public\index.php(79): CodeIgniter\CodeIgniter->run()
#23 D:\CapstoneProject\system\Commands\Server\rewrite.php(47): require_once('D:\\CapstoneProj...')
#24 {main}
CRITICAL - 2023-12-02 13:29:03 --> Table 'erecruit.d:\capstoneproject\writable\sessions' doesn't exist
in SYSTEMPATH\Database\BaseConnection.php on line 646.
 1 SYSTEMPATH\Database\BaseBuilder.php(1615): CodeIgniter\Database\BaseConnection->query('SELECT `data`
FROM `D:\\CapstoneProject\\writable\\sessions`
WHERE `id` = :id:', [...], false)
 2 SYSTEMPATH\Session\Handlers\DatabaseHandler.php(133): CodeIgniter\Database\BaseBuilder->get()
 3 [internal function]: CodeIgniter\Session\Handlers\DatabaseHandler->read('4ipc8754l0i33telv32bntd04d7vrlv4')
 4 SYSTEMPATH\Session\Session.php(919): session_start()
 5 SYSTEMPATH\Session\Session.php(241): CodeIgniter\Session\Session->startSession()
 6 SYSTEMPATH\Config\Services.php(692): CodeIgniter\Session\Session->start()
 7 SYSTEMPATH\Config\BaseService.php(258): CodeIgniter\Config\Services::session(Object(Config\Session), false)
 8 SYSTEMPATH\Config\BaseService.php(199): CodeIgniter\Config\BaseService::__callStatic('session', [...])
 9 SYSTEMPATH\Config\Services.php(663): CodeIgniter\Config\BaseService::getSharedInstance('session', null)
10 SYSTEMPATH\Config\BaseService.php(258): CodeIgniter\Config\Services::session()
11 SYSTEMPATH\Common.php(996): CodeIgniter\Config\BaseService::__callStatic('session', [])
12 APPPATH\Views\Home\login.php(27): session()
13 SYSTEMPATH\View\View.php(226): include('D:\\CapstoneProject\\app\\Views\\Home\\login.php')
14 SYSTEMPATH\View\View.php(229): CodeIgniter\View\View->CodeIgniter\View\{closure}()
15 SYSTEMPATH\Common.php(1188): CodeIgniter\View\View->render('Home/login', [], true)
16 APPPATH\Controllers\HomepageController.php(86): view('Home/login')
17 SYSTEMPATH\CodeIgniter.php(919): App\Controllers\HomepageController->login()
18 SYSTEMPATH\CodeIgniter.php(494): CodeIgniter\CodeIgniter->runController(Object(App\Controllers\HomepageController))
19 SYSTEMPATH\CodeIgniter.php(353): CodeIgniter\CodeIgniter->handleRequest(null, Object(Config\Cache), false)
20 FCPATH\index.php(79): CodeIgniter\CodeIgniter->run()
21 SYSTEMPATH\Commands\Server\rewrite.php(47): require_once('D:\\CapstoneProject\\public\\index.php')
ERROR - 2023-12-02 22:45:55 --> Error connecting to the database: mysqli_sql_exception: No connection could be made because the target machine actively refused it in D:\CapstoneProject\system\Database\MySQLi\Connection.php:185
Stack trace:
#0 D:\CapstoneProject\system\Database\MySQLi\Connection.php(185): mysqli->real_connect('localhost', 'root', '', 'erecruit', 3306, '', 0)
#1 D:\CapstoneProject\system\Database\BaseConnection.php(391): CodeIgniter\Database\MySQLi\Connection->connect(false)
#2 D:\CapstoneProject\system\Database\BaseConnection.php(574): CodeIgniter\Database\BaseConnection->initialize()
#3 D:\CapstoneProject\system\Database\BaseBuilder.php(1615): CodeIgniter\Database\BaseConnection->query('SELECT *\nFROM `...', Array, false)
#4 D:\CapstoneProject\system\Model.php(264): CodeIgniter\Database\BaseBuilder->get()
#5 D:\CapstoneProject\system\BaseModel.php(662): CodeIgniter\Model->doFirst()
#6 D:\CapstoneProject\app\Controllers\HomepageController.php(124): CodeIgniter\BaseModel->first()
#7 D:\CapstoneProject\system\CodeIgniter.php(919): App\Controllers\HomepageController->authlog()
#8 D:\CapstoneProject\system\CodeIgniter.php(494): CodeIgniter\CodeIgniter->runController(Object(App\Controllers\HomepageController))
#9 D:\CapstoneProject\system\CodeIgniter.php(353): CodeIgniter\CodeIgniter->handleRequest(NULL, Object(Config\Cache), false)
#10 D:\CapstoneProject\public\index.php(79): CodeIgniter\CodeIgniter->run()
#11 D:\CapstoneProject\system\Commands\Server\rewrite.php(47): require_once('D:\\CapstoneProj...')
#12 {main}

Next CodeIgniter\Database\Exceptions\DatabaseException: No connection could be made because the target machine actively refused it in D:\CapstoneProject\system\Database\MySQLi\Connection.php:229
Stack trace:
#0 D:\CapstoneProject\system\Database\BaseConnection.php(391): CodeIgniter\Database\MySQLi\Connection->connect(false)
#1 D:\CapstoneProject\system\Database\BaseConnection.php(574): CodeIgniter\Database\BaseConnection->initialize()
#2 D:\CapstoneProject\system\Database\BaseBuilder.php(1615): CodeIgniter\Database\BaseConnection->query('SELECT *\nFROM `...', Array, false)
#3 D:\CapstoneProject\system\Model.php(264): CodeIgniter\Database\BaseBuilder->get()
#4 D:\CapstoneProject\system\BaseModel.php(662): CodeIgniter\Model->doFirst()
#5 D:\CapstoneProject\app\Controllers\HomepageController.php(124): CodeIgniter\BaseModel->first()
#6 D:\CapstoneProject\system\CodeIgniter.php(919): App\Controllers\HomepageController->authlog()
#7 D:\CapstoneProject\system\CodeIgniter.php(494): CodeIgniter\CodeIgniter->runController(Object(App\Controllers\HomepageController))
#8 D:\CapstoneProject\system\CodeIgniter.php(353): CodeIgniter\CodeIgniter->handleRequest(NULL, Object(Config\Cache), false)
#9 D:\CapstoneProject\public\index.php(79): CodeIgniter\CodeIgniter->run()
#10 D:\CapstoneProject\system\Commands\Server\rewrite.php(47): require_once('D:\\CapstoneProj...')
#11 {main}
CRITICAL - 2023-12-02 22:45:55 --> Unable to connect to the database.
Main connection [MySQLi]: No connection could be made because the target machine actively refused it
in SYSTEMPATH\Database\BaseConnection.php on line 427.
 1 SYSTEMPATH\Database\BaseConnection.php(574): CodeIgniter\Database\BaseConnection->initialize()
 2 SYSTEMPATH\Database\BaseBuilder.php(1615): CodeIgniter\Database\BaseConnection->query('SELECT *
FROM `users`
WHERE `email` = :email:
 LIMIT 1', [...], false)
 3 SYSTEMPATH\Model.php(264): CodeIgniter\Database\BaseBuilder->get()
 4 SYSTEMPATH\BaseModel.php(662): CodeIgniter\Model->doFirst()
 5 APPPATH\Controllers\HomepageController.php(124): CodeIgniter\BaseModel->first()
 6 SYSTEMPATH\CodeIgniter.php(919): App\Controllers\HomepageController->authlog()
 7 SYSTEMPATH\CodeIgniter.php(494): CodeIgniter\CodeIgniter->runController(Object(App\Controllers\HomepageController))
 8 SYSTEMPATH\CodeIgniter.php(353): CodeIgniter\CodeIgniter->handleRequest(null, Object(Config\Cache), false)
 9 FCPATH\index.php(79): CodeIgniter\CodeIgniter->run()
10 SYSTEMPATH\Commands\Server\rewrite.php(47): require_once('D:\\CapstoneProject\\public\\index.php')
CRITICAL - 2023-12-02 22:46:23 --> Call to a member function find() on array
in APPPATH\Controllers\AppController.php on line 44.
 1 APPPATH\Controllers\AppController.php(20): App\Controllers\AppController->getData()
 2 SYSTEMPATH\CodeIgniter.php(919): App\Controllers\AppController->AppDash()
 3 SYSTEMPATH\CodeIgniter.php(494): CodeIgniter\CodeIgniter->runController(Object(App\Controllers\AppController))
 4 SYSTEMPATH\CodeIgniter.php(353): CodeIgniter\CodeIgniter->handleRequest(null, Object(Config\Cache), false)
 5 FCPATH\index.php(79): CodeIgniter\CodeIgniter->run()
 6 SYSTEMPATH\Commands\Server\rewrite.php(47): require_once('D:\\CapstoneProject\\public\\index.php')
CRITICAL - 2023-12-02 22:46:44 --> Array to string conversion
in APPPATH\Controllers\AppController.php on line 44.
 1 APPPATH\Controllers\AppController.php(44): CodeIgniter\Debug\Exceptions->errorHandler(2, 'Array to string conversion', 'D:\\CapstoneProject\\app\\Controllers\\AppController.php', 44)
 2 APPPATH\Controllers\AppController.php(20): App\Controllers\AppController->getData()
 3 SYSTEMPATH\CodeIgniter.php(919): App\Controllers\AppController->AppDash()
 4 SYSTEMPATH\CodeIgniter.php(494): CodeIgniter\CodeIgniter->runController(Object(App\Controllers\AppController))
 5 SYSTEMPATH\CodeIgniter.php(353): CodeIgniter\CodeIgniter->handleRequest(null, Object(Config\Cache), false)
 6 FCPATH\index.php(79): CodeIgniter\CodeIgniter->run()
 7 SYSTEMPATH\Commands\Server\rewrite.php(47): require_once('D:\\CapstoneProject\\public\\index.php')
CRITICAL - 2023-12-02 22:49:14 --> Call to a member function find() on array
in APPPATH\Controllers\AppController.php on line 44.
 1 APPPATH\Controllers\AppController.php(20): App\Controllers\AppController->getData()
 2 SYSTEMPATH\CodeIgniter.php(919): App\Controllers\AppController->AppDash()
 3 SYSTEMPATH\CodeIgniter.php(494): CodeIgniter\CodeIgniter->runController(Object(App\Controllers\AppController))
 4 SYSTEMPATH\CodeIgniter.php(353): CodeIgniter\CodeIgniter->handleRequest(null, Object(Config\Cache), false)
 5 FCPATH\index.php(79): CodeIgniter\CodeIgniter->run()
 6 SYSTEMPATH\Commands\Server\rewrite.php(47): require_once('D:\\CapstoneProject\\public\\index.php')
CRITICAL - 2023-12-02 22:51:47 --> Undefined variable $userData
in APPPATH\Views\Applicant\chop\header.php on line 138.
 1 APPPATH\Views\Applicant\chop\header.php(138): CodeIgniter\Debug\Exceptions->errorHandler(2, 'Undefined variable $userData', 'D:\\CapstoneProject\\app\\Views\\Applicant\\chop\\header.php', 138)
 2 SYSTEMPATH\View\View.php(226): include('D:\\CapstoneProject\\app\\Views\\Applicant\\chop\\header.php')
 3 SYSTEMPATH\View\View.php(229): CodeIgniter\View\View->CodeIgniter\View\{closure}()
 4 SYSTEMPATH\Common.php(1188): CodeIgniter\View\View->render('Applicant/chop/header', [], true)
 5 APPPATH\Views\Applicant\AppProfile.php(5): view('Applicant/chop/header')
 6 SYSTEMPATH\View\View.php(226): include('D:\\CapstoneProject\\app\\Views\\Applicant\\AppProfile.php')
 7 SYSTEMPATH\View\View.php(229): CodeIgniter\View\View->CodeIgniter\View\{closure}()
 8 SYSTEMPATH\Common.php(1188): CodeIgniter\View\View->render('Applicant/AppProfile', [], true)
 9 APPPATH\Controllers\AppController.php(30): view('Applicant/AppProfile', [...])
10 SYSTEMPATH\CodeIgniter.php(919): App\Controllers\AppController->AppProfile()
11 SYSTEMPATH\CodeIgniter.php(494): CodeIgniter\CodeIgniter->runController(Object(App\Controllers\AppController))
12 SYSTEMPATH\CodeIgniter.php(353): CodeIgniter\CodeIgniter->handleRequest(null, Object(Config\Cache), false)
13 FCPATH\index.php(79): CodeIgniter\CodeIgniter->run()
14 SYSTEMPATH\Commands\Server\rewrite.php(47): require_once('D:\\CapstoneProject\\public\\index.php')
CRITICAL - 2023-12-02 23:12:07 --> Undefined variable $data
in APPPATH\Views\Applicant\AppForm1.php on line 28.
 1 APPPATH\Views\Applicant\AppForm1.php(28): CodeIgniter\Debug\Exceptions->errorHandler(2, 'Undefined variable $data', 'D:\\CapstoneProject\\app\\Views\\Applicant\\AppForm1.php', 28)
 2 SYSTEMPATH\View\View.php(226): include('D:\\CapstoneProject\\app\\Views\\Applicant\\AppForm1.php')
 3 SYSTEMPATH\View\View.php(229): CodeIgniter\View\View->CodeIgniter\View\{closure}()
 4 SYSTEMPATH\Common.php(1188): CodeIgniter\View\View->render('Applicant/AppForm1', [...], true)
 5 APPPATH\Controllers\AppController.php(82): view('Applicant/AppForm1', [...], [...])
 6 SYSTEMPATH\CodeIgniter.php(919): App\Controllers\AppController->AppForm1()
 7 SYSTEMPATH\CodeIgniter.php(494): CodeIgniter\CodeIgniter->runController(Object(App\Controllers\AppController))
 8 SYSTEMPATH\CodeIgniter.php(353): CodeIgniter\CodeIgniter->handleRequest(null, Object(Config\Cache), false)
 9 FCPATH\index.php(79): CodeIgniter\CodeIgniter->run()
10 SYSTEMPATH\Commands\Server\rewrite.php(47): require_once('D:\\CapstoneProject\\public\\index.php')
CRITICAL - 2023-12-02 23:14:33 --> Undefined variable $data
in APPPATH\Views\Applicant\AppForm1.php on line 28.
 1 APPPATH\Views\Applicant\AppForm1.php(28): CodeIgniter\Debug\Exceptions->errorHandler(2, 'Undefined variable $data', 'D:\\CapstoneProject\\app\\Views\\Applicant\\AppForm1.php', 28)
 2 SYSTEMPATH\View\View.php(226): include('D:\\CapstoneProject\\app\\Views\\Applicant\\AppForm1.php')
 3 SYSTEMPATH\View\View.php(229): CodeIgniter\View\View->CodeIgniter\View\{closure}()
 4 SYSTEMPATH\Common.php(1188): CodeIgniter\View\View->render('Applicant/AppForm1', [...], true)
 5 APPPATH\Controllers\AppController.php(82): view('Applicant/AppForm1', [...], [...])
 6 SYSTEMPATH\CodeIgniter.php(919): App\Controllers\AppController->AppForm1()
 7 SYSTEMPATH\CodeIgniter.php(494): CodeIgniter\CodeIgniter->runController(Object(App\Controllers\AppController))
 8 SYSTEMPATH\CodeIgniter.php(353): CodeIgniter\CodeIgniter->handleRequest(null, Object(Config\Cache), false)
 9 FCPATH\index.php(79): CodeIgniter\CodeIgniter->run()
10 SYSTEMPATH\Commands\Server\rewrite.php(47): require_once('D:\\CapstoneProject\\public\\index.php')
CRITICAL - 2023-12-02 23:14:44 --> Undefined variable $data
in APPPATH\Views\Applicant\AppForm1.php on line 28.
 1 APPPATH\Views\Applicant\AppForm1.php(28): CodeIgniter\Debug\Exceptions->errorHandler(2, 'Undefined variable $data', 'D:\\CapstoneProject\\app\\Views\\Applicant\\AppForm1.php', 28)
 2 SYSTEMPATH\View\View.php(226): include('D:\\CapstoneProject\\app\\Views\\Applicant\\AppForm1.php')
 3 SYSTEMPATH\View\View.php(229): CodeIgniter\View\View->CodeIgniter\View\{closure}()
 4 SYSTEMPATH\Common.php(1188): CodeIgniter\View\View->render('Applicant/AppForm1', [...], true)
 5 APPPATH\Controllers\AppController.php(82): view('Applicant/AppForm1', [...], [...])
 6 SYSTEMPATH\CodeIgniter.php(919): App\Controllers\AppController->AppForm1()
 7 SYSTEMPATH\CodeIgniter.php(494): CodeIgniter\CodeIgniter->runController(Object(App\Controllers\AppController))
 8 SYSTEMPATH\CodeIgniter.php(353): CodeIgniter\CodeIgniter->handleRequest(null, Object(Config\Cache), false)
 9 FCPATH\index.php(79): CodeIgniter\CodeIgniter->run()
10 SYSTEMPATH\Commands\Server\rewrite.php(47): require_once('D:\\CapstoneProject\\public\\index.php')
CRITICAL - 2023-12-02 23:15:01 --> Undefined variable $data
in APPPATH\Views\Applicant\AppForm1.php on line 31.
 1 APPPATH\Views\Applicant\AppForm1.php(31): CodeIgniter\Debug\Exceptions->errorHandler(2, 'Undefined variable $data', 'D:\\CapstoneProject\\app\\Views\\Applicant\\AppForm1.php', 31)
 2 SYSTEMPATH\View\View.php(226): include('D:\\CapstoneProject\\app\\Views\\Applicant\\AppForm1.php')
 3 SYSTEMPATH\View\View.php(229): CodeIgniter\View\View->CodeIgniter\View\{closure}()
 4 SYSTEMPATH\Common.php(1188): CodeIgniter\View\View->render('Applicant/AppForm1', [...], true)
 5 APPPATH\Controllers\AppController.php(82): view('Applicant/AppForm1', [...], [...])
 6 SYSTEMPATH\CodeIgniter.php(919): App\Controllers\AppController->AppForm1()
 7 SYSTEMPATH\CodeIgniter.php(494): CodeIgniter\CodeIgniter->runController(Object(App\Controllers\AppController))
 8 SYSTEMPATH\CodeIgniter.php(353): CodeIgniter\CodeIgniter->handleRequest(null, Object(Config\Cache), false)
 9 FCPATH\index.php(79): CodeIgniter\CodeIgniter->run()
10 SYSTEMPATH\Commands\Server\rewrite.php(47): require_once('D:\\CapstoneProject\\public\\index.php')
CRITICAL - 2023-12-02 23:15:55 --> Undefined variable $userData
in APPPATH\Views\Applicant\chop\header.php on line 138.
 1 APPPATH\Views\Applicant\chop\header.php(138): CodeIgniter\Debug\Exceptions->errorHandler(2, 'Undefined variable $userData', 'D:\\CapstoneProject\\app\\Views\\Applicant\\chop\\header.php', 138)
 2 SYSTEMPATH\View\View.php(226): include('D:\\CapstoneProject\\app\\Views\\Applicant\\chop\\header.php')
 3 SYSTEMPATH\View\View.php(229): CodeIgniter\View\View->CodeIgniter\View\{closure}()
 4 SYSTEMPATH\Common.php(1188): CodeIgniter\View\View->render('Applicant/chop/header', [], true)
 5 APPPATH\Views\Applicant\AppForm1.php(6): view('Applicant/chop/header')
 6 SYSTEMPATH\View\View.php(226): include('D:\\CapstoneProject\\app\\Views\\Applicant\\AppForm1.php')
 7 SYSTEMPATH\View\View.php(229): CodeIgniter\View\View->CodeIgniter\View\{closure}()
 8 SYSTEMPATH\Common.php(1188): CodeIgniter\View\View->render('Applicant/AppForm1', [], true)
 9 APPPATH\Controllers\AppController.php(82): view('Applicant/AppForm1', [...])
10 SYSTEMPATH\CodeIgniter.php(919): App\Controllers\AppController->AppForm1()
11 SYSTEMPATH\CodeIgniter.php(494): CodeIgniter\CodeIgniter->runController(Object(App\Controllers\AppController))
12 SYSTEMPATH\CodeIgniter.php(353): CodeIgniter\CodeIgniter->handleRequest(null, Object(Config\Cache), false)
13 FCPATH\index.php(79): CodeIgniter\CodeIgniter->run()
14 SYSTEMPATH\Commands\Server\rewrite.php(47): require_once('D:\\CapstoneProject\\public\\index.php')
CRITICAL - 2023-12-02 23:19:54 --> Call to a member function find() on array
in APPPATH\Controllers\AppController.php on line 26.
 1 SYSTEMPATH\CodeIgniter.php(919): App\Controllers\AppController->AppDash()
 2 SYSTEMPATH\CodeIgniter.php(494): CodeIgniter\CodeIgniter->runController(Object(App\Controllers\AppController))
 3 SYSTEMPATH\CodeIgniter.php(353): CodeIgniter\CodeIgniter->handleRequest(null, Object(Config\Cache), false)
 4 FCPATH\index.php(79): CodeIgniter\CodeIgniter->run()
 5 SYSTEMPATH\Commands\Server\rewrite.php(47): require_once('D:\\CapstoneProject\\public\\index.php')
CRITICAL - 2023-12-02 23:22:49 --> Undefined variable $userData
in APPPATH\Views\Applicant\chop\header.php on line 138.
 1 APPPATH\Views\Applicant\chop\header.php(138): CodeIgniter\Debug\Exceptions->errorHandler(2, 'Undefined variable $userData', 'D:\\CapstoneProject\\app\\Views\\Applicant\\chop\\header.php', 138)
 2 SYSTEMPATH\View\View.php(226): include('D:\\CapstoneProject\\app\\Views\\Applicant\\chop\\header.php')
 3 SYSTEMPATH\View\View.php(229): CodeIgniter\View\View->CodeIgniter\View\{closure}()
 4 SYSTEMPATH\Common.php(1188): CodeIgniter\View\View->render('Applicant/chop/header', [], true)
 5 APPPATH\Views\Applicant\AppDash.php(6): view('Applicant/chop/header')
 6 SYSTEMPATH\View\View.php(226): include('D:\\CapstoneProject\\app\\Views\\Applicant\\AppDash.php')
 7 SYSTEMPATH\View\View.php(229): CodeIgniter\View\View->CodeIgniter\View\{closure}()
 8 SYSTEMPATH\Common.php(1188): CodeIgniter\View\View->render('Applicant/AppDash', [], true)
 9 APPPATH\Controllers\AppController.php(37): view('Applicant/AppDash', [...])
10 SYSTEMPATH\CodeIgniter.php(919): App\Controllers\AppController->AppDash()
11 SYSTEMPATH\CodeIgniter.php(494): CodeIgniter\CodeIgniter->runController(Object(App\Controllers\AppController))
12 SYSTEMPATH\CodeIgniter.php(353): CodeIgniter\CodeIgniter->handleRequest(null, Object(Config\Cache), false)
13 FCPATH\index.php(79): CodeIgniter\CodeIgniter->run()
14 SYSTEMPATH\Commands\Server\rewrite.php(47): require_once('D:\\CapstoneProject\\public\\index.php')
CRITICAL - 2023-12-02 23:23:04 --> Undefined variable $userData
in APPPATH\Views\Applicant\chop\header.php on line 138.
 1 APPPATH\Views\Applicant\chop\header.php(138): CodeIgniter\Debug\Exceptions->errorHandler(2, 'Undefined variable $userData', 'D:\\CapstoneProject\\app\\Views\\Applicant\\chop\\header.php', 138)
 2 SYSTEMPATH\View\View.php(226): include('D:\\CapstoneProject\\app\\Views\\Applicant\\chop\\header.php')
 3 SYSTEMPATH\View\View.php(229): CodeIgniter\View\View->CodeIgniter\View\{closure}()
 4 SYSTEMPATH\Common.php(1188): CodeIgniter\View\View->render('Applicant/chop/header', [], true)
 5 APPPATH\Views\Applicant\AppDash.php(6): view('Applicant/chop/header')
 6 SYSTEMPATH\View\View.php(226): include('D:\\CapstoneProject\\app\\Views\\Applicant\\AppDash.php')
 7 SYSTEMPATH\View\View.php(229): CodeIgniter\View\View->CodeIgniter\View\{closure}()
 8 SYSTEMPATH\Common.php(1188): CodeIgniter\View\View->render('Applicant/AppDash', [], true)
 9 APPPATH\Controllers\AppController.php(37): view('Applicant/AppDash', [...])
10 SYSTEMPATH\CodeIgniter.php(919): App\Controllers\AppController->AppDash()
11 SYSTEMPATH\CodeIgniter.php(494): CodeIgniter\CodeIgniter->runController(Object(App\Controllers\AppController))
12 SYSTEMPATH\CodeIgniter.php(353): CodeIgniter\CodeIgniter->handleRequest(null, Object(Config\Cache), false)
13 FCPATH\index.php(79): CodeIgniter\CodeIgniter->run()
14 SYSTEMPATH\Commands\Server\rewrite.php(47): require_once('D:\\CapstoneProject\\public\\index.php')
CRITICAL - 2023-12-02 23:23:06 --> Undefined variable $userData
in APPPATH\Views\Applicant\chop\header.php on line 138.
 1 APPPATH\Views\Applicant\chop\header.php(138): CodeIgniter\Debug\Exceptions->errorHandler(2, 'Undefined variable $userData', 'D:\\CapstoneProject\\app\\Views\\Applicant\\chop\\header.php', 138)
 2 SYSTEMPATH\View\View.php(226): include('D:\\CapstoneProject\\app\\Views\\Applicant\\chop\\header.php')
 3 SYSTEMPATH\View\View.php(229): CodeIgniter\View\View->CodeIgniter\View\{closure}()
 4 SYSTEMPATH\Common.php(1188): CodeIgniter\View\View->render('Applicant/chop/header', [], true)
 5 APPPATH\Views\Applicant\AppDash.php(6): view('Applicant/chop/header')
 6 SYSTEMPATH\View\View.php(226): include('D:\\CapstoneProject\\app\\Views\\Applicant\\AppDash.php')
 7 SYSTEMPATH\View\View.php(229): CodeIgniter\View\View->CodeIgniter\View\{closure}()
 8 SYSTEMPATH\Common.php(1188): CodeIgniter\View\View->render('Applicant/AppDash', [], true)
 9 APPPATH\Controllers\AppController.php(37): view('Applicant/AppDash', [...])
10 SYSTEMPATH\CodeIgniter.php(919): App\Controllers\AppController->AppDash()
11 SYSTEMPATH\CodeIgniter.php(494): CodeIgniter\CodeIgniter->runController(Object(App\Controllers\AppController))
12 SYSTEMPATH\CodeIgniter.php(353): CodeIgniter\CodeIgniter->handleRequest(null, Object(Config\Cache), false)
13 FCPATH\index.php(79): CodeIgniter\CodeIgniter->run()
14 SYSTEMPATH\Commands\Server\rewrite.php(47): require_once('D:\\CapstoneProject\\public\\index.php')
CRITICAL - 2023-12-02 23:23:11 --> Undefined variable $userData
in APPPATH\Views\Applicant\chop\header.php on line 138.
 1 APPPATH\Views\Applicant\chop\header.php(138): CodeIgniter\Debug\Exceptions->errorHandler(2, 'Undefined variable $userData', 'D:\\CapstoneProject\\app\\Views\\Applicant\\chop\\header.php', 138)
 2 SYSTEMPATH\View\View.php(226): include('D:\\CapstoneProject\\app\\Views\\Applicant\\chop\\header.php')
 3 SYSTEMPATH\View\View.php(229): CodeIgniter\View\View->CodeIgniter\View\{closure}()
 4 SYSTEMPATH\Common.php(1188): CodeIgniter\View\View->render('Applicant/chop/header', [], true)
 5 APPPATH\Views\Applicant\AppDash.php(6): view('Applicant/chop/header')
 6 SYSTEMPATH\View\View.php(226): include('D:\\CapstoneProject\\app\\Views\\Applicant\\AppDash.php')
 7 SYSTEMPATH\View\View.php(229): CodeIgniter\View\View->CodeIgniter\View\{closure}()
 8 SYSTEMPATH\Common.php(1188): CodeIgniter\View\View->render('Applicant/AppDash', [], true)
 9 APPPATH\Controllers\AppController.php(37): view('Applicant/AppDash', [...])
10 SYSTEMPATH\CodeIgniter.php(919): App\Controllers\AppController->AppDash()
11 SYSTEMPATH\CodeIgniter.php(494): CodeIgniter\CodeIgniter->runController(Object(App\Controllers\AppController))
12 SYSTEMPATH\CodeIgniter.php(353): CodeIgniter\CodeIgniter->handleRequest(null, Object(Config\Cache), false)
13 FCPATH\index.php(79): CodeIgniter\CodeIgniter->run()
14 SYSTEMPATH\Commands\Server\rewrite.php(47): require_once('D:\\CapstoneProject\\public\\index.php')
CRITICAL - 2023-12-02 23:23:12 --> Undefined variable $userData
in APPPATH\Views\Applicant\chop\header.php on line 138.
 1 APPPATH\Views\Applicant\chop\header.php(138): CodeIgniter\Debug\Exceptions->errorHandler(2, 'Undefined variable $userData', 'D:\\CapstoneProject\\app\\Views\\Applicant\\chop\\header.php', 138)
 2 SYSTEMPATH\View\View.php(226): include('D:\\CapstoneProject\\app\\Views\\Applicant\\chop\\header.php')
 3 SYSTEMPATH\View\View.php(229): CodeIgniter\View\View->CodeIgniter\View\{closure}()
 4 SYSTEMPATH\Common.php(1188): CodeIgniter\View\View->render('Applicant/chop/header', [], true)
 5 APPPATH\Views\Applicant\AppDash.php(6): view('Applicant/chop/header')
 6 SYSTEMPATH\View\View.php(226): include('D:\\CapstoneProject\\app\\Views\\Applicant\\AppDash.php')
 7 SYSTEMPATH\View\View.php(229): CodeIgniter\View\View->CodeIgniter\View\{closure}()
 8 SYSTEMPATH\Common.php(1188): CodeIgniter\View\View->render('Applicant/AppDash', [], true)
 9 APPPATH\Controllers\AppController.php(37): view('Applicant/AppDash', [...])
10 SYSTEMPATH\CodeIgniter.php(919): App\Controllers\AppController->AppDash()
11 SYSTEMPATH\CodeIgniter.php(494): CodeIgniter\CodeIgniter->runController(Object(App\Controllers\AppController))
12 SYSTEMPATH\CodeIgniter.php(353): CodeIgniter\CodeIgniter->handleRequest(null, Object(Config\Cache), false)
13 FCPATH\index.php(79): CodeIgniter\CodeIgniter->run()
14 SYSTEMPATH\Commands\Server\rewrite.php(47): require_once('D:\\CapstoneProject\\public\\index.php')
CRITICAL - 2023-12-02 23:23:13 --> Undefined variable $userData
in APPPATH\Views\Applicant\chop\header.php on line 138.
 1 APPPATH\Views\Applicant\chop\header.php(138): CodeIgniter\Debug\Exceptions->errorHandler(2, 'Undefined variable $userData', 'D:\\CapstoneProject\\app\\Views\\Applicant\\chop\\header.php', 138)
 2 SYSTEMPATH\View\View.php(226): include('D:\\CapstoneProject\\app\\Views\\Applicant\\chop\\header.php')
 3 SYSTEMPATH\View\View.php(229): CodeIgniter\View\View->CodeIgniter\View\{closure}()
 4 SYSTEMPATH\Common.php(1188): CodeIgniter\View\View->render('Applicant/chop/header', [], true)
 5 APPPATH\Views\Applicant\AppDash.php(6): view('Applicant/chop/header')
 6 SYSTEMPATH\View\View.php(226): include('D:\\CapstoneProject\\app\\Views\\Applicant\\AppDash.php')
 7 SYSTEMPATH\View\View.php(229): CodeIgniter\View\View->CodeIgniter\View\{closure}()
 8 SYSTEMPATH\Common.php(1188): CodeIgniter\View\View->render('Applicant/AppDash', [], true)
 9 APPPATH\Controllers\AppController.php(37): view('Applicant/AppDash', [...])
10 SYSTEMPATH\CodeIgniter.php(919): App\Controllers\AppController->AppDash()
11 SYSTEMPATH\CodeIgniter.php(494): CodeIgniter\CodeIgniter->runController(Object(App\Controllers\AppController))
12 SYSTEMPATH\CodeIgniter.php(353): CodeIgniter\CodeIgniter->handleRequest(null, Object(Config\Cache), false)
13 FCPATH\index.php(79): CodeIgniter\CodeIgniter->run()
14 SYSTEMPATH\Commands\Server\rewrite.php(47): require_once('D:\\CapstoneProject\\public\\index.php')
CRITICAL - 2023-12-02 23:23:13 --> Undefined variable $userData
in APPPATH\Views\Applicant\chop\header.php on line 138.
 1 APPPATH\Views\Applicant\chop\header.php(138): CodeIgniter\Debug\Exceptions->errorHandler(2, 'Undefined variable $userData', 'D:\\CapstoneProject\\app\\Views\\Applicant\\chop\\header.php', 138)
 2 SYSTEMPATH\View\View.php(226): include('D:\\CapstoneProject\\app\\Views\\Applicant\\chop\\header.php')
 3 SYSTEMPATH\View\View.php(229): CodeIgniter\View\View->CodeIgniter\View\{closure}()
 4 SYSTEMPATH\Common.php(1188): CodeIgniter\View\View->render('Applicant/chop/header', [], true)
 5 APPPATH\Views\Applicant\AppDash.php(6): view('Applicant/chop/header')
 6 SYSTEMPATH\View\View.php(226): include('D:\\CapstoneProject\\app\\Views\\Applicant\\AppDash.php')
 7 SYSTEMPATH\View\View.php(229): CodeIgniter\View\View->CodeIgniter\View\{closure}()
 8 SYSTEMPATH\Common.php(1188): CodeIgniter\View\View->render('Applicant/AppDash', [], true)
 9 APPPATH\Controllers\AppController.php(37): view('Applicant/AppDash', [...])
10 SYSTEMPATH\CodeIgniter.php(919): App\Controllers\AppController->AppDash()
11 SYSTEMPATH\CodeIgniter.php(494): CodeIgniter\CodeIgniter->runController(Object(App\Controllers\AppController))
12 SYSTEMPATH\CodeIgniter.php(353): CodeIgniter\CodeIgniter->handleRequest(null, Object(Config\Cache), false)
13 FCPATH\index.php(79): CodeIgniter\CodeIgniter->run()
14 SYSTEMPATH\Commands\Server\rewrite.php(47): require_once('D:\\CapstoneProject\\public\\index.php')
CRITICAL - 2023-12-02 23:23:13 --> Undefined variable $userData
in APPPATH\Views\Applicant\chop\header.php on line 138.
 1 APPPATH\Views\Applicant\chop\header.php(138): CodeIgniter\Debug\Exceptions->errorHandler(2, 'Undefined variable $userData', 'D:\\CapstoneProject\\app\\Views\\Applicant\\chop\\header.php', 138)
 2 SYSTEMPATH\View\View.php(226): include('D:\\CapstoneProject\\app\\Views\\Applicant\\chop\\header.php')
 3 SYSTEMPATH\View\View.php(229): CodeIgniter\View\View->CodeIgniter\View\{closure}()
 4 SYSTEMPATH\Common.php(1188): CodeIgniter\View\View->render('Applicant/chop/header', [], true)
 5 APPPATH\Views\Applicant\AppDash.php(6): view('Applicant/chop/header')
 6 SYSTEMPATH\View\View.php(226): include('D:\\CapstoneProject\\app\\Views\\Applicant\\AppDash.php')
 7 SYSTEMPATH\View\View.php(229): CodeIgniter\View\View->CodeIgniter\View\{closure}()
 8 SYSTEMPATH\Common.php(1188): CodeIgniter\View\View->render('Applicant/AppDash', [], true)
 9 APPPATH\Controllers\AppController.php(37): view('Applicant/AppDash', [...])
10 SYSTEMPATH\CodeIgniter.php(919): App\Controllers\AppController->AppDash()
11 SYSTEMPATH\CodeIgniter.php(494): CodeIgniter\CodeIgniter->runController(Object(App\Controllers\AppController))
12 SYSTEMPATH\CodeIgniter.php(353): CodeIgniter\CodeIgniter->handleRequest(null, Object(Config\Cache), false)
13 FCPATH\index.php(79): CodeIgniter\CodeIgniter->run()
14 SYSTEMPATH\Commands\Server\rewrite.php(47): require_once('D:\\CapstoneProject\\public\\index.php')
CRITICAL - 2023-12-02 23:23:13 --> Undefined variable $userData
in APPPATH\Views\Applicant\chop\header.php on line 138.
 1 APPPATH\Views\Applicant\chop\header.php(138): CodeIgniter\Debug\Exceptions->errorHandler(2, 'Undefined variable $userData', 'D:\\CapstoneProject\\app\\Views\\Applicant\\chop\\header.php', 138)
 2 SYSTEMPATH\View\View.php(226): include('D:\\CapstoneProject\\app\\Views\\Applicant\\chop\\header.php')
 3 SYSTEMPATH\View\View.php(229): CodeIgniter\View\View->CodeIgniter\View\{closure}()
 4 SYSTEMPATH\Common.php(1188): CodeIgniter\View\View->render('Applicant/chop/header', [], true)
 5 APPPATH\Views\Applicant\AppDash.php(6): view('Applicant/chop/header')
 6 SYSTEMPATH\View\View.php(226): include('D:\\CapstoneProject\\app\\Views\\Applicant\\AppDash.php')
 7 SYSTEMPATH\View\View.php(229): CodeIgniter\View\View->CodeIgniter\View\{closure}()
 8 SYSTEMPATH\Common.php(1188): CodeIgniter\View\View->render('Applicant/AppDash', [], true)
 9 APPPATH\Controllers\AppController.php(37): view('Applicant/AppDash', [...])
10 SYSTEMPATH\CodeIgniter.php(919): App\Controllers\AppController->AppDash()
11 SYSTEMPATH\CodeIgniter.php(494): CodeIgniter\CodeIgniter->runController(Object(App\Controllers\AppController))
12 SYSTEMPATH\CodeIgniter.php(353): CodeIgniter\CodeIgniter->handleRequest(null, Object(Config\Cache), false)
13 FCPATH\index.php(79): CodeIgniter\CodeIgniter->run()
14 SYSTEMPATH\Commands\Server\rewrite.php(47): require_once('D:\\CapstoneProject\\public\\index.php')
CRITICAL - 2023-12-02 23:23:40 --> Undefined variable $data
in APPPATH\Views\Applicant\chop\header.php on line 138.
 1 APPPATH\Views\Applicant\chop\header.php(138): CodeIgniter\Debug\Exceptions->errorHandler(2, 'Undefined variable $data', 'D:\\CapstoneProject\\app\\Views\\Applicant\\chop\\header.php', 138)
 2 SYSTEMPATH\View\View.php(226): include('D:\\CapstoneProject\\app\\Views\\Applicant\\chop\\header.php')
 3 SYSTEMPATH\View\View.php(229): CodeIgniter\View\View->CodeIgniter\View\{closure}()
 4 SYSTEMPATH\Common.php(1188): CodeIgniter\View\View->render('Applicant/chop/header', [], true)
 5 APPPATH\Views\Applicant\AppDash.php(6): view('Applicant/chop/header')
 6 SYSTEMPATH\View\View.php(226): include('D:\\CapstoneProject\\app\\Views\\Applicant\\AppDash.php')
 7 SYSTEMPATH\View\View.php(229): CodeIgniter\View\View->CodeIgniter\View\{closure}()
 8 SYSTEMPATH\Common.php(1188): CodeIgniter\View\View->render('Applicant/AppDash', [], true)
 9 APPPATH\Controllers\AppController.php(37): view('Applicant/AppDash', [...])
10 SYSTEMPATH\CodeIgniter.php(919): App\Controllers\AppController->AppDash()
11 SYSTEMPATH\CodeIgniter.php(494): CodeIgniter\CodeIgniter->runController(Object(App\Controllers\AppController))
12 SYSTEMPATH\CodeIgniter.php(353): CodeIgniter\CodeIgniter->handleRequest(null, Object(Config\Cache), false)
13 FCPATH\index.php(79): CodeIgniter\CodeIgniter->run()
14 SYSTEMPATH\Commands\Server\rewrite.php(47): require_once('D:\\CapstoneProject\\public\\index.php')
CRITICAL - 2023-12-02 23:27:41 --> Undefined variable $user
in APPPATH\Views\Applicant\chop\header.php on line 138.
 1 APPPATH\Views\Applicant\chop\header.php(138): CodeIgniter\Debug\Exceptions->errorHandler(2, 'Undefined variable $user', 'D:\\CapstoneProject\\app\\Views\\Applicant\\chop\\header.php', 138)
 2 SYSTEMPATH\View\View.php(226): include('D:\\CapstoneProject\\app\\Views\\Applicant\\chop\\header.php')
 3 SYSTEMPATH\View\View.php(229): CodeIgniter\View\View->CodeIgniter\View\{closure}()
 4 SYSTEMPATH\Common.php(1188): CodeIgniter\View\View->render('Applicant/chop/header', [], true)
 5 APPPATH\Views\Applicant\AppSetting.php(7): view('Applicant/chop/header')
 6 SYSTEMPATH\View\View.php(226): include('D:\\CapstoneProject\\app\\Views\\Applicant\\AppSetting.php')
 7 SYSTEMPATH\View\View.php(229): CodeIgniter\View\View->CodeIgniter\View\{closure}()
 8 SYSTEMPATH\Common.php(1188): CodeIgniter\View\View->render('Applicant/AppSetting', [], true)
 9 APPPATH\Controllers\AppController.php(77): view('Applicant/AppSetting', [...])
10 SYSTEMPATH\CodeIgniter.php(919): App\Controllers\AppController->AppSetting()
11 SYSTEMPATH\CodeIgniter.php(494): CodeIgniter\CodeIgniter->runController(Object(App\Controllers\AppController))
12 SYSTEMPATH\CodeIgniter.php(353): CodeIgniter\CodeIgniter->handleRequest(null, Object(Config\Cache), false)
13 FCPATH\index.php(79): CodeIgniter\CodeIgniter->run()
14 SYSTEMPATH\Commands\Server\rewrite.php(47): require_once('D:\\CapstoneProject\\public\\index.php')
CRITICAL - 2023-12-02 23:28:38 --> Undefined variable $userData
in APPPATH\Views\Applicant\AppProfile.php on line 43.
 1 APPPATH\Views\Applicant\AppProfile.php(43): CodeIgniter\Debug\Exceptions->errorHandler(2, 'Undefined variable $userData', 'D:\\CapstoneProject\\app\\Views\\Applicant\\AppProfile.php', 43)
 2 SYSTEMPATH\View\View.php(226): include('D:\\CapstoneProject\\app\\Views\\Applicant\\AppProfile.php')
 3 SYSTEMPATH\View\View.php(229): CodeIgniter\View\View->CodeIgniter\View\{closure}()
 4 SYSTEMPATH\Common.php(1188): CodeIgniter\View\View->render('Applicant/AppProfile', [], true)
 5 APPPATH\Controllers\AppController.php(30): view('Applicant/AppProfile', [...])
 6 SYSTEMPATH\CodeIgniter.php(919): App\Controllers\AppController->AppProfile()
 7 SYSTEMPATH\CodeIgniter.php(494): CodeIgniter\CodeIgniter->runController(Object(App\Controllers\AppController))
 8 SYSTEMPATH\CodeIgniter.php(353): CodeIgniter\CodeIgniter->handleRequest(null, Object(Config\Cache), false)
 9 FCPATH\index.php(79): CodeIgniter\CodeIgniter->run()
10 SYSTEMPATH\Commands\Server\rewrite.php(47): require_once('D:\\CapstoneProject\\public\\index.php')
CRITICAL - 2023-12-02 23:30:20 --> Undefined variable $userData
in APPPATH\Views\Applicant\AppSetting.php on line 53.
 1 APPPATH\Views\Applicant\AppSetting.php(53): CodeIgniter\Debug\Exceptions->errorHandler(2, 'Undefined variable $userData', 'D:\\CapstoneProject\\app\\Views\\Applicant\\AppSetting.php', 53)
 2 SYSTEMPATH\View\View.php(226): include('D:\\CapstoneProject\\app\\Views\\Applicant\\AppSetting.php')
 3 SYSTEMPATH\View\View.php(229): CodeIgniter\View\View->CodeIgniter\View\{closure}()
 4 SYSTEMPATH\Common.php(1188): CodeIgniter\View\View->render('Applicant/AppSetting', [], true)
 5 APPPATH\Controllers\AppController.php(74): view('Applicant/AppSetting', [...])
 6 SYSTEMPATH\CodeIgniter.php(919): App\Controllers\AppController->AppSetting()
 7 SYSTEMPATH\CodeIgniter.php(494): CodeIgniter\CodeIgniter->runController(Object(App\Controllers\AppController))
 8 SYSTEMPATH\CodeIgniter.php(353): CodeIgniter\CodeIgniter->handleRequest(null, Object(Config\Cache), false)
 9 FCPATH\index.php(79): CodeIgniter\CodeIgniter->run()
10 SYSTEMPATH\Commands\Server\rewrite.php(47): require_once('D:\\CapstoneProject\\public\\index.php')
CRITICAL - 2023-12-02 23:32:14 --> Undefined variable $user
in APPPATH\Views\Applicant\chop\header.php on line 138.
 1 APPPATH\Views\Applicant\chop\header.php(138): CodeIgniter\Debug\Exceptions->errorHandler(2, 'Undefined variable $user', 'D:\\CapstoneProject\\app\\Views\\Applicant\\chop\\header.php', 138)
 2 SYSTEMPATH\View\View.php(226): include('D:\\CapstoneProject\\app\\Views\\Applicant\\chop\\header.php')
 3 SYSTEMPATH\View\View.php(229): CodeIgniter\View\View->CodeIgniter\View\{closure}()
 4 SYSTEMPATH\Common.php(1188): CodeIgniter\View\View->render('Applicant/chop/header', [], true)
 5 APPPATH\Views\Applicant\AppForm1.php(6): view('Applicant/chop/header')
 6 SYSTEMPATH\View\View.php(226): include('D:\\CapstoneProject\\app\\Views\\Applicant\\AppForm1.php')
 7 SYSTEMPATH\View\View.php(229): CodeIgniter\View\View->CodeIgniter\View\{closure}()
 8 SYSTEMPATH\Common.php(1188): CodeIgniter\View\View->render('Applicant/AppForm1', [], true)
 9 APPPATH\Controllers\AppController.php(86): view('Applicant/AppForm1', [...])
10 SYSTEMPATH\CodeIgniter.php(919): App\Controllers\AppController->AppForm1()
11 SYSTEMPATH\CodeIgniter.php(494): CodeIgniter\CodeIgniter->runController(Object(App\Controllers\AppController))
12 SYSTEMPATH\CodeIgniter.php(353): CodeIgniter\CodeIgniter->handleRequest(null, Object(Config\Cache), false)
13 FCPATH\index.php(79): CodeIgniter\CodeIgniter->run()
14 SYSTEMPATH\Commands\Server\rewrite.php(47): require_once('D:\\CapstoneProject\\public\\index.php')
CRITICAL - 2023-12-02 23:34:22 --> Undefined array key "preferredArea"
in APPPATH\Views\Applicant\AppForm1.php on line 31.
 1 APPPATH\Views\Applicant\AppForm1.php(31): CodeIgniter\Debug\Exceptions->errorHandler(2, 'Undefined array key "preferredArea"', 'D:\\CapstoneProject\\app\\Views\\Applicant\\AppForm1.php', 31)
 2 SYSTEMPATH\View\View.php(226): include('D:\\CapstoneProject\\app\\Views\\Applicant\\AppForm1.php')
 3 SYSTEMPATH\View\View.php(229): CodeIgniter\View\View->CodeIgniter\View\{closure}()
 4 SYSTEMPATH\Common.php(1188): CodeIgniter\View\View->render('Applicant/AppForm1', [], true)
 5 APPPATH\Controllers\AppController.php(85): view('Applicant/AppForm1', [...])
 6 SYSTEMPATH\CodeIgniter.php(919): App\Controllers\AppController->AppForm1()
 7 SYSTEMPATH\CodeIgniter.php(494): CodeIgniter\CodeIgniter->runController(Object(App\Controllers\AppController))
 8 SYSTEMPATH\CodeIgniter.php(353): CodeIgniter\CodeIgniter->handleRequest(null, Object(Config\Cache), false)
 9 FCPATH\index.php(79): CodeIgniter\CodeIgniter->run()
10 SYSTEMPATH\Commands\Server\rewrite.php(47): require_once('D:\\CapstoneProject\\public\\index.php')
CRITICAL - 2023-12-02 23:34:49 --> Undefined array key "preferredArea"
in APPPATH\Views\Applicant\AppForm1.php on line 31.
 1 APPPATH\Views\Applicant\AppForm1.php(31): CodeIgniter\Debug\Exceptions->errorHandler(2, 'Undefined array key "preferredArea"', 'D:\\CapstoneProject\\app\\Views\\Applicant\\AppForm1.php', 31)
 2 SYSTEMPATH\View\View.php(226): include('D:\\CapstoneProject\\app\\Views\\Applicant\\AppForm1.php')
 3 SYSTEMPATH\View\View.php(229): CodeIgniter\View\View->CodeIgniter\View\{closure}()
 4 SYSTEMPATH\Common.php(1188): CodeIgniter\View\View->render('Applicant/AppForm1', [], true)
 5 APPPATH\Controllers\AppController.php(85): view('Applicant/AppForm1', [...])
 6 SYSTEMPATH\CodeIgniter.php(919): App\Controllers\AppController->AppForm1()
 7 SYSTEMPATH\CodeIgniter.php(494): CodeIgniter\CodeIgniter->runController(Object(App\Controllers\AppController))
 8 SYSTEMPATH\CodeIgniter.php(353): CodeIgniter\CodeIgniter->handleRequest(null, Object(Config\Cache), false)
 9 FCPATH\index.php(79): CodeIgniter\CodeIgniter->run()
10 SYSTEMPATH\Commands\Server\rewrite.php(47): require_once('D:\\CapstoneProject\\public\\index.php')
CRITICAL - 2023-12-02 23:35:42 --> Undefined array key "preferredArea"
in APPPATH\Views\Applicant\AppForm1.php on line 31.
 1 APPPATH\Views\Applicant\AppForm1.php(31): CodeIgniter\Debug\Exceptions->errorHandler(2, 'Undefined array key "preferredArea"', 'D:\\CapstoneProject\\app\\Views\\Applicant\\AppForm1.php', 31)
 2 SYSTEMPATH\View\View.php(226): include('D:\\CapstoneProject\\app\\Views\\Applicant\\AppForm1.php')
 3 SYSTEMPATH\View\View.php(229): CodeIgniter\View\View->CodeIgniter\View\{closure}()
 4 SYSTEMPATH\Common.php(1188): CodeIgniter\View\View->render('Applicant/AppForm1', [], true)
 5 APPPATH\Controllers\AppController.php(85): view('Applicant/AppForm1', [...])
 6 SYSTEMPATH\CodeIgniter.php(919): App\Controllers\AppController->AppForm1()
 7 SYSTEMPATH\CodeIgniter.php(494): CodeIgniter\CodeIgniter->runController(Object(App\Controllers\AppController))
 8 SYSTEMPATH\CodeIgniter.php(353): CodeIgniter\CodeIgniter->handleRequest(null, Object(Config\Cache), false)
 9 FCPATH\index.php(79): CodeIgniter\CodeIgniter->run()
10 SYSTEMPATH\Commands\Server\rewrite.php(47): require_once('D:\\CapstoneProject\\public\\index.php')
CRITICAL - 2023-12-02 23:35:43 --> Undefined array key "preferredArea"
in APPPATH\Views\Applicant\AppForm1.php on line 31.
 1 APPPATH\Views\Applicant\AppForm1.php(31): CodeIgniter\Debug\Exceptions->errorHandler(2, 'Undefined array key "preferredArea"', 'D:\\CapstoneProject\\app\\Views\\Applicant\\AppForm1.php', 31)
 2 SYSTEMPATH\View\View.php(226): include('D:\\CapstoneProject\\app\\Views\\Applicant\\AppForm1.php')
 3 SYSTEMPATH\View\View.php(229): CodeIgniter\View\View->CodeIgniter\View\{closure}()
 4 SYSTEMPATH\Common.php(1188): CodeIgniter\View\View->render('Applicant/AppForm1', [], true)
 5 APPPATH\Controllers\AppController.php(85): view('Applicant/AppForm1', [...])
 6 SYSTEMPATH\CodeIgniter.php(919): App\Controllers\AppController->AppForm1()
 7 SYSTEMPATH\CodeIgniter.php(494): CodeIgniter\CodeIgniter->runController(Object(App\Controllers\AppController))
 8 SYSTEMPATH\CodeIgniter.php(353): CodeIgniter\CodeIgniter->handleRequest(null, Object(Config\Cache), false)
 9 FCPATH\index.php(79): CodeIgniter\CodeIgniter->run()
10 SYSTEMPATH\Commands\Server\rewrite.php(47): require_once('D:\\CapstoneProject\\public\\index.php')
CRITICAL - 2023-12-02 23:35:43 --> Undefined array key "preferredArea"
in APPPATH\Views\Applicant\AppForm1.php on line 31.
 1 APPPATH\Views\Applicant\AppForm1.php(31): CodeIgniter\Debug\Exceptions->errorHandler(2, 'Undefined array key "preferredArea"', 'D:\\CapstoneProject\\app\\Views\\Applicant\\AppForm1.php', 31)
 2 SYSTEMPATH\View\View.php(226): include('D:\\CapstoneProject\\app\\Views\\Applicant\\AppForm1.php')
 3 SYSTEMPATH\View\View.php(229): CodeIgniter\View\View->CodeIgniter\View\{closure}()
 4 SYSTEMPATH\Common.php(1188): CodeIgniter\View\View->render('Applicant/AppForm1', [], true)
 5 APPPATH\Controllers\AppController.php(85): view('Applicant/AppForm1', [...])
 6 SYSTEMPATH\CodeIgniter.php(919): App\Controllers\AppController->AppForm1()
 7 SYSTEMPATH\CodeIgniter.php(494): CodeIgniter\CodeIgniter->runController(Object(App\Controllers\AppController))
 8 SYSTEMPATH\CodeIgniter.php(353): CodeIgniter\CodeIgniter->handleRequest(null, Object(Config\Cache), false)
 9 FCPATH\index.php(79): CodeIgniter\CodeIgniter->run()
10 SYSTEMPATH\Commands\Server\rewrite.php(47): require_once('D:\\CapstoneProject\\public\\index.php')
CRITICAL - 2023-12-02 23:35:43 --> Undefined array key "preferredArea"
in APPPATH\Views\Applicant\AppForm1.php on line 31.
 1 APPPATH\Views\Applicant\AppForm1.php(31): CodeIgniter\Debug\Exceptions->errorHandler(2, 'Undefined array key "preferredArea"', 'D:\\CapstoneProject\\app\\Views\\Applicant\\AppForm1.php', 31)
 2 SYSTEMPATH\View\View.php(226): include('D:\\CapstoneProject\\app\\Views\\Applicant\\AppForm1.php')
 3 SYSTEMPATH\View\View.php(229): CodeIgniter\View\View->CodeIgniter\View\{closure}()
 4 SYSTEMPATH\Common.php(1188): CodeIgniter\View\View->render('Applicant/AppForm1', [], true)
 5 APPPATH\Controllers\AppController.php(85): view('Applicant/AppForm1', [...])
 6 SYSTEMPATH\CodeIgniter.php(919): App\Controllers\AppController->AppForm1()
 7 SYSTEMPATH\CodeIgniter.php(494): CodeIgniter\CodeIgniter->runController(Object(App\Controllers\AppController))
 8 SYSTEMPATH\CodeIgniter.php(353): CodeIgniter\CodeIgniter->handleRequest(null, Object(Config\Cache), false)
 9 FCPATH\index.php(79): CodeIgniter\CodeIgniter->run()
10 SYSTEMPATH\Commands\Server\rewrite.php(47): require_once('D:\\CapstoneProject\\public\\index.php')
CRITICAL - 2023-12-02 23:49:14 --> Undefined array key "positionApplying"
in APPPATH\Views\Applicant\AppForm1.php on line 28.
 1 APPPATH\Views\Applicant\AppForm1.php(28): CodeIgniter\Debug\Exceptions->errorHandler(2, 'Undefined array key "positionApplying"', 'D:\\CapstoneProject\\app\\Views\\Applicant\\AppForm1.php', 28)
 2 SYSTEMPATH\View\View.php(226): include('D:\\CapstoneProject\\app\\Views\\Applicant\\AppForm1.php')
 3 SYSTEMPATH\View\View.php(229): CodeIgniter\View\View->CodeIgniter\View\{closure}()
 4 SYSTEMPATH\Common.php(1188): CodeIgniter\View\View->render('Applicant/AppForm1', [], true)
 5 APPPATH\Controllers\AppController.php(87): view('Applicant/AppForm1', [...])
 6 SYSTEMPATH\CodeIgniter.php(919): App\Controllers\AppController->AppForm1()
 7 SYSTEMPATH\CodeIgniter.php(494): CodeIgniter\CodeIgniter->runController(Object(App\Controllers\AppController))
 8 SYSTEMPATH\CodeIgniter.php(353): CodeIgniter\CodeIgniter->handleRequest(null, Object(Config\Cache), false)
 9 FCPATH\index.php(79): CodeIgniter\CodeIgniter->run()
10 SYSTEMPATH\Commands\Server\rewrite.php(47): require_once('D:\\CapstoneProject\\public\\index.php')
