CRITICAL - 2023-12-15 12:45:01 --> mail(): Failed to connect to mailserver at &quot;localhost&quot; port 25, verify your &quot;SMTP&quot; and &quot;smtp_port&quot; setting in php.ini or use ini_set()
in APPPATH\Controllers\HomepageController.php on line 192.
 1 [internal function]: CodeIgniter\Debug\Exceptions->errorHandler(2, 'mail(): Failed to connect to mailserver at &quot;localhost&quot; port 25, verify your &quot;SMTP&quot; and &quot;smtp_port&quot; setting in php.ini or use ini_set()', 'D:\\ProjectSystem\\app\\Controllers\\HomepageController.php', 192)
 2 APPPATH\Controllers\HomepageController.php(192): mail('jandeleido@gmail.com', 'Password Reset Link', 'Click the link to reset your password: http://localhost:8080/reset-password/d2eb064d120d372d2865e9f3c6bdde40', 'From: Allianz PNB Life')
 3 SYSTEMPATH\CodeIgniter.php(919): App\Controllers\HomepageController->sendResetLink()
 4 SYSTEMPATH\CodeIgniter.php(494): CodeIgniter\CodeIgniter->runController(Object(App\Controllers\HomepageController))
 5 SYSTEMPATH\CodeIgniter.php(353): CodeIgniter\CodeIgniter->handleRequest(null, Object(Config\Cache), false)
 6 FCPATH\index.php(79): CodeIgniter\CodeIgniter->run()
 7 SYSTEMPATH\Commands\Server\rewrite.php(47): require_once('D:\\ProjectSystem\\public\\index.php')
CRITICAL - 2023-12-15 12:46:56 --> mail(): Failed to connect to mailserver at &quot;localhost&quot; port 25, verify your &quot;SMTP&quot; and &quot;smtp_port&quot; setting in php.ini or use ini_set()
in APPPATH\Controllers\HomepageController.php on line 192.
 1 [internal function]: CodeIgniter\Debug\Exceptions->errorHandler(2, 'mail(): Failed to connect to mailserver at &quot;localhost&quot; port 25, verify your &quot;SMTP&quot; and &quot;smtp_port&quot; setting in php.ini or use ini_set()', 'D:\\ProjectSystem\\app\\Controllers\\HomepageController.php', 192)
 2 APPPATH\Controllers\HomepageController.php(192): mail('jandeleido@gmail.com', 'Password Reset Link', 'Click the link to reset your password: http://localhost:8080/reset-password/394a129beab042074628d66532e58abe', 'From: Allianz PNB Life')
 3 SYSTEMPATH\CodeIgniter.php(919): App\Controllers\HomepageController->sendResetLink()
 4 SYSTEMPATH\CodeIgniter.php(494): CodeIgniter\CodeIgniter->runController(Object(App\Controllers\HomepageController))
 5 SYSTEMPATH\CodeIgniter.php(353): CodeIgniter\CodeIgniter->handleRequest(null, Object(Config\Cache), false)
 6 FCPATH\index.php(79): CodeIgniter\CodeIgniter->run()
 7 SYSTEMPATH\Commands\Server\rewrite.php(47): require_once('D:\\ProjectSystem\\public\\index.php')
CRITICAL - 2023-12-15 12:48:52 --> mail(): Failed to connect to mailserver at &quot;localhost&quot; port 25, verify your &quot;SMTP&quot; and &quot;smtp_port&quot; setting in php.ini or use ini_set()
in APPPATH\Controllers\HomepageController.php on line 194.
 1 [internal function]: CodeIgniter\Debug\Exceptions->errorHandler(2, 'mail(): Failed to connect to mailserver at &quot;localhost&quot; port 25, verify your &quot;SMTP&quot; and &quot;smtp_port&quot; setting in php.ini or use ini_set()', 'D:\\ProjectSystem\\app\\Controllers\\HomepageController.php', 194)
 2 APPPATH\Controllers\HomepageController.php(194): mail('jandeleido@gmail.com', 'Password Reset Link', 'Click the link to reset your password: http://localhost:8080/reset-password/1dfdf0791b2c0ce24c5d77f7863c89c3', 'From: Allianz PNB Life')
 3 SYSTEMPATH\CodeIgniter.php(919): App\Controllers\HomepageController->sendResetLink()
 4 SYSTEMPATH\CodeIgniter.php(494): CodeIgniter\CodeIgniter->runController(Object(App\Controllers\HomepageController))
 5 SYSTEMPATH\CodeIgniter.php(353): CodeIgniter\CodeIgniter->handleRequest(null, Object(Config\Cache), false)
 6 FCPATH\index.php(79): CodeIgniter\CodeIgniter->run()
 7 SYSTEMPATH\Commands\Server\rewrite.php(47): require_once('D:\\ProjectSystem\\public\\index.php')
CRITICAL - 2023-12-15 12:49:18 --> mail(): Failed to connect to mailserver at &quot;localhost&quot; port 25, verify your &quot;SMTP&quot; and &quot;smtp_port&quot; setting in php.ini or use ini_set()
in APPPATH\Controllers\HomepageController.php on line 194.
 1 [internal function]: CodeIgniter\Debug\Exceptions->errorHandler(2, 'mail(): Failed to connect to mailserver at &quot;localhost&quot; port 25, verify your &quot;SMTP&quot; and &quot;smtp_port&quot; setting in php.ini or use ini_set()', 'D:\\ProjectSystem\\app\\Controllers\\HomepageController.php', 194)
 2 APPPATH\Controllers\HomepageController.php(194): mail('jandeleido@gmail.com', 'Password Reset Link', 'Click the link to reset your password: http://localhost:8080/reset-password/6e330130e78d29be7cd2d857b85dce7d', 'From: Allianz PNB Life')
 3 SYSTEMPATH\CodeIgniter.php(919): App\Controllers\HomepageController->sendResetLink()
 4 SYSTEMPATH\CodeIgniter.php(494): CodeIgniter\CodeIgniter->runController(Object(App\Controllers\HomepageController))
 5 SYSTEMPATH\CodeIgniter.php(353): CodeIgniter\CodeIgniter->handleRequest(null, Object(Config\Cache), false)
 6 FCPATH\index.php(79): CodeIgniter\CodeIgniter->run()
 7 SYSTEMPATH\Commands\Server\rewrite.php(47): require_once('D:\\ProjectSystem\\public\\index.php')
ERROR - 2023-12-15 12:53:57 --> Email: Unable to send email using SMTP. Your server might not be configured to send mail using this method.
ERROR - 2023-12-15 12:53:57 --> 220 smtp.gmail.com ESMTP d21-20020a170902729500b001d3797d6899sm1031196pll.263 - gsmtp

hello: 250-smtp.gmail.com at your service, [139.135.241.171]
250-SIZE 35882577
250-8BITMIME
250-STARTTLS
250-ENHANCEDSTATUSCODES
250-PIPELINING
250-CHUNKING
250 SMTPUTF8

starttls: 220 2.0.0 Ready to start TLS

hello: 250-smtp.gmail.com at your service, [139.135.241.171]
250-SIZE 35882577
250-8BITMIME
250-AUTH LOGIN PLAIN XOAUTH2 PLAIN-CLIENTTOKEN OAUTHBEARER XOAUTH
250-ENHANCEDSTATUSCODES
250-PIPELINING
250-CHUNKING
250 SMTPUTF8

Failed to authenticate password. Error: 534-5.7.9 Application-specific password required. For more information, go to
534 5.7.9  https://support.google.com/mail/?p=InvalidSecondFactor d21-20020a170902729500b001d3797d6899sm1031196pll.263 - gsmtp

ERROR - 2023-12-15 12:54:39 --> Email: Unable to send email using SMTP. Your server might not be configured to send mail using this method.
ERROR - 2023-12-15 12:54:39 --> 220 smtp.gmail.com ESMTP p20-20020a63fe14000000b005c67721e6c0sm12380456pgh.53 - gsmtp

hello: 250-smtp.gmail.com at your service, [139.135.241.171]
250-SIZE 35882577
250-8BITMIME
250-STARTTLS
250-ENHANCEDSTATUSCODES
250-PIPELINING
250-CHUNKING
250 SMTPUTF8

starttls: 220 2.0.0 Ready to start TLS

hello: 250-smtp.gmail.com at your service, [139.135.241.171]
250-SIZE 35882577
250-8BITMIME
250-AUTH LOGIN PLAIN XOAUTH2 PLAIN-CLIENTTOKEN OAUTHBEARER XOAUTH
250-ENHANCEDSTATUSCODES
250-PIPELINING
250-CHUNKING
250 SMTPUTF8

Failed to authenticate password. Error: 535-5.7.8 Username and Password not accepted. For more information, go to
535 5.7.8  https://support.google.com/mail/?p=BadCredentials p20-20020a63fe14000000b005c67721e6c0sm12380456pgh.53 - gsmtp

ERROR - 2023-12-15 12:55:53 --> Email: Unable to send email using SMTP. Your server might not be configured to send mail using this method.
ERROR - 2023-12-15 12:55:53 --> 220 smtp.gmail.com ESMTP pm17-20020a17090b3c5100b002866c96fc71sm14186016pjb.38 - gsmtp

hello: 250-smtp.gmail.com at your service, [139.135.241.51]
250-SIZE 35882577
250-8BITMIME
250-STARTTLS
250-ENHANCEDSTATUSCODES
250-PIPELINING
250-CHUNKING
250 SMTPUTF8

starttls: 220 2.0.0 Ready to start TLS

hello: 250-smtp.gmail.com at your service, [139.135.241.51]
250-SIZE 35882577
250-8BITMIME
250-AUTH LOGIN PLAIN XOAUTH2 PLAIN-CLIENTTOKEN OAUTHBEARER XOAUTH
250-ENHANCEDSTATUSCODES
250-PIPELINING
250-CHUNKING
250 SMTPUTF8

Failed to authenticate password. Error: 535-5.7.8 Username and Password not accepted. For more information, go to
535 5.7.8  https://support.google.com/mail/?p=BadCredentials pm17-20020a17090b3c5100b002866c96fc71sm14186016pjb.38 - gsmtp

ERROR - 2023-12-15 13:03:36 --> Email: Unable to send email using SMTP. Your server might not be configured to send mail using this method.
ERROR - 2023-12-15 13:03:36 --> 220 smtp.gmail.com ESMTP p17-20020a170903249100b001cfde4c84bcsm13294882plw.141 - gsmtp

hello: 250-smtp.gmail.com at your service, [139.135.241.231]
250-SIZE 35882577
250-8BITMIME
250-STARTTLS
250-ENHANCEDSTATUSCODES
250-PIPELINING
250-CHUNKING
250 SMTPUTF8

starttls: 220 2.0.0 Ready to start TLS

hello: 250-smtp.gmail.com at your service, [139.135.241.231]
250-SIZE 35882577
250-8BITMIME
250-AUTH LOGIN PLAIN XOAUTH2 PLAIN-CLIENTTOKEN OAUTHBEARER XOAUTH
250-ENHANCEDSTATUSCODES
250-PIPELINING
250-CHUNKING
250 SMTPUTF8

Failed to authenticate password. Error: 535-5.7.8 Username and Password not accepted. For more information, go to
535 5.7.8  https://support.google.com/mail/?p=BadCredentials p17-20020a170903249100b001cfde4c84bcsm13294882plw.141 - gsmtp

CRITICAL - 2023-12-15 13:06:31 --> Config\App::$baseURL is invalid.
in SYSTEMPATH\HTTP\SiteURI.php on line 197.
 1 SYSTEMPATH\HTTP\SiteURI.php(143): CodeIgniter\HTTP\SiteURI->normalizeBaseURL(Object(Config\App))
 2 SYSTEMPATH\HTTP\SiteURI.php(98): CodeIgniter\HTTP\SiteURI->determineBaseURL(Object(Config\App), null, null)
 3 SYSTEMPATH\HTTP\SiteURIFactory.php(222): CodeIgniter\HTTP\SiteURI->__construct(Object(Config\App), 'send-reset-link', null)
 4 SYSTEMPATH\HTTP\SiteURIFactory.php(43): CodeIgniter\HTTP\SiteURIFactory->createURIFromRoutePath('send-reset-link')
 5 SYSTEMPATH\Config\Services.php(798): CodeIgniter\HTTP\SiteURIFactory->createFromGlobals()
 6 SYSTEMPATH\Config\BaseService.php(258): CodeIgniter\Config\Services::uri(null, false)
 7 SYSTEMPATH\Config\BaseService.php(199): CodeIgniter\Config\BaseService::__callStatic('uri', [...])
 8 SYSTEMPATH\Config\Services.php(791): CodeIgniter\Config\BaseService::getSharedInstance('uri', null)
 9 SYSTEMPATH\Config\BaseService.php(258): CodeIgniter\Config\Services::uri()
10 SYSTEMPATH\Config\Services.php(565): CodeIgniter\Config\BaseService::__callStatic('uri', [])
11 SYSTEMPATH\Config\Services.php(523): CodeIgniter\Config\Services::incomingrequest(Object(Config\App), false)
12 SYSTEMPATH\Config\BaseService.php(258): CodeIgniter\Config\Services::request(Object(Config\App), false)
13 SYSTEMPATH\Config\BaseService.php(199): CodeIgniter\Config\BaseService::__callStatic('request', [...])
14 SYSTEMPATH\Config\Services.php(558): CodeIgniter\Config\BaseService::getSharedInstance('request', Object(Config\App))
15 SYSTEMPATH\Config\BaseService.php(258): CodeIgniter\Config\Services::incomingrequest(Object(Config\App))
16 SYSTEMPATH\Config\Services.php(538): CodeIgniter\Config\BaseService::__callStatic('incomingrequest', [...])
17 SYSTEMPATH\Config\BaseService.php(258): CodeIgniter\Config\Services::createRequest(Object(Config\App))
18 SYSTEMPATH\CodeIgniter.php(639): CodeIgniter\Config\BaseService::__callStatic('createRequest', [...])
19 SYSTEMPATH\CodeIgniter.php(347): CodeIgniter\CodeIgniter->getRequestObject()
20 FCPATH\index.php(79): CodeIgniter\CodeIgniter->run()
21 SYSTEMPATH\Commands\Server\rewrite.php(47): require_once('D:\\ProjectSystem\\public\\index.php')
CRITICAL - 2023-12-15 13:06:31 --> Uncaught CodeIgniter\Exceptions\ConfigException: Config\App::$baseURL is invalid. in D:\ProjectSystem\system\HTTP\SiteURI.php:197
Stack trace:
#0 D:\ProjectSystem\system\HTTP\SiteURI.php(143): CodeIgniter\HTTP\SiteURI->normalizeBaseURL(Object(Config\App))
#1 D:\ProjectSystem\system\HTTP\SiteURI.php(98): CodeIgniter\HTTP\SiteURI->determineBaseURL(Object(Config\App), NULL, NULL)
#2 D:\ProjectSystem\system\HTTP\SiteURIFactory.php(222): CodeIgniter\HTTP\SiteURI->__construct(Object(Config\App), 'send-reset-link', NULL)
#3 D:\ProjectSystem\system\HTTP\SiteURIFactory.php(43): CodeIgniter\HTTP\SiteURIFactory->createURIFromRoutePath('send-reset-link')
#4 D:\ProjectSystem\system\Config\Services.php(798): CodeIgniter\HTTP\SiteURIFactory->createFromGlobals()
#5 D:\ProjectSystem\system\Config\BaseService.php(258): CodeIgniter\Config\Services::uri(NULL, false)
#6 D:\ProjectSystem\system\Config\BaseService.php(199): CodeIgniter\Config\BaseService::__callStatic('uri', Array)
#7 D:\ProjectSystem\system\Config\Services.php(791): CodeIgniter\Config\BaseService::getSharedInstance('uri', NULL)
#8 D:\ProjectSystem\system\Config\BaseService.php(258): CodeIgniter\Config\Services::uri()
#9 D:\ProjectSystem\system\Config\Services.php(565): CodeIgniter\Config\BaseService::__callStatic('uri', Array)
#10 D:\ProjectSystem\system\Config\Services.php(523): CodeIgniter\Config\Services::incomingrequest(Object(Config\App), false)
#11 D:\ProjectSystem\system\Config\BaseService.php(258): CodeIgniter\Config\Services::request(NULL, false)
#12 D:\ProjectSystem\system\Config\BaseService.php(199): CodeIgniter\Config\BaseService::__callStatic('request', Array)
#13 D:\ProjectSystem\system\Config\Services.php(519): CodeIgniter\Config\BaseService::getSharedInstance('request', NULL)
#14 D:\ProjectSystem\system\Config\BaseService.php(258): CodeIgniter\Config\Services::request()
#15 D:\ProjectSystem\system\Debug\Exceptions.php(135): CodeIgniter\Config\BaseService::__callStatic('request', Array)
#16 [internal function]: CodeIgniter\Debug\Exceptions->exceptionHandler(Object(CodeIgniter\Exceptions\ConfigException))
#17 {main}
  thrown
【Previous Exception】
CodeIgniter\Exceptions\ConfigException
Config\App::$baseURL is invalid.
#0 D:\ProjectSystem\system\HTTP\SiteURI.php(143): CodeIgniter\HTTP\SiteURI->normalizeBaseURL(Object(Config\App))
#1 D:\ProjectSystem\system\HTTP\SiteURI.php(98): CodeIgniter\HTTP\SiteURI->determineBaseURL(Object(Config\App), NULL, NULL)
#2 D:\ProjectSystem\system\HTTP\SiteURIFactory.php(222): CodeIgniter\HTTP\SiteURI->__construct(Object(Config\App), 'send-reset-link', NULL)
#3 D:\ProjectSystem\system\HTTP\SiteURIFactory.php(43): CodeIgniter\HTTP\SiteURIFactory->createURIFromRoutePath('send-reset-link')
#4 D:\ProjectSystem\system\Config\Services.php(798): CodeIgniter\HTTP\SiteURIFactory->createFromGlobals()
#5 D:\ProjectSystem\system\Config\BaseService.php(258): CodeIgniter\Config\Services::uri(NULL, false)
#6 D:\ProjectSystem\system\Config\BaseService.php(199): CodeIgniter\Config\BaseService::__callStatic('uri', Array)
#7 D:\ProjectSystem\system\Config\Services.php(791): CodeIgniter\Config\BaseService::getSharedInstance('uri', NULL)
#8 D:\ProjectSystem\system\Config\BaseService.php(258): CodeIgniter\Config\Services::uri()
#9 D:\ProjectSystem\system\Config\Services.php(565): CodeIgniter\Config\BaseService::__callStatic('uri', Array)
#10 D:\ProjectSystem\system\Config\Services.php(523): CodeIgniter\Config\Services::incomingrequest(Object(Config\App), false)
#11 D:\ProjectSystem\system\Config\BaseService.php(258): CodeIgniter\Config\Services::request(Object(Config\App), false)
#12 D:\ProjectSystem\system\Config\BaseService.php(199): CodeIgniter\Config\BaseService::__callStatic('request', Array)
#13 D:\ProjectSystem\system\Config\Services.php(558): CodeIgniter\Config\BaseService::getSharedInstance('request', Object(Config\App))
#14 D:\ProjectSystem\system\Config\BaseService.php(258): CodeIgniter\Config\Services::incomingrequest(Object(Config\App))
#15 D:\ProjectSystem\system\Config\Services.php(538): CodeIgniter\Config\BaseService::__callStatic('incomingrequest', Array)
#16 D:\ProjectSystem\system\Config\BaseService.php(258): CodeIgniter\Config\Services::createRequest(Object(Config\App))
#17 D:\ProjectSystem\system\CodeIgniter.php(639): CodeIgniter\Config\BaseService::__callStatic('createRequest', Array)
#18 D:\ProjectSystem\system\CodeIgniter.php(347): CodeIgniter\CodeIgniter->getRequestObject()
#19 D:\ProjectSystem\public\index.php(79): CodeIgniter\CodeIgniter->run()
#20 D:\ProjectSystem\system\Commands\Server\rewrite.php(47): require_once('D:\\ProjectSyste...')
#21 {main}
in SYSTEMPATH\HTTP\SiteURI.php on line 197.
 1 [internal function]: CodeIgniter\Debug\Exceptions->shutdownHandler()
ERROR - 2023-12-15 13:16:40 --> Email: Unable to send email using SMTP. Your server might not be configured to send mail using this method.
ERROR - 2023-12-15 13:16:40 --> 220 smtp.gmail.com ESMTP t2-20020a62d142000000b00690c0cf97c9sm13156202pfl.73 - gsmtp

hello: 250-smtp.gmail.com at your service, [139.135.241.51]
250-SIZE 35882577
250-8BITMIME
250-STARTTLS
250-ENHANCEDSTATUSCODES
250-PIPELINING
250-CHUNKING
250 SMTPUTF8

starttls: 220 2.0.0 Ready to start TLS

hello: 250-smtp.gmail.com at your service, [139.135.241.51]
250-SIZE 35882577
250-8BITMIME
250-AUTH LOGIN PLAIN XOAUTH2 PLAIN-CLIENTTOKEN OAUTHBEARER XOAUTH
250-ENHANCEDSTATUSCODES
250-PIPELINING
250-CHUNKING
250 SMTPUTF8

Failed to authenticate password. Error: 535-5.7.8 Username and Password not accepted. For more information, go to
535 5.7.8  https://support.google.com/mail/?p=BadCredentials t2-20020a62d142000000b00690c0cf97c9sm13156202pfl.73 - gsmtp

