ERROR - 2023-12-11 03:57:27 --> Error connecting to the database: mysqli_sql_exception: No connection could be made because the target machine actively refused it in D:\ProjectSystem\system\Database\MySQLi\Connection.php:185
Stack trace:
#0 D:\ProjectSystem\system\Database\MySQLi\Connection.php(185): mysqli->real_connect('localhost', 'root', '', 'erecruit', 3306, '', 0)
#1 D:\ProjectSystem\system\Database\BaseConnection.php(391): CodeIgniter\Database\MySQLi\Connection->connect(false)
#2 D:\ProjectSystem\system\Database\BaseConnection.php(574): CodeIgniter\Database\BaseConnection->initialize()
#3 D:\ProjectSystem\system\Database\BaseBuilder.php(1615): CodeIgniter\Database\BaseConnection->query('SELECT *\nFROM `...', Array, false)
#4 D:\ProjectSystem\system\Model.php(264): CodeIgniter\Database\BaseBuilder->get()
#5 D:\ProjectSystem\system\BaseModel.php(662): CodeIgniter\Model->doFirst()
#6 D:\ProjectSystem\app\Controllers\HomepageController.php(130): CodeIgniter\BaseModel->first()
#7 D:\ProjectSystem\system\CodeIgniter.php(919): App\Controllers\HomepageController->authlog()
#8 D:\ProjectSystem\system\CodeIgniter.php(494): CodeIgniter\CodeIgniter->runController(Object(App\Controllers\HomepageController))
#9 D:\ProjectSystem\system\CodeIgniter.php(353): CodeIgniter\CodeIgniter->handleRequest(NULL, Object(Config\Cache), false)
#10 D:\ProjectSystem\public\index.php(79): CodeIgniter\CodeIgniter->run()
#11 D:\ProjectSystem\system\Commands\Server\rewrite.php(47): require_once('D:\\ProjectSyste...')
#12 {main}

Next CodeIgniter\Database\Exceptions\DatabaseException: No connection could be made because the target machine actively refused it in D:\ProjectSystem\system\Database\MySQLi\Connection.php:229
Stack trace:
#0 D:\ProjectSystem\system\Database\BaseConnection.php(391): CodeIgniter\Database\MySQLi\Connection->connect(false)
#1 D:\ProjectSystem\system\Database\BaseConnection.php(574): CodeIgniter\Database\BaseConnection->initialize()
#2 D:\ProjectSystem\system\Database\BaseBuilder.php(1615): CodeIgniter\Database\BaseConnection->query('SELECT *\nFROM `...', Array, false)
#3 D:\ProjectSystem\system\Model.php(264): CodeIgniter\Database\BaseBuilder->get()
#4 D:\ProjectSystem\system\BaseModel.php(662): CodeIgniter\Model->doFirst()
#5 D:\ProjectSystem\app\Controllers\HomepageController.php(130): CodeIgniter\BaseModel->first()
#6 D:\ProjectSystem\system\CodeIgniter.php(919): App\Controllers\HomepageController->authlog()
#7 D:\ProjectSystem\system\CodeIgniter.php(494): CodeIgniter\CodeIgniter->runController(Object(App\Controllers\HomepageController))
#8 D:\ProjectSystem\system\CodeIgniter.php(353): CodeIgniter\CodeIgniter->handleRequest(NULL, Object(Config\Cache), false)
#9 D:\ProjectSystem\public\index.php(79): CodeIgniter\CodeIgniter->run()
#10 D:\ProjectSystem\system\Commands\Server\rewrite.php(47): require_once('D:\\ProjectSyste...')
#11 {main}
CRITICAL - 2023-12-11 03:57:27 --> Unable to connect to the database.
Main connection [MySQLi]: No connection could be made because the target machine actively refused it
in SYSTEMPATH\Database\BaseConnection.php on line 427.
 1 SYSTEMPATH\Database\BaseConnection.php(574): CodeIgniter\Database\BaseConnection->initialize()
 2 SYSTEMPATH\Database\BaseBuilder.php(1615): CodeIgniter\Database\BaseConnection->query('SELECT *
FROM `users`
WHERE `email` = :email:
 LIMIT 1', [...], false)
 3 SYSTEMPATH\Model.php(264): CodeIgniter\Database\BaseBuilder->get()
 4 SYSTEMPATH\BaseModel.php(662): CodeIgniter\Model->doFirst()
 5 APPPATH\Controllers\HomepageController.php(130): CodeIgniter\BaseModel->first()
 6 SYSTEMPATH\CodeIgniter.php(919): App\Controllers\HomepageController->authlog()
 7 SYSTEMPATH\CodeIgniter.php(494): CodeIgniter\CodeIgniter->runController(Object(App\Controllers\HomepageController))
 8 SYSTEMPATH\CodeIgniter.php(353): CodeIgniter\CodeIgniter->handleRequest(null, Object(Config\Cache), false)
 9 FCPATH\index.php(79): CodeIgniter\CodeIgniter->run()
10 SYSTEMPATH\Commands\Server\rewrite.php(47): require_once('D:\\ProjectSystem\\public\\index.php')
ERROR - 2023-12-11 04:40:34 --> Email: sendWithMail throwed ErrorException: mail(): Failed to connect to mailserver at &quot;localhost&quot; port 25, verify your &quot;SMTP&quot; and &quot;smtp_port&quot; setting in php.ini or use ini_set() in D:\ProjectSystem\system\Email\Email.php:1749
Stack trace:
#0 [internal function]: CodeIgniter\Debug\Exceptions->errorHandler(2, 'mail(): Failed ...', 'D:\\ProjectSyste...', 1749)
#1 D:\ProjectSystem\system\Email\Email.php(1749): mail('someone@example...', '=?UTF-8?Q?Email...', 'Testing the ema...', 'Date: Mon, 11 D...', '-f your@example...')
#2 D:\ProjectSystem\system\Email\Email.php(1681): CodeIgniter\Email\Email->sendWithMail()
#3 D:\ProjectSystem\system\Email\Email.php(1575): CodeIgniter\Email\Email->spoolEmail()
#4 D:\ProjectSystem\app\Controllers\HomepageController.php(200): CodeIgniter\Email\Email->send()
#5 D:\ProjectSystem\system\CodeIgniter.php(919): App\Controllers\HomepageController->emailtest()
#6 D:\ProjectSystem\system\CodeIgniter.php(494): CodeIgniter\CodeIgniter->runController(Object(App\Controllers\HomepageController))
#7 D:\ProjectSystem\system\CodeIgniter.php(353): CodeIgniter\CodeIgniter->handleRequest(NULL, Object(Config\Cache), false)
#8 D:\ProjectSystem\public\index.php(79): CodeIgniter\CodeIgniter->run()
#9 D:\ProjectSystem\system\Commands\Server\rewrite.php(47): require_once('D:\\ProjectSyste...')
#10 {main}
ERROR - 2023-12-11 04:40:34 --> Email: Unable to send email using PHP mail(). Your server might not be configured to send mail using this method.
ERROR - 2023-12-11 04:40:34 --> 
CRITICAL - 2023-12-11 04:44:22 --> mail(): Failed to connect to mailserver at &quot;localhost&quot; port 25, verify your &quot;SMTP&quot; and &quot;smtp_port&quot; setting in php.ini or use ini_set()
in APPPATH\Controllers\HomepageController.php on line 195.
 1 [internal function]: CodeIgniter\Debug\Exceptions->errorHandler(2, 'mail(): Failed to connect to mailserver at &quot;localhost&quot; port 25, verify your &quot;SMTP&quot; and &quot;smtp_port&quot; setting in php.ini or use ini_set()', 'D:\\ProjectSystem\\app\\Controllers\\HomepageController.php', 195)
 2 APPPATH\Controllers\HomepageController.php(195): mail('jandeleido@gmail.com', 'Email Test', 'Testing the email functionality using mail() function.', 'From: your_email@example.com')
 3 SYSTEMPATH\CodeIgniter.php(919): App\Controllers\HomepageController->emailtest()
 4 SYSTEMPATH\CodeIgniter.php(494): CodeIgniter\CodeIgniter->runController(Object(App\Controllers\HomepageController))
 5 SYSTEMPATH\CodeIgniter.php(353): CodeIgniter\CodeIgniter->handleRequest(null, Object(Config\Cache), false)
 6 FCPATH\index.php(79): CodeIgniter\CodeIgniter->run()
 7 SYSTEMPATH\Commands\Server\rewrite.php(47): require_once('D:\\ProjectSystem\\public\\index.php')
CRITICAL - 2023-12-11 04:50:02 --> Maximum execution time of 60 seconds exceeded
in APPPATH\Controllers\HomepageController.php on line 195.
 1 [internal function]: CodeIgniter\Debug\Exceptions->shutdownHandler()
ERROR - 2023-12-11 05:16:23 --> mysqli_sql_exception: Unknown column 'reset_token' in 'where clause' in D:\ProjectSystem\system\Database\MySQLi\Connection.php:306
Stack trace:
#0 D:\ProjectSystem\system\Database\MySQLi\Connection.php(306): mysqli->query('SELECT *\nFROM `...', 0)
#1 D:\ProjectSystem\system\Database\BaseConnection.php(692): CodeIgniter\Database\MySQLi\Connection->execute('SELECT *\nFROM `...')
#2 D:\ProjectSystem\system\Database\BaseConnection.php(606): CodeIgniter\Database\BaseConnection->simpleQuery('SELECT *\nFROM `...')
#3 D:\ProjectSystem\system\Database\BaseBuilder.php(1615): CodeIgniter\Database\BaseConnection->query('SELECT *\nFROM `...', Array, false)
#4 D:\ProjectSystem\system\Model.php(264): CodeIgniter\Database\BaseBuilder->get()
#5 D:\ProjectSystem\system\BaseModel.php(662): CodeIgniter\Model->doFirst()
#6 D:\ProjectSystem\app\Controllers\HomepageController.php(221): CodeIgniter\BaseModel->first()
#7 D:\ProjectSystem\system\CodeIgniter.php(919): App\Controllers\HomepageController->resetPassword('f928abe53b6b1c2...')
#8 D:\ProjectSystem\system\CodeIgniter.php(494): CodeIgniter\CodeIgniter->runController(Object(App\Controllers\HomepageController))
#9 D:\ProjectSystem\system\CodeIgniter.php(353): CodeIgniter\CodeIgniter->handleRequest(NULL, Object(Config\Cache), false)
#10 D:\ProjectSystem\public\index.php(79): CodeIgniter\CodeIgniter->run()
#11 D:\ProjectSystem\system\Commands\Server\rewrite.php(47): require_once('D:\\ProjectSyste...')
#12 {main}
CRITICAL - 2023-12-11 05:16:23 --> Unknown column 'reset_token' in 'where clause'
in SYSTEMPATH\Database\BaseConnection.php on line 646.
 1 SYSTEMPATH\Database\BaseBuilder.php(1615): CodeIgniter\Database\BaseConnection->query('SELECT *
FROM `users`
WHERE `reset_token` = :reset_token:
 LIMIT 1', [...], false)
 2 SYSTEMPATH\Model.php(264): CodeIgniter\Database\BaseBuilder->get()
 3 SYSTEMPATH\BaseModel.php(662): CodeIgniter\Model->doFirst()
 4 APPPATH\Controllers\HomepageController.php(221): CodeIgniter\BaseModel->first()
 5 SYSTEMPATH\CodeIgniter.php(919): App\Controllers\HomepageController->resetPassword('f928abe53b6b1c2b0fde03240b52fc60')
 6 SYSTEMPATH\CodeIgniter.php(494): CodeIgniter\CodeIgniter->runController(Object(App\Controllers\HomepageController))
 7 SYSTEMPATH\CodeIgniter.php(353): CodeIgniter\CodeIgniter->handleRequest(null, Object(Config\Cache), false)
 8 FCPATH\index.php(79): CodeIgniter\CodeIgniter->run()
 9 SYSTEMPATH\Commands\Server\rewrite.php(47): require_once('D:\\ProjectSystem\\public\\index.php')
CRITICAL - 2023-12-11 05:18:27 --> Invalid file: "forgot.php"
in SYSTEMPATH\Exceptions\FrameworkException.php on line 39.
 1 SYSTEMPATH\View\View.php(214): CodeIgniter\Exceptions\FrameworkException::forInvalidFile('forgot.php')
 2 SYSTEMPATH\Common.php(1188): CodeIgniter\View\View->render('forgot', [], true)
 3 APPPATH\Controllers\HomepageController.php(227): view('forgot', [...])
 4 SYSTEMPATH\CodeIgniter.php(919): App\Controllers\HomepageController->resetPassword('2f4c17891dcd2f861aec545cb9a9ccac')
 5 SYSTEMPATH\CodeIgniter.php(494): CodeIgniter\CodeIgniter->runController(Object(App\Controllers\HomepageController))
 6 SYSTEMPATH\CodeIgniter.php(353): CodeIgniter\CodeIgniter->handleRequest(null, Object(Config\Cache), false)
 7 FCPATH\index.php(79): CodeIgniter\CodeIgniter->run()
 8 SYSTEMPATH\Commands\Server\rewrite.php(47): require_once('D:\\ProjectSystem\\public\\index.php')
ERROR - 2023-12-11 07:14:31 --> Error connecting to the database: mysqli_sql_exception: No connection could be made because the target machine actively refused it in D:\ProjectSystem\system\Database\MySQLi\Connection.php:185
Stack trace:
#0 D:\ProjectSystem\system\Database\MySQLi\Connection.php(185): mysqli->real_connect('localhost', 'root', '', 'erecruit', 3306, '', 0)
#1 D:\ProjectSystem\system\Database\BaseConnection.php(391): CodeIgniter\Database\MySQLi\Connection->connect(false)
#2 D:\ProjectSystem\system\Database\BaseConnection.php(574): CodeIgniter\Database\BaseConnection->initialize()
#3 D:\ProjectSystem\system\Database\BaseBuilder.php(1615): CodeIgniter\Database\BaseConnection->query('SELECT *\nFROM `...', Array, false)
#4 D:\ProjectSystem\system\Model.php(264): CodeIgniter\Database\BaseBuilder->get()
#5 D:\ProjectSystem\system\BaseModel.php(662): CodeIgniter\Model->doFirst()
#6 D:\ProjectSystem\app\Controllers\HomepageController.php(202): CodeIgniter\BaseModel->first()
#7 D:\ProjectSystem\system\CodeIgniter.php(919): App\Controllers\HomepageController->sendResetLink()
#8 D:\ProjectSystem\system\CodeIgniter.php(494): CodeIgniter\CodeIgniter->runController(Object(App\Controllers\HomepageController))
#9 D:\ProjectSystem\system\CodeIgniter.php(353): CodeIgniter\CodeIgniter->handleRequest(NULL, Object(Config\Cache), false)
#10 D:\ProjectSystem\public\index.php(79): CodeIgniter\CodeIgniter->run()
#11 D:\ProjectSystem\system\Commands\Server\rewrite.php(47): require_once('D:\\ProjectSyste...')
#12 {main}

Next CodeIgniter\Database\Exceptions\DatabaseException: No connection could be made because the target machine actively refused it in D:\ProjectSystem\system\Database\MySQLi\Connection.php:229
Stack trace:
#0 D:\ProjectSystem\system\Database\BaseConnection.php(391): CodeIgniter\Database\MySQLi\Connection->connect(false)
#1 D:\ProjectSystem\system\Database\BaseConnection.php(574): CodeIgniter\Database\BaseConnection->initialize()
#2 D:\ProjectSystem\system\Database\BaseBuilder.php(1615): CodeIgniter\Database\BaseConnection->query('SELECT *\nFROM `...', Array, false)
#3 D:\ProjectSystem\system\Model.php(264): CodeIgniter\Database\BaseBuilder->get()
#4 D:\ProjectSystem\system\BaseModel.php(662): CodeIgniter\Model->doFirst()
#5 D:\ProjectSystem\app\Controllers\HomepageController.php(202): CodeIgniter\BaseModel->first()
#6 D:\ProjectSystem\system\CodeIgniter.php(919): App\Controllers\HomepageController->sendResetLink()
#7 D:\ProjectSystem\system\CodeIgniter.php(494): CodeIgniter\CodeIgniter->runController(Object(App\Controllers\HomepageController))
#8 D:\ProjectSystem\system\CodeIgniter.php(353): CodeIgniter\CodeIgniter->handleRequest(NULL, Object(Config\Cache), false)
#9 D:\ProjectSystem\public\index.php(79): CodeIgniter\CodeIgniter->run()
#10 D:\ProjectSystem\system\Commands\Server\rewrite.php(47): require_once('D:\\ProjectSyste...')
#11 {main}
CRITICAL - 2023-12-11 07:14:31 --> Unable to connect to the database.
Main connection [MySQLi]: No connection could be made because the target machine actively refused it
in SYSTEMPATH\Database\BaseConnection.php on line 427.
 1 SYSTEMPATH\Database\BaseConnection.php(574): CodeIgniter\Database\BaseConnection->initialize()
 2 SYSTEMPATH\Database\BaseBuilder.php(1615): CodeIgniter\Database\BaseConnection->query('SELECT *
FROM `users`
WHERE `email` = :email:
 LIMIT 1', [...], false)
 3 SYSTEMPATH\Model.php(264): CodeIgniter\Database\BaseBuilder->get()
 4 SYSTEMPATH\BaseModel.php(662): CodeIgniter\Model->doFirst()
 5 APPPATH\Controllers\HomepageController.php(202): CodeIgniter\BaseModel->first()
 6 SYSTEMPATH\CodeIgniter.php(919): App\Controllers\HomepageController->sendResetLink()
 7 SYSTEMPATH\CodeIgniter.php(494): CodeIgniter\CodeIgniter->runController(Object(App\Controllers\HomepageController))
 8 SYSTEMPATH\CodeIgniter.php(353): CodeIgniter\CodeIgniter->handleRequest(null, Object(Config\Cache), false)
 9 FCPATH\index.php(79): CodeIgniter\CodeIgniter->run()
10 SYSTEMPATH\Commands\Server\rewrite.php(47): require_once('D:\\ProjectSystem\\public\\index.php')
CRITICAL - 2023-12-11 08:10:37 --> mail(): Failed to connect to mailserver at &quot;localhost&quot; port 25, verify your &quot;SMTP&quot; and &quot;smtp_port&quot; setting in php.ini or use ini_set()
in APPPATH\Controllers\HomepageController.php on line 220.
 1 [internal function]: CodeIgniter\Debug\Exceptions->errorHandler(2, 'mail(): Failed to connect to mailserver at &quot;localhost&quot; port 25, verify your &quot;SMTP&quot; and &quot;smtp_port&quot; setting in php.ini or use ini_set()', 'D:\\ProjectSystem\\app\\Controllers\\HomepageController.php', 220)
 2 APPPATH\Controllers\HomepageController.php(220): mail('jandeleido@gmail.com', 'Password Reset Link', 'Click the link to reset your password: http://localhost:8080/reset-password/34a6a5a6a421d6e7d8fde87bd136b188')
 3 SYSTEMPATH\CodeIgniter.php(919): App\Controllers\HomepageController->sendResetLink()
 4 SYSTEMPATH\CodeIgniter.php(494): CodeIgniter\CodeIgniter->runController(Object(App\Controllers\HomepageController))
 5 SYSTEMPATH\CodeIgniter.php(353): CodeIgniter\CodeIgniter->handleRequest(null, Object(Config\Cache), false)
 6 FCPATH\index.php(79): CodeIgniter\CodeIgniter->run()
 7 SYSTEMPATH\Commands\Server\rewrite.php(47): require_once('D:\\ProjectSystem\\public\\index.php')
CRITICAL - 2023-12-11 08:22:57 --> mail(): Failed to connect to mailserver at &quot;localhost&quot; port 25, verify your &quot;SMTP&quot; and &quot;smtp_port&quot; setting in php.ini or use ini_set()
in APPPATH\Controllers\HomepageController.php on line 220.
 1 [internal function]: CodeIgniter\Debug\Exceptions->errorHandler(2, 'mail(): Failed to connect to mailserver at &quot;localhost&quot; port 25, verify your &quot;SMTP&quot; and &quot;smtp_port&quot; setting in php.ini or use ini_set()', 'D:\\ProjectSystem\\app\\Controllers\\HomepageController.php', 220)
 2 APPPATH\Controllers\HomepageController.php(220): mail('jandeleido@gmail.com', 'Password Reset Link', 'Click the link to reset your password: http://localhost:8080/reset-password/e03b5befd0823019a5193286f48c32c8', 'From: your_email@example.com')
 3 SYSTEMPATH\CodeIgniter.php(919): App\Controllers\HomepageController->sendResetLink()
 4 SYSTEMPATH\CodeIgniter.php(494): CodeIgniter\CodeIgniter->runController(Object(App\Controllers\HomepageController))
 5 SYSTEMPATH\CodeIgniter.php(353): CodeIgniter\CodeIgniter->handleRequest(null, Object(Config\Cache), false)
 6 FCPATH\index.php(79): CodeIgniter\CodeIgniter->run()
 7 SYSTEMPATH\Commands\Server\rewrite.php(47): require_once('D:\\ProjectSystem\\public\\index.php')
CRITICAL - 2023-12-11 08:51:06 --> Undefined variable $token
in APPPATH\Views\Home\reset_password.php on line 45.
 1 APPPATH\Views\Home\reset_password.php(45): CodeIgniter\Debug\Exceptions->errorHandler(2, 'Undefined variable $token', 'D:\\ProjectSystem\\app\\Views\\Home\\reset_password.php', 45)
 2 SYSTEMPATH\View\View.php(226): include('D:\\ProjectSystem\\app\\Views\\Home\\reset_password.php')
 3 SYSTEMPATH\View\View.php(229): CodeIgniter\View\View->CodeIgniter\View\{closure}()
 4 SYSTEMPATH\Common.php(1188): CodeIgniter\View\View->render('Home/reset_password', [], true)
 5 APPPATH\Controllers\HomepageController.php(272): view('Home/reset_password', [...])
 6 SYSTEMPATH\CodeIgniter.php(919): App\Controllers\HomepageController->processResetPassword('506dd17a644d661c7a553335dc11e90b')
 7 SYSTEMPATH\CodeIgniter.php(494): CodeIgniter\CodeIgniter->runController(Object(App\Controllers\HomepageController))
 8 SYSTEMPATH\CodeIgniter.php(353): CodeIgniter\CodeIgniter->handleRequest(null, Object(Config\Cache), false)
 9 FCPATH\index.php(79): CodeIgniter\CodeIgniter->run()
10 SYSTEMPATH\Commands\Server\rewrite.php(47): require_once('D:\\ProjectSystem\\public\\index.php')
CRITICAL - 2023-12-11 08:52:18 --> Undefined variable $token
in APPPATH\Views\Home\reset_password.php on line 45.
 1 APPPATH\Views\Home\reset_password.php(45): CodeIgniter\Debug\Exceptions->errorHandler(2, 'Undefined variable $token', 'D:\\ProjectSystem\\app\\Views\\Home\\reset_password.php', 45)
 2 SYSTEMPATH\View\View.php(226): include('D:\\ProjectSystem\\app\\Views\\Home\\reset_password.php')
 3 SYSTEMPATH\View\View.php(229): CodeIgniter\View\View->CodeIgniter\View\{closure}()
 4 SYSTEMPATH\Common.php(1188): CodeIgniter\View\View->render('Home/reset_password', [], true)
 5 APPPATH\Controllers\HomepageController.php(270): view('Home/reset_password', [...])
 6 SYSTEMPATH\CodeIgniter.php(919): App\Controllers\HomepageController->processResetPassword('8e3631c83caca6d7ec8fa05467b749e9')
 7 SYSTEMPATH\CodeIgniter.php(494): CodeIgniter\CodeIgniter->runController(Object(App\Controllers\HomepageController))
 8 SYSTEMPATH\CodeIgniter.php(353): CodeIgniter\CodeIgniter->handleRequest(null, Object(Config\Cache), false)
 9 FCPATH\index.php(79): CodeIgniter\CodeIgniter->run()
10 SYSTEMPATH\Commands\Server\rewrite.php(47): require_once('D:\\ProjectSystem\\public\\index.php')
CRITICAL - 2023-12-11 08:54:30 --> Cannot redeclare App\Controllers\HomepageController::processResetPassword()
in APPPATH\Controllers\HomepageController.php on line 240.
 1 [internal function]: CodeIgniter\Debug\Exceptions->shutdownHandler()
CRITICAL - 2023-12-11 08:54:39 --> Cannot redeclare App\Controllers\HomepageController::processResetPassword()
in APPPATH\Controllers\HomepageController.php on line 240.
 1 [internal function]: CodeIgniter\Debug\Exceptions->shutdownHandler()
CRITICAL - 2023-12-11 08:54:46 --> Cannot redeclare App\Controllers\HomepageController::processResetPassword()
in APPPATH\Controllers\HomepageController.php on line 240.
 1 [internal function]: CodeIgniter\Debug\Exceptions->shutdownHandler()
CRITICAL - 2023-12-11 08:54:51 --> Cannot redeclare App\Controllers\HomepageController::processResetPassword()
in APPPATH\Controllers\HomepageController.php on line 240.
 1 [internal function]: CodeIgniter\Debug\Exceptions->shutdownHandler()
CRITICAL - 2023-12-11 08:57:58 --> Undefined variable $token
in APPPATH\Views\Home\reset_password.php on line 45.
 1 APPPATH\Views\Home\reset_password.php(45): CodeIgniter\Debug\Exceptions->errorHandler(2, 'Undefined variable $token', 'D:\\ProjectSystem\\app\\Views\\Home\\reset_password.php', 45)
 2 SYSTEMPATH\View\View.php(226): include('D:\\ProjectSystem\\app\\Views\\Home\\reset_password.php')
 3 SYSTEMPATH\View\View.php(229): CodeIgniter\View\View->CodeIgniter\View\{closure}()
 4 SYSTEMPATH\Common.php(1188): CodeIgniter\View\View->render('Home/reset_password', [], true)
 5 APPPATH\Controllers\HomepageController.php(271): view('Home/reset_password', [...])
 6 SYSTEMPATH\CodeIgniter.php(919): App\Controllers\HomepageController->processResetPassword('6aae0199d6e811601ebc363ca24f8a7a')
 7 SYSTEMPATH\CodeIgniter.php(494): CodeIgniter\CodeIgniter->runController(Object(App\Controllers\HomepageController))
 8 SYSTEMPATH\CodeIgniter.php(353): CodeIgniter\CodeIgniter->handleRequest(null, Object(Config\Cache), false)
 9 FCPATH\index.php(79): CodeIgniter\CodeIgniter->run()
10 SYSTEMPATH\Commands\Server\rewrite.php(47): require_once('D:\\ProjectSystem\\public\\index.php')
CRITICAL - 2023-12-11 08:58:05 --> Undefined variable $token
in APPPATH\Views\Home\reset_password.php on line 45.
 1 APPPATH\Views\Home\reset_password.php(45): CodeIgniter\Debug\Exceptions->errorHandler(2, 'Undefined variable $token', 'D:\\ProjectSystem\\app\\Views\\Home\\reset_password.php', 45)
 2 SYSTEMPATH\View\View.php(226): include('D:\\ProjectSystem\\app\\Views\\Home\\reset_password.php')
 3 SYSTEMPATH\View\View.php(229): CodeIgniter\View\View->CodeIgniter\View\{closure}()
 4 SYSTEMPATH\Common.php(1188): CodeIgniter\View\View->render('Home/reset_password', [], true)
 5 APPPATH\Controllers\HomepageController.php(271): view('Home/reset_password', [...])
 6 SYSTEMPATH\CodeIgniter.php(919): App\Controllers\HomepageController->processResetPassword('6aae0199d6e811601ebc363ca24f8a7a')
 7 SYSTEMPATH\CodeIgniter.php(494): CodeIgniter\CodeIgniter->runController(Object(App\Controllers\HomepageController))
 8 SYSTEMPATH\CodeIgniter.php(353): CodeIgniter\CodeIgniter->handleRequest(null, Object(Config\Cache), false)
 9 FCPATH\index.php(79): CodeIgniter\CodeIgniter->run()
10 SYSTEMPATH\Commands\Server\rewrite.php(47): require_once('D:\\ProjectSystem\\public\\index.php')
CRITICAL - 2023-12-11 09:06:00 --> Undefined variable $validation
in APPPATH\Views\Home\register.php on line 36.
 1 APPPATH\Views\Home\register.php(36): CodeIgniter\Debug\Exceptions->errorHandler(2, 'Undefined variable $validation', 'D:\\ProjectSystem\\app\\Views\\Home\\register.php', 36)
 2 SYSTEMPATH\View\View.php(226): include('D:\\ProjectSystem\\app\\Views\\Home\\register.php')
 3 SYSTEMPATH\View\View.php(229): CodeIgniter\View\View->CodeIgniter\View\{closure}()
 4 SYSTEMPATH\Common.php(1188): CodeIgniter\View\View->render('Home/register', [], true)
 5 APPPATH\Controllers\HomepageController.php(34): view('Home/register')
 6 SYSTEMPATH\CodeIgniter.php(919): App\Controllers\HomepageController->register()
 7 SYSTEMPATH\CodeIgniter.php(494): CodeIgniter\CodeIgniter->runController(Object(App\Controllers\HomepageController))
 8 SYSTEMPATH\CodeIgniter.php(353): CodeIgniter\CodeIgniter->handleRequest(null, Object(Config\Cache), false)
 9 FCPATH\index.php(79): CodeIgniter\CodeIgniter->run()
10 SYSTEMPATH\Commands\Server\rewrite.php(47): require_once('D:\\ProjectSystem\\public\\index.php')
CRITICAL - 2023-12-11 09:08:52 --> Undefined variable $validation
in APPPATH\Views\Home\register.php on line 36.
 1 APPPATH\Views\Home\register.php(36): CodeIgniter\Debug\Exceptions->errorHandler(2, 'Undefined variable $validation', 'D:\\ProjectSystem\\app\\Views\\Home\\register.php', 36)
 2 SYSTEMPATH\View\View.php(226): include('D:\\ProjectSystem\\app\\Views\\Home\\register.php')
 3 SYSTEMPATH\View\View.php(229): CodeIgniter\View\View->CodeIgniter\View\{closure}()
 4 SYSTEMPATH\Common.php(1188): CodeIgniter\View\View->render('Home/register', [], true)
 5 APPPATH\Controllers\HomepageController.php(34): view('Home/register')
 6 SYSTEMPATH\CodeIgniter.php(919): App\Controllers\HomepageController->register()
 7 SYSTEMPATH\CodeIgniter.php(494): CodeIgniter\CodeIgniter->runController(Object(App\Controllers\HomepageController))
 8 SYSTEMPATH\CodeIgniter.php(353): CodeIgniter\CodeIgniter->handleRequest(null, Object(Config\Cache), false)
 9 FCPATH\index.php(79): CodeIgniter\CodeIgniter->run()
10 SYSTEMPATH\Commands\Server\rewrite.php(47): require_once('D:\\ProjectSystem\\public\\index.php')
CRITICAL - 2023-12-11 09:09:07 --> Undefined variable $validation
in APPPATH\Views\Home\register.php on line 36.
 1 APPPATH\Views\Home\register.php(36): CodeIgniter\Debug\Exceptions->errorHandler(2, 'Undefined variable $validation', 'D:\\ProjectSystem\\app\\Views\\Home\\register.php', 36)
 2 SYSTEMPATH\View\View.php(226): include('D:\\ProjectSystem\\app\\Views\\Home\\register.php')
 3 SYSTEMPATH\View\View.php(229): CodeIgniter\View\View->CodeIgniter\View\{closure}()
 4 SYSTEMPATH\Common.php(1188): CodeIgniter\View\View->render('Home/register', [], true)
 5 APPPATH\Controllers\HomepageController.php(34): view('Home/register')
 6 SYSTEMPATH\CodeIgniter.php(919): App\Controllers\HomepageController->register()
 7 SYSTEMPATH\CodeIgniter.php(494): CodeIgniter\CodeIgniter->runController(Object(App\Controllers\HomepageController))
 8 SYSTEMPATH\CodeIgniter.php(353): CodeIgniter\CodeIgniter->handleRequest(null, Object(Config\Cache), false)
 9 FCPATH\index.php(79): CodeIgniter\CodeIgniter->run()
10 SYSTEMPATH\Commands\Server\rewrite.php(47): require_once('D:\\ProjectSystem\\public\\index.php')
CRITICAL - 2023-12-11 09:09:17 --> Undefined variable $validation
in APPPATH\Views\Home\register.php on line 36.
 1 APPPATH\Views\Home\register.php(36): CodeIgniter\Debug\Exceptions->errorHandler(2, 'Undefined variable $validation', 'D:\\ProjectSystem\\app\\Views\\Home\\register.php', 36)
 2 SYSTEMPATH\View\View.php(226): include('D:\\ProjectSystem\\app\\Views\\Home\\register.php')
 3 SYSTEMPATH\View\View.php(229): CodeIgniter\View\View->CodeIgniter\View\{closure}()
 4 SYSTEMPATH\Common.php(1188): CodeIgniter\View\View->render('Home/register', [], true)
 5 APPPATH\Controllers\HomepageController.php(34): view('Home/register', [])
 6 SYSTEMPATH\CodeIgniter.php(919): App\Controllers\HomepageController->register()
 7 SYSTEMPATH\CodeIgniter.php(494): CodeIgniter\CodeIgniter->runController(Object(App\Controllers\HomepageController))
 8 SYSTEMPATH\CodeIgniter.php(353): CodeIgniter\CodeIgniter->handleRequest(null, Object(Config\Cache), false)
 9 FCPATH\index.php(79): CodeIgniter\CodeIgniter->run()
10 SYSTEMPATH\Commands\Server\rewrite.php(47): require_once('D:\\ProjectSystem\\public\\index.php')
CRITICAL - 2023-12-11 09:09:59 --> Undefined variable $validation
in APPPATH\Views\Home\register.php on line 36.
 1 APPPATH\Views\Home\register.php(36): CodeIgniter\Debug\Exceptions->errorHandler(2, 'Undefined variable $validation', 'D:\\ProjectSystem\\app\\Views\\Home\\register.php', 36)
 2 SYSTEMPATH\View\View.php(226): include('D:\\ProjectSystem\\app\\Views\\Home\\register.php')
 3 SYSTEMPATH\View\View.php(229): CodeIgniter\View\View->CodeIgniter\View\{closure}()
 4 SYSTEMPATH\Common.php(1188): CodeIgniter\View\View->render('Home/register', [], true)
 5 APPPATH\Controllers\HomepageController.php(34): view('Home/register')
 6 SYSTEMPATH\CodeIgniter.php(919): App\Controllers\HomepageController->register()
 7 SYSTEMPATH\CodeIgniter.php(494): CodeIgniter\CodeIgniter->runController(Object(App\Controllers\HomepageController))
 8 SYSTEMPATH\CodeIgniter.php(353): CodeIgniter\CodeIgniter->handleRequest(null, Object(Config\Cache), false)
 9 FCPATH\index.php(79): CodeIgniter\CodeIgniter->run()
10 SYSTEMPATH\Commands\Server\rewrite.php(47): require_once('D:\\ProjectSystem\\public\\index.php')
CRITICAL - 2023-12-11 09:16:12 --> Undefined variable $validation
in APPPATH\Views\Home\register.php on line 36.
 1 APPPATH\Views\Home\register.php(36): CodeIgniter\Debug\Exceptions->errorHandler(2, 'Undefined variable $validation', 'D:\\ProjectSystem\\app\\Views\\Home\\register.php', 36)
 2 SYSTEMPATH\View\View.php(226): include('D:\\ProjectSystem\\app\\Views\\Home\\register.php')
 3 SYSTEMPATH\View\View.php(229): CodeIgniter\View\View->CodeIgniter\View\{closure}()
 4 SYSTEMPATH\Common.php(1188): CodeIgniter\View\View->render('Home/register', [], true)
 5 APPPATH\Controllers\HomepageController.php(41): view('Home/register')
 6 SYSTEMPATH\CodeIgniter.php(919): App\Controllers\HomepageController->register()
 7 SYSTEMPATH\CodeIgniter.php(494): CodeIgniter\CodeIgniter->runController(Object(App\Controllers\HomepageController))
 8 SYSTEMPATH\CodeIgniter.php(353): CodeIgniter\CodeIgniter->handleRequest(null, Object(Config\Cache), false)
 9 FCPATH\index.php(79): CodeIgniter\CodeIgniter->run()
10 SYSTEMPATH\Commands\Server\rewrite.php(47): require_once('D:\\ProjectSystem\\public\\index.php')
CRITICAL - 2023-12-11 09:17:21 --> Undefined variable $validation
in APPPATH\Views\Home\register.php on line 36.
 1 APPPATH\Views\Home\register.php(36): CodeIgniter\Debug\Exceptions->errorHandler(2, 'Undefined variable $validation', 'D:\\ProjectSystem\\app\\Views\\Home\\register.php', 36)
 2 SYSTEMPATH\View\View.php(226): include('D:\\ProjectSystem\\app\\Views\\Home\\register.php')
 3 SYSTEMPATH\View\View.php(229): CodeIgniter\View\View->CodeIgniter\View\{closure}()
 4 SYSTEMPATH\Common.php(1188): CodeIgniter\View\View->render('Home/register', [], true)
 5 APPPATH\Controllers\HomepageController.php(41): view('Home/register')
 6 SYSTEMPATH\CodeIgniter.php(919): App\Controllers\HomepageController->register()
 7 SYSTEMPATH\CodeIgniter.php(494): CodeIgniter\CodeIgniter->runController(Object(App\Controllers\HomepageController))
 8 SYSTEMPATH\CodeIgniter.php(353): CodeIgniter\CodeIgniter->handleRequest(null, Object(Config\Cache), false)
 9 FCPATH\index.php(79): CodeIgniter\CodeIgniter->run()
10 SYSTEMPATH\Commands\Server\rewrite.php(47): require_once('D:\\ProjectSystem\\public\\index.php')
CRITICAL - 2023-12-11 09:17:22 --> Undefined variable $validation
in APPPATH\Views\Home\register.php on line 36.
 1 APPPATH\Views\Home\register.php(36): CodeIgniter\Debug\Exceptions->errorHandler(2, 'Undefined variable $validation', 'D:\\ProjectSystem\\app\\Views\\Home\\register.php', 36)
 2 SYSTEMPATH\View\View.php(226): include('D:\\ProjectSystem\\app\\Views\\Home\\register.php')
 3 SYSTEMPATH\View\View.php(229): CodeIgniter\View\View->CodeIgniter\View\{closure}()
 4 SYSTEMPATH\Common.php(1188): CodeIgniter\View\View->render('Home/register', [], true)
 5 APPPATH\Controllers\HomepageController.php(41): view('Home/register')
 6 SYSTEMPATH\CodeIgniter.php(919): App\Controllers\HomepageController->register()
 7 SYSTEMPATH\CodeIgniter.php(494): CodeIgniter\CodeIgniter->runController(Object(App\Controllers\HomepageController))
 8 SYSTEMPATH\CodeIgniter.php(353): CodeIgniter\CodeIgniter->handleRequest(null, Object(Config\Cache), false)
 9 FCPATH\index.php(79): CodeIgniter\CodeIgniter->run()
10 SYSTEMPATH\Commands\Server\rewrite.php(47): require_once('D:\\ProjectSystem\\public\\index.php')
CRITICAL - 2023-12-11 09:17:22 --> Undefined variable $validation
in APPPATH\Views\Home\register.php on line 36.
 1 APPPATH\Views\Home\register.php(36): CodeIgniter\Debug\Exceptions->errorHandler(2, 'Undefined variable $validation', 'D:\\ProjectSystem\\app\\Views\\Home\\register.php', 36)
 2 SYSTEMPATH\View\View.php(226): include('D:\\ProjectSystem\\app\\Views\\Home\\register.php')
 3 SYSTEMPATH\View\View.php(229): CodeIgniter\View\View->CodeIgniter\View\{closure}()
 4 SYSTEMPATH\Common.php(1188): CodeIgniter\View\View->render('Home/register', [], true)
 5 APPPATH\Controllers\HomepageController.php(41): view('Home/register')
 6 SYSTEMPATH\CodeIgniter.php(919): App\Controllers\HomepageController->register()
 7 SYSTEMPATH\CodeIgniter.php(494): CodeIgniter\CodeIgniter->runController(Object(App\Controllers\HomepageController))
 8 SYSTEMPATH\CodeIgniter.php(353): CodeIgniter\CodeIgniter->handleRequest(null, Object(Config\Cache), false)
 9 FCPATH\index.php(79): CodeIgniter\CodeIgniter->run()
10 SYSTEMPATH\Commands\Server\rewrite.php(47): require_once('D:\\ProjectSystem\\public\\index.php')
CRITICAL - 2023-12-11 09:17:22 --> Undefined variable $validation
in APPPATH\Views\Home\register.php on line 36.
 1 APPPATH\Views\Home\register.php(36): CodeIgniter\Debug\Exceptions->errorHandler(2, 'Undefined variable $validation', 'D:\\ProjectSystem\\app\\Views\\Home\\register.php', 36)
 2 SYSTEMPATH\View\View.php(226): include('D:\\ProjectSystem\\app\\Views\\Home\\register.php')
 3 SYSTEMPATH\View\View.php(229): CodeIgniter\View\View->CodeIgniter\View\{closure}()
 4 SYSTEMPATH\Common.php(1188): CodeIgniter\View\View->render('Home/register', [], true)
 5 APPPATH\Controllers\HomepageController.php(41): view('Home/register')
 6 SYSTEMPATH\CodeIgniter.php(919): App\Controllers\HomepageController->register()
 7 SYSTEMPATH\CodeIgniter.php(494): CodeIgniter\CodeIgniter->runController(Object(App\Controllers\HomepageController))
 8 SYSTEMPATH\CodeIgniter.php(353): CodeIgniter\CodeIgniter->handleRequest(null, Object(Config\Cache), false)
 9 FCPATH\index.php(79): CodeIgniter\CodeIgniter->run()
10 SYSTEMPATH\Commands\Server\rewrite.php(47): require_once('D:\\ProjectSystem\\public\\index.php')
CRITICAL - 2023-12-11 09:17:23 --> Undefined variable $validation
in APPPATH\Views\Home\register.php on line 36.
 1 APPPATH\Views\Home\register.php(36): CodeIgniter\Debug\Exceptions->errorHandler(2, 'Undefined variable $validation', 'D:\\ProjectSystem\\app\\Views\\Home\\register.php', 36)
 2 SYSTEMPATH\View\View.php(226): include('D:\\ProjectSystem\\app\\Views\\Home\\register.php')
 3 SYSTEMPATH\View\View.php(229): CodeIgniter\View\View->CodeIgniter\View\{closure}()
 4 SYSTEMPATH\Common.php(1188): CodeIgniter\View\View->render('Home/register', [], true)
 5 APPPATH\Controllers\HomepageController.php(41): view('Home/register')
 6 SYSTEMPATH\CodeIgniter.php(919): App\Controllers\HomepageController->register()
 7 SYSTEMPATH\CodeIgniter.php(494): CodeIgniter\CodeIgniter->runController(Object(App\Controllers\HomepageController))
 8 SYSTEMPATH\CodeIgniter.php(353): CodeIgniter\CodeIgniter->handleRequest(null, Object(Config\Cache), false)
 9 FCPATH\index.php(79): CodeIgniter\CodeIgniter->run()
10 SYSTEMPATH\Commands\Server\rewrite.php(47): require_once('D:\\ProjectSystem\\public\\index.php')
CRITICAL - 2023-12-11 09:17:57 --> Undefined variable $validation
in APPPATH\Views\Home\register.php on line 36.
 1 APPPATH\Views\Home\register.php(36): CodeIgniter\Debug\Exceptions->errorHandler(2, 'Undefined variable $validation', 'D:\\ProjectSystem\\app\\Views\\Home\\register.php', 36)
 2 SYSTEMPATH\View\View.php(226): include('D:\\ProjectSystem\\app\\Views\\Home\\register.php')
 3 SYSTEMPATH\View\View.php(229): CodeIgniter\View\View->CodeIgniter\View\{closure}()
 4 SYSTEMPATH\Common.php(1188): CodeIgniter\View\View->render('Home/register', [], true)
 5 APPPATH\Controllers\HomepageController.php(41): view('Home/register')
 6 SYSTEMPATH\CodeIgniter.php(919): App\Controllers\HomepageController->register()
 7 SYSTEMPATH\CodeIgniter.php(494): CodeIgniter\CodeIgniter->runController(Object(App\Controllers\HomepageController))
 8 SYSTEMPATH\CodeIgniter.php(353): CodeIgniter\CodeIgniter->handleRequest(null, Object(Config\Cache), false)
 9 FCPATH\index.php(79): CodeIgniter\CodeIgniter->run()
10 SYSTEMPATH\Commands\Server\rewrite.php(47): require_once('D:\\ProjectSystem\\public\\index.php')
CRITICAL - 2023-12-11 09:20:42 --> Undefined variable $validation
in APPPATH\Views\Home\register.php on line 43.
 1 APPPATH\Views\Home\register.php(43): CodeIgniter\Debug\Exceptions->errorHandler(2, 'Undefined variable $validation', 'D:\\ProjectSystem\\app\\Views\\Home\\register.php', 43)
 2 SYSTEMPATH\View\View.php(226): include('D:\\ProjectSystem\\app\\Views\\Home\\register.php')
 3 SYSTEMPATH\View\View.php(229): CodeIgniter\View\View->CodeIgniter\View\{closure}()
 4 SYSTEMPATH\Common.php(1188): CodeIgniter\View\View->render('Home/register', [], true)
 5 APPPATH\Controllers\HomepageController.php(41): view('Home/register')
 6 SYSTEMPATH\CodeIgniter.php(919): App\Controllers\HomepageController->register()
 7 SYSTEMPATH\CodeIgniter.php(494): CodeIgniter\CodeIgniter->runController(Object(App\Controllers\HomepageController))
 8 SYSTEMPATH\CodeIgniter.php(353): CodeIgniter\CodeIgniter->handleRequest(null, Object(Config\Cache), false)
 9 FCPATH\index.php(79): CodeIgniter\CodeIgniter->run()
10 SYSTEMPATH\Commands\Server\rewrite.php(47): require_once('D:\\ProjectSystem\\public\\index.php')
ERROR - 2023-12-11 13:06:57 --> mysqli_sql_exception: Cannot add or update a child row: a foreign key constraint fails (`erecruit`.`lifechangerform`, CONSTRAINT `fk_referralBy` FOREIGN KEY (`referralBy`) REFERENCES `agent` (`agent_id`)) in D:\ProjectSystem\system\Database\MySQLi\Connection.php:306
Stack trace:
#0 D:\ProjectSystem\system\Database\MySQLi\Connection.php(306): mysqli->query('UPDATE `lifecha...', 0)
#1 D:\ProjectSystem\system\Database\BaseConnection.php(692): CodeIgniter\Database\MySQLi\Connection->execute('UPDATE `lifecha...')
#2 D:\ProjectSystem\system\Database\BaseConnection.php(606): CodeIgniter\Database\BaseConnection->simpleQuery('UPDATE `lifecha...')
#3 D:\ProjectSystem\system\Database\BaseBuilder.php(2475): CodeIgniter\Database\BaseConnection->query('UPDATE `lifecha...', Array, false)
#4 D:\ProjectSystem\system\Model.php(385): CodeIgniter\Database\BaseBuilder->update()
#5 D:\ProjectSystem\system\BaseModel.php(949): CodeIgniter\Model->doUpdate(NULL, Array)
#6 D:\ProjectSystem\system\Model.php(776): CodeIgniter\BaseModel->update(NULL, Array)
#7 D:\ProjectSystem\app\Controllers\AppController.php(274): CodeIgniter\Model->update()
#8 D:\ProjectSystem\system\CodeIgniter.php(919): App\Controllers\AppController->form1sv()
#9 D:\ProjectSystem\system\CodeIgniter.php(494): CodeIgniter\CodeIgniter->runController(Object(App\Controllers\AppController))
#10 D:\ProjectSystem\system\CodeIgniter.php(353): CodeIgniter\CodeIgniter->handleRequest(NULL, Object(Config\Cache), false)
#11 D:\ProjectSystem\public\index.php(79): CodeIgniter\CodeIgniter->run()
#12 D:\ProjectSystem\system\Commands\Server\rewrite.php(47): require_once('D:\\ProjectSyste...')
#13 {main}
CRITICAL - 2023-12-11 13:06:57 --> Cannot add or update a child row: a foreign key constraint fails (`erecruit`.`lifechangerform`, CONSTRAINT `fk_referralBy` FOREIGN KEY (`referralBy`) REFERENCES `agent` (`agent_id`))
in SYSTEMPATH\Database\BaseConnection.php on line 646.
 1 SYSTEMPATH\Database\BaseBuilder.php(2475): CodeIgniter\Database\BaseConnection->query('UPDATE `lifechangerform` SET `position` = :position:, `preferredArea` = :preferredArea:, `referral` = :referral:, `referralBy` = :referralBy:, `onlineAd` = :onlineAd:, `walkIn` = :walkIn:, `othersRef` = :othersRef:, `fname` = :fname:, `nickname` = :nickname:, `birthdate` = :birthdate:, `placeOfBirth` = :placeOfBirth:, `gender` = :gender:, `bloodType` = :bloodType:, `homeAddress` = :homeAddress:, `mobileNo` = :mobileNo:, `landline` = :landline:, `email` = :email:, `citizenship` = :citizenship:, `othersCitizenship` = :othersCitizenship:, `naturalizationInfo` = :naturalizationInfo:, `maritalStatus` = :maritalStatus:, `maidenName` = :maidenName:, `spouseName` = :spouseName:, `sssNo` = :sssNo:, `tin` = :tin:, `lifeInsuranceExperience` = :lifeInsuranceExperience:, `traditional` = :traditional:, `variable` = :variable:, `recentInsuranceCompany` = :recentInsuranceCompany:, `highSchool` = :highSchool:, `highSchoolCourse` = :highSchoolCourse:, `highSchoolYear` = :highSchoolYear:, `college` = :college:, `collegeCourse` = :collegeCourse:, `collegeYear` = :collegeYear:, `graduateSchool` = :graduateSchool:, `graduateCourse` = :graduateCourse:, `graduateYear` = :graduateYear:, `companyName1` = :companyName1:, `position1` = :position1:, `employmentFrom1` = :employmentFrom1:, `employmentTo1` = :employmentTo1:, `reason1` = :reason1:, `companyName2` = :companyName2:, `position2` = :position2:, `employmentFrom2` = :employmentFrom2:, `employmentTo2` = :employmentTo2:, `reason2` = :reason2:, `companyName3` = :companyName3:, `position3` = :position3:, `employmentFrom3` = :employmentFrom3:, `employmentTo3` = :employmentTo3:, `reason3` = :reason3:, `companyName` = :companyName:, `resposition` = :resposition:, `contactName` = :contactName:, `contactPosition` = :contactPosition:, `emailAddress` = :emailAddress:, `contactNumber` = :contactNumber:, `yescuremployed` = :yescuremployed:, `nocuremployed` = :nocuremployed:, `allowed` = :allowed:, `notallowed` = :notallowed:, `ifnoProvdtls` = :ifnoProvdtls:
WHERE `user_id` = :user_id:', [...], false)
 2 SYSTEMPATH\Model.php(385): CodeIgniter\Database\BaseBuilder->update()
 3 SYSTEMPATH\BaseModel.php(949): CodeIgniter\Model->doUpdate(null, [...])
 4 SYSTEMPATH\Model.php(776): CodeIgniter\BaseModel->update(null, [...])
 5 APPPATH\Controllers\AppController.php(274): CodeIgniter\Model->update()
 6 SYSTEMPATH\CodeIgniter.php(919): App\Controllers\AppController->form1sv()
 7 SYSTEMPATH\CodeIgniter.php(494): CodeIgniter\CodeIgniter->runController(Object(App\Controllers\AppController))
 8 SYSTEMPATH\CodeIgniter.php(353): CodeIgniter\CodeIgniter->handleRequest(null, Object(Config\Cache), false)
 9 FCPATH\index.php(79): CodeIgniter\CodeIgniter->run()
10 SYSTEMPATH\Commands\Server\rewrite.php(47): require_once('D:\\ProjectSystem\\public\\index.php')
CRITICAL - 2023-12-11 13:10:54 --> mail(): Failed to connect to mailserver at &quot;localhost&quot; port 25, verify your &quot;SMTP&quot; and &quot;smtp_port&quot; setting in php.ini or use ini_set()
in APPPATH\Controllers\HomepageController.php on line 192.
 1 [internal function]: CodeIgniter\Debug\Exceptions->errorHandler(2, 'mail(): Failed to connect to mailserver at &quot;localhost&quot; port 25, verify your &quot;SMTP&quot; and &quot;smtp_port&quot; setting in php.ini or use ini_set()', 'D:\\ProjectSystem\\app\\Controllers\\HomepageController.php', 192)
 2 APPPATH\Controllers\HomepageController.php(192): mail('Lester@gmail.com', 'Password Reset Link', 'Click the link to reset your password: http://localhost:8080/reset-password/04eafd271b7cf50b339dc884042c5a8b', 'From: Allianz PNB Life')
 3 SYSTEMPATH\CodeIgniter.php(919): App\Controllers\HomepageController->sendResetLink()
 4 SYSTEMPATH\CodeIgniter.php(494): CodeIgniter\CodeIgniter->runController(Object(App\Controllers\HomepageController))
 5 SYSTEMPATH\CodeIgniter.php(353): CodeIgniter\CodeIgniter->handleRequest(null, Object(Config\Cache), false)
 6 FCPATH\index.php(79): CodeIgniter\CodeIgniter->run()
 7 SYSTEMPATH\Commands\Server\rewrite.php(47): require_once('D:\\ProjectSystem\\public\\index.php')
CRITICAL - 2023-12-11 13:11:02 --> mail(): Failed to connect to mailserver at &quot;localhost&quot; port 25, verify your &quot;SMTP&quot; and &quot;smtp_port&quot; setting in php.ini or use ini_set()
in APPPATH\Controllers\HomepageController.php on line 192.
 1 [internal function]: CodeIgniter\Debug\Exceptions->errorHandler(2, 'mail(): Failed to connect to mailserver at &quot;localhost&quot; port 25, verify your &quot;SMTP&quot; and &quot;smtp_port&quot; setting in php.ini or use ini_set()', 'D:\\ProjectSystem\\app\\Controllers\\HomepageController.php', 192)
 2 APPPATH\Controllers\HomepageController.php(192): mail('Lester@gmail.com', 'Password Reset Link', 'Click the link to reset your password: http://localhost:8080/reset-password/1ef788b61b516d6398fa26bf606693ef', 'From: Allianz PNB Life')
 3 SYSTEMPATH\CodeIgniter.php(919): App\Controllers\HomepageController->sendResetLink()
 4 SYSTEMPATH\CodeIgniter.php(494): CodeIgniter\CodeIgniter->runController(Object(App\Controllers\HomepageController))
 5 SYSTEMPATH\CodeIgniter.php(353): CodeIgniter\CodeIgniter->handleRequest(null, Object(Config\Cache), false)
 6 FCPATH\index.php(79): CodeIgniter\CodeIgniter->run()
 7 SYSTEMPATH\Commands\Server\rewrite.php(47): require_once('D:\\ProjectSystem\\public\\index.php')
CRITICAL - 2023-12-11 13:11:28 --> Undefined variable $validation
in APPPATH\Views\Home\reset_password.php on line 49.
 1 APPPATH\Views\Home\reset_password.php(49): CodeIgniter\Debug\Exceptions->errorHandler(2, 'Undefined variable $validation', 'D:\\ProjectSystem\\app\\Views\\Home\\reset_password.php', 49)
 2 SYSTEMPATH\View\View.php(226): include('D:\\ProjectSystem\\app\\Views\\Home\\reset_password.php')
 3 SYSTEMPATH\View\View.php(229): CodeIgniter\View\View->CodeIgniter\View\{closure}()
 4 SYSTEMPATH\Common.php(1188): CodeIgniter\View\View->render('Home/reset_password', [], true)
 5 APPPATH\Controllers\HomepageController.php(213): view('Home/reset_password', [...])
 6 SYSTEMPATH\CodeIgniter.php(919): App\Controllers\HomepageController->resetPassword('5ab2d99773274c9c11a5f5c33fd37154')
 7 SYSTEMPATH\CodeIgniter.php(494): CodeIgniter\CodeIgniter->runController(Object(App\Controllers\HomepageController))
 8 SYSTEMPATH\CodeIgniter.php(353): CodeIgniter\CodeIgniter->handleRequest(null, Object(Config\Cache), false)
 9 FCPATH\index.php(79): CodeIgniter\CodeIgniter->run()
10 SYSTEMPATH\Commands\Server\rewrite.php(47): require_once('D:\\ProjectSystem\\public\\index.php')
CRITICAL - 2023-12-11 13:11:55 --> Undefined variable $validation
in APPPATH\Views\Home\reset_password.php on line 49.
 1 APPPATH\Views\Home\reset_password.php(49): CodeIgniter\Debug\Exceptions->errorHandler(2, 'Undefined variable $validation', 'D:\\ProjectSystem\\app\\Views\\Home\\reset_password.php', 49)
 2 SYSTEMPATH\View\View.php(226): include('D:\\ProjectSystem\\app\\Views\\Home\\reset_password.php')
 3 SYSTEMPATH\View\View.php(229): CodeIgniter\View\View->CodeIgniter\View\{closure}()
 4 SYSTEMPATH\Common.php(1188): CodeIgniter\View\View->render('Home/reset_password', [], true)
 5 APPPATH\Controllers\HomepageController.php(213): view('Home/reset_password', [...])
 6 SYSTEMPATH\CodeIgniter.php(919): App\Controllers\HomepageController->resetPassword('5ab2d99773274c9c11a5f5c33fd37154')
 7 SYSTEMPATH\CodeIgniter.php(494): CodeIgniter\CodeIgniter->runController(Object(App\Controllers\HomepageController))
 8 SYSTEMPATH\CodeIgniter.php(353): CodeIgniter\CodeIgniter->handleRequest(null, Object(Config\Cache), false)
 9 FCPATH\index.php(79): CodeIgniter\CodeIgniter->run()
10 SYSTEMPATH\Commands\Server\rewrite.php(47): require_once('D:\\ProjectSystem\\public\\index.php')
CRITICAL - 2023-12-11 13:12:24 --> Undefined variable $validation
in APPPATH\Views\Home\reset_password.php on line 55.
 1 APPPATH\Views\Home\reset_password.php(55): CodeIgniter\Debug\Exceptions->errorHandler(2, 'Undefined variable $validation', 'D:\\ProjectSystem\\app\\Views\\Home\\reset_password.php', 55)
 2 SYSTEMPATH\View\View.php(226): include('D:\\ProjectSystem\\app\\Views\\Home\\reset_password.php')
 3 SYSTEMPATH\View\View.php(229): CodeIgniter\View\View->CodeIgniter\View\{closure}()
 4 SYSTEMPATH\Common.php(1188): CodeIgniter\View\View->render('Home/reset_password', [], true)
 5 APPPATH\Controllers\HomepageController.php(213): view('Home/reset_password', [...])
 6 SYSTEMPATH\CodeIgniter.php(919): App\Controllers\HomepageController->resetPassword('5ab2d99773274c9c11a5f5c33fd37154')
 7 SYSTEMPATH\CodeIgniter.php(494): CodeIgniter\CodeIgniter->runController(Object(App\Controllers\HomepageController))
 8 SYSTEMPATH\CodeIgniter.php(353): CodeIgniter\CodeIgniter->handleRequest(null, Object(Config\Cache), false)
 9 FCPATH\index.php(79): CodeIgniter\CodeIgniter->run()
10 SYSTEMPATH\Commands\Server\rewrite.php(47): require_once('D:\\ProjectSystem\\public\\index.php')
CRITICAL - 2023-12-11 13:13:56 --> Undefined variable $validation
in APPPATH\Views\Home\reset_password.php on line 49.
 1 APPPATH\Views\Home\reset_password.php(49): CodeIgniter\Debug\Exceptions->errorHandler(2, 'Undefined variable $validation', 'D:\\ProjectSystem\\app\\Views\\Home\\reset_password.php', 49)
 2 SYSTEMPATH\View\View.php(226): include('D:\\ProjectSystem\\app\\Views\\Home\\reset_password.php')
 3 SYSTEMPATH\View\View.php(229): CodeIgniter\View\View->CodeIgniter\View\{closure}()
 4 SYSTEMPATH\Common.php(1188): CodeIgniter\View\View->render('Home/reset_password', [], true)
 5 APPPATH\Controllers\HomepageController.php(213): view('Home/reset_password', [...])
 6 SYSTEMPATH\CodeIgniter.php(919): App\Controllers\HomepageController->resetPassword('35202f485154693d9ffeca3aba93e971')
 7 SYSTEMPATH\CodeIgniter.php(494): CodeIgniter\CodeIgniter->runController(Object(App\Controllers\HomepageController))
 8 SYSTEMPATH\CodeIgniter.php(353): CodeIgniter\CodeIgniter->handleRequest(null, Object(Config\Cache), false)
 9 FCPATH\index.php(79): CodeIgniter\CodeIgniter->run()
10 SYSTEMPATH\Commands\Server\rewrite.php(47): require_once('D:\\ProjectSystem\\public\\index.php')
CRITICAL - 2023-12-11 13:14:39 --> Undefined variable $vali
in APPPATH\Views\Home\reset_password.php on line 49.
 1 APPPATH\Views\Home\reset_password.php(49): CodeIgniter\Debug\Exceptions->errorHandler(2, 'Undefined variable $vali', 'D:\\ProjectSystem\\app\\Views\\Home\\reset_password.php', 49)
 2 SYSTEMPATH\View\View.php(226): include('D:\\ProjectSystem\\app\\Views\\Home\\reset_password.php')
 3 SYSTEMPATH\View\View.php(229): CodeIgniter\View\View->CodeIgniter\View\{closure}()
 4 SYSTEMPATH\Common.php(1188): CodeIgniter\View\View->render('Home/reset_password', [], true)
 5 APPPATH\Controllers\HomepageController.php(213): view('Home/reset_password', [...])
 6 SYSTEMPATH\CodeIgniter.php(919): App\Controllers\HomepageController->resetPassword('35202f485154693d9ffeca3aba93e971')
 7 SYSTEMPATH\CodeIgniter.php(494): CodeIgniter\CodeIgniter->runController(Object(App\Controllers\HomepageController))
 8 SYSTEMPATH\CodeIgniter.php(353): CodeIgniter\CodeIgniter->handleRequest(null, Object(Config\Cache), false)
 9 FCPATH\index.php(79): CodeIgniter\CodeIgniter->run()
10 SYSTEMPATH\Commands\Server\rewrite.php(47): require_once('D:\\ProjectSystem\\public\\index.php')
CRITICAL - 2023-12-11 13:14:44 --> Undefined variable $validation
in APPPATH\Views\Home\reset_password.php on line 49.
 1 APPPATH\Views\Home\reset_password.php(49): CodeIgniter\Debug\Exceptions->errorHandler(2, 'Undefined variable $validation', 'D:\\ProjectSystem\\app\\Views\\Home\\reset_password.php', 49)
 2 SYSTEMPATH\View\View.php(226): include('D:\\ProjectSystem\\app\\Views\\Home\\reset_password.php')
 3 SYSTEMPATH\View\View.php(229): CodeIgniter\View\View->CodeIgniter\View\{closure}()
 4 SYSTEMPATH\Common.php(1188): CodeIgniter\View\View->render('Home/reset_password', [], true)
 5 APPPATH\Controllers\HomepageController.php(213): view('Home/reset_password', [...])
 6 SYSTEMPATH\CodeIgniter.php(919): App\Controllers\HomepageController->resetPassword('35202f485154693d9ffeca3aba93e971')
 7 SYSTEMPATH\CodeIgniter.php(494): CodeIgniter\CodeIgniter->runController(Object(App\Controllers\HomepageController))
 8 SYSTEMPATH\CodeIgniter.php(353): CodeIgniter\CodeIgniter->handleRequest(null, Object(Config\Cache), false)
 9 FCPATH\index.php(79): CodeIgniter\CodeIgniter->run()
10 SYSTEMPATH\Commands\Server\rewrite.php(47): require_once('D:\\ProjectSystem\\public\\index.php')
