CRITICAL - 2023-11-24 00:47:54 --> The route for "/login" cannot be found.
in SYSTEMPATH\HTTP\RedirectResponse.php on line 60.
 1 SYSTEMPATH\HTTP\RedirectResponse.php(60): CodeIgniter\HTTP\Exceptions\HTTPException::forInvalidRedirectRoute('/login')
 2 SYSTEMPATH\Common.php(878): CodeIgniter\HTTP\RedirectResponse->route(false)
 3 APPPATH\Controllers\HomepageController.php(90): redirect('/login')
 4 SYSTEMPATH\CodeIgniter.php(919): App\Controllers\HomepageController->authlog()
 5 SYSTEMPATH\CodeIgniter.php(494): CodeIgniter\CodeIgniter->runController(Object(App\Controllers\HomepageController))
 6 SYSTEMPATH\CodeIgniter.php(353): CodeIgniter\CodeIgniter->handleRequest(null, Object(Config\Cache), false)
 7 FCPATH\index.php(79): CodeIgniter\CodeIgniter->run()
 8 SYSTEMPATH\Commands\Server\rewrite.php(47): require_once('C:\\laragon\\www\\CapstoneProject\\public\\index.php')
CRITICAL - 2023-11-24 12:40:04 --> Invalid file: "Applicants/dashboard.php"
in SYSTEMPATH\Exceptions\FrameworkException.php on line 39.
 1 SYSTEMPATH\View\View.php(214): CodeIgniter\Exceptions\FrameworkException::forInvalidFile('Applicants/dashboard.php')
 2 SYSTEMPATH\Common.php(1188): CodeIgniter\View\View->render('Applicants/dashboard', [], true)
 3 APPPATH\Controllers\ApplicantController.php(18): view('Applicants/dashboard')
 4 SYSTEMPATH\CodeIgniter.php(919): App\Controllers\ApplicantController->index()
 5 SYSTEMPATH\CodeIgniter.php(494): CodeIgniter\CodeIgniter->runController(Object(App\Controllers\ApplicantController))
 6 SYSTEMPATH\CodeIgniter.php(353): CodeIgniter\CodeIgniter->handleRequest(null, Object(Config\Cache), false)
 7 FCPATH\index.php(79): CodeIgniter\CodeIgniter->run()
 8 SYSTEMPATH\Commands\Server\rewrite.php(47): require_once('D:\\CapstoneProject\\public\\index.php')
CRITICAL - 2023-11-24 12:40:41 --> Invalid file: "Applicants/AppDash.php"
in SYSTEMPATH\Exceptions\FrameworkException.php on line 39.
 1 SYSTEMPATH\View\View.php(214): CodeIgniter\Exceptions\FrameworkException::forInvalidFile('Applicants/AppDash.php')
 2 SYSTEMPATH\Common.php(1188): CodeIgniter\View\View->render('Applicants/AppDash', [], true)
 3 APPPATH\Controllers\ApplicantController.php(18): view('Applicants/AppDash')
 4 SYSTEMPATH\CodeIgniter.php(919): App\Controllers\ApplicantController->index()
 5 SYSTEMPATH\CodeIgniter.php(494): CodeIgniter\CodeIgniter->runController(Object(App\Controllers\ApplicantController))
 6 SYSTEMPATH\CodeIgniter.php(353): CodeIgniter\CodeIgniter->handleRequest(null, Object(Config\Cache), false)
 7 FCPATH\index.php(79): CodeIgniter\CodeIgniter->run()
 8 SYSTEMPATH\Commands\Server\rewrite.php(47): require_once('D:\\CapstoneProject\\public\\index.php')
