CRITICAL - 2023-12-03 11:41:43 --> Trying to access array offset on value of type null
in APPPATH\Views\Applicant\AppForm1.php on line 28.
 1 APPPATH\Views\Applicant\AppForm1.php(28): CodeIgniter\Debug\Exceptions->errorHandler(2, 'Trying to access array offset on value of type null', 'D:\\CapstoneProject\\app\\Views\\Applicant\\AppForm1.php', 28)
 2 SYSTEMPATH\View\View.php(226): include('D:\\CapstoneProject\\app\\Views\\Applicant\\AppForm1.php')
 3 SYSTEMPATH\View\View.php(229): CodeIgniter\View\View->CodeIgniter\View\{closure}()
 4 SYSTEMPATH\Common.php(1188): CodeIgniter\View\View->render('Applicant/AppForm1', [], true)
 5 APPPATH\Controllers\AppController.php(87): view('Applicant/AppForm1', [...])
 6 SYSTEMPATH\CodeIgniter.php(919): App\Controllers\AppController->AppForm1()
 7 SYSTEMPATH\CodeIgniter.php(494): CodeIgniter\CodeIgniter->runController(Object(App\Controllers\AppController))
 8 SYSTEMPATH\CodeIgniter.php(353): CodeIgniter\CodeIgniter->handleRequest(null, Object(Config\Cache), false)
 9 FCPATH\index.php(79): CodeIgniter\CodeIgniter->run()
10 SYSTEMPATH\Commands\Server\rewrite.php(47): require_once('D:\\CapstoneProject\\public\\index.php')
ERROR - 2023-12-03 15:18:57 --> Error connecting to the database: mysqli_sql_exception: No connection could be made because the target machine actively refused it in D:\CapstoneProject\system\Database\MySQLi\Connection.php:185
Stack trace:
#0 D:\CapstoneProject\system\Database\MySQLi\Connection.php(185): mysqli->real_connect('localhost', 'root', '', 'erecruit', 3306, '', 0)
#1 D:\CapstoneProject\system\Database\BaseConnection.php(391): CodeIgniter\Database\MySQLi\Connection->connect(false)
#2 D:\CapstoneProject\system\Database\BaseConnection.php(574): CodeIgniter\Database\BaseConnection->initialize()
#3 D:\CapstoneProject\system\Database\BaseBuilder.php(1615): CodeIgniter\Database\BaseConnection->query('SELECT *\nFROM `...', Array, false)
#4 D:\CapstoneProject\system\Model.php(196): CodeIgniter\Database\BaseBuilder->get()
#5 D:\CapstoneProject\system\BaseModel.php(563): CodeIgniter\Model->doFind(true, '85')
#6 D:\CapstoneProject\app\Controllers\AppController.php(50): CodeIgniter\BaseModel->find('85')
#7 D:\CapstoneProject\app\Controllers\AppController.php(20): App\Controllers\AppController->getData()
#8 D:\CapstoneProject\system\CodeIgniter.php(919): App\Controllers\AppController->AppDash()
#9 D:\CapstoneProject\system\CodeIgniter.php(494): CodeIgniter\CodeIgniter->runController(Object(App\Controllers\AppController))
#10 D:\CapstoneProject\system\CodeIgniter.php(353): CodeIgniter\CodeIgniter->handleRequest(NULL, Object(Config\Cache), false)
#11 D:\CapstoneProject\public\index.php(79): CodeIgniter\CodeIgniter->run()
#12 D:\CapstoneProject\system\Commands\Server\rewrite.php(47): require_once('D:\\CapstoneProj...')
#13 {main}

Next CodeIgniter\Database\Exceptions\DatabaseException: No connection could be made because the target machine actively refused it in D:\CapstoneProject\system\Database\MySQLi\Connection.php:229
Stack trace:
#0 D:\CapstoneProject\system\Database\BaseConnection.php(391): CodeIgniter\Database\MySQLi\Connection->connect(false)
#1 D:\CapstoneProject\system\Database\BaseConnection.php(574): CodeIgniter\Database\BaseConnection->initialize()
#2 D:\CapstoneProject\system\Database\BaseBuilder.php(1615): CodeIgniter\Database\BaseConnection->query('SELECT *\nFROM `...', Array, false)
#3 D:\CapstoneProject\system\Model.php(196): CodeIgniter\Database\BaseBuilder->get()
#4 D:\CapstoneProject\system\BaseModel.php(563): CodeIgniter\Model->doFind(true, '85')
#5 D:\CapstoneProject\app\Controllers\AppController.php(50): CodeIgniter\BaseModel->find('85')
#6 D:\CapstoneProject\app\Controllers\AppController.php(20): App\Controllers\AppController->getData()
#7 D:\CapstoneProject\system\CodeIgniter.php(919): App\Controllers\AppController->AppDash()
#8 D:\CapstoneProject\system\CodeIgniter.php(494): CodeIgniter\CodeIgniter->runController(Object(App\Controllers\AppController))
#9 D:\CapstoneProject\system\CodeIgniter.php(353): CodeIgniter\CodeIgniter->handleRequest(NULL, Object(Config\Cache), false)
#10 D:\CapstoneProject\public\index.php(79): CodeIgniter\CodeIgniter->run()
#11 D:\CapstoneProject\system\Commands\Server\rewrite.php(47): require_once('D:\\CapstoneProj...')
#12 {main}
CRITICAL - 2023-12-03 15:18:57 --> Unable to connect to the database.
Main connection [MySQLi]: No connection could be made because the target machine actively refused it
in SYSTEMPATH\Database\BaseConnection.php on line 427.
 1 SYSTEMPATH\Database\BaseConnection.php(574): CodeIgniter\Database\BaseConnection->initialize()
 2 SYSTEMPATH\Database\BaseBuilder.php(1615): CodeIgniter\Database\BaseConnection->query('SELECT *
FROM `users`
WHERE `users`.`id` = :users.id:', [...], false)
 3 SYSTEMPATH\Model.php(196): CodeIgniter\Database\BaseBuilder->get()
 4 SYSTEMPATH\BaseModel.php(563): CodeIgniter\Model->doFind(true, '85')
 5 APPPATH\Controllers\AppController.php(50): CodeIgniter\BaseModel->find('85')
 6 APPPATH\Controllers\AppController.php(20): App\Controllers\AppController->getData()
 7 SYSTEMPATH\CodeIgniter.php(919): App\Controllers\AppController->AppDash()
 8 SYSTEMPATH\CodeIgniter.php(494): CodeIgniter\CodeIgniter->runController(Object(App\Controllers\AppController))
 9 SYSTEMPATH\CodeIgniter.php(353): CodeIgniter\CodeIgniter->handleRequest(null, Object(Config\Cache), false)
10 FCPATH\index.php(79): CodeIgniter\CodeIgniter->run()
11 SYSTEMPATH\Commands\Server\rewrite.php(47): require_once('D:\\CapstoneProject\\public\\index.php')
