CRITICAL - 2023-12-08 03:26:46 --> Undefined variable $user
in APPPATH\Views\Admin\chop\header.php on line 137.
 1 APPPATH\Views\Admin\chop\header.php(137): CodeIgniter\Debug\Exceptions->errorHandler(2, 'Undefined variable $user', 'D:\\CapstoneProject\\app\\Views\\Admin\\chop\\header.php', 137)
 2 SYSTEMPATH\View\View.php(226): include('D:\\CapstoneProject\\app\\Views\\Admin\\chop\\header.php')
 3 SYSTEMPATH\View\View.php(229): CodeIgniter\View\View->CodeIgniter\View\{closure}()
 4 SYSTEMPATH\Common.php(1188): CodeIgniter\View\View->render('Admin/chop/header', [], true)
 5 APPPATH\Views\Admin\ManageApplicant.php(7): view('Admin/chop/header')
 6 SYSTEMPATH\View\View.php(226): include('D:\\CapstoneProject\\app\\Views\\Admin\\ManageApplicant.php')
 7 SYSTEMPATH\View\View.php(229): CodeIgniter\View\View->CodeIgniter\View\{closure}()
 8 SYSTEMPATH\Common.php(1188): CodeIgniter\View\View->render('Admin/manageApplicant', [], true)
 9 APPPATH\Controllers\AdminController.php(41): view('Admin/manageApplicant', [...])
10 SYSTEMPATH\CodeIgniter.php(919): App\Controllers\AdminController->manageApplicant()
11 SYSTEMPATH\CodeIgniter.php(494): CodeIgniter\CodeIgniter->runController(Object(App\Controllers\AdminController))
12 SYSTEMPATH\CodeIgniter.php(353): CodeIgniter\CodeIgniter->handleRequest(null, Object(Config\Cache), false)
13 FCPATH\index.php(79): CodeIgniter\CodeIgniter->run()
14 SYSTEMPATH\Commands\Server\rewrite.php(47): require_once('D:\\CapstoneProject\\public\\index.php')
CRITICAL - 2023-12-08 03:27:42 --> Undefined variable $pager
in APPPATH\Views\Admin\ManageApplicant.php on line 72.
 1 APPPATH\Views\Admin\ManageApplicant.php(72): CodeIgniter\Debug\Exceptions->errorHandler(2, 'Undefined variable $pager', 'D:\\CapstoneProject\\app\\Views\\Admin\\ManageApplicant.php', 72)
 2 SYSTEMPATH\View\View.php(226): include('D:\\CapstoneProject\\app\\Views\\Admin\\ManageApplicant.php')
 3 SYSTEMPATH\View\View.php(229): CodeIgniter\View\View->CodeIgniter\View\{closure}()
 4 SYSTEMPATH\Common.php(1188): CodeIgniter\View\View->render('Admin/ManageApplicant', [], true)
 5 APPPATH\Controllers\AdminController.php(31): view('Admin/ManageApplicant', [...])
 6 SYSTEMPATH\CodeIgniter.php(919): App\Controllers\AdminController->ManageApplicant()
 7 SYSTEMPATH\CodeIgniter.php(494): CodeIgniter\CodeIgniter->runController(Object(App\Controllers\AdminController))
 8 SYSTEMPATH\CodeIgniter.php(353): CodeIgniter\CodeIgniter->handleRequest(null, Object(Config\Cache), false)
 9 FCPATH\index.php(79): CodeIgniter\CodeIgniter->run()
10 SYSTEMPATH\Commands\Server\rewrite.php(47): require_once('D:\\CapstoneProject\\public\\index.php')
CRITICAL - 2023-12-08 03:27:56 --> Undefined variable $user
in APPPATH\Views\Admin\chop\header.php on line 137.
 1 APPPATH\Views\Admin\chop\header.php(137): CodeIgniter\Debug\Exceptions->errorHandler(2, 'Undefined variable $user', 'D:\\CapstoneProject\\app\\Views\\Admin\\chop\\header.php', 137)
 2 SYSTEMPATH\View\View.php(226): include('D:\\CapstoneProject\\app\\Views\\Admin\\chop\\header.php')
 3 SYSTEMPATH\View\View.php(229): CodeIgniter\View\View->CodeIgniter\View\{closure}()
 4 SYSTEMPATH\Common.php(1188): CodeIgniter\View\View->render('Admin/chop/header', [], true)
 5 APPPATH\Views\Admin\ManageApplicant.php(7): view('Admin/chop/header')
 6 SYSTEMPATH\View\View.php(226): include('D:\\CapstoneProject\\app\\Views\\Admin\\ManageApplicant.php')
 7 SYSTEMPATH\View\View.php(229): CodeIgniter\View\View->CodeIgniter\View\{closure}()
 8 SYSTEMPATH\Common.php(1188): CodeIgniter\View\View->render('Admin/manageApplicant', [], true)
 9 APPPATH\Controllers\AdminController.php(41): view('Admin/manageApplicant', [...])
10 SYSTEMPATH\CodeIgniter.php(919): App\Controllers\AdminController->manageApplicant()
11 SYSTEMPATH\CodeIgniter.php(494): CodeIgniter\CodeIgniter->runController(Object(App\Controllers\AdminController))
12 SYSTEMPATH\CodeIgniter.php(353): CodeIgniter\CodeIgniter->handleRequest(null, Object(Config\Cache), false)
13 FCPATH\index.php(79): CodeIgniter\CodeIgniter->run()
14 SYSTEMPATH\Commands\Server\rewrite.php(47): require_once('D:\\CapstoneProject\\public\\index.php')
CRITICAL - 2023-12-08 03:46:26 --> Call to undefined method CodeIgniter\Pager\Pager::getPreviousPage()
in APPPATH\Views\Admin\ManageApplicant.php on line 76.
 1 SYSTEMPATH\View\View.php(226): include()
 2 SYSTEMPATH\View\View.php(229): CodeIgniter\View\View->CodeIgniter\View\{closure}()
 3 SYSTEMPATH\Common.php(1188): CodeIgniter\View\View->render('Admin/manageApplicant', [], true)
 4 APPPATH\Controllers\AdminController.php(46): view('Admin/manageApplicant', [...])
 5 SYSTEMPATH\CodeIgniter.php(919): App\Controllers\AdminController->manageApplicant()
 6 SYSTEMPATH\CodeIgniter.php(494): CodeIgniter\CodeIgniter->runController(Object(App\Controllers\AdminController))
 7 SYSTEMPATH\CodeIgniter.php(353): CodeIgniter\CodeIgniter->handleRequest(null, Object(Config\Cache), false)
 8 FCPATH\index.php(79): CodeIgniter\CodeIgniter->run()
 9 SYSTEMPATH\Commands\Server\rewrite.php(47): require_once('D:\\CapstoneProject\\public\\index.php')
CRITICAL - 2023-12-08 03:48:42 --> CodeIgniter\BaseModel::paginate(): Argument #3 ($page) must be of type ?int, string given, called in D:\CapstoneProject\app\Controllers\AdminController.php on line 41
in SYSTEMPATH\BaseModel.php on line 1192.
 1 APPPATH\Controllers\AdminController.php(41): CodeIgniter\BaseModel->paginate(1, 'group1', '')
 2 SYSTEMPATH\CodeIgniter.php(919): App\Controllers\AdminController->manageApplicant()
 3 SYSTEMPATH\CodeIgniter.php(494): CodeIgniter\CodeIgniter->runController(Object(App\Controllers\AdminController))
 4 SYSTEMPATH\CodeIgniter.php(353): CodeIgniter\CodeIgniter->handleRequest(null, Object(Config\Cache), false)
 5 FCPATH\index.php(79): CodeIgniter\CodeIgniter->run()
 6 SYSTEMPATH\Commands\Server\rewrite.php(47): require_once('D:\\CapstoneProject\\public\\index.php')
CRITICAL - 2023-12-08 03:54:50 --> Call to undefined method CodeIgniter\Pager\Pager::getPreviousPage()
in APPPATH\Views\Admin\ManageApplicant.php on line 76.
 1 SYSTEMPATH\View\View.php(226): include()
 2 SYSTEMPATH\View\View.php(229): CodeIgniter\View\View->CodeIgniter\View\{closure}()
 3 SYSTEMPATH\Common.php(1188): CodeIgniter\View\View->render('Admin/manageApplicant', [], true)
 4 APPPATH\Controllers\AdminController.php(45): view('Admin/manageApplicant', [...])
 5 SYSTEMPATH\CodeIgniter.php(919): App\Controllers\AdminController->ManageApplicant()
 6 SYSTEMPATH\CodeIgniter.php(494): CodeIgniter\CodeIgniter->runController(Object(App\Controllers\AdminController))
 7 SYSTEMPATH\CodeIgniter.php(353): CodeIgniter\CodeIgniter->handleRequest(null, Object(Config\Cache), false)
 8 FCPATH\index.php(79): CodeIgniter\CodeIgniter->run()
 9 SYSTEMPATH\Commands\Server\rewrite.php(47): require_once('D:\\CapstoneProject\\public\\index.php')
CRITICAL - 2023-12-08 03:58:51 --> Cannot use object of type mysqli as array
in APPPATH\Views\Admin\ManageApplicant.php on line 49.
 1 SYSTEMPATH\View\View.php(226): include()
 2 SYSTEMPATH\View\View.php(229): CodeIgniter\View\View->CodeIgniter\View\{closure}()
 3 SYSTEMPATH\Common.php(1188): CodeIgniter\View\View->render('Admin/ManageApplicant', [], true)
 4 APPPATH\Controllers\AdminController.php(31): view('Admin/ManageApplicant', [...])
 5 SYSTEMPATH\CodeIgniter.php(919): App\Controllers\AdminController->ManageApplicant()
 6 SYSTEMPATH\CodeIgniter.php(494): CodeIgniter\CodeIgniter->runController(Object(App\Controllers\AdminController))
 7 SYSTEMPATH\CodeIgniter.php(353): CodeIgniter\CodeIgniter->handleRequest(null, Object(Config\Cache), false)
 8 FCPATH\index.php(79): CodeIgniter\CodeIgniter->run()
 9 SYSTEMPATH\Commands\Server\rewrite.php(47): require_once('D:\\CapstoneProject\\public\\index.php')
CRITICAL - 2023-12-08 04:02:42 --> Undefined variable $user
in APPPATH\Views\Admin\chop\header.php on line 137.
 1 APPPATH\Views\Admin\chop\header.php(137): CodeIgniter\Debug\Exceptions->errorHandler(2, 'Undefined variable $user', 'D:\\CapstoneProject\\app\\Views\\Admin\\chop\\header.php', 137)
 2 SYSTEMPATH\View\View.php(226): include('D:\\CapstoneProject\\app\\Views\\Admin\\chop\\header.php')
 3 SYSTEMPATH\View\View.php(229): CodeIgniter\View\View->CodeIgniter\View\{closure}()
 4 SYSTEMPATH\Common.php(1188): CodeIgniter\View\View->render('Admin/chop/header', [], true)
 5 APPPATH\Views\Admin\ManageApplicant.php(7): view('Admin/chop/header')
 6 SYSTEMPATH\View\View.php(226): include('D:\\CapstoneProject\\app\\Views\\Admin\\ManageApplicant.php')
 7 SYSTEMPATH\View\View.php(229): CodeIgniter\View\View->CodeIgniter\View\{closure}()
 8 SYSTEMPATH\Common.php(1188): CodeIgniter\View\View->render('Admin/ManageApplicant', [], true)
 9 APPPATH\Controllers\AdminController.php(33): view('Admin/ManageApplicant', [...])
10 SYSTEMPATH\CodeIgniter.php(919): App\Controllers\AdminController->ManageApplicant()
11 SYSTEMPATH\CodeIgniter.php(494): CodeIgniter\CodeIgniter->runController(Object(App\Controllers\AdminController))
12 SYSTEMPATH\CodeIgniter.php(353): CodeIgniter\CodeIgniter->handleRequest(null, Object(Config\Cache), false)
13 FCPATH\index.php(79): CodeIgniter\CodeIgniter->run()
14 SYSTEMPATH\Commands\Server\rewrite.php(47): require_once('D:\\CapstoneProject\\public\\index.php')
CRITICAL - 2023-12-08 04:03:07 --> Undefined variable $user
in APPPATH\Views\Admin\chop\header.php on line 137.
 1 APPPATH\Views\Admin\chop\header.php(137): CodeIgniter\Debug\Exceptions->errorHandler(2, 'Undefined variable $user', 'D:\\CapstoneProject\\app\\Views\\Admin\\chop\\header.php', 137)
 2 SYSTEMPATH\View\View.php(226): include('D:\\CapstoneProject\\app\\Views\\Admin\\chop\\header.php')
 3 SYSTEMPATH\View\View.php(229): CodeIgniter\View\View->CodeIgniter\View\{closure}()
 4 SYSTEMPATH\Common.php(1188): CodeIgniter\View\View->render('Admin/chop/header', [], true)
 5 APPPATH\Views\Admin\ManageApplicant.php(7): view('Admin/chop/header')
 6 SYSTEMPATH\View\View.php(226): include('D:\\CapstoneProject\\app\\Views\\Admin\\ManageApplicant.php')
 7 SYSTEMPATH\View\View.php(229): CodeIgniter\View\View->CodeIgniter\View\{closure}()
 8 SYSTEMPATH\Common.php(1188): CodeIgniter\View\View->render('Admin/ManageApplicant', [], true)
 9 APPPATH\Controllers\AdminController.php(34): view('Admin/ManageApplicant', [...])
10 SYSTEMPATH\CodeIgniter.php(919): App\Controllers\AdminController->ManageApplicant()
11 SYSTEMPATH\CodeIgniter.php(494): CodeIgniter\CodeIgniter->runController(Object(App\Controllers\AdminController))
12 SYSTEMPATH\CodeIgniter.php(353): CodeIgniter\CodeIgniter->handleRequest(null, Object(Config\Cache), false)
13 FCPATH\index.php(79): CodeIgniter\CodeIgniter->run()
14 SYSTEMPATH\Commands\Server\rewrite.php(47): require_once('D:\\CapstoneProject\\public\\index.php')
CRITICAL - 2023-12-08 04:04:05 --> Undefined variable $pager
in APPPATH\Views\Admin\ManageApplicant.php on line 72.
 1 APPPATH\Views\Admin\ManageApplicant.php(72): CodeIgniter\Debug\Exceptions->errorHandler(2, 'Undefined variable $pager', 'D:\\CapstoneProject\\app\\Views\\Admin\\ManageApplicant.php', 72)
 2 SYSTEMPATH\View\View.php(226): include('D:\\CapstoneProject\\app\\Views\\Admin\\ManageApplicant.php')
 3 SYSTEMPATH\View\View.php(229): CodeIgniter\View\View->CodeIgniter\View\{closure}()
 4 SYSTEMPATH\Common.php(1188): CodeIgniter\View\View->render('Admin/ManageApplicant', [], true)
 5 APPPATH\Controllers\AdminController.php(33): view('Admin/ManageApplicant', [...])
 6 SYSTEMPATH\CodeIgniter.php(919): App\Controllers\AdminController->ManageApplicant()
 7 SYSTEMPATH\CodeIgniter.php(494): CodeIgniter\CodeIgniter->runController(Object(App\Controllers\AdminController))
 8 SYSTEMPATH\CodeIgniter.php(353): CodeIgniter\CodeIgniter->handleRequest(null, Object(Config\Cache), false)
 9 FCPATH\index.php(79): CodeIgniter\CodeIgniter->run()
10 SYSTEMPATH\Commands\Server\rewrite.php(47): require_once('D:\\CapstoneProject\\public\\index.php')
CRITICAL - 2023-12-08 04:07:47 --> Undefined variable $user
in APPPATH\Views\Admin\chop\header.php on line 137.
 1 APPPATH\Views\Admin\chop\header.php(137): CodeIgniter\Debug\Exceptions->errorHandler(2, 'Undefined variable $user', 'D:\\CapstoneProject\\app\\Views\\Admin\\chop\\header.php', 137)
 2 SYSTEMPATH\View\View.php(226): include('D:\\CapstoneProject\\app\\Views\\Admin\\chop\\header.php')
 3 SYSTEMPATH\View\View.php(229): CodeIgniter\View\View->CodeIgniter\View\{closure}()
 4 SYSTEMPATH\Common.php(1188): CodeIgniter\View\View->render('Admin/chop/header', [], true)
 5 APPPATH\Views\Admin\ManageApplicant.php(7): view('Admin/chop/header')
 6 SYSTEMPATH\View\View.php(226): include('D:\\CapstoneProject\\app\\Views\\Admin\\ManageApplicant.php')
 7 SYSTEMPATH\View\View.php(229): CodeIgniter\View\View->CodeIgniter\View\{closure}()
 8 SYSTEMPATH\Common.php(1188): CodeIgniter\View\View->render('Admin/ManageApplicant', [], true)
 9 APPPATH\Controllers\AdminController.php(50): view('Admin/ManageApplicant', [...])
10 SYSTEMPATH\CodeIgniter.php(919): App\Controllers\AdminController->ManageApplicant()
11 SYSTEMPATH\CodeIgniter.php(494): CodeIgniter\CodeIgniter->runController(Object(App\Controllers\AdminController))
12 SYSTEMPATH\CodeIgniter.php(353): CodeIgniter\CodeIgniter->handleRequest(null, Object(Config\Cache), false)
13 FCPATH\index.php(79): CodeIgniter\CodeIgniter->run()
14 SYSTEMPATH\Commands\Server\rewrite.php(47): require_once('D:\\CapstoneProject\\public\\index.php')
CRITICAL - 2023-12-08 04:10:09 --> Call to undefined method CodeIgniter\Pager\Pager::hasPrevious()
in APPPATH\Views\Admin\ManageApplicant.php on line 74.
 1 SYSTEMPATH\View\View.php(226): include()
 2 SYSTEMPATH\View\View.php(229): CodeIgniter\View\View->CodeIgniter\View\{closure}()
 3 SYSTEMPATH\Common.php(1188): CodeIgniter\View\View->render('Admin/ManageApplicant', [], true)
 4 APPPATH\Controllers\AdminController.php(50): view('Admin/ManageApplicant', [...])
 5 SYSTEMPATH\CodeIgniter.php(919): App\Controllers\AdminController->ManageApplicant()
 6 SYSTEMPATH\CodeIgniter.php(494): CodeIgniter\CodeIgniter->runController(Object(App\Controllers\AdminController))
 7 SYSTEMPATH\CodeIgniter.php(353): CodeIgniter\CodeIgniter->handleRequest(null, Object(Config\Cache), false)
 8 FCPATH\index.php(79): CodeIgniter\CodeIgniter->run()
 9 SYSTEMPATH\Commands\Server\rewrite.php(47): require_once('D:\\CapstoneProject\\public\\index.php')
CRITICAL - 2023-12-08 04:10:46 --> Call to undefined method CodeIgniter\Pager\Pager::getPreviousPage()
in APPPATH\Views\Admin\ManageApplicant.php on line 74.
 1 SYSTEMPATH\View\View.php(226): include()
 2 SYSTEMPATH\View\View.php(229): CodeIgniter\View\View->CodeIgniter\View\{closure}()
 3 SYSTEMPATH\Common.php(1188): CodeIgniter\View\View->render('Admin/ManageApplicant', [], true)
 4 APPPATH\Controllers\AdminController.php(50): view('Admin/ManageApplicant', [...])
 5 SYSTEMPATH\CodeIgniter.php(919): App\Controllers\AdminController->ManageApplicant()
 6 SYSTEMPATH\CodeIgniter.php(494): CodeIgniter\CodeIgniter->runController(Object(App\Controllers\AdminController))
 7 SYSTEMPATH\CodeIgniter.php(353): CodeIgniter\CodeIgniter->handleRequest(null, Object(Config\Cache), false)
 8 FCPATH\index.php(79): CodeIgniter\CodeIgniter->run()
 9 SYSTEMPATH\Commands\Server\rewrite.php(47): require_once('D:\\CapstoneProject\\public\\index.php')
CRITICAL - 2023-12-08 04:11:08 --> Undefined property: CodeIgniter\Pager\Pager::$currentPage
in APPPATH\Views\Admin\ManageApplicant.php on line 74.
 1 APPPATH\Views\Admin\ManageApplicant.php(74): CodeIgniter\Debug\Exceptions->errorHandler(2, 'Undefined property: CodeIgniter\\Pager\\Pager::$currentPage', 'D:\\CapstoneProject\\app\\Views\\Admin\\ManageApplicant.php', 74)
 2 SYSTEMPATH\View\View.php(226): include('D:\\CapstoneProject\\app\\Views\\Admin\\ManageApplicant.php')
 3 SYSTEMPATH\View\View.php(229): CodeIgniter\View\View->CodeIgniter\View\{closure}()
 4 SYSTEMPATH\Common.php(1188): CodeIgniter\View\View->render('Admin/ManageApplicant', [], true)
 5 APPPATH\Controllers\AdminController.php(50): view('Admin/ManageApplicant', [...])
 6 SYSTEMPATH\CodeIgniter.php(919): App\Controllers\AdminController->ManageApplicant()
 7 SYSTEMPATH\CodeIgniter.php(494): CodeIgniter\CodeIgniter->runController(Object(App\Controllers\AdminController))
 8 SYSTEMPATH\CodeIgniter.php(353): CodeIgniter\CodeIgniter->handleRequest(null, Object(Config\Cache), false)
 9 FCPATH\index.php(79): CodeIgniter\CodeIgniter->run()
10 SYSTEMPATH\Commands\Server\rewrite.php(47): require_once('D:\\CapstoneProject\\public\\index.php')
CRITICAL - 2023-12-08 04:11:39 --> foreach() argument must be of type array|object, string given
in APPPATH\Views\Admin\ManageApplicant.php on line 87.
 1 APPPATH\Views\Admin\ManageApplicant.php(87): CodeIgniter\Debug\Exceptions->errorHandler(2, 'foreach() argument must be of type array|object, string given', 'D:\\CapstoneProject\\app\\Views\\Admin\\ManageApplicant.php', 87)
 2 SYSTEMPATH\View\View.php(226): include('D:\\CapstoneProject\\app\\Views\\Admin\\ManageApplicant.php')
 3 SYSTEMPATH\View\View.php(229): CodeIgniter\View\View->CodeIgniter\View\{closure}()
 4 SYSTEMPATH\Common.php(1188): CodeIgniter\View\View->render('Admin/ManageApplicant', [], true)
 5 APPPATH\Controllers\AdminController.php(50): view('Admin/ManageApplicant', [...])
 6 SYSTEMPATH\CodeIgniter.php(919): App\Controllers\AdminController->ManageApplicant()
 7 SYSTEMPATH\CodeIgniter.php(494): CodeIgniter\CodeIgniter->runController(Object(App\Controllers\AdminController))
 8 SYSTEMPATH\CodeIgniter.php(353): CodeIgniter\CodeIgniter->handleRequest(null, Object(Config\Cache), false)
 9 FCPATH\index.php(79): CodeIgniter\CodeIgniter->run()
10 SYSTEMPATH\Commands\Server\rewrite.php(47): require_once('D:\\CapstoneProject\\public\\index.php')
CRITICAL - 2023-12-08 04:12:09 --> Call to undefined method CodeIgniter\Pager\Pager::getPreviousPage()
in APPPATH\Views\Admin\ManageApplicant.php on line 74.
 1 SYSTEMPATH\View\View.php(226): include()
 2 SYSTEMPATH\View\View.php(229): CodeIgniter\View\View->CodeIgniter\View\{closure}()
 3 SYSTEMPATH\Common.php(1188): CodeIgniter\View\View->render('Admin/ManageApplicant', [], true)
 4 APPPATH\Controllers\AdminController.php(50): view('Admin/ManageApplicant', [...])
 5 SYSTEMPATH\CodeIgniter.php(919): App\Controllers\AdminController->ManageApplicant()
 6 SYSTEMPATH\CodeIgniter.php(494): CodeIgniter\CodeIgniter->runController(Object(App\Controllers\AdminController))
 7 SYSTEMPATH\CodeIgniter.php(353): CodeIgniter\CodeIgniter->handleRequest(null, Object(Config\Cache), false)
 8 FCPATH\index.php(79): CodeIgniter\CodeIgniter->run()
 9 SYSTEMPATH\Commands\Server\rewrite.php(47): require_once('D:\\CapstoneProject\\public\\index.php')
CRITICAL - 2023-12-08 04:13:37 --> Undefined variable $user
in APPPATH\Views\Admin\chop\header.php on line 137.
 1 APPPATH\Views\Admin\chop\header.php(137): CodeIgniter\Debug\Exceptions->errorHandler(2, 'Undefined variable $user', 'D:\\CapstoneProject\\app\\Views\\Admin\\chop\\header.php', 137)
 2 SYSTEMPATH\View\View.php(226): include('D:\\CapstoneProject\\app\\Views\\Admin\\chop\\header.php')
 3 SYSTEMPATH\View\View.php(229): CodeIgniter\View\View->CodeIgniter\View\{closure}()
 4 SYSTEMPATH\Common.php(1188): CodeIgniter\View\View->render('Admin/chop/header', [], true)
 5 APPPATH\Views\Admin\ManageApplicant.php(7): view('Admin/chop/header')
 6 SYSTEMPATH\View\View.php(226): include('D:\\CapstoneProject\\app\\Views\\Admin\\ManageApplicant.php')
 7 SYSTEMPATH\View\View.php(229): CodeIgniter\View\View->CodeIgniter\View\{closure}()
 8 SYSTEMPATH\Common.php(1188): CodeIgniter\View\View->render('Admin/ManageApplicant', [], true)
 9 APPPATH\Controllers\AdminController.php(44): view('Admin/ManageApplicant', [...])
10 SYSTEMPATH\CodeIgniter.php(919): App\Controllers\AdminController->ManageApplicant()
11 SYSTEMPATH\CodeIgniter.php(494): CodeIgniter\CodeIgniter->runController(Object(App\Controllers\AdminController))
12 SYSTEMPATH\CodeIgniter.php(353): CodeIgniter\CodeIgniter->handleRequest(null, Object(Config\Cache), false)
13 FCPATH\index.php(79): CodeIgniter\CodeIgniter->run()
14 SYSTEMPATH\Commands\Server\rewrite.php(47): require_once('D:\\CapstoneProject\\public\\index.php')
CRITICAL - 2023-12-08 04:16:01 --> Call to undefined method CodeIgniter\Pager\Pager::getPreviousPage()
in APPPATH\Views\Admin\ManageApplicant.php on line 74.
 1 SYSTEMPATH\View\View.php(226): include()
 2 SYSTEMPATH\View\View.php(229): CodeIgniter\View\View->CodeIgniter\View\{closure}()
 3 SYSTEMPATH\Common.php(1188): CodeIgniter\View\View->render('Admin/ManageApplicant', [], true)
 4 APPPATH\Controllers\AdminController.php(51): view('Admin/ManageApplicant', [...])
 5 SYSTEMPATH\CodeIgniter.php(919): App\Controllers\AdminController->ManageApplicant()
 6 SYSTEMPATH\CodeIgniter.php(494): CodeIgniter\CodeIgniter->runController(Object(App\Controllers\AdminController))
 7 SYSTEMPATH\CodeIgniter.php(353): CodeIgniter\CodeIgniter->handleRequest(null, Object(Config\Cache), false)
 8 FCPATH\index.php(79): CodeIgniter\CodeIgniter->run()
 9 SYSTEMPATH\Commands\Server\rewrite.php(47): require_once('D:\\CapstoneProject\\public\\index.php')
CRITICAL - 2023-12-08 04:22:10 --> Undefined variable $pager
in APPPATH\Views\Admin\ManageApplicant.php on line 71.
 1 APPPATH\Views\Admin\ManageApplicant.php(71): CodeIgniter\Debug\Exceptions->errorHandler(2, 'Undefined variable $pager', 'D:\\CapstoneProject\\app\\Views\\Admin\\ManageApplicant.php', 71)
 2 SYSTEMPATH\View\View.php(226): include('D:\\CapstoneProject\\app\\Views\\Admin\\ManageApplicant.php')
 3 SYSTEMPATH\View\View.php(229): CodeIgniter\View\View->CodeIgniter\View\{closure}()
 4 SYSTEMPATH\Common.php(1188): CodeIgniter\View\View->render('Admin/ManageApplicant', [], true)
 5 APPPATH\Controllers\AdminController.php(34): view('Admin/ManageApplicant', [...])
 6 SYSTEMPATH\CodeIgniter.php(919): App\Controllers\AdminController->ManageApplicant()
 7 SYSTEMPATH\CodeIgniter.php(494): CodeIgniter\CodeIgniter->runController(Object(App\Controllers\AdminController))
 8 SYSTEMPATH\CodeIgniter.php(353): CodeIgniter\CodeIgniter->handleRequest(null, Object(Config\Cache), false)
 9 FCPATH\index.php(79): CodeIgniter\CodeIgniter->run()
10 SYSTEMPATH\Commands\Server\rewrite.php(47): require_once('D:\\CapstoneProject\\public\\index.php')
CRITICAL - 2023-12-08 04:29:25 --> "custom_pagination" is not a valid Pager template.
in SYSTEMPATH\Pager\Pager.php on line 120.
 1 SYSTEMPATH\Pager\Pager.php(120): CodeIgniter\Pager\Exceptions\PagerException::forInvalidTemplate('custom_pagination')
 2 SYSTEMPATH\Pager\Pager.php(110): CodeIgniter\Pager\Pager->displayLinks('default', 'custom_pagination')
 3 APPPATH\Controllers\AdminController.php(33): CodeIgniter\Pager\Pager->makeLinks(1, 1, 10, 'custom_pagination')
 4 SYSTEMPATH\CodeIgniter.php(919): App\Controllers\AdminController->ManageApplicant()
 5 SYSTEMPATH\CodeIgniter.php(494): CodeIgniter\CodeIgniter->runController(Object(App\Controllers\AdminController))
 6 SYSTEMPATH\CodeIgniter.php(353): CodeIgniter\CodeIgniter->handleRequest(null, Object(Config\Cache), false)
 7 FCPATH\index.php(79): CodeIgniter\CodeIgniter->run()
 8 SYSTEMPATH\Commands\Server\rewrite.php(47): require_once('D:\\CapstoneProject\\public\\index.php')
CRITICAL - 2023-12-08 04:32:36 --> "custom_pagination" is not a valid Pager template.
in SYSTEMPATH\Pager\Pager.php on line 120.
 1 SYSTEMPATH\Pager\Pager.php(120): CodeIgniter\Pager\Exceptions\PagerException::forInvalidTemplate('custom_pagination')
 2 SYSTEMPATH\Pager\Pager.php(110): CodeIgniter\Pager\Pager->displayLinks('default', 'custom_pagination')
 3 APPPATH\Controllers\AdminController.php(33): CodeIgniter\Pager\Pager->makeLinks(1, 1, 10, 'custom_pagination')
 4 SYSTEMPATH\CodeIgniter.php(919): App\Controllers\AdminController->ManageApplicant()
 5 SYSTEMPATH\CodeIgniter.php(494): CodeIgniter\CodeIgniter->runController(Object(App\Controllers\AdminController))
 6 SYSTEMPATH\CodeIgniter.php(353): CodeIgniter\CodeIgniter->handleRequest(null, Object(Config\Cache), false)
 7 FCPATH\index.php(79): CodeIgniter\CodeIgniter->run()
 8 SYSTEMPATH\Commands\Server\rewrite.php(47): require_once('D:\\CapstoneProject\\public\\index.php')
CRITICAL - 2023-12-08 04:34:09 --> Call to undefined method CodeIgniter\Pager\Pager::hasPrevious()
in APPPATH\Views\Admin\ManageApplicant.php on line 70.
 1 SYSTEMPATH\View\View.php(226): include()
 2 SYSTEMPATH\View\View.php(229): CodeIgniter\View\View->CodeIgniter\View\{closure}()
 3 SYSTEMPATH\Common.php(1188): CodeIgniter\View\View->render('Admin/ManageApplicant', [], true)
 4 APPPATH\Controllers\AdminController.php(34): view('Admin/ManageApplicant', [...])
 5 SYSTEMPATH\CodeIgniter.php(919): App\Controllers\AdminController->ManageApplicant()
 6 SYSTEMPATH\CodeIgniter.php(494): CodeIgniter\CodeIgniter->runController(Object(App\Controllers\AdminController))
 7 SYSTEMPATH\CodeIgniter.php(353): CodeIgniter\CodeIgniter->handleRequest(null, Object(Config\Cache), false)
 8 FCPATH\index.php(79): CodeIgniter\CodeIgniter->run()
 9 SYSTEMPATH\Commands\Server\rewrite.php(47): require_once('D:\\CapstoneProject\\public\\index.php')
CRITICAL - 2023-12-08 04:36:04 --> Call to undefined method CodeIgniter\Pager\Pager::hasPrevious()
in APPPATH\Views\Admin\ManageApplicant.php on line 72.
 1 SYSTEMPATH\View\View.php(226): include()
 2 SYSTEMPATH\View\View.php(229): CodeIgniter\View\View->CodeIgniter\View\{closure}()
 3 SYSTEMPATH\Common.php(1188): CodeIgniter\View\View->render('Admin/ManageApplicant', [], true)
 4 APPPATH\Controllers\AdminController.php(34): view('Admin/ManageApplicant', [...])
 5 SYSTEMPATH\CodeIgniter.php(919): App\Controllers\AdminController->ManageApplicant()
 6 SYSTEMPATH\CodeIgniter.php(494): CodeIgniter\CodeIgniter->runController(Object(App\Controllers\AdminController))
 7 SYSTEMPATH\CodeIgniter.php(353): CodeIgniter\CodeIgniter->handleRequest(null, Object(Config\Cache), false)
 8 FCPATH\index.php(79): CodeIgniter\CodeIgniter->run()
 9 SYSTEMPATH\Commands\Server\rewrite.php(47): require_once('D:\\CapstoneProject\\public\\index.php')
CRITICAL - 2023-12-08 04:36:43 --> foreach() argument must be of type array|object, string given
in APPPATH\Views\Admin\ManageApplicant.php on line 80.
 1 APPPATH\Views\Admin\ManageApplicant.php(80): CodeIgniter\Debug\Exceptions->errorHandler(2, 'foreach() argument must be of type array|object, string given', 'D:\\CapstoneProject\\app\\Views\\Admin\\ManageApplicant.php', 80)
 2 SYSTEMPATH\View\View.php(226): include('D:\\CapstoneProject\\app\\Views\\Admin\\ManageApplicant.php')
 3 SYSTEMPATH\View\View.php(229): CodeIgniter\View\View->CodeIgniter\View\{closure}()
 4 SYSTEMPATH\Common.php(1188): CodeIgniter\View\View->render('Admin/ManageApplicant', [], true)
 5 APPPATH\Controllers\AdminController.php(34): view('Admin/ManageApplicant', [...])
 6 SYSTEMPATH\CodeIgniter.php(919): App\Controllers\AdminController->ManageApplicant()
 7 SYSTEMPATH\CodeIgniter.php(494): CodeIgniter\CodeIgniter->runController(Object(App\Controllers\AdminController))
 8 SYSTEMPATH\CodeIgniter.php(353): CodeIgniter\CodeIgniter->handleRequest(null, Object(Config\Cache), false)
 9 FCPATH\index.php(79): CodeIgniter\CodeIgniter->run()
10 SYSTEMPATH\Commands\Server\rewrite.php(47): require_once('D:\\CapstoneProject\\public\\index.php')
CRITICAL - 2023-12-08 04:37:26 --> Call to undefined method CodeIgniter\Pager\Pager::hasPrevious()
in APPPATH\Views\Admin\ManageApplicant.php on line 73.
 1 SYSTEMPATH\View\View.php(226): include()
 2 SYSTEMPATH\View\View.php(229): CodeIgniter\View\View->CodeIgniter\View\{closure}()
 3 SYSTEMPATH\Common.php(1188): CodeIgniter\View\View->render('Admin/ManageApplicant', [], true)
 4 APPPATH\Controllers\AdminController.php(34): view('Admin/ManageApplicant', [...])
 5 SYSTEMPATH\CodeIgniter.php(919): App\Controllers\AdminController->ManageApplicant()
 6 SYSTEMPATH\CodeIgniter.php(494): CodeIgniter\CodeIgniter->runController(Object(App\Controllers\AdminController))
 7 SYSTEMPATH\CodeIgniter.php(353): CodeIgniter\CodeIgniter->handleRequest(null, Object(Config\Cache), false)
 8 FCPATH\index.php(79): CodeIgniter\CodeIgniter->run()
 9 SYSTEMPATH\Commands\Server\rewrite.php(47): require_once('D:\\CapstoneProject\\public\\index.php')
CRITICAL - 2023-12-08 04:37:57 --> Call to undefined method CodeIgniter\Pager\Pager::hasPrevious()
in APPPATH\Views\Admin\ManageApplicant.php on line 73.
 1 SYSTEMPATH\View\View.php(226): include()
 2 SYSTEMPATH\View\View.php(229): CodeIgniter\View\View->CodeIgniter\View\{closure}()
 3 SYSTEMPATH\Common.php(1188): CodeIgniter\View\View->render('Admin/ManageApplicant', [], true)
 4 APPPATH\Controllers\AdminController.php(34): view('Admin/ManageApplicant', [...])
 5 SYSTEMPATH\CodeIgniter.php(919): App\Controllers\AdminController->ManageApplicant()
 6 SYSTEMPATH\CodeIgniter.php(494): CodeIgniter\CodeIgniter->runController(Object(App\Controllers\AdminController))
 7 SYSTEMPATH\CodeIgniter.php(353): CodeIgniter\CodeIgniter->handleRequest(null, Object(Config\Cache), false)
 8 FCPATH\index.php(79): CodeIgniter\CodeIgniter->run()
 9 SYSTEMPATH\Commands\Server\rewrite.php(47): require_once('D:\\CapstoneProject\\public\\index.php')
CRITICAL - 2023-12-08 04:39:03 --> Call to undefined method CodeIgniter\Pager\Pager::getPreviousPage()
in APPPATH\Views\Admin\ManageApplicant.php on line 74.
 1 SYSTEMPATH\View\View.php(226): include()
 2 SYSTEMPATH\View\View.php(229): CodeIgniter\View\View->CodeIgniter\View\{closure}()
 3 SYSTEMPATH\Common.php(1188): CodeIgniter\View\View->render('Admin/ManageApplicant', [], true)
 4 APPPATH\Controllers\AdminController.php(34): view('Admin/ManageApplicant', [...])
 5 SYSTEMPATH\CodeIgniter.php(919): App\Controllers\AdminController->ManageApplicant()
 6 SYSTEMPATH\CodeIgniter.php(494): CodeIgniter\CodeIgniter->runController(Object(App\Controllers\AdminController))
 7 SYSTEMPATH\CodeIgniter.php(353): CodeIgniter\CodeIgniter->handleRequest(null, Object(Config\Cache), false)
 8 FCPATH\index.php(79): CodeIgniter\CodeIgniter->run()
 9 SYSTEMPATH\Commands\Server\rewrite.php(47): require_once('D:\\CapstoneProject\\public\\index.php')
CRITICAL - 2023-12-08 04:39:03 --> Call to undefined method CodeIgniter\Pager\Pager::getPreviousPage()
in APPPATH\Views\Admin\ManageApplicant.php on line 74.
 1 SYSTEMPATH\View\View.php(226): include()
 2 SYSTEMPATH\View\View.php(229): CodeIgniter\View\View->CodeIgniter\View\{closure}()
 3 SYSTEMPATH\Common.php(1188): CodeIgniter\View\View->render('Admin/ManageApplicant', [], true)
 4 APPPATH\Controllers\AdminController.php(34): view('Admin/ManageApplicant', [...])
 5 SYSTEMPATH\CodeIgniter.php(919): App\Controllers\AdminController->ManageApplicant()
 6 SYSTEMPATH\CodeIgniter.php(494): CodeIgniter\CodeIgniter->runController(Object(App\Controllers\AdminController))
 7 SYSTEMPATH\CodeIgniter.php(353): CodeIgniter\CodeIgniter->handleRequest(null, Object(Config\Cache), false)
 8 FCPATH\index.php(79): CodeIgniter\CodeIgniter->run()
 9 SYSTEMPATH\Commands\Server\rewrite.php(47): require_once('D:\\CapstoneProject\\public\\index.php')
CRITICAL - 2023-12-08 04:39:04 --> Call to undefined method CodeIgniter\Pager\Pager::getPreviousPage()
in APPPATH\Views\Admin\ManageApplicant.php on line 74.
 1 SYSTEMPATH\View\View.php(226): include()
 2 SYSTEMPATH\View\View.php(229): CodeIgniter\View\View->CodeIgniter\View\{closure}()
 3 SYSTEMPATH\Common.php(1188): CodeIgniter\View\View->render('Admin/ManageApplicant', [], true)
 4 APPPATH\Controllers\AdminController.php(34): view('Admin/ManageApplicant', [...])
 5 SYSTEMPATH\CodeIgniter.php(919): App\Controllers\AdminController->ManageApplicant()
 6 SYSTEMPATH\CodeIgniter.php(494): CodeIgniter\CodeIgniter->runController(Object(App\Controllers\AdminController))
 7 SYSTEMPATH\CodeIgniter.php(353): CodeIgniter\CodeIgniter->handleRequest(null, Object(Config\Cache), false)
 8 FCPATH\index.php(79): CodeIgniter\CodeIgniter->run()
 9 SYSTEMPATH\Commands\Server\rewrite.php(47): require_once('D:\\CapstoneProject\\public\\index.php')
CRITICAL - 2023-12-08 04:39:04 --> Call to undefined method CodeIgniter\Pager\Pager::getPreviousPage()
in APPPATH\Views\Admin\ManageApplicant.php on line 74.
 1 SYSTEMPATH\View\View.php(226): include()
 2 SYSTEMPATH\View\View.php(229): CodeIgniter\View\View->CodeIgniter\View\{closure}()
 3 SYSTEMPATH\Common.php(1188): CodeIgniter\View\View->render('Admin/ManageApplicant', [], true)
 4 APPPATH\Controllers\AdminController.php(34): view('Admin/ManageApplicant', [...])
 5 SYSTEMPATH\CodeIgniter.php(919): App\Controllers\AdminController->ManageApplicant()
 6 SYSTEMPATH\CodeIgniter.php(494): CodeIgniter\CodeIgniter->runController(Object(App\Controllers\AdminController))
 7 SYSTEMPATH\CodeIgniter.php(353): CodeIgniter\CodeIgniter->handleRequest(null, Object(Config\Cache), false)
 8 FCPATH\index.php(79): CodeIgniter\CodeIgniter->run()
 9 SYSTEMPATH\Commands\Server\rewrite.php(47): require_once('D:\\CapstoneProject\\public\\index.php')
CRITICAL - 2023-12-08 04:39:04 --> Call to undefined method CodeIgniter\Pager\Pager::getPreviousPage()
in APPPATH\Views\Admin\ManageApplicant.php on line 74.
 1 SYSTEMPATH\View\View.php(226): include()
 2 SYSTEMPATH\View\View.php(229): CodeIgniter\View\View->CodeIgniter\View\{closure}()
 3 SYSTEMPATH\Common.php(1188): CodeIgniter\View\View->render('Admin/ManageApplicant', [], true)
 4 APPPATH\Controllers\AdminController.php(34): view('Admin/ManageApplicant', [...])
 5 SYSTEMPATH\CodeIgniter.php(919): App\Controllers\AdminController->ManageApplicant()
 6 SYSTEMPATH\CodeIgniter.php(494): CodeIgniter\CodeIgniter->runController(Object(App\Controllers\AdminController))
 7 SYSTEMPATH\CodeIgniter.php(353): CodeIgniter\CodeIgniter->handleRequest(null, Object(Config\Cache), false)
 8 FCPATH\index.php(79): CodeIgniter\CodeIgniter->run()
 9 SYSTEMPATH\Commands\Server\rewrite.php(47): require_once('D:\\CapstoneProject\\public\\index.php')
CRITICAL - 2023-12-08 04:40:07 --> Call to undefined method CodeIgniter\Pager\Pager::getPreviousPage()
in APPPATH\Views\Admin\ManageApplicant.php on line 75.
 1 SYSTEMPATH\View\View.php(226): include()
 2 SYSTEMPATH\View\View.php(229): CodeIgniter\View\View->CodeIgniter\View\{closure}()
 3 SYSTEMPATH\Common.php(1188): CodeIgniter\View\View->render('Admin/ManageApplicant', [], true)
 4 APPPATH\Controllers\AdminController.php(34): view('Admin/ManageApplicant', [...])
 5 SYSTEMPATH\CodeIgniter.php(919): App\Controllers\AdminController->ManageApplicant()
 6 SYSTEMPATH\CodeIgniter.php(494): CodeIgniter\CodeIgniter->runController(Object(App\Controllers\AdminController))
 7 SYSTEMPATH\CodeIgniter.php(353): CodeIgniter\CodeIgniter->handleRequest(null, Object(Config\Cache), false)
 8 FCPATH\index.php(79): CodeIgniter\CodeIgniter->run()
 9 SYSTEMPATH\Commands\Server\rewrite.php(47): require_once('D:\\CapstoneProject\\public\\index.php')
CRITICAL - 2023-12-08 04:40:50 --> foreach() argument must be of type array|object, string given
in APPPATH\Views\Admin\ManageApplicant.php on line 82.
 1 APPPATH\Views\Admin\ManageApplicant.php(82): CodeIgniter\Debug\Exceptions->errorHandler(2, 'foreach() argument must be of type array|object, string given', 'D:\\CapstoneProject\\app\\Views\\Admin\\ManageApplicant.php', 82)
 2 SYSTEMPATH\View\View.php(226): include('D:\\CapstoneProject\\app\\Views\\Admin\\ManageApplicant.php')
 3 SYSTEMPATH\View\View.php(229): CodeIgniter\View\View->CodeIgniter\View\{closure}()
 4 SYSTEMPATH\Common.php(1188): CodeIgniter\View\View->render('Admin/ManageApplicant', [], true)
 5 APPPATH\Controllers\AdminController.php(34): view('Admin/ManageApplicant', [...])
 6 SYSTEMPATH\CodeIgniter.php(919): App\Controllers\AdminController->ManageApplicant()
 7 SYSTEMPATH\CodeIgniter.php(494): CodeIgniter\CodeIgniter->runController(Object(App\Controllers\AdminController))
 8 SYSTEMPATH\CodeIgniter.php(353): CodeIgniter\CodeIgniter->handleRequest(null, Object(Config\Cache), false)
 9 FCPATH\index.php(79): CodeIgniter\CodeIgniter->run()
10 SYSTEMPATH\Commands\Server\rewrite.php(47): require_once('D:\\CapstoneProject\\public\\index.php')
CRITICAL - 2023-12-08 04:46:27 --> Call to undefined method CodeIgniter\Pager\Pager::getLinks()
in APPPATH\Views\Admin\ManageApplicant.php on line 71.
 1 SYSTEMPATH\View\View.php(226): include()
 2 SYSTEMPATH\View\View.php(229): CodeIgniter\View\View->CodeIgniter\View\{closure}()
 3 SYSTEMPATH\Common.php(1188): CodeIgniter\View\View->render('Admin/ManageApplicant', [], true)
 4 APPPATH\Controllers\AdminController.php(34): view('Admin/ManageApplicant', [...])
 5 SYSTEMPATH\CodeIgniter.php(919): App\Controllers\AdminController->ManageApplicant()
 6 SYSTEMPATH\CodeIgniter.php(494): CodeIgniter\CodeIgniter->runController(Object(App\Controllers\AdminController))
 7 SYSTEMPATH\CodeIgniter.php(353): CodeIgniter\CodeIgniter->handleRequest(null, Object(Config\Cache), false)
 8 FCPATH\index.php(79): CodeIgniter\CodeIgniter->run()
 9 SYSTEMPATH\Commands\Server\rewrite.php(47): require_once('D:\\CapstoneProject\\public\\index.php')
CRITICAL - 2023-12-08 04:46:49 --> foreach() argument must be of type array|object, string given
in APPPATH\Views\Admin\ManageApplicant.php on line 71.
 1 APPPATH\Views\Admin\ManageApplicant.php(71): CodeIgniter\Debug\Exceptions->errorHandler(2, 'foreach() argument must be of type array|object, string given', 'D:\\CapstoneProject\\app\\Views\\Admin\\ManageApplicant.php', 71)
 2 SYSTEMPATH\View\View.php(226): include('D:\\CapstoneProject\\app\\Views\\Admin\\ManageApplicant.php')
 3 SYSTEMPATH\View\View.php(229): CodeIgniter\View\View->CodeIgniter\View\{closure}()
 4 SYSTEMPATH\Common.php(1188): CodeIgniter\View\View->render('Admin/ManageApplicant', [], true)
 5 APPPATH\Controllers\AdminController.php(34): view('Admin/ManageApplicant', [...])
 6 SYSTEMPATH\CodeIgniter.php(919): App\Controllers\AdminController->ManageApplicant()
 7 SYSTEMPATH\CodeIgniter.php(494): CodeIgniter\CodeIgniter->runController(Object(App\Controllers\AdminController))
 8 SYSTEMPATH\CodeIgniter.php(353): CodeIgniter\CodeIgniter->handleRequest(null, Object(Config\Cache), false)
 9 FCPATH\index.php(79): CodeIgniter\CodeIgniter->run()
10 SYSTEMPATH\Commands\Server\rewrite.php(47): require_once('D:\\CapstoneProject\\public\\index.php')
CRITICAL - 2023-12-08 04:47:28 --> foreach() argument must be of type array|object, string given
in APPPATH\Views\Admin\ManageApplicant.php on line 74.
 1 APPPATH\Views\Admin\ManageApplicant.php(74): CodeIgniter\Debug\Exceptions->errorHandler(2, 'foreach() argument must be of type array|object, string given', 'D:\\CapstoneProject\\app\\Views\\Admin\\ManageApplicant.php', 74)
 2 SYSTEMPATH\View\View.php(226): include('D:\\CapstoneProject\\app\\Views\\Admin\\ManageApplicant.php')
 3 SYSTEMPATH\View\View.php(229): CodeIgniter\View\View->CodeIgniter\View\{closure}()
 4 SYSTEMPATH\Common.php(1188): CodeIgniter\View\View->render('Admin/ManageApplicant', [], true)
 5 APPPATH\Controllers\AdminController.php(34): view('Admin/ManageApplicant', [...])
 6 SYSTEMPATH\CodeIgniter.php(919): App\Controllers\AdminController->ManageApplicant()
 7 SYSTEMPATH\CodeIgniter.php(494): CodeIgniter\CodeIgniter->runController(Object(App\Controllers\AdminController))
 8 SYSTEMPATH\CodeIgniter.php(353): CodeIgniter\CodeIgniter->handleRequest(null, Object(Config\Cache), false)
 9 FCPATH\index.php(79): CodeIgniter\CodeIgniter->run()
10 SYSTEMPATH\Commands\Server\rewrite.php(47): require_once('D:\\CapstoneProject\\public\\index.php')
CRITICAL - 2023-12-08 04:47:29 --> foreach() argument must be of type array|object, string given
in APPPATH\Views\Admin\ManageApplicant.php on line 74.
 1 APPPATH\Views\Admin\ManageApplicant.php(74): CodeIgniter\Debug\Exceptions->errorHandler(2, 'foreach() argument must be of type array|object, string given', 'D:\\CapstoneProject\\app\\Views\\Admin\\ManageApplicant.php', 74)
 2 SYSTEMPATH\View\View.php(226): include('D:\\CapstoneProject\\app\\Views\\Admin\\ManageApplicant.php')
 3 SYSTEMPATH\View\View.php(229): CodeIgniter\View\View->CodeIgniter\View\{closure}()
 4 SYSTEMPATH\Common.php(1188): CodeIgniter\View\View->render('Admin/ManageApplicant', [], true)
 5 APPPATH\Controllers\AdminController.php(34): view('Admin/ManageApplicant', [...])
 6 SYSTEMPATH\CodeIgniter.php(919): App\Controllers\AdminController->ManageApplicant()
 7 SYSTEMPATH\CodeIgniter.php(494): CodeIgniter\CodeIgniter->runController(Object(App\Controllers\AdminController))
 8 SYSTEMPATH\CodeIgniter.php(353): CodeIgniter\CodeIgniter->handleRequest(null, Object(Config\Cache), false)
 9 FCPATH\index.php(79): CodeIgniter\CodeIgniter->run()
10 SYSTEMPATH\Commands\Server\rewrite.php(47): require_once('D:\\CapstoneProject\\public\\index.php')
CRITICAL - 2023-12-08 04:47:30 --> foreach() argument must be of type array|object, string given
in APPPATH\Views\Admin\ManageApplicant.php on line 74.
 1 APPPATH\Views\Admin\ManageApplicant.php(74): CodeIgniter\Debug\Exceptions->errorHandler(2, 'foreach() argument must be of type array|object, string given', 'D:\\CapstoneProject\\app\\Views\\Admin\\ManageApplicant.php', 74)
 2 SYSTEMPATH\View\View.php(226): include('D:\\CapstoneProject\\app\\Views\\Admin\\ManageApplicant.php')
 3 SYSTEMPATH\View\View.php(229): CodeIgniter\View\View->CodeIgniter\View\{closure}()
 4 SYSTEMPATH\Common.php(1188): CodeIgniter\View\View->render('Admin/ManageApplicant', [], true)
 5 APPPATH\Controllers\AdminController.php(34): view('Admin/ManageApplicant', [...])
 6 SYSTEMPATH\CodeIgniter.php(919): App\Controllers\AdminController->ManageApplicant()
 7 SYSTEMPATH\CodeIgniter.php(494): CodeIgniter\CodeIgniter->runController(Object(App\Controllers\AdminController))
 8 SYSTEMPATH\CodeIgniter.php(353): CodeIgniter\CodeIgniter->handleRequest(null, Object(Config\Cache), false)
 9 FCPATH\index.php(79): CodeIgniter\CodeIgniter->run()
10 SYSTEMPATH\Commands\Server\rewrite.php(47): require_once('D:\\CapstoneProject\\public\\index.php')
CRITICAL - 2023-12-08 04:47:30 --> foreach() argument must be of type array|object, string given
in APPPATH\Views\Admin\ManageApplicant.php on line 74.
 1 APPPATH\Views\Admin\ManageApplicant.php(74): CodeIgniter\Debug\Exceptions->errorHandler(2, 'foreach() argument must be of type array|object, string given', 'D:\\CapstoneProject\\app\\Views\\Admin\\ManageApplicant.php', 74)
 2 SYSTEMPATH\View\View.php(226): include('D:\\CapstoneProject\\app\\Views\\Admin\\ManageApplicant.php')
 3 SYSTEMPATH\View\View.php(229): CodeIgniter\View\View->CodeIgniter\View\{closure}()
 4 SYSTEMPATH\Common.php(1188): CodeIgniter\View\View->render('Admin/ManageApplicant', [], true)
 5 APPPATH\Controllers\AdminController.php(34): view('Admin/ManageApplicant', [...])
 6 SYSTEMPATH\CodeIgniter.php(919): App\Controllers\AdminController->ManageApplicant()
 7 SYSTEMPATH\CodeIgniter.php(494): CodeIgniter\CodeIgniter->runController(Object(App\Controllers\AdminController))
 8 SYSTEMPATH\CodeIgniter.php(353): CodeIgniter\CodeIgniter->handleRequest(null, Object(Config\Cache), false)
 9 FCPATH\index.php(79): CodeIgniter\CodeIgniter->run()
10 SYSTEMPATH\Commands\Server\rewrite.php(47): require_once('D:\\CapstoneProject\\public\\index.php')
CRITICAL - 2023-12-08 04:47:30 --> foreach() argument must be of type array|object, string given
in APPPATH\Views\Admin\ManageApplicant.php on line 74.
 1 APPPATH\Views\Admin\ManageApplicant.php(74): CodeIgniter\Debug\Exceptions->errorHandler(2, 'foreach() argument must be of type array|object, string given', 'D:\\CapstoneProject\\app\\Views\\Admin\\ManageApplicant.php', 74)
 2 SYSTEMPATH\View\View.php(226): include('D:\\CapstoneProject\\app\\Views\\Admin\\ManageApplicant.php')
 3 SYSTEMPATH\View\View.php(229): CodeIgniter\View\View->CodeIgniter\View\{closure}()
 4 SYSTEMPATH\Common.php(1188): CodeIgniter\View\View->render('Admin/ManageApplicant', [], true)
 5 APPPATH\Controllers\AdminController.php(34): view('Admin/ManageApplicant', [...])
 6 SYSTEMPATH\CodeIgniter.php(919): App\Controllers\AdminController->ManageApplicant()
 7 SYSTEMPATH\CodeIgniter.php(494): CodeIgniter\CodeIgniter->runController(Object(App\Controllers\AdminController))
 8 SYSTEMPATH\CodeIgniter.php(353): CodeIgniter\CodeIgniter->handleRequest(null, Object(Config\Cache), false)
 9 FCPATH\index.php(79): CodeIgniter\CodeIgniter->run()
10 SYSTEMPATH\Commands\Server\rewrite.php(47): require_once('D:\\CapstoneProject\\public\\index.php')
CRITICAL - 2023-12-08 04:47:30 --> foreach() argument must be of type array|object, string given
in APPPATH\Views\Admin\ManageApplicant.php on line 74.
 1 APPPATH\Views\Admin\ManageApplicant.php(74): CodeIgniter\Debug\Exceptions->errorHandler(2, 'foreach() argument must be of type array|object, string given', 'D:\\CapstoneProject\\app\\Views\\Admin\\ManageApplicant.php', 74)
 2 SYSTEMPATH\View\View.php(226): include('D:\\CapstoneProject\\app\\Views\\Admin\\ManageApplicant.php')
 3 SYSTEMPATH\View\View.php(229): CodeIgniter\View\View->CodeIgniter\View\{closure}()
 4 SYSTEMPATH\Common.php(1188): CodeIgniter\View\View->render('Admin/ManageApplicant', [], true)
 5 APPPATH\Controllers\AdminController.php(34): view('Admin/ManageApplicant', [...])
 6 SYSTEMPATH\CodeIgniter.php(919): App\Controllers\AdminController->ManageApplicant()
 7 SYSTEMPATH\CodeIgniter.php(494): CodeIgniter\CodeIgniter->runController(Object(App\Controllers\AdminController))
 8 SYSTEMPATH\CodeIgniter.php(353): CodeIgniter\CodeIgniter->handleRequest(null, Object(Config\Cache), false)
 9 FCPATH\index.php(79): CodeIgniter\CodeIgniter->run()
10 SYSTEMPATH\Commands\Server\rewrite.php(47): require_once('D:\\CapstoneProject\\public\\index.php')
CRITICAL - 2023-12-08 04:51:29 --> "bootstrap" is not a valid Pager template.
in SYSTEMPATH\Pager\Pager.php on line 120.
 1 SYSTEMPATH\Pager\Pager.php(120): CodeIgniter\Pager\Exceptions\PagerException::forInvalidTemplate('bootstrap')
 2 SYSTEMPATH\Pager\Pager.php(83): CodeIgniter\Pager\Pager->displayLinks('default', 'bootstrap')
 3 APPPATH\Views\Admin\ManageApplicant.php(73): CodeIgniter\Pager\Pager->links('default', 'bootstrap')
 4 SYSTEMPATH\View\View.php(226): include('D:\\CapstoneProject\\app\\Views\\Admin\\ManageApplicant.php')
 5 SYSTEMPATH\View\View.php(229): CodeIgniter\View\View->CodeIgniter\View\{closure}()
 6 SYSTEMPATH\Common.php(1188): CodeIgniter\View\View->render('Admin/ManageApplicant', [], true)
 7 APPPATH\Controllers\AdminController.php(34): view('Admin/ManageApplicant', [...])
 8 SYSTEMPATH\CodeIgniter.php(919): App\Controllers\AdminController->ManageApplicant()
 9 SYSTEMPATH\CodeIgniter.php(494): CodeIgniter\CodeIgniter->runController(Object(App\Controllers\AdminController))
10 SYSTEMPATH\CodeIgniter.php(353): CodeIgniter\CodeIgniter->handleRequest(null, Object(Config\Cache), false)
11 FCPATH\index.php(79): CodeIgniter\CodeIgniter->run()
12 SYSTEMPATH\Commands\Server\rewrite.php(47): require_once('D:\\CapstoneProject\\public\\index.php')
CRITICAL - 2023-12-08 04:52:43 --> foreach() argument must be of type array|object, string given
in APPPATH\Views\Admin\ManageApplicant.php on line 73.
 1 APPPATH\Views\Admin\ManageApplicant.php(73): CodeIgniter\Debug\Exceptions->errorHandler(2, 'foreach() argument must be of type array|object, string given', 'D:\\CapstoneProject\\app\\Views\\Admin\\ManageApplicant.php', 73)
 2 SYSTEMPATH\View\View.php(226): include('D:\\CapstoneProject\\app\\Views\\Admin\\ManageApplicant.php')
 3 SYSTEMPATH\View\View.php(229): CodeIgniter\View\View->CodeIgniter\View\{closure}()
 4 SYSTEMPATH\Common.php(1188): CodeIgniter\View\View->render('Admin/ManageApplicant', [], true)
 5 APPPATH\Controllers\AdminController.php(34): view('Admin/ManageApplicant', [...])
 6 SYSTEMPATH\CodeIgniter.php(919): App\Controllers\AdminController->ManageApplicant()
 7 SYSTEMPATH\CodeIgniter.php(494): CodeIgniter\CodeIgniter->runController(Object(App\Controllers\AdminController))
 8 SYSTEMPATH\CodeIgniter.php(353): CodeIgniter\CodeIgniter->handleRequest(null, Object(Config\Cache), false)
 9 FCPATH\index.php(79): CodeIgniter\CodeIgniter->run()
10 SYSTEMPATH\Commands\Server\rewrite.php(47): require_once('D:\\CapstoneProject\\public\\index.php')
CRITICAL - 2023-12-08 15:03:43 --> Undefined variable $user
in APPPATH\Views\Admin\chop\header.php on line 137.
 1 APPPATH\Views\Admin\chop\header.php(137): CodeIgniter\Debug\Exceptions->errorHandler(2, 'Undefined variable $user', 'D:\\CapstoneProject\\app\\Views\\Admin\\chop\\header.php', 137)
 2 SYSTEMPATH\View\View.php(226): include('D:\\CapstoneProject\\app\\Views\\Admin\\chop\\header.php')
 3 SYSTEMPATH\View\View.php(229): CodeIgniter\View\View->CodeIgniter\View\{closure}()
 4 SYSTEMPATH\Common.php(1188): CodeIgniter\View\View->render('Admin/chop/header', [], true)
 5 APPPATH\Views\Admin\ManageApplicant.php(7): view('Admin/chop/header')
 6 SYSTEMPATH\View\View.php(226): include('D:\\CapstoneProject\\app\\Views\\Admin\\ManageApplicant.php')
 7 SYSTEMPATH\View\View.php(229): CodeIgniter\View\View->CodeIgniter\View\{closure}()
 8 SYSTEMPATH\Common.php(1188): CodeIgniter\View\View->render('Admin/ManageApplicant', [], true)
 9 APPPATH\Controllers\AdminController.php(41): view('Admin/ManageApplicant', [...])
10 SYSTEMPATH\CodeIgniter.php(919): App\Controllers\AdminController->ManageApplicant()
11 SYSTEMPATH\CodeIgniter.php(494): CodeIgniter\CodeIgniter->runController(Object(App\Controllers\AdminController))
12 SYSTEMPATH\CodeIgniter.php(353): CodeIgniter\CodeIgniter->handleRequest(null, Object(Config\Cache), false)
13 FCPATH\index.php(79): CodeIgniter\CodeIgniter->run()
14 SYSTEMPATH\Commands\Server\rewrite.php(47): require_once('D:\\CapstoneProject\\public\\index.php')
CRITICAL - 2023-12-08 15:04:04 --> Undefined variable $user
in APPPATH\Views\Admin\chop\header.php on line 137.
 1 APPPATH\Views\Admin\chop\header.php(137): CodeIgniter\Debug\Exceptions->errorHandler(2, 'Undefined variable $user', 'D:\\CapstoneProject\\app\\Views\\Admin\\chop\\header.php', 137)
 2 SYSTEMPATH\View\View.php(226): include('D:\\CapstoneProject\\app\\Views\\Admin\\chop\\header.php')
 3 SYSTEMPATH\View\View.php(229): CodeIgniter\View\View->CodeIgniter\View\{closure}()
 4 SYSTEMPATH\Common.php(1188): CodeIgniter\View\View->render('Admin/chop/header', [], true)
 5 APPPATH\Views\Admin\ManageApplicant.php(7): view('Admin/chop/header')
 6 SYSTEMPATH\View\View.php(226): include('D:\\CapstoneProject\\app\\Views\\Admin\\ManageApplicant.php')
 7 SYSTEMPATH\View\View.php(229): CodeIgniter\View\View->CodeIgniter\View\{closure}()
 8 SYSTEMPATH\Common.php(1188): CodeIgniter\View\View->render('Admin/ManageApplicant', [], true)
 9 APPPATH\Controllers\AdminController.php(41): view('Admin/ManageApplicant', [...])
10 SYSTEMPATH\CodeIgniter.php(919): App\Controllers\AdminController->ManageApplicant()
11 SYSTEMPATH\CodeIgniter.php(494): CodeIgniter\CodeIgniter->runController(Object(App\Controllers\AdminController))
12 SYSTEMPATH\CodeIgniter.php(353): CodeIgniter\CodeIgniter->handleRequest(null, Object(Config\Cache), false)
13 FCPATH\index.php(79): CodeIgniter\CodeIgniter->run()
14 SYSTEMPATH\Commands\Server\rewrite.php(47): require_once('D:\\CapstoneProject\\public\\index.php')
CRITICAL - 2023-12-08 15:04:11 --> Undefined variable $user
in APPPATH\Views\Admin\chop\header.php on line 137.
 1 APPPATH\Views\Admin\chop\header.php(137): CodeIgniter\Debug\Exceptions->errorHandler(2, 'Undefined variable $user', 'D:\\CapstoneProject\\app\\Views\\Admin\\chop\\header.php', 137)
 2 SYSTEMPATH\View\View.php(226): include('D:\\CapstoneProject\\app\\Views\\Admin\\chop\\header.php')
 3 SYSTEMPATH\View\View.php(229): CodeIgniter\View\View->CodeIgniter\View\{closure}()
 4 SYSTEMPATH\Common.php(1188): CodeIgniter\View\View->render('Admin/chop/header', [], true)
 5 APPPATH\Views\Admin\ManageApplicant.php(7): view('Admin/chop/header')
 6 SYSTEMPATH\View\View.php(226): include('D:\\CapstoneProject\\app\\Views\\Admin\\ManageApplicant.php')
 7 SYSTEMPATH\View\View.php(229): CodeIgniter\View\View->CodeIgniter\View\{closure}()
 8 SYSTEMPATH\Common.php(1188): CodeIgniter\View\View->render('Admin/ManageApplicant', [], true)
 9 APPPATH\Controllers\AdminController.php(42): view('Admin/ManageApplicant', [...])
10 SYSTEMPATH\CodeIgniter.php(919): App\Controllers\AdminController->ManageApplicant()
11 SYSTEMPATH\CodeIgniter.php(494): CodeIgniter\CodeIgniter->runController(Object(App\Controllers\AdminController))
12 SYSTEMPATH\CodeIgniter.php(353): CodeIgniter\CodeIgniter->handleRequest(null, Object(Config\Cache), false)
13 FCPATH\index.php(79): CodeIgniter\CodeIgniter->run()
14 SYSTEMPATH\Commands\Server\rewrite.php(47): require_once('D:\\CapstoneProject\\public\\index.php')
CRITICAL - 2023-12-08 15:05:12 --> Object of class CodeIgniter\Pager\Pager could not be converted to string
in APPPATH\Controllers\AdminController.php on line 38.
 1 SYSTEMPATH\CodeIgniter.php(919): App\Controllers\AdminController->ManageApplicant()
 2 SYSTEMPATH\CodeIgniter.php(494): CodeIgniter\CodeIgniter->runController(Object(App\Controllers\AdminController))
 3 SYSTEMPATH\CodeIgniter.php(353): CodeIgniter\CodeIgniter->handleRequest(null, Object(Config\Cache), false)
 4 FCPATH\index.php(79): CodeIgniter\CodeIgniter->run()
 5 SYSTEMPATH\Commands\Server\rewrite.php(47): require_once('D:\\CapstoneProject\\public\\index.php')
CRITICAL - 2023-12-08 15:05:20 --> Object of class CodeIgniter\Pager\Pager could not be converted to string
in APPPATH\Controllers\AdminController.php on line 38.
 1 SYSTEMPATH\CodeIgniter.php(919): App\Controllers\AdminController->ManageApplicant()
 2 SYSTEMPATH\CodeIgniter.php(494): CodeIgniter\CodeIgniter->runController(Object(App\Controllers\AdminController))
 3 SYSTEMPATH\CodeIgniter.php(353): CodeIgniter\CodeIgniter->handleRequest(null, Object(Config\Cache), false)
 4 FCPATH\index.php(79): CodeIgniter\CodeIgniter->run()
 5 SYSTEMPATH\Commands\Server\rewrite.php(47): require_once('D:\\CapstoneProject\\public\\index.php')
CRITICAL - 2023-12-08 15:07:10 --> Object of class CodeIgniter\Pager\Pager could not be converted to string
in APPPATH\Controllers\AdminController.php on line 37.
 1 SYSTEMPATH\CodeIgniter.php(919): App\Controllers\AdminController->ManageApplicant()
 2 SYSTEMPATH\CodeIgniter.php(494): CodeIgniter\CodeIgniter->runController(Object(App\Controllers\AdminController))
 3 SYSTEMPATH\CodeIgniter.php(353): CodeIgniter\CodeIgniter->handleRequest(null, Object(Config\Cache), false)
 4 FCPATH\index.php(79): CodeIgniter\CodeIgniter->run()
 5 SYSTEMPATH\Commands\Server\rewrite.php(47): require_once('D:\\CapstoneProject\\public\\index.php')
CRITICAL - 2023-12-08 15:07:35 --> Object of class CodeIgniter\Pager\Pager could not be converted to string
in APPPATH\Controllers\AdminController.php on line 37.
 1 SYSTEMPATH\CodeIgniter.php(919): App\Controllers\AdminController->ManageApplicant()
 2 SYSTEMPATH\CodeIgniter.php(494): CodeIgniter\CodeIgniter->runController(Object(App\Controllers\AdminController))
 3 SYSTEMPATH\CodeIgniter.php(353): CodeIgniter\CodeIgniter->handleRequest(null, Object(Config\Cache), false)
 4 FCPATH\index.php(79): CodeIgniter\CodeIgniter->run()
 5 SYSTEMPATH\Commands\Server\rewrite.php(47): require_once('D:\\CapstoneProject\\public\\index.php')
ERROR - 2023-12-08 15:24:39 --> mysqli_sql_exception: Table 'erecruit.agents' doesn't exist in D:\CapstoneProject\system\Database\MySQLi\Connection.php:306
Stack trace:
#0 D:\CapstoneProject\system\Database\MySQLi\Connection.php(306): mysqli->query('SELECT *\nFROM `...', 0)
#1 D:\CapstoneProject\system\Database\BaseConnection.php(692): CodeIgniter\Database\MySQLi\Connection->execute('SELECT *\nFROM `...')
#2 D:\CapstoneProject\system\Database\BaseConnection.php(606): CodeIgniter\Database\BaseConnection->simpleQuery('SELECT *\nFROM `...')
#3 D:\CapstoneProject\system\Database\BaseBuilder.php(1615): CodeIgniter\Database\BaseConnection->query('SELECT *\nFROM `...', Array, false)
#4 D:\CapstoneProject\system\Model.php(237): CodeIgniter\Database\BaseBuilder->get()
#5 D:\CapstoneProject\system\BaseModel.php(624): CodeIgniter\Model->doFindAll(0, 0)
#6 D:\CapstoneProject\app\Controllers\AppController.php(150): CodeIgniter\BaseModel->findAll()
#7 D:\CapstoneProject\system\CodeIgniter.php(919): App\Controllers\AppController->AppForm1()
#8 D:\CapstoneProject\system\CodeIgniter.php(494): CodeIgniter\CodeIgniter->runController(Object(App\Controllers\AppController))
#9 D:\CapstoneProject\system\CodeIgniter.php(353): CodeIgniter\CodeIgniter->handleRequest(NULL, Object(Config\Cache), false)
#10 D:\CapstoneProject\public\index.php(79): CodeIgniter\CodeIgniter->run()
#11 D:\CapstoneProject\system\Commands\Server\rewrite.php(47): require_once('D:\\CapstoneProj...')
#12 {main}
CRITICAL - 2023-12-08 15:24:39 --> Table 'erecruit.agents' doesn't exist
in SYSTEMPATH\Database\BaseConnection.php on line 646.
 1 SYSTEMPATH\Database\BaseBuilder.php(1615): CodeIgniter\Database\BaseConnection->query('SELECT *
FROM `agents`', [], false)
 2 SYSTEMPATH\Model.php(237): CodeIgniter\Database\BaseBuilder->get()
 3 SYSTEMPATH\BaseModel.php(624): CodeIgniter\Model->doFindAll(0, 0)
 4 APPPATH\Controllers\AppController.php(150): CodeIgniter\BaseModel->findAll()
 5 SYSTEMPATH\CodeIgniter.php(919): App\Controllers\AppController->AppForm1()
 6 SYSTEMPATH\CodeIgniter.php(494): CodeIgniter\CodeIgniter->runController(Object(App\Controllers\AppController))
 7 SYSTEMPATH\CodeIgniter.php(353): CodeIgniter\CodeIgniter->handleRequest(null, Object(Config\Cache), false)
 8 FCPATH\index.php(79): CodeIgniter\CodeIgniter->run()
 9 SYSTEMPATH\Commands\Server\rewrite.php(47): require_once('D:\\CapstoneProject\\public\\index.php')
CRITICAL - 2023-12-08 15:27:48 --> Undefined variable $agents
in APPPATH\Views\Applicant\AppForm1.php on line 47.
 1 APPPATH\Views\Applicant\AppForm1.php(47): CodeIgniter\Debug\Exceptions->errorHandler(2, 'Undefined variable $agents', 'D:\\CapstoneProject\\app\\Views\\Applicant\\AppForm1.php', 47)
 2 SYSTEMPATH\View\View.php(226): include('D:\\CapstoneProject\\app\\Views\\Applicant\\AppForm1.php')
 3 SYSTEMPATH\View\View.php(229): CodeIgniter\View\View->CodeIgniter\View\{closure}()
 4 SYSTEMPATH\Common.php(1188): CodeIgniter\View\View->render('Applicant/AppForm1', [], true)
 5 APPPATH\Controllers\AppController.php(152): view('Applicant/AppForm1', [...])
 6 SYSTEMPATH\CodeIgniter.php(919): App\Controllers\AppController->AppForm1()
 7 SYSTEMPATH\CodeIgniter.php(494): CodeIgniter\CodeIgniter->runController(Object(App\Controllers\AppController))
 8 SYSTEMPATH\CodeIgniter.php(353): CodeIgniter\CodeIgniter->handleRequest(null, Object(Config\Cache), false)
 9 FCPATH\index.php(79): CodeIgniter\CodeIgniter->run()
10 SYSTEMPATH\Commands\Server\rewrite.php(47): require_once('D:\\CapstoneProject\\public\\index.php')
CRITICAL - 2023-12-08 15:31:05 --> Undefined variable $agents
in APPPATH\Views\Applicant\AppForm1.php on line 47.
 1 APPPATH\Views\Applicant\AppForm1.php(47): CodeIgniter\Debug\Exceptions->errorHandler(2, 'Undefined variable $agents', 'D:\\CapstoneProject\\app\\Views\\Applicant\\AppForm1.php', 47)
 2 SYSTEMPATH\View\View.php(226): include('D:\\CapstoneProject\\app\\Views\\Applicant\\AppForm1.php')
 3 SYSTEMPATH\View\View.php(229): CodeIgniter\View\View->CodeIgniter\View\{closure}()
 4 SYSTEMPATH\Common.php(1188): CodeIgniter\View\View->render('Applicant/AppForm1', [], true)
 5 APPPATH\Controllers\AppController.php(148): view('Applicant/AppForm1', [...])
 6 SYSTEMPATH\CodeIgniter.php(919): App\Controllers\AppController->AppForm1()
 7 SYSTEMPATH\CodeIgniter.php(494): CodeIgniter\CodeIgniter->runController(Object(App\Controllers\AppController))
 8 SYSTEMPATH\CodeIgniter.php(353): CodeIgniter\CodeIgniter->handleRequest(null, Object(Config\Cache), false)
 9 FCPATH\index.php(79): CodeIgniter\CodeIgniter->run()
10 SYSTEMPATH\Commands\Server\rewrite.php(47): require_once('D:\\CapstoneProject\\public\\index.php')
CRITICAL - 2023-12-08 15:37:11 --> Undefined array key "AgentID"
in APPPATH\Views\Applicant\AppForm1.php on line 48.
 1 APPPATH\Views\Applicant\AppForm1.php(48): CodeIgniter\Debug\Exceptions->errorHandler(2, 'Undefined array key "AgentID"', 'D:\\CapstoneProject\\app\\Views\\Applicant\\AppForm1.php', 48)
 2 SYSTEMPATH\View\View.php(226): include('D:\\CapstoneProject\\app\\Views\\Applicant\\AppForm1.php')
 3 SYSTEMPATH\View\View.php(229): CodeIgniter\View\View->CodeIgniter\View\{closure}()
 4 SYSTEMPATH\Common.php(1188): CodeIgniter\View\View->render('Applicant/AppForm1', [], true)
 5 APPPATH\Controllers\AppController.php(153): view('Applicant/AppForm1', [...])
 6 SYSTEMPATH\CodeIgniter.php(919): App\Controllers\AppController->AppForm1()
 7 SYSTEMPATH\CodeIgniter.php(494): CodeIgniter\CodeIgniter->runController(Object(App\Controllers\AppController))
 8 SYSTEMPATH\CodeIgniter.php(353): CodeIgniter\CodeIgniter->handleRequest(null, Object(Config\Cache), false)
 9 FCPATH\index.php(79): CodeIgniter\CodeIgniter->run()
10 SYSTEMPATH\Commands\Server\rewrite.php(47): require_once('D:\\CapstoneProject\\public\\index.php')
CRITICAL - 2023-12-08 15:53:53 --> Call to undefined method App\Models\Form1Model::tableAlias
in SYSTEMPATH\Model.php on line 873.
 1 APPPATH\Controllers\AdminController.php(91): CodeIgniter\Model->__call('tableAlias', [...])
 2 SYSTEMPATH\CodeIgniter.php(919): App\Controllers\AdminController->ViewAppForm('99')
 3 SYSTEMPATH\CodeIgniter.php(494): CodeIgniter\CodeIgniter->runController(Object(App\Controllers\AdminController))
 4 SYSTEMPATH\CodeIgniter.php(353): CodeIgniter\CodeIgniter->handleRequest(null, Object(Config\Cache), false)
 5 FCPATH\index.php(79): CodeIgniter\CodeIgniter->run()
 6 SYSTEMPATH\Commands\Server\rewrite.php(47): require_once('D:\\CapstoneProject\\public\\index.php')
CRITICAL - 2023-12-08 17:33:39 --> Too few arguments to function App\Controllers\AdminController::newAgent(), 0 passed in D:\CapstoneProject\system\CodeIgniter.php on line 919 and exactly 1 expected
in APPPATH\Controllers\AdminController.php on line 84.
 1 SYSTEMPATH\CodeIgniter.php(919): App\Controllers\AdminController->newAgent()
 2 SYSTEMPATH\CodeIgniter.php(494): CodeIgniter\CodeIgniter->runController(Object(App\Controllers\AdminController))
 3 SYSTEMPATH\CodeIgniter.php(353): CodeIgniter\CodeIgniter->handleRequest(null, Object(Config\Cache), false)
 4 FCPATH\index.php(79): CodeIgniter\CodeIgniter->run()
 5 SYSTEMPATH\Commands\Server\rewrite.php(47): require_once('D:\\CapstoneProject\\public\\index.php')
CRITICAL - 2023-12-08 17:41:27 --> Too few arguments to function App\Controllers\AdminController::newAgent(), 0 passed in D:\CapstoneProject\system\CodeIgniter.php on line 919 and exactly 1 expected
in APPPATH\Controllers\AdminController.php on line 94.
 1 SYSTEMPATH\CodeIgniter.php(919): App\Controllers\AdminController->newAgent()
 2 SYSTEMPATH\CodeIgniter.php(494): CodeIgniter\CodeIgniter->runController(Object(App\Controllers\AdminController))
 3 SYSTEMPATH\CodeIgniter.php(353): CodeIgniter\CodeIgniter->handleRequest(null, Object(Config\Cache), false)
 4 FCPATH\index.php(79): CodeIgniter\CodeIgniter->run()
 5 SYSTEMPATH\Commands\Server\rewrite.php(47): require_once('D:\\CapstoneProject\\public\\index.php')
CRITICAL - 2023-12-08 17:45:17 --> Too few arguments to function App\Controllers\AdminController::newAgent(), 0 passed in D:\CapstoneProject\system\CodeIgniter.php on line 919 and exactly 1 expected
in APPPATH\Controllers\AdminController.php on line 84.
 1 SYSTEMPATH\CodeIgniter.php(919): App\Controllers\AdminController->newAgent()
 2 SYSTEMPATH\CodeIgniter.php(494): CodeIgniter\CodeIgniter->runController(Object(App\Controllers\AdminController))
 3 SYSTEMPATH\CodeIgniter.php(353): CodeIgniter\CodeIgniter->handleRequest(null, Object(Config\Cache), false)
 4 FCPATH\index.php(79): CodeIgniter\CodeIgniter->run()
 5 SYSTEMPATH\Commands\Server\rewrite.php(47): require_once('D:\\CapstoneProject\\public\\index.php')
CRITICAL - 2023-12-08 17:46:14 --> Too few arguments to function App\Controllers\AdminController::newAgent(), 0 passed in D:\CapstoneProject\system\CodeIgniter.php on line 919 and exactly 1 expected
in APPPATH\Controllers\AdminController.php on line 84.
 1 SYSTEMPATH\CodeIgniter.php(919): App\Controllers\AdminController->newAgent()
 2 SYSTEMPATH\CodeIgniter.php(494): CodeIgniter\CodeIgniter->runController(Object(App\Controllers\AdminController))
 3 SYSTEMPATH\CodeIgniter.php(353): CodeIgniter\CodeIgniter->handleRequest(null, Object(Config\Cache), false)
 4 FCPATH\index.php(79): CodeIgniter\CodeIgniter->run()
 5 SYSTEMPATH\Commands\Server\rewrite.php(47): require_once('D:\\CapstoneProject\\public\\index.php')
CRITICAL - 2023-12-08 17:48:28 --> Too few arguments to function App\Controllers\AdminController::newAgent(), 0 passed in D:\CapstoneProject\system\CodeIgniter.php on line 919 and exactly 1 expected
in APPPATH\Controllers\AdminController.php on line 84.
 1 SYSTEMPATH\CodeIgniter.php(919): App\Controllers\AdminController->newAgent()
 2 SYSTEMPATH\CodeIgniter.php(494): CodeIgniter\CodeIgniter->runController(Object(App\Controllers\AdminController))
 3 SYSTEMPATH\CodeIgniter.php(353): CodeIgniter\CodeIgniter->handleRequest(null, Object(Config\Cache), false)
 4 FCPATH\index.php(79): CodeIgniter\CodeIgniter->run()
 5 SYSTEMPATH\Commands\Server\rewrite.php(47): require_once('D:\\CapstoneProject\\public\\index.php')
CRITICAL - 2023-12-08 17:48:35 --> Too few arguments to function App\Controllers\AdminController::newAgent(), 0 passed in D:\CapstoneProject\system\CodeIgniter.php on line 919 and exactly 1 expected
in APPPATH\Controllers\AdminController.php on line 84.
 1 SYSTEMPATH\CodeIgniter.php(919): App\Controllers\AdminController->newAgent()
 2 SYSTEMPATH\CodeIgniter.php(494): CodeIgniter\CodeIgniter->runController(Object(App\Controllers\AdminController))
 3 SYSTEMPATH\CodeIgniter.php(353): CodeIgniter\CodeIgniter->handleRequest(null, Object(Config\Cache), false)
 4 FCPATH\index.php(79): CodeIgniter\CodeIgniter->run()
 5 SYSTEMPATH\Commands\Server\rewrite.php(47): require_once('D:\\CapstoneProject\\public\\index.php')
ERROR - 2023-12-08 18:19:24 --> mysqli_sql_exception: Cannot add or update a child row: a foreign key constraint fails (`erecruit`.`agent`, CONSTRAINT `fk_agent_branch` FOREIGN KEY (`branch`) REFERENCES `admin` (`branch`)) in D:\CapstoneProject\system\Database\MySQLi\Connection.php:306
Stack trace:
#0 D:\CapstoneProject\system\Database\MySQLi\Connection.php(306): mysqli->query('INSERT INTO `ag...', 0)
#1 D:\CapstoneProject\system\Database\BaseConnection.php(692): CodeIgniter\Database\MySQLi\Connection->execute('INSERT INTO `ag...')
#2 D:\CapstoneProject\system\Database\BaseConnection.php(606): CodeIgniter\Database\BaseConnection->simpleQuery('INSERT INTO `ag...')
#3 D:\CapstoneProject\system\Database\BaseBuilder.php(2308): CodeIgniter\Database\BaseConnection->query('INSERT INTO `ag...', Array, false)
#4 D:\CapstoneProject\system\Model.php(319): CodeIgniter\Database\BaseBuilder->insert()
#5 D:\CapstoneProject\system\BaseModel.php(788): CodeIgniter\Model->doInsert(Array)
#6 D:\CapstoneProject\system\Model.php(715): CodeIgniter\BaseModel->insert(Array, false)
#7 D:\CapstoneProject\system\BaseModel.php(698): CodeIgniter\Model->insert(Array, false)
#8 D:\CapstoneProject\app\Controllers\AdminController.php(112): CodeIgniter\BaseModel->save(Array)
#9 D:\CapstoneProject\system\CodeIgniter.php(919): App\Controllers\AdminController->newAgent()
#10 D:\CapstoneProject\system\CodeIgniter.php(494): CodeIgniter\CodeIgniter->runController(Object(App\Controllers\AdminController))
#11 D:\CapstoneProject\system\CodeIgniter.php(353): CodeIgniter\CodeIgniter->handleRequest(NULL, Object(Config\Cache), false)
#12 D:\CapstoneProject\public\index.php(79): CodeIgniter\CodeIgniter->run()
#13 D:\CapstoneProject\system\Commands\Server\rewrite.php(47): require_once('D:\\CapstoneProj...')
#14 {main}
CRITICAL - 2023-12-08 18:19:24 --> Cannot add or update a child row: a foreign key constraint fails (`erecruit`.`agent`, CONSTRAINT `fk_agent_branch` FOREIGN KEY (`branch`) REFERENCES `admin` (`branch`))
in SYSTEMPATH\Database\BaseConnection.php on line 646.
 1 SYSTEMPATH\Database\BaseBuilder.php(2308): CodeIgniter\Database\BaseConnection->query('INSERT INTO `agent` (`agent_id`, `AgentCode`, `FA`, `branch`) VALUES (:agent_id:, :AgentCode:, :FA:, :branch:)', [...], false)
 2 SYSTEMPATH\Model.php(319): CodeIgniter\Database\BaseBuilder->insert()
 3 SYSTEMPATH\BaseModel.php(788): CodeIgniter\Model->doInsert([...])
 4 SYSTEMPATH\Model.php(715): CodeIgniter\BaseModel->insert([...], false)
 5 SYSTEMPATH\BaseModel.php(698): CodeIgniter\Model->insert([...], false)
 6 APPPATH\Controllers\AdminController.php(112): CodeIgniter\BaseModel->save([...])
 7 SYSTEMPATH\CodeIgniter.php(919): App\Controllers\AdminController->newAgent()
 8 SYSTEMPATH\CodeIgniter.php(494): CodeIgniter\CodeIgniter->runController(Object(App\Controllers\AdminController))
 9 SYSTEMPATH\CodeIgniter.php(353): CodeIgniter\CodeIgniter->handleRequest(null, Object(Config\Cache), false)
10 FCPATH\index.php(79): CodeIgniter\CodeIgniter->run()
11 SYSTEMPATH\Commands\Server\rewrite.php(47): require_once('D:\\CapstoneProject\\public\\index.php')
ERROR - 2023-12-08 18:32:28 --> mysqli_sql_exception: Cannot add or update a child row: a foreign key constraint fails (`erecruit`.`agent`, CONSTRAINT `fk_foreign_agent` FOREIGN KEY (`FA`) REFERENCES `agent` (`agent_id`)) in D:\CapstoneProject\system\Database\MySQLi\Connection.php:306
Stack trace:
#0 D:\CapstoneProject\system\Database\MySQLi\Connection.php(306): mysqli->query('INSERT INTO `ag...', 0)
#1 D:\CapstoneProject\system\Database\BaseConnection.php(692): CodeIgniter\Database\MySQLi\Connection->execute('INSERT INTO `ag...')
#2 D:\CapstoneProject\system\Database\BaseConnection.php(606): CodeIgniter\Database\BaseConnection->simpleQuery('INSERT INTO `ag...')
#3 D:\CapstoneProject\system\Database\BaseBuilder.php(2308): CodeIgniter\Database\BaseConnection->query('INSERT INTO `ag...', Array, false)
#4 D:\CapstoneProject\system\Model.php(319): CodeIgniter\Database\BaseBuilder->insert()
#5 D:\CapstoneProject\system\BaseModel.php(788): CodeIgniter\Model->doInsert(Array)
#6 D:\CapstoneProject\system\Model.php(715): CodeIgniter\BaseModel->insert(Array, false)
#7 D:\CapstoneProject\system\BaseModel.php(698): CodeIgniter\Model->insert(Array, false)
#8 D:\CapstoneProject\app\Controllers\AdminController.php(112): CodeIgniter\BaseModel->save(Array)
#9 D:\CapstoneProject\system\CodeIgniter.php(919): App\Controllers\AdminController->newAgent()
#10 D:\CapstoneProject\system\CodeIgniter.php(494): CodeIgniter\CodeIgniter->runController(Object(App\Controllers\AdminController))
#11 D:\CapstoneProject\system\CodeIgniter.php(353): CodeIgniter\CodeIgniter->handleRequest(NULL, Object(Config\Cache), false)
#12 D:\CapstoneProject\public\index.php(79): CodeIgniter\CodeIgniter->run()
#13 D:\CapstoneProject\system\Commands\Server\rewrite.php(47): require_once('D:\\CapstoneProj...')
#14 {main}
CRITICAL - 2023-12-08 18:32:28 --> Cannot add or update a child row: a foreign key constraint fails (`erecruit`.`agent`, CONSTRAINT `fk_foreign_agent` FOREIGN KEY (`FA`) REFERENCES `agent` (`agent_id`))
in SYSTEMPATH\Database\BaseConnection.php on line 646.
 1 SYSTEMPATH\Database\BaseBuilder.php(2308): CodeIgniter\Database\BaseConnection->query('INSERT INTO `agent` (`agent_id`, `AgentCode`, `Agentfullname`, `FA`, `branch`) VALUES (:agent_id:, :AgentCode:, :Agentfullname:, :FA:, :branch:)', [...], false)
 2 SYSTEMPATH\Model.php(319): CodeIgniter\Database\BaseBuilder->insert()
 3 SYSTEMPATH\BaseModel.php(788): CodeIgniter\Model->doInsert([...])
 4 SYSTEMPATH\Model.php(715): CodeIgniter\BaseModel->insert([...], false)
 5 SYSTEMPATH\BaseModel.php(698): CodeIgniter\Model->insert([...], false)
 6 APPPATH\Controllers\AdminController.php(112): CodeIgniter\BaseModel->save([...])
 7 SYSTEMPATH\CodeIgniter.php(919): App\Controllers\AdminController->newAgent()
 8 SYSTEMPATH\CodeIgniter.php(494): CodeIgniter\CodeIgniter->runController(Object(App\Controllers\AdminController))
 9 SYSTEMPATH\CodeIgniter.php(353): CodeIgniter\CodeIgniter->handleRequest(null, Object(Config\Cache), false)
10 FCPATH\index.php(79): CodeIgniter\CodeIgniter->run()
11 SYSTEMPATH\Commands\Server\rewrite.php(47): require_once('D:\\CapstoneProject\\public\\index.php')
CRITICAL - 2023-12-08 18:49:13 --> There is no data to update.
in SYSTEMPATH\BaseModel.php on line 930.
 1 SYSTEMPATH\BaseModel.php(930): CodeIgniter\Database\Exceptions\DataException::forEmptyDataset('update')
 2 SYSTEMPATH\Model.php(776): CodeIgniter\BaseModel->update([...], [])
 3 APPPATH\Controllers\AdminController.php(121): CodeIgniter\Model->update('99', [...])
 4 SYSTEMPATH\CodeIgniter.php(919): App\Controllers\AdminController->newAgent()
 5 SYSTEMPATH\CodeIgniter.php(494): CodeIgniter\CodeIgniter->runController(Object(App\Controllers\AdminController))
 6 SYSTEMPATH\CodeIgniter.php(353): CodeIgniter\CodeIgniter->handleRequest(null, Object(Config\Cache), false)
 7 FCPATH\index.php(79): CodeIgniter\CodeIgniter->run()
 8 SYSTEMPATH\Commands\Server\rewrite.php(47): require_once('D:\\CapstoneProject\\public\\index.php')
CRITICAL - 2023-12-08 18:57:34 --> Call to undefined method App\Models\ApplicantModel::updateApplicantStatus
in SYSTEMPATH\Model.php on line 873.
 1 APPPATH\Controllers\AdminController.php(123): CodeIgniter\Model->__call('updateApplicantStatus', [...])
 2 SYSTEMPATH\CodeIgniter.php(919): App\Controllers\AdminController->newAgent()
 3 SYSTEMPATH\CodeIgniter.php(494): CodeIgniter\CodeIgniter->runController(Object(App\Controllers\AdminController))
 4 SYSTEMPATH\CodeIgniter.php(353): CodeIgniter\CodeIgniter->handleRequest(null, Object(Config\Cache), false)
 5 FCPATH\index.php(79): CodeIgniter\CodeIgniter->run()
 6 SYSTEMPATH\Commands\Server\rewrite.php(47): require_once('D:\\CapstoneProject\\public\\index.php')
ERROR - 2023-12-08 18:58:38 --> mysqli_sql_exception: Cannot add or update a child row: a foreign key constraint fails (`erecruit`.`agent`, CONSTRAINT `fk_agent_user_id` FOREIGN KEY (`agent_id`) REFERENCES `users` (`id`)) in D:\CapstoneProject\system\Database\MySQLi\Connection.php:306
Stack trace:
#0 D:\CapstoneProject\system\Database\MySQLi\Connection.php(306): mysqli->query('INSERT INTO `ag...', 0)
#1 D:\CapstoneProject\system\Database\BaseConnection.php(692): CodeIgniter\Database\MySQLi\Connection->execute('INSERT INTO `ag...')
#2 D:\CapstoneProject\system\Database\BaseConnection.php(606): CodeIgniter\Database\BaseConnection->simpleQuery('INSERT INTO `ag...')
#3 D:\CapstoneProject\system\Database\BaseBuilder.php(2308): CodeIgniter\Database\BaseConnection->query('INSERT INTO `ag...', Array, false)
#4 D:\CapstoneProject\system\Model.php(319): CodeIgniter\Database\BaseBuilder->insert()
#5 D:\CapstoneProject\system\BaseModel.php(788): CodeIgniter\Model->doInsert(Array)
#6 D:\CapstoneProject\system\Model.php(715): CodeIgniter\BaseModel->insert(Array, false)
#7 D:\CapstoneProject\system\BaseModel.php(698): CodeIgniter\Model->insert(Array, false)
#8 D:\CapstoneProject\app\Controllers\AdminController.php(114): CodeIgniter\BaseModel->save(Array)
#9 D:\CapstoneProject\system\CodeIgniter.php(919): App\Controllers\AdminController->newAgent()
#10 D:\CapstoneProject\system\CodeIgniter.php(494): CodeIgniter\CodeIgniter->runController(Object(App\Controllers\AdminController))
#11 D:\CapstoneProject\system\CodeIgniter.php(353): CodeIgniter\CodeIgniter->handleRequest(NULL, Object(Config\Cache), false)
#12 D:\CapstoneProject\public\index.php(79): CodeIgniter\CodeIgniter->run()
#13 D:\CapstoneProject\system\Commands\Server\rewrite.php(47): require_once('D:\\CapstoneProj...')
#14 {main}
CRITICAL - 2023-12-08 18:58:38 --> Cannot add or update a child row: a foreign key constraint fails (`erecruit`.`agent`, CONSTRAINT `fk_agent_user_id` FOREIGN KEY (`agent_id`) REFERENCES `users` (`id`))
in SYSTEMPATH\Database\BaseConnection.php on line 646.
 1 SYSTEMPATH\Database\BaseBuilder.php(2308): CodeIgniter\Database\BaseConnection->query('INSERT INTO `agent` (`agent_id`, `AgentCode`, `Agentfullname`, `FA`, `branch`) VALUES (:agent_id:, :AgentCode:, :Agentfullname:, :FA:, :branch:)', [...], false)
 2 SYSTEMPATH\Model.php(319): CodeIgniter\Database\BaseBuilder->insert()
 3 SYSTEMPATH\BaseModel.php(788): CodeIgniter\Model->doInsert([...])
 4 SYSTEMPATH\Model.php(715): CodeIgniter\BaseModel->insert([...], false)
 5 SYSTEMPATH\BaseModel.php(698): CodeIgniter\Model->insert([...], false)
 6 APPPATH\Controllers\AdminController.php(114): CodeIgniter\BaseModel->save([...])
 7 SYSTEMPATH\CodeIgniter.php(919): App\Controllers\AdminController->newAgent()
 8 SYSTEMPATH\CodeIgniter.php(494): CodeIgniter\CodeIgniter->runController(Object(App\Controllers\AdminController))
 9 SYSTEMPATH\CodeIgniter.php(353): CodeIgniter\CodeIgniter->handleRequest(null, Object(Config\Cache), false)
10 FCPATH\index.php(79): CodeIgniter\CodeIgniter->run()
11 SYSTEMPATH\Commands\Server\rewrite.php(47): require_once('D:\\CapstoneProject\\public\\index.php')
CRITICAL - 2023-12-08 19:07:30 --> Updates are not allowed unless they contain a "where" or "like" clause.
in SYSTEMPATH\Model.php on line 380.
 1 SYSTEMPATH\BaseModel.php(949): CodeIgniter\Model->doUpdate(null, [...])
 2 SYSTEMPATH\Model.php(776): CodeIgniter\BaseModel->update(null, [...])
 3 APPPATH\Controllers\AdminController.php(123): CodeIgniter\Model->update(null, [...])
 4 SYSTEMPATH\CodeIgniter.php(919): App\Controllers\AdminController->newAgent()
 5 SYSTEMPATH\CodeIgniter.php(494): CodeIgniter\CodeIgniter->runController(Object(App\Controllers\AdminController))
 6 SYSTEMPATH\CodeIgniter.php(353): CodeIgniter\CodeIgniter->handleRequest(null, Object(Config\Cache), false)
 7 FCPATH\index.php(79): CodeIgniter\CodeIgniter->run()
 8 SYSTEMPATH\Commands\Server\rewrite.php(47): require_once('D:\\CapstoneProject\\public\\index.php')
CRITICAL - 2023-12-08 19:08:15 --> Updates are not allowed unless they contain a "where" or "like" clause.
in SYSTEMPATH\Model.php on line 380.
 1 SYSTEMPATH\BaseModel.php(949): CodeIgniter\Model->doUpdate(null, [...])
 2 SYSTEMPATH\Model.php(776): CodeIgniter\BaseModel->update(null, [...])
 3 APPPATH\Controllers\AdminController.php(123): CodeIgniter\Model->update(null, [...])
 4 SYSTEMPATH\CodeIgniter.php(919): App\Controllers\AdminController->newAgent()
 5 SYSTEMPATH\CodeIgniter.php(494): CodeIgniter\CodeIgniter->runController(Object(App\Controllers\AdminController))
 6 SYSTEMPATH\CodeIgniter.php(353): CodeIgniter\CodeIgniter->handleRequest(null, Object(Config\Cache), false)
 7 FCPATH\index.php(79): CodeIgniter\CodeIgniter->run()
 8 SYSTEMPATH\Commands\Server\rewrite.php(47): require_once('D:\\CapstoneProject\\public\\index.php')
CRITICAL - 2023-12-08 19:15:10 --> Updates are not allowed unless they contain a "where" or "like" clause.
in SYSTEMPATH\Model.php on line 380.
 1 SYSTEMPATH\BaseModel.php(949): CodeIgniter\Model->doUpdate(null, [...])
 2 SYSTEMPATH\Model.php(776): CodeIgniter\BaseModel->update(null, [...])
 3 APPPATH\Controllers\AdminController.php(124): CodeIgniter\Model->update(null, [...])
 4 SYSTEMPATH\CodeIgniter.php(919): App\Controllers\AdminController->newAgent()
 5 SYSTEMPATH\CodeIgniter.php(494): CodeIgniter\CodeIgniter->runController(Object(App\Controllers\AdminController))
 6 SYSTEMPATH\CodeIgniter.php(353): CodeIgniter\CodeIgniter->handleRequest(null, Object(Config\Cache), false)
 7 FCPATH\index.php(79): CodeIgniter\CodeIgniter->run()
 8 SYSTEMPATH\Commands\Server\rewrite.php(47): require_once('D:\\CapstoneProject\\public\\index.php')
CRITICAL - 2023-12-08 19:20:55 --> There is no data to update.
in SYSTEMPATH\BaseModel.php on line 1724.
 1 SYSTEMPATH\BaseModel.php(1724): CodeIgniter\Database\Exceptions\DataException::forEmptyDataset('update')
 2 SYSTEMPATH\BaseModel.php(916): CodeIgniter\BaseModel->transformDataToArray(null, 'update')
 3 SYSTEMPATH\Model.php(776): CodeIgniter\BaseModel->update([...], null)
 4 APPPATH\Controllers\AdminController.php(124): CodeIgniter\Model->update([...])
 5 SYSTEMPATH\CodeIgniter.php(919): App\Controllers\AdminController->newAgent()
 6 SYSTEMPATH\CodeIgniter.php(494): CodeIgniter\CodeIgniter->runController(Object(App\Controllers\AdminController))
 7 SYSTEMPATH\CodeIgniter.php(353): CodeIgniter\CodeIgniter->handleRequest(null, Object(Config\Cache), false)
 8 FCPATH\index.php(79): CodeIgniter\CodeIgniter->run()
 9 SYSTEMPATH\Commands\Server\rewrite.php(47): require_once('D:\\CapstoneProject\\public\\index.php')
CRITICAL - 2023-12-08 19:21:24 --> There is no data to update.
in SYSTEMPATH\BaseModel.php on line 1724.
 1 SYSTEMPATH\BaseModel.php(1724): CodeIgniter\Database\Exceptions\DataException::forEmptyDataset('update')
 2 SYSTEMPATH\BaseModel.php(916): CodeIgniter\BaseModel->transformDataToArray(null, 'update')
 3 SYSTEMPATH\Model.php(776): CodeIgniter\BaseModel->update([...], null)
 4 APPPATH\Controllers\AdminController.php(124): CodeIgniter\Model->update([...])
 5 SYSTEMPATH\CodeIgniter.php(919): App\Controllers\AdminController->newAgent()
 6 SYSTEMPATH\CodeIgniter.php(494): CodeIgniter\CodeIgniter->runController(Object(App\Controllers\AdminController))
 7 SYSTEMPATH\CodeIgniter.php(353): CodeIgniter\CodeIgniter->handleRequest(null, Object(Config\Cache), false)
 8 FCPATH\index.php(79): CodeIgniter\CodeIgniter->run()
 9 SYSTEMPATH\Commands\Server\rewrite.php(47): require_once('D:\\CapstoneProject\\public\\index.php')
CRITICAL - 2023-12-08 19:28:09 --> There is no data to update.
in SYSTEMPATH\BaseModel.php on line 930.
 1 SYSTEMPATH\BaseModel.php(930): CodeIgniter\Database\Exceptions\DataException::forEmptyDataset('update')
 2 SYSTEMPATH\Model.php(776): CodeIgniter\BaseModel->update([...], [])
 3 APPPATH\Controllers\AdminController.php(118): CodeIgniter\Model->update('99', [...])
 4 SYSTEMPATH\CodeIgniter.php(919): App\Controllers\AdminController->newAgent()
 5 SYSTEMPATH\CodeIgniter.php(494): CodeIgniter\CodeIgniter->runController(Object(App\Controllers\AdminController))
 6 SYSTEMPATH\CodeIgniter.php(353): CodeIgniter\CodeIgniter->handleRequest(null, Object(Config\Cache), false)
 7 FCPATH\index.php(79): CodeIgniter\CodeIgniter->run()
 8 SYSTEMPATH\Commands\Server\rewrite.php(47): require_once('D:\\CapstoneProject\\public\\index.php')
