ERROR - 2023-12-06 14:38:13 --> Error connecting to the database: mysqli_sql_exception: No connection could be made because the target machine actively refused it in D:\CapstoneProject\system\Database\MySQLi\Connection.php:185
Stack trace:
#0 D:\CapstoneProject\system\Database\MySQLi\Connection.php(185): mysqli->real_connect('localhost', 'root', '', 'erecruit', 3306, '', 0)
#1 D:\CapstoneProject\system\Database\BaseConnection.php(391): CodeIgniter\Database\MySQLi\Connection->connect(false)
#2 D:\CapstoneProject\system\Database\BaseConnection.php(574): CodeIgniter\Database\BaseConnection->initialize()
#3 D:\CapstoneProject\system\Database\BaseBuilder.php(1615): CodeIgniter\Database\BaseConnection->query('SELECT *\nFROM `...', Array, false)
#4 D:\CapstoneProject\system\Model.php(264): CodeIgniter\Database\BaseBuilder->get()
#5 D:\CapstoneProject\system\BaseModel.php(662): CodeIgniter\Model->doFirst()
#6 D:\CapstoneProject\app\Controllers\HomepageController.php(124): CodeIgniter\BaseModel->first()
#7 D:\CapstoneProject\system\CodeIgniter.php(919): App\Controllers\HomepageController->authlog()
#8 D:\CapstoneProject\system\CodeIgniter.php(494): CodeIgniter\CodeIgniter->runController(Object(App\Controllers\HomepageController))
#9 D:\CapstoneProject\system\CodeIgniter.php(353): CodeIgniter\CodeIgniter->handleRequest(NULL, Object(Config\Cache), false)
#10 D:\CapstoneProject\public\index.php(79): CodeIgniter\CodeIgniter->run()
#11 D:\CapstoneProject\system\Commands\Server\rewrite.php(47): require_once('D:\\CapstoneProj...')
#12 {main}

Next CodeIgniter\Database\Exceptions\DatabaseException: No connection could be made because the target machine actively refused it in D:\CapstoneProject\system\Database\MySQLi\Connection.php:229
Stack trace:
#0 D:\CapstoneProject\system\Database\BaseConnection.php(391): CodeIgniter\Database\MySQLi\Connection->connect(false)
#1 D:\CapstoneProject\system\Database\BaseConnection.php(574): CodeIgniter\Database\BaseConnection->initialize()
#2 D:\CapstoneProject\system\Database\BaseBuilder.php(1615): CodeIgniter\Database\BaseConnection->query('SELECT *\nFROM `...', Array, false)
#3 D:\CapstoneProject\system\Model.php(264): CodeIgniter\Database\BaseBuilder->get()
#4 D:\CapstoneProject\system\BaseModel.php(662): CodeIgniter\Model->doFirst()
#5 D:\CapstoneProject\app\Controllers\HomepageController.php(124): CodeIgniter\BaseModel->first()
#6 D:\CapstoneProject\system\CodeIgniter.php(919): App\Controllers\HomepageController->authlog()
#7 D:\CapstoneProject\system\CodeIgniter.php(494): CodeIgniter\CodeIgniter->runController(Object(App\Controllers\HomepageController))
#8 D:\CapstoneProject\system\CodeIgniter.php(353): CodeIgniter\CodeIgniter->handleRequest(NULL, Object(Config\Cache), false)
#9 D:\CapstoneProject\public\index.php(79): CodeIgniter\CodeIgniter->run()
#10 D:\CapstoneProject\system\Commands\Server\rewrite.php(47): require_once('D:\\CapstoneProj...')
#11 {main}
CRITICAL - 2023-12-06 14:38:13 --> Unable to connect to the database.
Main connection [MySQLi]: No connection could be made because the target machine actively refused it
in SYSTEMPATH\Database\BaseConnection.php on line 427.
 1 SYSTEMPATH\Database\BaseConnection.php(574): CodeIgniter\Database\BaseConnection->initialize()
 2 SYSTEMPATH\Database\BaseBuilder.php(1615): CodeIgniter\Database\BaseConnection->query('SELECT *
FROM `users`
WHERE `email` = :email:
 LIMIT 1', [...], false)
 3 SYSTEMPATH\Model.php(264): CodeIgniter\Database\BaseBuilder->get()
 4 SYSTEMPATH\BaseModel.php(662): CodeIgniter\Model->doFirst()
 5 APPPATH\Controllers\HomepageController.php(124): CodeIgniter\BaseModel->first()
 6 SYSTEMPATH\CodeIgniter.php(919): App\Controllers\HomepageController->authlog()
 7 SYSTEMPATH\CodeIgniter.php(494): CodeIgniter\CodeIgniter->runController(Object(App\Controllers\HomepageController))
 8 SYSTEMPATH\CodeIgniter.php(353): CodeIgniter\CodeIgniter->handleRequest(null, Object(Config\Cache), false)
 9 FCPATH\index.php(79): CodeIgniter\CodeIgniter->run()
10 SYSTEMPATH\Commands\Server\rewrite.php(47): require_once('D:\\CapstoneProject\\public\\index.php')
CRITICAL - 2023-12-06 16:17:32 --> Undefined variable $user
in APPPATH\Views\Applicant\chop\header.php on line 138.
 1 APPPATH\Views\Applicant\chop\header.php(138): CodeIgniter\Debug\Exceptions->errorHandler(2, 'Undefined variable $user', 'D:\\CapstoneProject\\app\\Views\\Applicant\\chop\\header.php', 138)
 2 SYSTEMPATH\View\View.php(226): include('D:\\CapstoneProject\\app\\Views\\Applicant\\chop\\header.php')
 3 SYSTEMPATH\View\View.php(229): CodeIgniter\View\View->CodeIgniter\View\{closure}()
 4 SYSTEMPATH\Common.php(1188): CodeIgniter\View\View->render('Applicant/chop/header', [], true)
 5 APPPATH\Views\Applicant\AppSetting.php(7): view('Applicant/chop/header')
 6 SYSTEMPATH\View\View.php(226): include('D:\\CapstoneProject\\app\\Views\\Applicant\\AppSetting.php')
 7 SYSTEMPATH\View\View.php(229): CodeIgniter\View\View->CodeIgniter\View\{closure}()
 8 SYSTEMPATH\Common.php(1188): CodeIgniter\View\View->render('Applicant/AppSetting', [], true)
 9 APPPATH\Controllers\AppController.php(107): view('Applicant/AppSetting', [...])
10 SYSTEMPATH\CodeIgniter.php(919): App\Controllers\AppController->AppSetting()
11 SYSTEMPATH\CodeIgniter.php(494): CodeIgniter\CodeIgniter->runController(Object(App\Controllers\AppController))
12 SYSTEMPATH\CodeIgniter.php(353): CodeIgniter\CodeIgniter->handleRequest(null, Object(Config\Cache), false)
13 FCPATH\index.php(79): CodeIgniter\CodeIgniter->run()
14 SYSTEMPATH\Commands\Server\rewrite.php(47): require_once('D:\\CapstoneProject\\public\\index.php')
ERROR - 2023-12-06 16:31:14 --> mysqli_sql_exception: Table 'erecruit.applicants' doesn't exist in D:\CapstoneProject\system\Database\MySQLi\Connection.php:306
Stack trace:
#0 D:\CapstoneProject\system\Database\MySQLi\Connection.php(306): mysqli->query('UPDATE `applica...', 0)
#1 D:\CapstoneProject\system\Database\BaseConnection.php(692): CodeIgniter\Database\MySQLi\Connection->execute('UPDATE `applica...')
#2 D:\CapstoneProject\system\Database\BaseConnection.php(606): CodeIgniter\Database\BaseConnection->simpleQuery('UPDATE `applica...')
#3 D:\CapstoneProject\system\Database\BaseBuilder.php(2475): CodeIgniter\Database\BaseConnection->query('UPDATE `applica...', Array, false)
#4 D:\CapstoneProject\system\Model.php(385): CodeIgniter\Database\BaseBuilder->update()
#5 D:\CapstoneProject\system\BaseModel.php(949): CodeIgniter\Model->doUpdate(NULL, Array)
#6 D:\CapstoneProject\system\Model.php(776): CodeIgniter\BaseModel->update(NULL, Array)
#7 D:\CapstoneProject\app\Controllers\AppController.php(126): CodeIgniter\Model->update()
#8 D:\CapstoneProject\system\CodeIgniter.php(919): App\Controllers\AppController->svap()
#9 D:\CapstoneProject\system\CodeIgniter.php(494): CodeIgniter\CodeIgniter->runController(Object(App\Controllers\AppController))
#10 D:\CapstoneProject\system\CodeIgniter.php(353): CodeIgniter\CodeIgniter->handleRequest(NULL, Object(Config\Cache), false)
#11 D:\CapstoneProject\public\index.php(79): CodeIgniter\CodeIgniter->run()
#12 D:\CapstoneProject\system\Commands\Server\rewrite.php(47): require_once('D:\\CapstoneProj...')
#13 {main}
CRITICAL - 2023-12-06 16:31:14 --> Table 'erecruit.applicants' doesn't exist
in SYSTEMPATH\Database\BaseConnection.php on line 646.
 1 SYSTEMPATH\Database\BaseBuilder.php(2475): CodeIgniter\Database\BaseConnection->query('UPDATE `applicants` SET `Applicantfullname` = :Applicantfullname:, `number` = :number:, `email` = :email:, `birthday` = :birthday:
WHERE `applicant_id` = :applicant_id:', [...], false)
 2 SYSTEMPATH\Model.php(385): CodeIgniter\Database\BaseBuilder->update()
 3 SYSTEMPATH\BaseModel.php(949): CodeIgniter\Model->doUpdate(null, [...])
 4 SYSTEMPATH\Model.php(776): CodeIgniter\BaseModel->update(null, [...])
 5 APPPATH\Controllers\AppController.php(126): CodeIgniter\Model->update()
 6 SYSTEMPATH\CodeIgniter.php(919): App\Controllers\AppController->svap()
 7 SYSTEMPATH\CodeIgniter.php(494): CodeIgniter\CodeIgniter->runController(Object(App\Controllers\AppController))
 8 SYSTEMPATH\CodeIgniter.php(353): CodeIgniter\CodeIgniter->handleRequest(null, Object(Config\Cache), false)
 9 FCPATH\index.php(79): CodeIgniter\CodeIgniter->run()
10 SYSTEMPATH\Commands\Server\rewrite.php(47): require_once('D:\\CapstoneProject\\public\\index.php')
ERROR - 2023-12-06 16:32:30 --> mysqli_sql_exception: Table 'erecruit.applicants' doesn't exist in D:\CapstoneProject\system\Database\MySQLi\Connection.php:306
Stack trace:
#0 D:\CapstoneProject\system\Database\MySQLi\Connection.php(306): mysqli->query('INSERT INTO `ap...', 0)
#1 D:\CapstoneProject\system\Database\BaseConnection.php(692): CodeIgniter\Database\MySQLi\Connection->execute('INSERT INTO `ap...')
#2 D:\CapstoneProject\system\Database\BaseConnection.php(606): CodeIgniter\Database\BaseConnection->simpleQuery('INSERT INTO `ap...')
#3 D:\CapstoneProject\system\Database\BaseBuilder.php(2308): CodeIgniter\Database\BaseConnection->query('INSERT INTO `ap...', Array, false)
#4 D:\CapstoneProject\system\Model.php(319): CodeIgniter\Database\BaseBuilder->insert()
#5 D:\CapstoneProject\system\BaseModel.php(788): CodeIgniter\Model->doInsert(Array)
#6 D:\CapstoneProject\system\Model.php(715): CodeIgniter\BaseModel->insert(Array, true)
#7 D:\CapstoneProject\app\Controllers\AppController.php(131): CodeIgniter\Model->insert(Array)
#8 D:\CapstoneProject\system\CodeIgniter.php(919): App\Controllers\AppController->svap()
#9 D:\CapstoneProject\system\CodeIgniter.php(494): CodeIgniter\CodeIgniter->runController(Object(App\Controllers\AppController))
#10 D:\CapstoneProject\system\CodeIgniter.php(353): CodeIgniter\CodeIgniter->handleRequest(NULL, Object(Config\Cache), false)
#11 D:\CapstoneProject\public\index.php(79): CodeIgniter\CodeIgniter->run()
#12 D:\CapstoneProject\system\Commands\Server\rewrite.php(47): require_once('D:\\CapstoneProj...')
#13 {main}
CRITICAL - 2023-12-06 16:32:30 --> Table 'erecruit.applicants' doesn't exist
in SYSTEMPATH\Database\BaseConnection.php on line 646.
 1 SYSTEMPATH\Database\BaseBuilder.php(2308): CodeIgniter\Database\BaseConnection->query('INSERT INTO `applicants` (`applicant_id`, `Applicantfullname`, `number`, `email`, `birthday`) VALUES (:applicant_id:, :Applicantfullname:, :number:, :email:, :birthday:)', [...], false)
 2 SYSTEMPATH\Model.php(319): CodeIgniter\Database\BaseBuilder->insert()
 3 SYSTEMPATH\BaseModel.php(788): CodeIgniter\Model->doInsert([...])
 4 SYSTEMPATH\Model.php(715): CodeIgniter\BaseModel->insert([...], true)
 5 APPPATH\Controllers\AppController.php(131): CodeIgniter\Model->insert([...])
 6 SYSTEMPATH\CodeIgniter.php(919): App\Controllers\AppController->svap()
 7 SYSTEMPATH\CodeIgniter.php(494): CodeIgniter\CodeIgniter->runController(Object(App\Controllers\AppController))
 8 SYSTEMPATH\CodeIgniter.php(353): CodeIgniter\CodeIgniter->handleRequest(null, Object(Config\Cache), false)
 9 FCPATH\index.php(79): CodeIgniter\CodeIgniter->run()
10 SYSTEMPATH\Commands\Server\rewrite.php(47): require_once('D:\\CapstoneProject\\public\\index.php')
ERROR - 2023-12-06 16:32:43 --> mysqli_sql_exception: Cannot add or update a child row: a foreign key constraint fails (`erecruit`.`applicant`, CONSTRAINT `fk_applicant_branch` FOREIGN KEY (`branch`) REFERENCES `admin` (`branch`)) in D:\CapstoneProject\system\Database\MySQLi\Connection.php:306
Stack trace:
#0 D:\CapstoneProject\system\Database\MySQLi\Connection.php(306): mysqli->query('INSERT INTO `ap...', 0)
#1 D:\CapstoneProject\system\Database\BaseConnection.php(692): CodeIgniter\Database\MySQLi\Connection->execute('INSERT INTO `ap...')
#2 D:\CapstoneProject\system\Database\BaseConnection.php(606): CodeIgniter\Database\BaseConnection->simpleQuery('INSERT INTO `ap...')
#3 D:\CapstoneProject\system\Database\BaseBuilder.php(2308): CodeIgniter\Database\BaseConnection->query('INSERT INTO `ap...', Array, false)
#4 D:\CapstoneProject\system\Model.php(319): CodeIgniter\Database\BaseBuilder->insert()
#5 D:\CapstoneProject\system\BaseModel.php(788): CodeIgniter\Model->doInsert(Array)
#6 D:\CapstoneProject\system\Model.php(715): CodeIgniter\BaseModel->insert(Array, true)
#7 D:\CapstoneProject\app\Controllers\AppController.php(131): CodeIgniter\Model->insert(Array)
#8 D:\CapstoneProject\system\CodeIgniter.php(919): App\Controllers\AppController->svap()
#9 D:\CapstoneProject\system\CodeIgniter.php(494): CodeIgniter\CodeIgniter->runController(Object(App\Controllers\AppController))
#10 D:\CapstoneProject\system\CodeIgniter.php(353): CodeIgniter\CodeIgniter->handleRequest(NULL, Object(Config\Cache), false)
#11 D:\CapstoneProject\public\index.php(79): CodeIgniter\CodeIgniter->run()
#12 D:\CapstoneProject\system\Commands\Server\rewrite.php(47): require_once('D:\\CapstoneProj...')
#13 {main}
CRITICAL - 2023-12-06 16:32:43 --> Cannot add or update a child row: a foreign key constraint fails (`erecruit`.`applicant`, CONSTRAINT `fk_applicant_branch` FOREIGN KEY (`branch`) REFERENCES `admin` (`branch`))
in SYSTEMPATH\Database\BaseConnection.php on line 646.
 1 SYSTEMPATH\Database\BaseBuilder.php(2308): CodeIgniter\Database\BaseConnection->query('INSERT INTO `applicant` (`applicant_id`, `Applicantfullname`, `number`, `email`, `birthday`) VALUES (:applicant_id:, :Applicantfullname:, :number:, :email:, :birthday:)', [...], false)
 2 SYSTEMPATH\Model.php(319): CodeIgniter\Database\BaseBuilder->insert()
 3 SYSTEMPATH\BaseModel.php(788): CodeIgniter\Model->doInsert([...])
 4 SYSTEMPATH\Model.php(715): CodeIgniter\BaseModel->insert([...], true)
 5 APPPATH\Controllers\AppController.php(131): CodeIgniter\Model->insert([...])
 6 SYSTEMPATH\CodeIgniter.php(919): App\Controllers\AppController->svap()
 7 SYSTEMPATH\CodeIgniter.php(494): CodeIgniter\CodeIgniter->runController(Object(App\Controllers\AppController))
 8 SYSTEMPATH\CodeIgniter.php(353): CodeIgniter\CodeIgniter->handleRequest(null, Object(Config\Cache), false)
 9 FCPATH\index.php(79): CodeIgniter\CodeIgniter->run()
10 SYSTEMPATH\Commands\Server\rewrite.php(47): require_once('D:\\CapstoneProject\\public\\index.php')
ERROR - 2023-12-06 16:37:10 --> mysqli_sql_exception: Unknown column 'user_id' in 'where clause' in D:\CapstoneProject\system\Database\MySQLi\Connection.php:306
Stack trace:
#0 D:\CapstoneProject\system\Database\MySQLi\Connection.php(306): mysqli->query('SELECT *\nFROM `...', 0)
#1 D:\CapstoneProject\system\Database\BaseConnection.php(692): CodeIgniter\Database\MySQLi\Connection->execute('SELECT *\nFROM `...')
#2 D:\CapstoneProject\system\Database\BaseConnection.php(606): CodeIgniter\Database\BaseConnection->simpleQuery('SELECT *\nFROM `...')
#3 D:\CapstoneProject\system\Database\BaseBuilder.php(1615): CodeIgniter\Database\BaseConnection->query('SELECT *\nFROM `...', Array, false)
#4 D:\CapstoneProject\system\Model.php(264): CodeIgniter\Database\BaseBuilder->get()
#5 D:\CapstoneProject\system\BaseModel.php(662): CodeIgniter\Model->doFirst()
#6 D:\CapstoneProject\app\Controllers\AppController.php(80): CodeIgniter\BaseModel->first()
#7 D:\CapstoneProject\app\Controllers\AppController.php(110): App\Controllers\AppController->getDataApp()
#8 D:\CapstoneProject\system\CodeIgniter.php(919): App\Controllers\AppController->AppSetting()
#9 D:\CapstoneProject\system\CodeIgniter.php(494): CodeIgniter\CodeIgniter->runController(Object(App\Controllers\AppController))
#10 D:\CapstoneProject\system\CodeIgniter.php(353): CodeIgniter\CodeIgniter->handleRequest(NULL, Object(Config\Cache), false)
#11 D:\CapstoneProject\public\index.php(79): CodeIgniter\CodeIgniter->run()
#12 D:\CapstoneProject\system\Commands\Server\rewrite.php(47): require_once('D:\\CapstoneProj...')
#13 {main}
CRITICAL - 2023-12-06 16:37:10 --> Unknown column 'user_id' in 'where clause'
in SYSTEMPATH\Database\BaseConnection.php on line 646.
 1 SYSTEMPATH\Database\BaseBuilder.php(1615): CodeIgniter\Database\BaseConnection->query('SELECT *
FROM `applicant`
WHERE `user_id` = :user_id:
ORDER BY `id` DESC
 LIMIT 1', [...], false)
 2 SYSTEMPATH\Model.php(264): CodeIgniter\Database\BaseBuilder->get()
 3 SYSTEMPATH\BaseModel.php(662): CodeIgniter\Model->doFirst()
 4 APPPATH\Controllers\AppController.php(80): CodeIgniter\BaseModel->first()
 5 APPPATH\Controllers\AppController.php(110): App\Controllers\AppController->getDataApp()
 6 SYSTEMPATH\CodeIgniter.php(919): App\Controllers\AppController->AppSetting()
 7 SYSTEMPATH\CodeIgniter.php(494): CodeIgniter\CodeIgniter->runController(Object(App\Controllers\AppController))
 8 SYSTEMPATH\CodeIgniter.php(353): CodeIgniter\CodeIgniter->handleRequest(null, Object(Config\Cache), false)
 9 FCPATH\index.php(79): CodeIgniter\CodeIgniter->run()
10 SYSTEMPATH\Commands\Server\rewrite.php(47): require_once('D:\\CapstoneProject\\public\\index.php')
CRITICAL - 2023-12-06 16:40:32 --> Trying to access array offset on value of type null
in APPPATH\Views\Applicant\AppSetting.php on line 50.
 1 APPPATH\Views\Applicant\AppSetting.php(50): CodeIgniter\Debug\Exceptions->errorHandler(2, 'Trying to access array offset on value of type null', 'D:\\CapstoneProject\\app\\Views\\Applicant\\AppSetting.php', 50)
 2 SYSTEMPATH\View\View.php(226): include('D:\\CapstoneProject\\app\\Views\\Applicant\\AppSetting.php')
 3 SYSTEMPATH\View\View.php(229): CodeIgniter\View\View->CodeIgniter\View\{closure}()
 4 SYSTEMPATH\Common.php(1188): CodeIgniter\View\View->render('Applicant/AppSetting', [], true)
 5 APPPATH\Controllers\AppController.php(111): view('Applicant/AppSetting', [...])
 6 SYSTEMPATH\CodeIgniter.php(919): App\Controllers\AppController->AppSetting()
 7 SYSTEMPATH\CodeIgniter.php(494): CodeIgniter\CodeIgniter->runController(Object(App\Controllers\AppController))
 8 SYSTEMPATH\CodeIgniter.php(353): CodeIgniter\CodeIgniter->handleRequest(null, Object(Config\Cache), false)
 9 FCPATH\index.php(79): CodeIgniter\CodeIgniter->run()
10 SYSTEMPATH\Commands\Server\rewrite.php(47): require_once('D:\\CapstoneProject\\public\\index.php')
CRITICAL - 2023-12-06 16:41:21 --> Trying to access array offset on value of type null
in APPPATH\Views\Applicant\AppSetting.php on line 52.
 1 APPPATH\Views\Applicant\AppSetting.php(52): CodeIgniter\Debug\Exceptions->errorHandler(2, 'Trying to access array offset on value of type null', 'D:\\CapstoneProject\\app\\Views\\Applicant\\AppSetting.php', 52)
 2 SYSTEMPATH\View\View.php(226): include('D:\\CapstoneProject\\app\\Views\\Applicant\\AppSetting.php')
 3 SYSTEMPATH\View\View.php(229): CodeIgniter\View\View->CodeIgniter\View\{closure}()
 4 SYSTEMPATH\Common.php(1188): CodeIgniter\View\View->render('Applicant/AppSetting', [], true)
 5 APPPATH\Controllers\AppController.php(111): view('Applicant/AppSetting', [...])
 6 SYSTEMPATH\CodeIgniter.php(919): App\Controllers\AppController->AppSetting()
 7 SYSTEMPATH\CodeIgniter.php(494): CodeIgniter\CodeIgniter->runController(Object(App\Controllers\AppController))
 8 SYSTEMPATH\CodeIgniter.php(353): CodeIgniter\CodeIgniter->handleRequest(null, Object(Config\Cache), false)
 9 FCPATH\index.php(79): CodeIgniter\CodeIgniter->run()
10 SYSTEMPATH\Commands\Server\rewrite.php(47): require_once('D:\\CapstoneProject\\public\\index.php')
CRITICAL - 2023-12-06 16:47:48 --> Cannot use object of type App\Models\Form1Model as array
in APPPATH\Views\Applicant\AppForm1.php on line 29.
 1 SYSTEMPATH\View\View.php(226): include()
 2 SYSTEMPATH\View\View.php(229): CodeIgniter\View\View->CodeIgniter\View\{closure}()
 3 SYSTEMPATH\Common.php(1188): CodeIgniter\View\View->render('Applicant/AppForm1', [], true)
 4 APPPATH\Controllers\AppController.php(147): view('Applicant/AppForm1', [...])
 5 SYSTEMPATH\CodeIgniter.php(919): App\Controllers\AppController->AppForm1()
 6 SYSTEMPATH\CodeIgniter.php(494): CodeIgniter\CodeIgniter->runController(Object(App\Controllers\AppController))
 7 SYSTEMPATH\CodeIgniter.php(353): CodeIgniter\CodeIgniter->handleRequest(null, Object(Config\Cache), false)
 8 FCPATH\index.php(79): CodeIgniter\CodeIgniter->run()
 9 SYSTEMPATH\Commands\Server\rewrite.php(47): require_once('D:\\CapstoneProject\\public\\index.php')
CRITICAL - 2023-12-06 16:48:09 --> Cannot use object of type App\Models\Form1Model as array
in APPPATH\Views\Applicant\AppForm1.php on line 29.
 1 SYSTEMPATH\View\View.php(226): include()
 2 SYSTEMPATH\View\View.php(229): CodeIgniter\View\View->CodeIgniter\View\{closure}()
 3 SYSTEMPATH\Common.php(1188): CodeIgniter\View\View->render('Applicant/AppForm1', [], true)
 4 APPPATH\Controllers\AppController.php(145): view('Applicant/AppForm1', [...])
 5 SYSTEMPATH\CodeIgniter.php(919): App\Controllers\AppController->AppForm1()
 6 SYSTEMPATH\CodeIgniter.php(494): CodeIgniter\CodeIgniter->runController(Object(App\Controllers\AppController))
 7 SYSTEMPATH\CodeIgniter.php(353): CodeIgniter\CodeIgniter->handleRequest(null, Object(Config\Cache), false)
 8 FCPATH\index.php(79): CodeIgniter\CodeIgniter->run()
 9 SYSTEMPATH\Commands\Server\rewrite.php(47): require_once('D:\\CapstoneProject\\public\\index.php')
ERROR - 2023-12-06 16:53:51 --> Error connecting to the database: mysqli_sql_exception: No connection could be made because the target machine actively refused it in D:\CapstoneProject\system\Database\MySQLi\Connection.php:185
Stack trace:
#0 D:\CapstoneProject\system\Database\MySQLi\Connection.php(185): mysqli->real_connect('localhost', 'root', '', 'erecruit', 3306, '', 0)
#1 D:\CapstoneProject\system\Database\BaseConnection.php(391): CodeIgniter\Database\MySQLi\Connection->connect(false)
#2 D:\CapstoneProject\system\Database\BaseConnection.php(574): CodeIgniter\Database\BaseConnection->initialize()
#3 D:\CapstoneProject\system\Database\BaseBuilder.php(1615): CodeIgniter\Database\BaseConnection->query('SELECT *\nFROM `...', Array, false)
#4 D:\CapstoneProject\system\Model.php(196): CodeIgniter\Database\BaseBuilder->get()
#5 D:\CapstoneProject\system\BaseModel.php(563): CodeIgniter\Model->doFind(true, '85')
#6 D:\CapstoneProject\app\Controllers\AppController.php(62): CodeIgniter\BaseModel->find('85')
#7 D:\CapstoneProject\app\Controllers\AppController.php(148): App\Controllers\AppController->getData()
#8 D:\CapstoneProject\system\CodeIgniter.php(919): App\Controllers\AppController->AppForm1()
#9 D:\CapstoneProject\system\CodeIgniter.php(494): CodeIgniter\CodeIgniter->runController(Object(App\Controllers\AppController))
#10 D:\CapstoneProject\system\CodeIgniter.php(353): CodeIgniter\CodeIgniter->handleRequest(NULL, Object(Config\Cache), false)
#11 D:\CapstoneProject\public\index.php(79): CodeIgniter\CodeIgniter->run()
#12 D:\CapstoneProject\system\Commands\Server\rewrite.php(47): require_once('D:\\CapstoneProj...')
#13 {main}

Next CodeIgniter\Database\Exceptions\DatabaseException: No connection could be made because the target machine actively refused it in D:\CapstoneProject\system\Database\MySQLi\Connection.php:229
Stack trace:
#0 D:\CapstoneProject\system\Database\BaseConnection.php(391): CodeIgniter\Database\MySQLi\Connection->connect(false)
#1 D:\CapstoneProject\system\Database\BaseConnection.php(574): CodeIgniter\Database\BaseConnection->initialize()
#2 D:\CapstoneProject\system\Database\BaseBuilder.php(1615): CodeIgniter\Database\BaseConnection->query('SELECT *\nFROM `...', Array, false)
#3 D:\CapstoneProject\system\Model.php(196): CodeIgniter\Database\BaseBuilder->get()
#4 D:\CapstoneProject\system\BaseModel.php(563): CodeIgniter\Model->doFind(true, '85')
#5 D:\CapstoneProject\app\Controllers\AppController.php(62): CodeIgniter\BaseModel->find('85')
#6 D:\CapstoneProject\app\Controllers\AppController.php(148): App\Controllers\AppController->getData()
#7 D:\CapstoneProject\system\CodeIgniter.php(919): App\Controllers\AppController->AppForm1()
#8 D:\CapstoneProject\system\CodeIgniter.php(494): CodeIgniter\CodeIgniter->runController(Object(App\Controllers\AppController))
#9 D:\CapstoneProject\system\CodeIgniter.php(353): CodeIgniter\CodeIgniter->handleRequest(NULL, Object(Config\Cache), false)
#10 D:\CapstoneProject\public\index.php(79): CodeIgniter\CodeIgniter->run()
#11 D:\CapstoneProject\system\Commands\Server\rewrite.php(47): require_once('D:\\CapstoneProj...')
#12 {main}
CRITICAL - 2023-12-06 16:53:51 --> Unable to connect to the database.
Main connection [MySQLi]: No connection could be made because the target machine actively refused it
in SYSTEMPATH\Database\BaseConnection.php on line 427.
 1 SYSTEMPATH\Database\BaseConnection.php(574): CodeIgniter\Database\BaseConnection->initialize()
 2 SYSTEMPATH\Database\BaseBuilder.php(1615): CodeIgniter\Database\BaseConnection->query('SELECT *
FROM `users`
WHERE `users`.`id` = :users.id:', [...], false)
 3 SYSTEMPATH\Model.php(196): CodeIgniter\Database\BaseBuilder->get()
 4 SYSTEMPATH\BaseModel.php(563): CodeIgniter\Model->doFind(true, '85')
 5 APPPATH\Controllers\AppController.php(62): CodeIgniter\BaseModel->find('85')
 6 APPPATH\Controllers\AppController.php(148): App\Controllers\AppController->getData()
 7 SYSTEMPATH\CodeIgniter.php(919): App\Controllers\AppController->AppForm1()
 8 SYSTEMPATH\CodeIgniter.php(494): CodeIgniter\CodeIgniter->runController(Object(App\Controllers\AppController))
 9 SYSTEMPATH\CodeIgniter.php(353): CodeIgniter\CodeIgniter->handleRequest(null, Object(Config\Cache), false)
10 FCPATH\index.php(79): CodeIgniter\CodeIgniter->run()
11 SYSTEMPATH\Commands\Server\rewrite.php(47): require_once('D:\\CapstoneProject\\public\\index.php')
CRITICAL - 2023-12-06 17:17:58 --> Undefined variable $user
in APPPATH\Views\Admin\chop\header.php on line 137.
 1 APPPATH\Views\Admin\chop\header.php(137): CodeIgniter\Debug\Exceptions->errorHandler(2, 'Undefined variable $user', 'D:\\CapstoneProject\\app\\Views\\Admin\\chop\\header.php', 137)
 2 SYSTEMPATH\View\View.php(226): include('D:\\CapstoneProject\\app\\Views\\Admin\\chop\\header.php')
 3 SYSTEMPATH\View\View.php(229): CodeIgniter\View\View->CodeIgniter\View\{closure}()
 4 SYSTEMPATH\Common.php(1188): CodeIgniter\View\View->render('Admin/chop/header', [], true)
 5 APPPATH\Views\Admin\AdHelp.php(5): view('Admin/chop/header')
 6 SYSTEMPATH\View\View.php(226): include('D:\\CapstoneProject\\app\\Views\\Admin\\AdHelp.php')
 7 SYSTEMPATH\View\View.php(229): CodeIgniter\View\View->CodeIgniter\View\{closure}()
 8 SYSTEMPATH\Common.php(1188): CodeIgniter\View\View->render('Admin/AdHelp', [], true)
 9 APPPATH\Controllers\AdminController.php(37): view('Admin/AdHelp')
10 SYSTEMPATH\CodeIgniter.php(919): App\Controllers\AdminController->AdHelp()
11 SYSTEMPATH\CodeIgniter.php(494): CodeIgniter\CodeIgniter->runController(Object(App\Controllers\AdminController))
12 SYSTEMPATH\CodeIgniter.php(353): CodeIgniter\CodeIgniter->handleRequest(null, Object(Config\Cache), false)
13 FCPATH\index.php(79): CodeIgniter\CodeIgniter->run()
14 SYSTEMPATH\Commands\Server\rewrite.php(47): require_once('D:\\CapstoneProject\\public\\index.php')
CRITICAL - 2023-12-06 17:18:31 --> Undefined variable $user
in APPPATH\Views\Admin\chop\header.php on line 137.
 1 APPPATH\Views\Admin\chop\header.php(137): CodeIgniter\Debug\Exceptions->errorHandler(2, 'Undefined variable $user', 'D:\\CapstoneProject\\app\\Views\\Admin\\chop\\header.php', 137)
 2 SYSTEMPATH\View\View.php(226): include('D:\\CapstoneProject\\app\\Views\\Admin\\chop\\header.php')
 3 SYSTEMPATH\View\View.php(229): CodeIgniter\View\View->CodeIgniter\View\{closure}()
 4 SYSTEMPATH\Common.php(1188): CodeIgniter\View\View->render('Admin/chop/header', [], true)
 5 APPPATH\Views\Admin\AdHelp.php(5): view('Admin/chop/header')
 6 SYSTEMPATH\View\View.php(226): include('D:\\CapstoneProject\\app\\Views\\Admin\\AdHelp.php')
 7 SYSTEMPATH\View\View.php(229): CodeIgniter\View\View->CodeIgniter\View\{closure}()
 8 SYSTEMPATH\Common.php(1188): CodeIgniter\View\View->render('Admin/AdHelp', [], true)
 9 APPPATH\Controllers\AdminController.php(37): view('Admin/AdHelp')
10 SYSTEMPATH\CodeIgniter.php(919): App\Controllers\AdminController->AdHelp()
11 SYSTEMPATH\CodeIgniter.php(494): CodeIgniter\CodeIgniter->runController(Object(App\Controllers\AdminController))
12 SYSTEMPATH\CodeIgniter.php(353): CodeIgniter\CodeIgniter->handleRequest(null, Object(Config\Cache), false)
13 FCPATH\index.php(79): CodeIgniter\CodeIgniter->run()
14 SYSTEMPATH\Commands\Server\rewrite.php(47): require_once('D:\\CapstoneProject\\public\\index.php')
CRITICAL - 2023-12-06 17:19:26 --> Undefined variable $user
in APPPATH\Views\Admin\chop\header.php on line 137.
 1 APPPATH\Views\Admin\chop\header.php(137): CodeIgniter\Debug\Exceptions->errorHandler(2, 'Undefined variable $user', 'D:\\CapstoneProject\\app\\Views\\Admin\\chop\\header.php', 137)
 2 SYSTEMPATH\View\View.php(226): include('D:\\CapstoneProject\\app\\Views\\Admin\\chop\\header.php')
 3 SYSTEMPATH\View\View.php(229): CodeIgniter\View\View->CodeIgniter\View\{closure}()
 4 SYSTEMPATH\Common.php(1188): CodeIgniter\View\View->render('Admin/chop/header', [], true)
 5 APPPATH\Views\Admin\AdHelp.php(6): view('Admin/chop/header')
 6 SYSTEMPATH\View\View.php(226): include('D:\\CapstoneProject\\app\\Views\\Admin\\AdHelp.php')
 7 SYSTEMPATH\View\View.php(229): CodeIgniter\View\View->CodeIgniter\View\{closure}()
 8 SYSTEMPATH\Common.php(1188): CodeIgniter\View\View->render('Admin/AdHelp', [], true)
 9 APPPATH\Controllers\AdminController.php(39): view('Admin/AdHelp')
10 SYSTEMPATH\CodeIgniter.php(919): App\Controllers\AdminController->AdHelp()
11 SYSTEMPATH\CodeIgniter.php(494): CodeIgniter\CodeIgniter->runController(Object(App\Controllers\AdminController))
12 SYSTEMPATH\CodeIgniter.php(353): CodeIgniter\CodeIgniter->handleRequest(null, Object(Config\Cache), false)
13 FCPATH\index.php(79): CodeIgniter\CodeIgniter->run()
14 SYSTEMPATH\Commands\Server\rewrite.php(47): require_once('D:\\CapstoneProject\\public\\index.php')
CRITICAL - 2023-12-06 17:19:27 --> Undefined variable $user
in APPPATH\Views\Admin\chop\header.php on line 137.
 1 APPPATH\Views\Admin\chop\header.php(137): CodeIgniter\Debug\Exceptions->errorHandler(2, 'Undefined variable $user', 'D:\\CapstoneProject\\app\\Views\\Admin\\chop\\header.php', 137)
 2 SYSTEMPATH\View\View.php(226): include('D:\\CapstoneProject\\app\\Views\\Admin\\chop\\header.php')
 3 SYSTEMPATH\View\View.php(229): CodeIgniter\View\View->CodeIgniter\View\{closure}()
 4 SYSTEMPATH\Common.php(1188): CodeIgniter\View\View->render('Admin/chop/header', [], true)
 5 APPPATH\Views\Admin\AdHelp.php(6): view('Admin/chop/header')
 6 SYSTEMPATH\View\View.php(226): include('D:\\CapstoneProject\\app\\Views\\Admin\\AdHelp.php')
 7 SYSTEMPATH\View\View.php(229): CodeIgniter\View\View->CodeIgniter\View\{closure}()
 8 SYSTEMPATH\Common.php(1188): CodeIgniter\View\View->render('Admin/AdHelp', [], true)
 9 APPPATH\Controllers\AdminController.php(39): view('Admin/AdHelp')
10 SYSTEMPATH\CodeIgniter.php(919): App\Controllers\AdminController->AdHelp()
11 SYSTEMPATH\CodeIgniter.php(494): CodeIgniter\CodeIgniter->runController(Object(App\Controllers\AdminController))
12 SYSTEMPATH\CodeIgniter.php(353): CodeIgniter\CodeIgniter->handleRequest(null, Object(Config\Cache), false)
13 FCPATH\index.php(79): CodeIgniter\CodeIgniter->run()
14 SYSTEMPATH\Commands\Server\rewrite.php(47): require_once('D:\\CapstoneProject\\public\\index.php')
CRITICAL - 2023-12-06 17:19:28 --> Undefined variable $user
in APPPATH\Views\Admin\chop\header.php on line 137.
 1 APPPATH\Views\Admin\chop\header.php(137): CodeIgniter\Debug\Exceptions->errorHandler(2, 'Undefined variable $user', 'D:\\CapstoneProject\\app\\Views\\Admin\\chop\\header.php', 137)
 2 SYSTEMPATH\View\View.php(226): include('D:\\CapstoneProject\\app\\Views\\Admin\\chop\\header.php')
 3 SYSTEMPATH\View\View.php(229): CodeIgniter\View\View->CodeIgniter\View\{closure}()
 4 SYSTEMPATH\Common.php(1188): CodeIgniter\View\View->render('Admin/chop/header', [], true)
 5 APPPATH\Views\Admin\AdHelp.php(6): view('Admin/chop/header')
 6 SYSTEMPATH\View\View.php(226): include('D:\\CapstoneProject\\app\\Views\\Admin\\AdHelp.php')
 7 SYSTEMPATH\View\View.php(229): CodeIgniter\View\View->CodeIgniter\View\{closure}()
 8 SYSTEMPATH\Common.php(1188): CodeIgniter\View\View->render('Admin/AdHelp', [], true)
 9 APPPATH\Controllers\AdminController.php(39): view('Admin/AdHelp')
10 SYSTEMPATH\CodeIgniter.php(919): App\Controllers\AdminController->AdHelp()
11 SYSTEMPATH\CodeIgniter.php(494): CodeIgniter\CodeIgniter->runController(Object(App\Controllers\AdminController))
12 SYSTEMPATH\CodeIgniter.php(353): CodeIgniter\CodeIgniter->handleRequest(null, Object(Config\Cache), false)
13 FCPATH\index.php(79): CodeIgniter\CodeIgniter->run()
14 SYSTEMPATH\Commands\Server\rewrite.php(47): require_once('D:\\CapstoneProject\\public\\index.php')
CRITICAL - 2023-12-06 17:40:43 --> foreach() argument must be of type array|object, null given
in APPPATH\Views\Admin\ManageAgent.php on line 40.
 1 APPPATH\Views\Admin\ManageAgent.php(40): CodeIgniter\Debug\Exceptions->errorHandler(2, 'foreach() argument must be of type array|object, null given', 'D:\\CapstoneProject\\app\\Views\\Admin\\ManageAgent.php', 40)
 2 SYSTEMPATH\View\View.php(226): include('D:\\CapstoneProject\\app\\Views\\Admin\\ManageAgent.php')
 3 SYSTEMPATH\View\View.php(229): CodeIgniter\View\View->CodeIgniter\View\{closure}()
 4 SYSTEMPATH\Common.php(1188): CodeIgniter\View\View->render('Admin/ManageAgent', [], true)
 5 APPPATH\Controllers\AdminController.php(25): view('Admin/ManageAgent', [...])
 6 SYSTEMPATH\CodeIgniter.php(919): App\Controllers\AdminController->ManageAgent()
 7 SYSTEMPATH\CodeIgniter.php(494): CodeIgniter\CodeIgniter->runController(Object(App\Controllers\AdminController))
 8 SYSTEMPATH\CodeIgniter.php(353): CodeIgniter\CodeIgniter->handleRequest(null, Object(Config\Cache), false)
 9 FCPATH\index.php(79): CodeIgniter\CodeIgniter->run()
10 SYSTEMPATH\Commands\Server\rewrite.php(47): require_once('D:\\CapstoneProject\\public\\index.php')
CRITICAL - 2023-12-06 17:44:37 --> Undefined variable $applicant
in APPPATH\Views\Admin\ManageApplicant.php on line 41.
 1 APPPATH\Views\Admin\ManageApplicant.php(41): CodeIgniter\Debug\Exceptions->errorHandler(2, 'Undefined variable $applicant', 'D:\\CapstoneProject\\app\\Views\\Admin\\ManageApplicant.php', 41)
 2 SYSTEMPATH\View\View.php(226): include('D:\\CapstoneProject\\app\\Views\\Admin\\ManageApplicant.php')
 3 SYSTEMPATH\View\View.php(229): CodeIgniter\View\View->CodeIgniter\View\{closure}()
 4 SYSTEMPATH\Common.php(1188): CodeIgniter\View\View->render('Admin/ManageApplicant', [], true)
 5 APPPATH\Controllers\AdminController.php(30): view('Admin/ManageApplicant', [...])
 6 SYSTEMPATH\CodeIgniter.php(919): App\Controllers\AdminController->ManageApplicant()
 7 SYSTEMPATH\CodeIgniter.php(494): CodeIgniter\CodeIgniter->runController(Object(App\Controllers\AdminController))
 8 SYSTEMPATH\CodeIgniter.php(353): CodeIgniter\CodeIgniter->handleRequest(null, Object(Config\Cache), false)
 9 FCPATH\index.php(79): CodeIgniter\CodeIgniter->run()
10 SYSTEMPATH\Commands\Server\rewrite.php(47): require_once('D:\\CapstoneProject\\public\\index.php')
CRITICAL - 2023-12-06 17:45:44 --> foreach() argument must be of type array|object, null given
in APPPATH\Views\Admin\ManageApplicant.php on line 41.
 1 APPPATH\Views\Admin\ManageApplicant.php(41): CodeIgniter\Debug\Exceptions->errorHandler(2, 'foreach() argument must be of type array|object, null given', 'D:\\CapstoneProject\\app\\Views\\Admin\\ManageApplicant.php', 41)
 2 SYSTEMPATH\View\View.php(226): include('D:\\CapstoneProject\\app\\Views\\Admin\\ManageApplicant.php')
 3 SYSTEMPATH\View\View.php(229): CodeIgniter\View\View->CodeIgniter\View\{closure}()
 4 SYSTEMPATH\Common.php(1188): CodeIgniter\View\View->render('Admin/ManageApplicant', [], true)
 5 APPPATH\Controllers\AdminController.php(30): view('Admin/ManageApplicant', [...])
 6 SYSTEMPATH\CodeIgniter.php(919): App\Controllers\AdminController->ManageApplicant()
 7 SYSTEMPATH\CodeIgniter.php(494): CodeIgniter\CodeIgniter->runController(Object(App\Controllers\AdminController))
 8 SYSTEMPATH\CodeIgniter.php(353): CodeIgniter\CodeIgniter->handleRequest(null, Object(Config\Cache), false)
 9 FCPATH\index.php(79): CodeIgniter\CodeIgniter->run()
10 SYSTEMPATH\Commands\Server\rewrite.php(47): require_once('D:\\CapstoneProject\\public\\index.php')
CRITICAL - 2023-12-06 17:48:07 --> Cannot access offset of type string on string
in APPPATH\Views\Admin\ManageApplicant.php on line 43.
 1 SYSTEMPATH\View\View.php(226): include()
 2 SYSTEMPATH\View\View.php(229): CodeIgniter\View\View->CodeIgniter\View\{closure}()
 3 SYSTEMPATH\Common.php(1188): CodeIgniter\View\View->render('Admin/ManageApplicant', [], true)
 4 APPPATH\Controllers\AdminController.php(30): view('Admin/ManageApplicant', [...])
 5 SYSTEMPATH\CodeIgniter.php(919): App\Controllers\AdminController->ManageApplicant()
 6 SYSTEMPATH\CodeIgniter.php(494): CodeIgniter\CodeIgniter->runController(Object(App\Controllers\AdminController))
 7 SYSTEMPATH\CodeIgniter.php(353): CodeIgniter\CodeIgniter->handleRequest(null, Object(Config\Cache), false)
 8 FCPATH\index.php(79): CodeIgniter\CodeIgniter->run()
 9 SYSTEMPATH\Commands\Server\rewrite.php(47): require_once('D:\\CapstoneProject\\public\\index.php')
CRITICAL - 2023-12-06 17:48:37 --> Undefined variable $applicant
in APPPATH\Views\Admin\ManageApplicant.php on line 41.
 1 APPPATH\Views\Admin\ManageApplicant.php(41): CodeIgniter\Debug\Exceptions->errorHandler(2, 'Undefined variable $applicant', 'D:\\CapstoneProject\\app\\Views\\Admin\\ManageApplicant.php', 41)
 2 SYSTEMPATH\View\View.php(226): include('D:\\CapstoneProject\\app\\Views\\Admin\\ManageApplicant.php')
 3 SYSTEMPATH\View\View.php(229): CodeIgniter\View\View->CodeIgniter\View\{closure}()
 4 SYSTEMPATH\Common.php(1188): CodeIgniter\View\View->render('Admin/ManageApplicant', [], true)
 5 APPPATH\Controllers\AdminController.php(30): view('Admin/ManageApplicant', [...])
 6 SYSTEMPATH\CodeIgniter.php(919): App\Controllers\AdminController->ManageApplicant()
 7 SYSTEMPATH\CodeIgniter.php(494): CodeIgniter\CodeIgniter->runController(Object(App\Controllers\AdminController))
 8 SYSTEMPATH\CodeIgniter.php(353): CodeIgniter\CodeIgniter->handleRequest(null, Object(Config\Cache), false)
 9 FCPATH\index.php(79): CodeIgniter\CodeIgniter->run()
10 SYSTEMPATH\Commands\Server\rewrite.php(47): require_once('D:\\CapstoneProject\\public\\index.php')
CRITICAL - 2023-12-06 17:50:21 --> Undefined variable $applicant
in APPPATH\Views\Admin\ManageApplicant.php on line 41.
 1 APPPATH\Views\Admin\ManageApplicant.php(41): CodeIgniter\Debug\Exceptions->errorHandler(2, 'Undefined variable $applicant', 'D:\\CapstoneProject\\app\\Views\\Admin\\ManageApplicant.php', 41)
 2 SYSTEMPATH\View\View.php(226): include('D:\\CapstoneProject\\app\\Views\\Admin\\ManageApplicant.php')
 3 SYSTEMPATH\View\View.php(229): CodeIgniter\View\View->CodeIgniter\View\{closure}()
 4 SYSTEMPATH\Common.php(1188): CodeIgniter\View\View->render('Admin/ManageApplicant', [], true)
 5 APPPATH\Controllers\AdminController.php(32): view('Admin/ManageApplicant', [...])
 6 SYSTEMPATH\CodeIgniter.php(919): App\Controllers\AdminController->ManageApplicant()
 7 SYSTEMPATH\CodeIgniter.php(494): CodeIgniter\CodeIgniter->runController(Object(App\Controllers\AdminController))
 8 SYSTEMPATH\CodeIgniter.php(353): CodeIgniter\CodeIgniter->handleRequest(null, Object(Config\Cache), false)
 9 FCPATH\index.php(79): CodeIgniter\CodeIgniter->run()
10 SYSTEMPATH\Commands\Server\rewrite.php(47): require_once('D:\\CapstoneProject\\public\\index.php')
CRITICAL - 2023-12-06 17:50:23 --> Undefined variable $applicant
in APPPATH\Views\Admin\ManageApplicant.php on line 41.
 1 APPPATH\Views\Admin\ManageApplicant.php(41): CodeIgniter\Debug\Exceptions->errorHandler(2, 'Undefined variable $applicant', 'D:\\CapstoneProject\\app\\Views\\Admin\\ManageApplicant.php', 41)
 2 SYSTEMPATH\View\View.php(226): include('D:\\CapstoneProject\\app\\Views\\Admin\\ManageApplicant.php')
 3 SYSTEMPATH\View\View.php(229): CodeIgniter\View\View->CodeIgniter\View\{closure}()
 4 SYSTEMPATH\Common.php(1188): CodeIgniter\View\View->render('Admin/ManageApplicant', [], true)
 5 APPPATH\Controllers\AdminController.php(32): view('Admin/ManageApplicant', [...])
 6 SYSTEMPATH\CodeIgniter.php(919): App\Controllers\AdminController->ManageApplicant()
 7 SYSTEMPATH\CodeIgniter.php(494): CodeIgniter\CodeIgniter->runController(Object(App\Controllers\AdminController))
 8 SYSTEMPATH\CodeIgniter.php(353): CodeIgniter\CodeIgniter->handleRequest(null, Object(Config\Cache), false)
 9 FCPATH\index.php(79): CodeIgniter\CodeIgniter->run()
10 SYSTEMPATH\Commands\Server\rewrite.php(47): require_once('D:\\CapstoneProject\\public\\index.php')
CRITICAL - 2023-12-06 17:50:24 --> Undefined variable $applicant
in APPPATH\Views\Admin\ManageApplicant.php on line 41.
 1 APPPATH\Views\Admin\ManageApplicant.php(41): CodeIgniter\Debug\Exceptions->errorHandler(2, 'Undefined variable $applicant', 'D:\\CapstoneProject\\app\\Views\\Admin\\ManageApplicant.php', 41)
 2 SYSTEMPATH\View\View.php(226): include('D:\\CapstoneProject\\app\\Views\\Admin\\ManageApplicant.php')
 3 SYSTEMPATH\View\View.php(229): CodeIgniter\View\View->CodeIgniter\View\{closure}()
 4 SYSTEMPATH\Common.php(1188): CodeIgniter\View\View->render('Admin/ManageApplicant', [], true)
 5 APPPATH\Controllers\AdminController.php(32): view('Admin/ManageApplicant', [...])
 6 SYSTEMPATH\CodeIgniter.php(919): App\Controllers\AdminController->ManageApplicant()
 7 SYSTEMPATH\CodeIgniter.php(494): CodeIgniter\CodeIgniter->runController(Object(App\Controllers\AdminController))
 8 SYSTEMPATH\CodeIgniter.php(353): CodeIgniter\CodeIgniter->handleRequest(null, Object(Config\Cache), false)
 9 FCPATH\index.php(79): CodeIgniter\CodeIgniter->run()
10 SYSTEMPATH\Commands\Server\rewrite.php(47): require_once('D:\\CapstoneProject\\public\\index.php')
CRITICAL - 2023-12-06 17:50:24 --> Undefined variable $applicant
in APPPATH\Views\Admin\ManageApplicant.php on line 41.
 1 APPPATH\Views\Admin\ManageApplicant.php(41): CodeIgniter\Debug\Exceptions->errorHandler(2, 'Undefined variable $applicant', 'D:\\CapstoneProject\\app\\Views\\Admin\\ManageApplicant.php', 41)
 2 SYSTEMPATH\View\View.php(226): include('D:\\CapstoneProject\\app\\Views\\Admin\\ManageApplicant.php')
 3 SYSTEMPATH\View\View.php(229): CodeIgniter\View\View->CodeIgniter\View\{closure}()
 4 SYSTEMPATH\Common.php(1188): CodeIgniter\View\View->render('Admin/ManageApplicant', [], true)
 5 APPPATH\Controllers\AdminController.php(32): view('Admin/ManageApplicant', [...])
 6 SYSTEMPATH\CodeIgniter.php(919): App\Controllers\AdminController->ManageApplicant()
 7 SYSTEMPATH\CodeIgniter.php(494): CodeIgniter\CodeIgniter->runController(Object(App\Controllers\AdminController))
 8 SYSTEMPATH\CodeIgniter.php(353): CodeIgniter\CodeIgniter->handleRequest(null, Object(Config\Cache), false)
 9 FCPATH\index.php(79): CodeIgniter\CodeIgniter->run()
10 SYSTEMPATH\Commands\Server\rewrite.php(47): require_once('D:\\CapstoneProject\\public\\index.php')
CRITICAL - 2023-12-06 17:50:24 --> Undefined variable $applicant
in APPPATH\Views\Admin\ManageApplicant.php on line 41.
 1 APPPATH\Views\Admin\ManageApplicant.php(41): CodeIgniter\Debug\Exceptions->errorHandler(2, 'Undefined variable $applicant', 'D:\\CapstoneProject\\app\\Views\\Admin\\ManageApplicant.php', 41)
 2 SYSTEMPATH\View\View.php(226): include('D:\\CapstoneProject\\app\\Views\\Admin\\ManageApplicant.php')
 3 SYSTEMPATH\View\View.php(229): CodeIgniter\View\View->CodeIgniter\View\{closure}()
 4 SYSTEMPATH\Common.php(1188): CodeIgniter\View\View->render('Admin/ManageApplicant', [], true)
 5 APPPATH\Controllers\AdminController.php(32): view('Admin/ManageApplicant', [...])
 6 SYSTEMPATH\CodeIgniter.php(919): App\Controllers\AdminController->ManageApplicant()
 7 SYSTEMPATH\CodeIgniter.php(494): CodeIgniter\CodeIgniter->runController(Object(App\Controllers\AdminController))
 8 SYSTEMPATH\CodeIgniter.php(353): CodeIgniter\CodeIgniter->handleRequest(null, Object(Config\Cache), false)
 9 FCPATH\index.php(79): CodeIgniter\CodeIgniter->run()
10 SYSTEMPATH\Commands\Server\rewrite.php(47): require_once('D:\\CapstoneProject\\public\\index.php')
CRITICAL - 2023-12-06 17:50:24 --> Undefined variable $applicant
in APPPATH\Views\Admin\ManageApplicant.php on line 41.
 1 APPPATH\Views\Admin\ManageApplicant.php(41): CodeIgniter\Debug\Exceptions->errorHandler(2, 'Undefined variable $applicant', 'D:\\CapstoneProject\\app\\Views\\Admin\\ManageApplicant.php', 41)
 2 SYSTEMPATH\View\View.php(226): include('D:\\CapstoneProject\\app\\Views\\Admin\\ManageApplicant.php')
 3 SYSTEMPATH\View\View.php(229): CodeIgniter\View\View->CodeIgniter\View\{closure}()
 4 SYSTEMPATH\Common.php(1188): CodeIgniter\View\View->render('Admin/ManageApplicant', [], true)
 5 APPPATH\Controllers\AdminController.php(32): view('Admin/ManageApplicant', [...])
 6 SYSTEMPATH\CodeIgniter.php(919): App\Controllers\AdminController->ManageApplicant()
 7 SYSTEMPATH\CodeIgniter.php(494): CodeIgniter\CodeIgniter->runController(Object(App\Controllers\AdminController))
 8 SYSTEMPATH\CodeIgniter.php(353): CodeIgniter\CodeIgniter->handleRequest(null, Object(Config\Cache), false)
 9 FCPATH\index.php(79): CodeIgniter\CodeIgniter->run()
10 SYSTEMPATH\Commands\Server\rewrite.php(47): require_once('D:\\CapstoneProject\\public\\index.php')
CRITICAL - 2023-12-06 17:52:48 --> Cannot access offset of type string on string
in APPPATH\Views\Admin\ManageApplicant.php on line 43.
 1 SYSTEMPATH\View\View.php(226): include()
 2 SYSTEMPATH\View\View.php(229): CodeIgniter\View\View->CodeIgniter\View\{closure}()
 3 SYSTEMPATH\Common.php(1188): CodeIgniter\View\View->render('Admin/ManageApplicant', [], true)
 4 APPPATH\Controllers\AdminController.php(33): view('Admin/ManageApplicant', [...])
 5 SYSTEMPATH\CodeIgniter.php(919): App\Controllers\AdminController->ManageApplicant()
 6 SYSTEMPATH\CodeIgniter.php(494): CodeIgniter\CodeIgniter->runController(Object(App\Controllers\AdminController))
 7 SYSTEMPATH\CodeIgniter.php(353): CodeIgniter\CodeIgniter->handleRequest(null, Object(Config\Cache), false)
 8 FCPATH\index.php(79): CodeIgniter\CodeIgniter->run()
 9 SYSTEMPATH\Commands\Server\rewrite.php(47): require_once('D:\\CapstoneProject\\public\\index.php')
CRITICAL - 2023-12-06 18:00:44 --> Undefined variable $applicant
in APPPATH\Views\Admin\ManageApplicant.php on line 41.
 1 APPPATH\Views\Admin\ManageApplicant.php(41): CodeIgniter\Debug\Exceptions->errorHandler(2, 'Undefined variable $applicant', 'D:\\CapstoneProject\\app\\Views\\Admin\\ManageApplicant.php', 41)
 2 SYSTEMPATH\View\View.php(226): include('D:\\CapstoneProject\\app\\Views\\Admin\\ManageApplicant.php')
 3 SYSTEMPATH\View\View.php(229): CodeIgniter\View\View->CodeIgniter\View\{closure}()
 4 SYSTEMPATH\Common.php(1188): CodeIgniter\View\View->render('Admin/ManageApplicant', [], true)
 5 APPPATH\Controllers\AdminController.php(35): view('Admin/ManageApplicant', [...])
 6 SYSTEMPATH\CodeIgniter.php(919): App\Controllers\AdminController->ManageApplicant()
 7 SYSTEMPATH\CodeIgniter.php(494): CodeIgniter\CodeIgniter->runController(Object(App\Controllers\AdminController))
 8 SYSTEMPATH\CodeIgniter.php(353): CodeIgniter\CodeIgniter->handleRequest(null, Object(Config\Cache), false)
 9 FCPATH\index.php(79): CodeIgniter\CodeIgniter->run()
10 SYSTEMPATH\Commands\Server\rewrite.php(47): require_once('D:\\CapstoneProject\\public\\index.php')
ERROR - 2023-12-06 18:05:08 --> mysqli_sql_exception: Expression #1 of SELECT list is not in GROUP BY clause and contains nonaggregated column 'erecruit.applicant.id' which is not functionally dependent on columns in GROUP BY clause; this is incompatible with sql_mode=only_full_group_by in D:\CapstoneProject\system\Database\MySQLi\Connection.php:306
Stack trace:
#0 D:\CapstoneProject\system\Database\MySQLi\Connection.php(306): mysqli->query('SELECT *\nFROM `...', 0)
#1 D:\CapstoneProject\system\Database\BaseConnection.php(692): CodeIgniter\Database\MySQLi\Connection->execute('SELECT *\nFROM `...')
#2 D:\CapstoneProject\system\Database\BaseConnection.php(606): CodeIgniter\Database\BaseConnection->simpleQuery('SELECT *\nFROM `...')
#3 D:\CapstoneProject\system\Database\BaseBuilder.php(1615): CodeIgniter\Database\BaseConnection->query('SELECT *\nFROM `...', Array, false)
#4 D:\CapstoneProject\system\Model.php(237): CodeIgniter\Database\BaseBuilder->get()
#5 D:\CapstoneProject\system\BaseModel.php(624): CodeIgniter\Model->doFindAll(0, 0)
#6 D:\CapstoneProject\app\Controllers\AdminController.php(36): CodeIgniter\BaseModel->findAll()
#7 D:\CapstoneProject\system\CodeIgniter.php(919): App\Controllers\AdminController->ManageApplicant()
#8 D:\CapstoneProject\system\CodeIgniter.php(494): CodeIgniter\CodeIgniter->runController(Object(App\Controllers\AdminController))
#9 D:\CapstoneProject\system\CodeIgniter.php(353): CodeIgniter\CodeIgniter->handleRequest(NULL, Object(Config\Cache), false)
#10 D:\CapstoneProject\public\index.php(79): CodeIgniter\CodeIgniter->run()
#11 D:\CapstoneProject\system\Commands\Server\rewrite.php(47): require_once('D:\\CapstoneProj...')
#12 {main}
CRITICAL - 2023-12-06 18:05:08 --> Expression #1 of SELECT list is not in GROUP BY clause and contains nonaggregated column 'erecruit.applicant.id' which is not functionally dependent on columns in GROUP BY clause; this is incompatible with sql_mode=only_full_group_by
in SYSTEMPATH\Database\BaseConnection.php on line 646.
 1 SYSTEMPATH\Database\BaseBuilder.php(1615): CodeIgniter\Database\BaseConnection->query('SELECT *
FROM `applicant`
GROUP BY `applicant_id`
ORDER BY MAX(created_at) DESC', [], false)
 2 SYSTEMPATH\Model.php(237): CodeIgniter\Database\BaseBuilder->get()
 3 SYSTEMPATH\BaseModel.php(624): CodeIgniter\Model->doFindAll(0, 0)
 4 APPPATH\Controllers\AdminController.php(36): CodeIgniter\BaseModel->findAll()
 5 SYSTEMPATH\CodeIgniter.php(919): App\Controllers\AdminController->ManageApplicant()
 6 SYSTEMPATH\CodeIgniter.php(494): CodeIgniter\CodeIgniter->runController(Object(App\Controllers\AdminController))
 7 SYSTEMPATH\CodeIgniter.php(353): CodeIgniter\CodeIgniter->handleRequest(null, Object(Config\Cache), false)
 8 FCPATH\index.php(79): CodeIgniter\CodeIgniter->run()
 9 SYSTEMPATH\Commands\Server\rewrite.php(47): require_once('D:\\CapstoneProject\\public\\index.php')
CRITICAL - 2023-12-06 18:06:05 --> You cannot use "getCompiledSelect()" in "App\Models\ApplicantModel". This is a method of the Query Builder Class.
in SYSTEMPATH\Model.php on line 889.
 1 SYSTEMPATH\Model.php(889): CodeIgniter\Exceptions\ModelException::forMethodNotAvailable('App\\Models\\ApplicantModel', 'getCompiledSelect()')
 2 SYSTEMPATH\Model.php(869): CodeIgniter\Model->checkBuilderMethod('getCompiledSelect')
 3 APPPATH\Controllers\AdminController.php(36): CodeIgniter\Model->__call('getCompiledSelect', [])
 4 SYSTEMPATH\CodeIgniter.php(919): App\Controllers\AdminController->ManageApplicant()
 5 SYSTEMPATH\CodeIgniter.php(494): CodeIgniter\CodeIgniter->runController(Object(App\Controllers\AdminController))
 6 SYSTEMPATH\CodeIgniter.php(353): CodeIgniter\CodeIgniter->handleRequest(null, Object(Config\Cache), false)
 7 FCPATH\index.php(79): CodeIgniter\CodeIgniter->run()
 8 SYSTEMPATH\Commands\Server\rewrite.php(47): require_once('D:\\CapstoneProject\\public\\index.php')
CRITICAL - 2023-12-06 18:06:48 --> Call to undefined method App\Models\ApplicantModel::joinSub
in SYSTEMPATH\Model.php on line 873.
 1 APPPATH\Controllers\AdminController.php(41): CodeIgniter\Model->__call('joinSub', [...])
 2 SYSTEMPATH\CodeIgniter.php(919): App\Controllers\AdminController->ManageApplicant()
 3 SYSTEMPATH\CodeIgniter.php(494): CodeIgniter\CodeIgniter->runController(Object(App\Controllers\AdminController))
 4 SYSTEMPATH\CodeIgniter.php(353): CodeIgniter\CodeIgniter->handleRequest(null, Object(Config\Cache), false)
 5 FCPATH\index.php(79): CodeIgniter\CodeIgniter->run()
 6 SYSTEMPATH\Commands\Server\rewrite.php(47): require_once('D:\\CapstoneProject\\public\\index.php')
ERROR - 2023-12-06 18:07:30 --> mysqli_sql_exception: Expression #1 of SELECT list is not in GROUP BY clause and contains nonaggregated column 'erecruit.applicant.id' which is not functionally dependent on columns in GROUP BY clause; this is incompatible with sql_mode=only_full_group_by in D:\CapstoneProject\system\Database\MySQLi\Connection.php:306
Stack trace:
#0 D:\CapstoneProject\system\Database\MySQLi\Connection.php(306): mysqli->query('SELECT *\nFROM `...', 0)
#1 D:\CapstoneProject\system\Database\BaseConnection.php(692): CodeIgniter\Database\MySQLi\Connection->execute('SELECT *\nFROM `...')
#2 D:\CapstoneProject\system\Database\BaseConnection.php(606): CodeIgniter\Database\BaseConnection->simpleQuery('SELECT *\nFROM `...')
#3 D:\CapstoneProject\system\Database\BaseBuilder.php(1615): CodeIgniter\Database\BaseConnection->query('SELECT *\nFROM `...', Array, false)
#4 D:\CapstoneProject\system\Model.php(237): CodeIgniter\Database\BaseBuilder->get()
#5 D:\CapstoneProject\system\BaseModel.php(624): CodeIgniter\Model->doFindAll(0, 0)
#6 D:\CapstoneProject\app\Controllers\AdminController.php(35): CodeIgniter\BaseModel->findAll()
#7 D:\CapstoneProject\system\CodeIgniter.php(919): App\Controllers\AdminController->ManageApplicant()
#8 D:\CapstoneProject\system\CodeIgniter.php(494): CodeIgniter\CodeIgniter->runController(Object(App\Controllers\AdminController))
#9 D:\CapstoneProject\system\CodeIgniter.php(353): CodeIgniter\CodeIgniter->handleRequest(NULL, Object(Config\Cache), false)
#10 D:\CapstoneProject\public\index.php(79): CodeIgniter\CodeIgniter->run()
#11 D:\CapstoneProject\system\Commands\Server\rewrite.php(47): require_once('D:\\CapstoneProj...')
#12 {main}
CRITICAL - 2023-12-06 18:07:30 --> Expression #1 of SELECT list is not in GROUP BY clause and contains nonaggregated column 'erecruit.applicant.id' which is not functionally dependent on columns in GROUP BY clause; this is incompatible with sql_mode=only_full_group_by
in SYSTEMPATH\Database\BaseConnection.php on line 646.
 1 SYSTEMPATH\Database\BaseBuilder.php(1615): CodeIgniter\Database\BaseConnection->query('SELECT *
FROM `applicant`
GROUP BY `applicant_id`
ORDER BY `created_at` DESC', [], false)
 2 SYSTEMPATH\Model.php(237): CodeIgniter\Database\BaseBuilder->get()
 3 SYSTEMPATH\BaseModel.php(624): CodeIgniter\Model->doFindAll(0, 0)
 4 APPPATH\Controllers\AdminController.php(35): CodeIgniter\BaseModel->findAll()
 5 SYSTEMPATH\CodeIgniter.php(919): App\Controllers\AdminController->ManageApplicant()
 6 SYSTEMPATH\CodeIgniter.php(494): CodeIgniter\CodeIgniter->runController(Object(App\Controllers\AdminController))
 7 SYSTEMPATH\CodeIgniter.php(353): CodeIgniter\CodeIgniter->handleRequest(null, Object(Config\Cache), false)
 8 FCPATH\index.php(79): CodeIgniter\CodeIgniter->run()
 9 SYSTEMPATH\Commands\Server\rewrite.php(47): require_once('D:\\CapstoneProject\\public\\index.php')
CRITICAL - 2023-12-06 18:08:23 --> Undefined variable $applicant
in APPPATH\Views\Admin\ManageApplicant.php on line 41.
 1 APPPATH\Views\Admin\ManageApplicant.php(41): CodeIgniter\Debug\Exceptions->errorHandler(2, 'Undefined variable $applicant', 'D:\\CapstoneProject\\app\\Views\\Admin\\ManageApplicant.php', 41)
 2 SYSTEMPATH\View\View.php(226): include('D:\\CapstoneProject\\app\\Views\\Admin\\ManageApplicant.php')
 3 SYSTEMPATH\View\View.php(229): CodeIgniter\View\View->CodeIgniter\View\{closure}()
 4 SYSTEMPATH\Common.php(1188): CodeIgniter\View\View->render('Admin/ManageApplicant', [], true)
 5 APPPATH\Controllers\AdminController.php(39): view('Admin/ManageApplicant', [...])
 6 SYSTEMPATH\CodeIgniter.php(919): App\Controllers\AdminController->ManageApplicant()
 7 SYSTEMPATH\CodeIgniter.php(494): CodeIgniter\CodeIgniter->runController(Object(App\Controllers\AdminController))
 8 SYSTEMPATH\CodeIgniter.php(353): CodeIgniter\CodeIgniter->handleRequest(null, Object(Config\Cache), false)
 9 FCPATH\index.php(79): CodeIgniter\CodeIgniter->run()
10 SYSTEMPATH\Commands\Server\rewrite.php(47): require_once('D:\\CapstoneProject\\public\\index.php')
CRITICAL - 2023-12-06 18:09:26 --> Undefined array key "Applicantfullname"
in APPPATH\Views\Admin\ManageApplicant.php on line 43.
 1 APPPATH\Views\Admin\ManageApplicant.php(43): CodeIgniter\Debug\Exceptions->errorHandler(2, 'Undefined array key "Applicantfullname"', 'D:\\CapstoneProject\\app\\Views\\Admin\\ManageApplicant.php', 43)
 2 SYSTEMPATH\View\View.php(226): include('D:\\CapstoneProject\\app\\Views\\Admin\\ManageApplicant.php')
 3 SYSTEMPATH\View\View.php(229): CodeIgniter\View\View->CodeIgniter\View\{closure}()
 4 SYSTEMPATH\Common.php(1188): CodeIgniter\View\View->render('Admin/ManageApplicant', [], true)
 5 APPPATH\Controllers\AdminController.php(32): view('Admin/ManageApplicant', [...])
 6 SYSTEMPATH\CodeIgniter.php(919): App\Controllers\AdminController->ManageApplicant()
 7 SYSTEMPATH\CodeIgniter.php(494): CodeIgniter\CodeIgniter->runController(Object(App\Controllers\AdminController))
 8 SYSTEMPATH\CodeIgniter.php(353): CodeIgniter\CodeIgniter->handleRequest(null, Object(Config\Cache), false)
 9 FCPATH\index.php(79): CodeIgniter\CodeIgniter->run()
10 SYSTEMPATH\Commands\Server\rewrite.php(47): require_once('D:\\CapstoneProject\\public\\index.php')
CRITICAL - 2023-12-06 18:10:28 --> Undefined variable $applicant
in APPPATH\Views\Admin\ManageApplicant.php on line 41.
 1 APPPATH\Views\Admin\ManageApplicant.php(41): CodeIgniter\Debug\Exceptions->errorHandler(2, 'Undefined variable $applicant', 'D:\\CapstoneProject\\app\\Views\\Admin\\ManageApplicant.php', 41)
 2 SYSTEMPATH\View\View.php(226): include('D:\\CapstoneProject\\app\\Views\\Admin\\ManageApplicant.php')
 3 SYSTEMPATH\View\View.php(229): CodeIgniter\View\View->CodeIgniter\View\{closure}()
 4 SYSTEMPATH\Common.php(1188): CodeIgniter\View\View->render('Admin/ManageApplicant', [], true)
 5 APPPATH\Controllers\AdminController.php(32): view('Admin/ManageApplicant', [...])
 6 SYSTEMPATH\CodeIgniter.php(919): App\Controllers\AdminController->ManageApplicant()
 7 SYSTEMPATH\CodeIgniter.php(494): CodeIgniter\CodeIgniter->runController(Object(App\Controllers\AdminController))
 8 SYSTEMPATH\CodeIgniter.php(353): CodeIgniter\CodeIgniter->handleRequest(null, Object(Config\Cache), false)
 9 FCPATH\index.php(79): CodeIgniter\CodeIgniter->run()
10 SYSTEMPATH\Commands\Server\rewrite.php(47): require_once('D:\\CapstoneProject\\public\\index.php')
CRITICAL - 2023-12-06 18:10:39 --> Undefined variable $applicant
in APPPATH\Views\Admin\ManageApplicant.php on line 41.
 1 APPPATH\Views\Admin\ManageApplicant.php(41): CodeIgniter\Debug\Exceptions->errorHandler(2, 'Undefined variable $applicant', 'D:\\CapstoneProject\\app\\Views\\Admin\\ManageApplicant.php', 41)
 2 SYSTEMPATH\View\View.php(226): include('D:\\CapstoneProject\\app\\Views\\Admin\\ManageApplicant.php')
 3 SYSTEMPATH\View\View.php(229): CodeIgniter\View\View->CodeIgniter\View\{closure}()
 4 SYSTEMPATH\Common.php(1188): CodeIgniter\View\View->render('Admin/ManageApplicant', [], true)
 5 APPPATH\Controllers\AdminController.php(32): view('Admin/ManageApplicant', [...])
 6 SYSTEMPATH\CodeIgniter.php(919): App\Controllers\AdminController->ManageApplicant()
 7 SYSTEMPATH\CodeIgniter.php(494): CodeIgniter\CodeIgniter->runController(Object(App\Controllers\AdminController))
 8 SYSTEMPATH\CodeIgniter.php(353): CodeIgniter\CodeIgniter->handleRequest(null, Object(Config\Cache), false)
 9 FCPATH\index.php(79): CodeIgniter\CodeIgniter->run()
10 SYSTEMPATH\Commands\Server\rewrite.php(47): require_once('D:\\CapstoneProject\\public\\index.php')
CRITICAL - 2023-12-06 18:30:14 --> Undefined array key "created_at"
in APPPATH\Views\Admin\ManageApplicant.php on line 43.
 1 APPPATH\Views\Admin\ManageApplicant.php(43): CodeIgniter\Debug\Exceptions->errorHandler(2, 'Undefined array key "created_at"', 'D:\\CapstoneProject\\app\\Views\\Admin\\ManageApplicant.php', 43)
 2 SYSTEMPATH\View\View.php(226): include('D:\\CapstoneProject\\app\\Views\\Admin\\ManageApplicant.php')
 3 SYSTEMPATH\View\View.php(229): CodeIgniter\View\View->CodeIgniter\View\{closure}()
 4 SYSTEMPATH\Common.php(1188): CodeIgniter\View\View->render('Admin/ManageApplicant', [], true)
 5 APPPATH\Controllers\AdminController.php(32): view('Admin/ManageApplicant', [...])
 6 SYSTEMPATH\CodeIgniter.php(919): App\Controllers\AdminController->ManageApplicant()
 7 SYSTEMPATH\CodeIgniter.php(494): CodeIgniter\CodeIgniter->runController(Object(App\Controllers\AdminController))
 8 SYSTEMPATH\CodeIgniter.php(353): CodeIgniter\CodeIgniter->handleRequest(null, Object(Config\Cache), false)
 9 FCPATH\index.php(79): CodeIgniter\CodeIgniter->run()
10 SYSTEMPATH\Commands\Server\rewrite.php(47): require_once('D:\\CapstoneProject\\public\\index.php')
CRITICAL - 2023-12-06 18:31:03 --> Undefined array key "created_at"
in APPPATH\Views\Admin\ManageApplicant.php on line 43.
 1 APPPATH\Views\Admin\ManageApplicant.php(43): CodeIgniter\Debug\Exceptions->errorHandler(2, 'Undefined array key "created_at"', 'D:\\CapstoneProject\\app\\Views\\Admin\\ManageApplicant.php', 43)
 2 SYSTEMPATH\View\View.php(226): include('D:\\CapstoneProject\\app\\Views\\Admin\\ManageApplicant.php')
 3 SYSTEMPATH\View\View.php(229): CodeIgniter\View\View->CodeIgniter\View\{closure}()
 4 SYSTEMPATH\Common.php(1188): CodeIgniter\View\View->render('Admin/ManageApplicant', [], true)
 5 APPPATH\Controllers\AdminController.php(32): view('Admin/ManageApplicant', [...])
 6 SYSTEMPATH\CodeIgniter.php(919): App\Controllers\AdminController->ManageApplicant()
 7 SYSTEMPATH\CodeIgniter.php(494): CodeIgniter\CodeIgniter->runController(Object(App\Controllers\AdminController))
 8 SYSTEMPATH\CodeIgniter.php(353): CodeIgniter\CodeIgniter->handleRequest(null, Object(Config\Cache), false)
 9 FCPATH\index.php(79): CodeIgniter\CodeIgniter->run()
10 SYSTEMPATH\Commands\Server\rewrite.php(47): require_once('D:\\CapstoneProject\\public\\index.php')
CRITICAL - 2023-12-06 19:07:23 --> Undefined array key "applicant_id"
in APPPATH\Views\Admin\ManageApplicant.php on line 235.
 1 APPPATH\Views\Admin\ManageApplicant.php(235): CodeIgniter\Debug\Exceptions->errorHandler(2, 'Undefined array key "applicant_id"', 'D:\\CapstoneProject\\app\\Views\\Admin\\ManageApplicant.php', 235)
 2 SYSTEMPATH\View\View.php(226): include('D:\\CapstoneProject\\app\\Views\\Admin\\ManageApplicant.php')
 3 SYSTEMPATH\View\View.php(229): CodeIgniter\View\View->CodeIgniter\View\{closure}()
 4 SYSTEMPATH\Common.php(1188): CodeIgniter\View\View->render('Admin/ManageApplicant', [], true)
 5 APPPATH\Controllers\AdminController.php(32): view('Admin/ManageApplicant', [...])
 6 SYSTEMPATH\CodeIgniter.php(919): App\Controllers\AdminController->ManageApplicant()
 7 SYSTEMPATH\CodeIgniter.php(494): CodeIgniter\CodeIgniter->runController(Object(App\Controllers\AdminController))
 8 SYSTEMPATH\CodeIgniter.php(353): CodeIgniter\CodeIgniter->handleRequest(null, Object(Config\Cache), false)
 9 FCPATH\index.php(79): CodeIgniter\CodeIgniter->run()
10 SYSTEMPATH\Commands\Server\rewrite.php(47): require_once('D:\\CapstoneProject\\public\\index.php')
CRITICAL - 2023-12-06 19:07:26 --> Undefined variable $appli
in APPPATH\Views\Admin\ManageApplicant.php on line 235.
 1 APPPATH\Views\Admin\ManageApplicant.php(235): CodeIgniter\Debug\Exceptions->errorHandler(2, 'Undefined variable $appli', 'D:\\CapstoneProject\\app\\Views\\Admin\\ManageApplicant.php', 235)
 2 SYSTEMPATH\View\View.php(226): include('D:\\CapstoneProject\\app\\Views\\Admin\\ManageApplicant.php')
 3 SYSTEMPATH\View\View.php(229): CodeIgniter\View\View->CodeIgniter\View\{closure}()
 4 SYSTEMPATH\Common.php(1188): CodeIgniter\View\View->render('Admin/ManageApplicant', [], true)
 5 APPPATH\Controllers\AdminController.php(32): view('Admin/ManageApplicant', [...])
 6 SYSTEMPATH\CodeIgniter.php(919): App\Controllers\AdminController->ManageApplicant()
 7 SYSTEMPATH\CodeIgniter.php(494): CodeIgniter\CodeIgniter->runController(Object(App\Controllers\AdminController))
 8 SYSTEMPATH\CodeIgniter.php(353): CodeIgniter\CodeIgniter->handleRequest(null, Object(Config\Cache), false)
 9 FCPATH\index.php(79): CodeIgniter\CodeIgniter->run()
10 SYSTEMPATH\Commands\Server\rewrite.php(47): require_once('D:\\CapstoneProject\\public\\index.php')
CRITICAL - 2023-12-06 19:29:59 --> Cannot use object of type App\Models\Form1Model as array
in APPPATH\Views\Applicant\AppForm1.php on line 29.
 1 SYSTEMPATH\View\View.php(226): include()
 2 SYSTEMPATH\View\View.php(229): CodeIgniter\View\View->CodeIgniter\View\{closure}()
 3 SYSTEMPATH\Common.php(1188): CodeIgniter\View\View->render('Applicant/AppForm1', [], true)
 4 APPPATH\Controllers\AppController.php(148): view('Applicant/AppForm1', [...])
 5 SYSTEMPATH\CodeIgniter.php(919): App\Controllers\AppController->AppForm1()
 6 SYSTEMPATH\CodeIgniter.php(494): CodeIgniter\CodeIgniter->runController(Object(App\Controllers\AppController))
 7 SYSTEMPATH\CodeIgniter.php(353): CodeIgniter\CodeIgniter->handleRequest(null, Object(Config\Cache), false)
 8 FCPATH\index.php(79): CodeIgniter\CodeIgniter->run()
 9 SYSTEMPATH\Commands\Server\rewrite.php(47): require_once('D:\\CapstoneProject\\public\\index.php')
CRITICAL - 2023-12-06 19:44:22 --> Invalid file: "details.php"
in SYSTEMPATH\Exceptions\FrameworkException.php on line 39.
 1 SYSTEMPATH\View\View.php(214): CodeIgniter\Exceptions\FrameworkException::forInvalidFile('details.php')
 2 SYSTEMPATH\Common.php(1188): CodeIgniter\View\View->render('details', [], true)
 3 APPPATH\Controllers\AdminController.php(75): view('details', [...])
 4 SYSTEMPATH\CodeIgniter.php(919): App\Controllers\AdminController->ViewAppForm('95')
 5 SYSTEMPATH\CodeIgniter.php(494): CodeIgniter\CodeIgniter->runController(Object(App\Controllers\AdminController))
 6 SYSTEMPATH\CodeIgniter.php(353): CodeIgniter\CodeIgniter->handleRequest(null, Object(Config\Cache), false)
 7 FCPATH\index.php(79): CodeIgniter\CodeIgniter->run()
 8 SYSTEMPATH\Commands\Server\rewrite.php(47): require_once('D:\\CapstoneProject\\public\\index.php')
CRITICAL - 2023-12-06 19:45:35 --> Invalid file: "details.php"
in SYSTEMPATH\Exceptions\FrameworkException.php on line 39.
 1 SYSTEMPATH\View\View.php(214): CodeIgniter\Exceptions\FrameworkException::forInvalidFile('details.php')
 2 SYSTEMPATH\Common.php(1188): CodeIgniter\View\View->render('details', [], true)
 3 APPPATH\Controllers\AdminController.php(75): view('details', [...])
 4 SYSTEMPATH\CodeIgniter.php(919): App\Controllers\AdminController->ViewAppForm('97')
 5 SYSTEMPATH\CodeIgniter.php(494): CodeIgniter\CodeIgniter->runController(Object(App\Controllers\AdminController))
 6 SYSTEMPATH\CodeIgniter.php(353): CodeIgniter\CodeIgniter->handleRequest(null, Object(Config\Cache), false)
 7 FCPATH\index.php(79): CodeIgniter\CodeIgniter->run()
 8 SYSTEMPATH\Commands\Server\rewrite.php(47): require_once('D:\\CapstoneProject\\public\\index.php')
CRITICAL - 2023-12-06 19:57:30 --> Invalid file: "details.php"
in SYSTEMPATH\Exceptions\FrameworkException.php on line 39.
 1 SYSTEMPATH\View\View.php(214): CodeIgniter\Exceptions\FrameworkException::forInvalidFile('details.php')
 2 SYSTEMPATH\Common.php(1188): CodeIgniter\View\View->render('details', [], true)
 3 APPPATH\Controllers\AdminController.php(72): view('details', [...])
 4 SYSTEMPATH\CodeIgniter.php(919): App\Controllers\AdminController->ViewAppForm('97')
 5 SYSTEMPATH\CodeIgniter.php(494): CodeIgniter\CodeIgniter->runController(Object(App\Controllers\AdminController))
 6 SYSTEMPATH\CodeIgniter.php(353): CodeIgniter\CodeIgniter->handleRequest(null, Object(Config\Cache), false)
 7 FCPATH\index.php(79): CodeIgniter\CodeIgniter->run()
 8 SYSTEMPATH\Commands\Server\rewrite.php(47): require_once('D:\\CapstoneProject\\public\\index.php')
CRITICAL - 2023-12-06 20:04:11 --> Invalid file: "details.php"
in SYSTEMPATH\Exceptions\FrameworkException.php on line 39.
 1 SYSTEMPATH\View\View.php(214): CodeIgniter\Exceptions\FrameworkException::forInvalidFile('details.php')
 2 SYSTEMPATH\Common.php(1188): CodeIgniter\View\View->render('details', [], true)
 3 APPPATH\Controllers\AdminController.php(69): view('details', [...])
 4 SYSTEMPATH\CodeIgniter.php(919): App\Controllers\AdminController->ViewAppForm('95')
 5 SYSTEMPATH\CodeIgniter.php(494): CodeIgniter\CodeIgniter->runController(Object(App\Controllers\AdminController))
 6 SYSTEMPATH\CodeIgniter.php(353): CodeIgniter\CodeIgniter->handleRequest(null, Object(Config\Cache), false)
 7 FCPATH\index.php(79): CodeIgniter\CodeIgniter->run()
 8 SYSTEMPATH\Commands\Server\rewrite.php(47): require_once('D:\\CapstoneProject\\public\\index.php')
CRITICAL - 2023-12-06 20:05:30 --> Invalid file: "details.php"
in SYSTEMPATH\Exceptions\FrameworkException.php on line 39.
 1 SYSTEMPATH\View\View.php(214): CodeIgniter\Exceptions\FrameworkException::forInvalidFile('details.php')
 2 SYSTEMPATH\Common.php(1188): CodeIgniter\View\View->render('details', [], true)
 3 APPPATH\Controllers\AdminController.php(69): view('details', [...])
 4 SYSTEMPATH\CodeIgniter.php(919): App\Controllers\AdminController->ViewAppForm('95')
 5 SYSTEMPATH\CodeIgniter.php(494): CodeIgniter\CodeIgniter->runController(Object(App\Controllers\AdminController))
 6 SYSTEMPATH\CodeIgniter.php(353): CodeIgniter\CodeIgniter->handleRequest(null, Object(Config\Cache), false)
 7 FCPATH\index.php(79): CodeIgniter\CodeIgniter->run()
 8 SYSTEMPATH\Commands\Server\rewrite.php(47): require_once('D:\\CapstoneProject\\public\\index.php')
